[2021-06-22 13:36:16.937445] Retrieving data for ðSHIITAKE (T.ME/SHIITAKETOKEN)ð @ https://etherscan.io/token/0x73cd0f2fc19de23de7b6709c64b2fa64a70eaafc
[2021-06-22 13:36:26.922482] Retrieving data for RealT Token - 15777 Ardmore St, Detroit, MI 48227 @ https://etherscan.io/token/0xfe17c3c0b6f38cf3bd8ba872bee7a18ab16b43fb
[2021-06-22 13:36:36.307299] Retrieving data for Coop Network @ https://etherscan.io/token/0x689cf5f8dd09bbb4417514c88909bb64eba2547d
[2021-06-22 13:36:45.342973] Retrieving data for OXYDEV @ https://etherscan.io/token/0x33c8517e8b1beefd4a5275ab72acf39cd18331a3
[2021-06-22 13:36:54.475796] Retrieving data for EsportsPro @ https://etherscan.io/token/0x29c56e7cb9c840d2b2371b17e28bab44ad3c3ead
[2021-06-22 13:37:03.710213] Retrieving data for YFC @ https://etherscan.io/token/0xc6ff7eac464c99ff0e1ad8bcfd0ab0cebe08c9a3
[2021-06-22 13:37:12.678115] Retrieving data for EverTop @ https://etherscan.io/token/0xd7bdb58dd33826b1865c938830d86c4a871b7088
[2021-06-22 13:37:21.937313] Retrieving data for Solid @ https://etherscan.io/token/0x5011d48d4265b6fb8228600a111b2faa1fda3139
[2021-06-22 13:37:31.324407] Retrieving data for BitSpawn Token @ https://etherscan.io/token/0xe516d78d784c77d479977be58905b3f2b1111126
[2021-06-22 13:37:40.237969] Retrieving data for Forever Swap @ https://etherscan.io/token/0xcf841ca09bf31ad0f37a139c948aab2480abcdea
[2021-06-22 13:37:49.635753] Retrieving data for Internal Retard Services @ https://etherscan.io/token/0xe65ff9442ffdc9aaec4ef52bd0c664779a51e5d9
[2021-06-22 13:37:58.570428] Retrieving data for GoldenDog @ https://etherscan.io/token/0x6aa493050427c7af81d38f19fd6b4f5dd3a75e3b
[2021-06-22 13:38:07.469465] Retrieving data for Vibrator @ https://etherscan.io/token/0xd74d945790509015e9b129cf16342ca4494fcc28
[2021-06-22 13:38:16.414087] Retrieving data for Sion @ https://etherscan.io/token/0xe8d1efd0c95011298e9a30143a0182c06b45ff5d
[2021-06-22 13:38:25.924277] Retrieving data for BZZ @ https://etherscan.io/token/0x19062190b1925b5b6689d7073fdfc8c2976ef8cb
[2021-06-22 13:38:34.959895] Retrieving data for ROSA @ https://etherscan.io/token/0x17d1823bd5e96e76e822ab42b61d348302e072d5
[2021-06-22 13:38:43.967851] Retrieving data for AKB48_Finance @ https://etherscan.io/token/0x7d8a133b3fdda2bdc340b6402943110dae3f299e
[2021-06-22 13:38:53.089365] Retrieving data for Official Mars Token @ https://etherscan.io/token/0x4e30910845f0cb4f66781b35c832eafc09774022
[2021-06-22 13:39:01.930173] Retrieving data for ePlatinum @ https://etherscan.io/token/0x57b3140f522a3ef2f98c046f78e0d03075908591
[2021-06-22 13:39:10.993677] Retrieving data for Football Inu @ https://etherscan.io/token/0x48a3d9510f7c2aa61a285ccb4eaa5ba072692468
[2021-06-22 13:39:20.083290] Retrieving data for Cookie Inu @ https://etherscan.io/token/0x22709596fc3c3f3ad865b5a52f66af156aca32a9
[2021-06-22 13:39:29.719787] Retrieving data for Zet Inu @ https://etherscan.io/token/0xbc130b1cd40c722f54baaa1c92651dd630d73d99
[2021-06-22 13:39:38.659419] Retrieving data for Nabox @ https://etherscan.io/token/0x630bc7dd0abfc2d196289ce09db947dd2cafae7c
[2021-06-22 13:39:47.713249] Retrieving data for Gucci_Inu @ https://etherscan.io/token/0xcdd475d3e64ef21b5dd8b9920143d5b0b19f42c2
[2021-06-22 13:39:56.697994] Retrieving data for MansionCash @ https://etherscan.io/token/0x4a013d18330880167a2507bc7b2a90bd2c912ec7
[2021-06-22 13:40:05.709641] Retrieving data for Vara  Inu @ https://etherscan.io/token/0xb798ab0b48a9fd695e9e3b501ecab7a2fac4a6c2
[2021-06-22 13:40:14.755021] Retrieving data for Be Loaded Finance @ https://etherscan.io/token/0xa1b6fc4f2ab4e41c49e92121dc3a1ebc7549b695
[2021-06-22 13:40:24.155344] Retrieving data for Rolar  Inu @ https://etherscan.io/token/0x31925997851d0516f3d603150b2ee00b41ba899c
[2021-06-22 13:40:33.140816] Retrieving data for Rising Inu @ https://etherscan.io/token/0x23a76287b0a1f96d2409dacd35d1cdc5d90d7b1d
[2021-06-22 13:40:42.115080] Retrieving data for PolkaDoge @ https://etherscan.io/token/0x339a112b5919bcf5311cda0fe176cc69b67008cc
[2021-06-22 13:40:51.162558] Retrieving data for DUMB Token @ https://etherscan.io/token/0xbc2878faa8a634ab92b1e8194cca9a88db52e8df
[2021-06-22 13:41:00.141769] Retrieving data for Ever Rising Inu @ https://etherscan.io/token/0xe0fe35312c8c8a2d5a70bd594ec8e6335f6b45dd
[2021-06-22 13:41:09.206933] Retrieving data for Hishu Inu Finance @ https://etherscan.io/token/0x89c58d698066c84caede98640fcd1ed01d74fe50
[2021-06-22 13:41:18.315761] Retrieving data for EtherDog @ https://etherscan.io/token/0x253d91dd6ea22d0d50220fd84ccba14047e5e644
[2021-06-22 13:41:27.759783] Retrieving data for Konomi Inu @ https://etherscan.io/token/0x1ddc2516f7799710507c09a0df244f94bf04c285
[2021-06-22 13:41:36.886809] Retrieving data for SuperAidi Inu @ https://etherscan.io/token/0x161eeb1463b26dd81f07e94076f2175dd3be052a
[2021-06-22 13:41:45.972395] Retrieving data for Quilboar Coin @ https://etherscan.io/token/0xd5ba1b7a104ac7623463d41fa9f1303c944ba30d
[2021-06-22 13:41:54.868849] Retrieving data for Thunder Finance @ https://etherscan.io/token/0x4519817b4801c39936d4e5b793cf93eeaf5c6936
[2021-06-22 13:42:03.788860] Retrieving data for Wrapped BCH @ https://etherscan.io/token/0xf7b4d113c5da1c99bdb64ca4b538b92cfc52f3dc
[2021-06-22 13:42:12.797997] Retrieving data for EverRiseCoin @ https://etherscan.io/token/0x61548411dfa6e522b7e5b83e1f85291b017312ea
[2021-06-22 13:42:22.029780] Retrieving data for BotzCoin @ https://etherscan.io/token/0x4e58c6d34d1e055e8d3943ffb1fed662d0aa9c10
[2021-06-22 13:42:31.021405] Retrieving data for Ape Finance ð¦ @ https://etherscan.io/token/0xefb0e363fec9e04999a9b8803421d27765258ffd
[2021-06-22 13:42:39.881422] Retrieving data for eHODL @ https://etherscan.io/token/0xcccdb294b52fc00051bf694fc798efee33bc0358
[2021-06-22 13:42:49.194612] Retrieving data for Phoenix Token @ https://etherscan.io/token/0x2c621e8f188fc0fcce5d0307c83e9c4dcfd3c08c
[2021-06-22 13:42:58.002883] Retrieving data for SafeBear @ https://etherscan.io/token/0x281fbb8cf9e988953237ea4db8b9e255f28ac703
[2021-06-22 13:43:07.858167] Retrieving data for Hungry Kitty ð±ð£ @ https://etherscan.io/token/0x3d62c922d586ffdc0e7cd15a46ab8785b15b997d
[2021-06-22 13:43:16.841155] Retrieving data for ForeverUp @ https://etherscan.io/token/0x81afa8aca19d5693883b0b1e10ae1ccaf2f42781
[2021-06-22 13:43:25.770888] Retrieving data for 100x @ https://etherscan.io/token/0x368f1896be0b38d4d56a4e9053a31cf5b7382f0b
[2021-06-22 13:43:35.075066] Retrieving data for DogCatcher @ https://etherscan.io/token/0xa940d2ee07197c4d5687f45b1defe8a9c4d509f1
[2021-06-22 13:43:44.105944] Retrieving data for Fat Cow @ https://etherscan.io/token/0xde4ef1b4826a1310d1a32ff35b94e3cb3e549667
[2021-06-22 13:43:52.999010] Retrieving data for Geisha Token @ https://etherscan.io/token/0x68fc940b9c271e32833c488f91fe81f8f9383ae5
[2021-06-22 13:44:02.070558] Retrieving data for North Korea Token @ https://etherscan.io/token/0x61e2588417a835405105771a585a43bc4a41e782
[2021-06-22 13:44:10.963555] Retrieving data for ForeverUp @ https://etherscan.io/token/0xadd61ba28f0912f51593d7778309445f2abfd1d7
[2021-06-22 13:44:19.975766] Retrieving data for MoonKat @ https://etherscan.io/token/0x8fbf4327e01a18ee0a7dddc019a5c0d0f1ced7a2
[2021-06-22 13:44:29.081790] Retrieving data for Atomic Doge @ https://etherscan.io/token/0x76852855f4545aeaa297485b2c76bacbe9d9fdd0
[2021-06-22 13:44:38.030272] Retrieving data for SHIBAMAX INU @ https://etherscan.io/token/0xa9aa1921537da0138b61331b4b246aacbd9abaa0
[2021-06-22 13:44:47.047480] Retrieving data for Chocolate Shiba t.me/ChocolateShiba @ https://etherscan.io/token/0x7ec095806670a804efb9a771bdb0f1bbf0d950fa
[2021-06-22 13:44:56.129940] Retrieving data for bounty @ https://etherscan.io/token/0x3f031bb99a5f4c78a78c443e01ffc107d0fe4847
[2021-06-22 13:45:05.171843] Retrieving data for ð SUPERSTAR| @ https://etherscan.io/token/0x060a890048dcb6d39f3f30066fab3d874d24ca48
[2021-06-22 13:45:14.095134] Retrieving data for DogstonksPro (dogstonks.com) @ https://etherscan.io/token/0xe7a7ef72466167ff78e08ad76b12ca0c13c496e1
[2021-06-22 13:45:23.240042] Retrieving data for ForeverUpToken @ https://etherscan.io/token/0xcbac698e9b4dcfa1e6c895d7e0d451da2f595135
[2021-06-22 13:45:32.286350] Retrieving data for Shuukyuu Shoujo @ https://etherscan.io/token/0xf42006c90a2cb670694887e473af16154f6858f8
[2021-06-22 13:45:41.341848] Retrieving data for Doge Superhero @ https://etherscan.io/token/0x40428f31a6765a7985786fd0427be366cee691f3
[2021-06-22 13:45:50.414848] Retrieving data for Miko @ https://etherscan.io/token/0xe0ed41628fa610f525a989e847a0099f22bc7681
[2021-06-22 13:45:59.352211] Retrieving data for eDiamondHands @ https://etherscan.io/token/0xa08db18d7c633871477887cf9db77e63bb69cf74
[2021-06-22 13:46:08.382947] Retrieving data for Tom Inu @ https://etherscan.io/token/0x2d0e64b6bf13660a4c0de42a0b88144a7c10991f
[2021-06-22 13:46:17.390437] Retrieving data for Shiba Chocolate | t.me/ShibaChocolate @ https://etherscan.io/token/0x31a4f372aa891b46ba44dc64be1d8947c889e9c6
[2021-06-22 13:46:26.250202] Retrieving data for Conjure @ https://etherscan.io/token/0x00a55375002f3cda400383f479e7cd57bad029a9
[2021-06-22 13:46:35.341158] Retrieving data for Guacamole @ https://etherscan.io/token/0xc66800c00b8e6a5d5d8cfa2b90876dcafa7ea41b
[2021-06-22 13:46:44.268776] Retrieving data for Calendula Finance @ https://etherscan.io/token/0x6bb489c26db43c30ebbccd38b26fc2def943e99f
[2021-06-22 13:46:54.332802] Retrieving data for GivingToServices SVS @ https://etherscan.io/token/0x7ca62545a380e7d71f8f5cfa14b9211002075930
[2021-06-22 13:47:03.296615] Retrieving data for Precharge @ https://etherscan.io/token/0x2925c2a312a4934fd695fab72b1e425cc41978f2
[2021-06-22 13:47:12.356948] Retrieving data for SHIBAIR INU @ https://etherscan.io/token/0x7b4947e6b6095289fc88ef6a2206a1f6941dd231
[2021-06-22 13:47:21.258879] Retrieving data for https://t.me/Diamond_Hand100X @ https://etherscan.io/token/0xcc5a5de1b37a503c7943c8f261fb6b811c53aa81
[2021-06-22 13:47:30.208943] Retrieving data for Dragon Coin @ https://etherscan.io/token/0x58289c502edb49b4a535c464499a342ce3ca3416
[2021-06-22 13:47:39.399069] Retrieving data for Ethereum Wet Ass Pussy @ https://etherscan.io/token/0x9072023239dc70a121b7cb62dfca2a500d1ce559
[2021-06-22 13:47:49.097276] Retrieving data for Thirsty Camel @ https://etherscan.io/token/0xf865dd74167e07dcb1a3b5124f43b935184553cc
[2021-06-22 13:47:58.284142] Retrieving data for SpaceX @ https://etherscan.io/token/0x8976f31100c6381c99a2fac61e6a598f41687955
[2021-06-22 13:48:07.319258] Retrieving data for Raichu @ https://etherscan.io/token/0xda1c18bf25ca69fca7d0d75184d2fc6bd3a14ec8
[2021-06-22 13:48:16.399834] Retrieving data for Scrooge McDuck @ https://etherscan.io/token/0x0b6d6f64bcf965417afe6dbc800b4958ce01fd6b
[2021-06-22 13:48:27.465402] Retrieving data for Shiba Cigarettes @ https://etherscan.io/token/0x4708e59fe1010f4ec27d6a8851edb18bee7f3328
[2021-06-22 13:48:37.720781] Retrieving data for MoonRise @ https://etherscan.io/token/0x5c2d8e1a95acbf838afd0237ec6863fd94940b10
[2021-06-22 13:48:46.689590] Retrieving data for EverMusk @ https://etherscan.io/token/0x2f49e5b77f3ba99e85b87412cdf1bd8ff12a95fc
[2021-06-22 13:48:56.632339] Retrieving data for PUNTU @ https://etherscan.io/token/0xe394b81dd266b14bf781afb000a98ac498fe2e10
[2021-06-22 13:49:05.537069] Retrieving data for Timeless Inu @ https://etherscan.io/token/0x96d5ff2fd959ebe18cb093e5c3873a0b89a397ac
[2021-06-22 13:49:14.585712] Retrieving data for Cyber Shiba Inu (cybershiba.finance) @ https://etherscan.io/token/0x3ae168c6ea1ca3032733cd35a17bf5330da78f78
[2021-06-22 13:49:23.993712] Retrieving data for HungryShibaInu @ https://etherscan.io/token/0xa7d5c2edbccf83259675c3832ab4dfd2363a9ad3
[2021-06-22 13:49:33.018711] Retrieving data for BearTears @ https://etherscan.io/token/0x826eb69cfb247166c63f4fa737c365b0d7c274a6
[2021-06-22 13:49:42.005353] Retrieving data for MusubiFOMO @ https://etherscan.io/token/0xc3596dd4c28e6a792b08c6f657cda5b3936b09cd
[2021-06-22 13:49:50.931881] Retrieving data for Jungle Token @ https://etherscan.io/token/0xbfc7546452c89ce5c5435663d78d1e20d18a8241
[2021-06-22 13:49:59.949654] Retrieving data for Builda Inu @ https://etherscan.io/token/0x9d52dde1b84264fe42faffa58741842e4d6af02e
[2021-06-22 13:50:08.980474] Retrieving data for Musubi @ https://etherscan.io/token/0x8ee04e1e9400d4e2091ff3a46509e246e2f34542
[2021-06-22 13:50:17.918917] Retrieving data for Serium Investing @ https://etherscan.io/token/0xdf21dcbbc4f47982ad628619d0b78d8ff694dd79
[2021-06-22 13:50:27.295555] Retrieving data for Yellow Stone @ https://etherscan.io/token/0x54a68f4d604fcc185acd238572d12a984d9b55b0
[2021-06-22 13:50:36.326435] Retrieving data for Robo Shiba @ https://etherscan.io/token/0x452e2717571395173e2598e5a509a3d55083b592
[2021-06-22 13:50:46.289930] Retrieving data for ShibNinja (t.me/shibninja) @ https://etherscan.io/token/0x836a4265c7b0e73d1caf5e29cad08d8355737589
[2021-06-22 13:50:55.374794] Retrieving data for AurusDeFi @ https://etherscan.io/token/0xa51fc71422a30fa7ffa605b360c3b283501b5bf6
[2021-06-22 13:51:04.393155] Retrieving data for BoringDAO @ https://etherscan.io/token/0xbc19712feb3a26080ebf6f2f7849b417fdd792ca
[2021-06-22 13:51:13.355425] Retrieving data for Switcheo @ https://etherscan.io/token/0xb4371da53140417cbb3362055374b10d97e420bb
[2021-06-22 13:51:23.250739] Retrieving data for Evanesco Network @ https://etherscan.io/token/0xd6caf5bd23cf057f5fccce295dcc50c01c198707
[2021-06-22 13:51:32.517164] Retrieving data for CoolDoge @ https://bscscan.com/token/0x74fdf8c4c0059fcea40581c46b7fc07391cac455
[2021-06-22 13:51:41.402182] Retrieving data for Skelgon @ https://bscscan.com/token/0x5cf5a6cd182e838af3999d79f8d145c49d129d82
[2021-06-22 13:51:51.469446] Retrieving data for Nft Kishu @ https://bscscan.com/token/0x0d5431d6bbfe5f8d810dd0ed4bc7daf194289c8a
[2021-06-22 13:52:01.401103] Retrieving data for PandaSwap @ https://bscscan.com/token/0x0a60a7abcb4a306ed12ea1135ec1afd33def438e
[2021-06-22 13:52:10.301814] Retrieving data for HopeSeeker @ https://bscscan.com/token/0xeba60cead8262b0b24d85162c255892e216f1977
[2021-06-22 13:52:20.329038] Retrieving data for Evergreen Token @ https://bscscan.com/token/0xa0e34d258118a14cef28838fa79fd68274e8ac61
[2021-06-22 13:52:29.212335] Retrieving data for BabydragonCoin @ https://bscscan.com/token/0x59d924be0d6400e9437c5da5b9f8db71b643abcc
[2021-06-22 13:52:38.321384] Retrieving data for Blood Bag @ https://bscscan.com/token/0x63fbd55b6ed4e3e5e37e775afb23b3bd6466da88
[2021-06-22 13:52:47.261233] Retrieving data for Skull Face Shiba @ https://bscscan.com/token/0x8d5a745e99bb91ff073b475b1f41f66575905b61
[2021-06-22 13:52:56.037767] Retrieving data for HACHIKO @ https://bscscan.com/token/0xe7eb23a1e27915075d994f451bc7cecf1df5d727
[2021-06-22 13:53:05.008065] Retrieving data for Ridotto @ https://bscscan.com/token/0xa2c75a7bc9a8f47ba1db3bb2a605ad998aa4db0f
[2021-06-22 13:53:13.977823] Retrieving data for Chow-Chow INU @ https://bscscan.com/token/0x1109e037373abf0f2028ecf621eda006d42b3cac
[2021-06-22 13:53:22.884152] Retrieving data for Singapore Network @ https://bscscan.com/token/0xdff3fc73888f318ca959351dfa613997ec2c574d
[2021-06-22 13:53:32.884101] Retrieving data for SuperNova @ https://bscscan.com/token/0xb2af8a3aab0ac9de89d80b68da3a590e27ba09c2
[2021-06-22 13:53:41.719591] Retrieving data for Jelly Swap @ https://bscscan.com/token/0x8e68186141ec30ba0cffdab8588458800547323e
[2021-06-22 13:53:50.629225] Retrieving data for Online Game Transfer @ https://bscscan.com/token/0x6de2c29d34a67c4a6105d97b20627a52104f5d30
[2021-06-22 13:53:59.557669] Retrieving data for LETS MOON 🌙  @ https://bscscan.com/token/0x16140e9eaac682dd7474ba3db2a33e6ad448cd10
[2021-06-22 13:54:08.501421] Retrieving data for EverMars @ https://bscscan.com/token/0x01e656865992cef7018eca60cead5e44160729fb
[2021-06-22 13:54:17.437012] Retrieving data for WenCyberTruck @ https://bscscan.com/token/0xcf7011b342d8d154099e3308d2494c523cce90de
[2021-06-22 13:54:26.431826] Retrieving data for Chain Token @ https://bscscan.com/token/0x8c3cd658dc0ec165dccf3f707949fdb01a6a7e85
[2021-06-22 13:54:35.454570] Retrieving data for JayChou @ https://bscscan.com/token/0x5e9583a039e39a29a244e44a37d865550caefe6c
[2021-06-22 13:54:44.370604] Retrieving data for TronFund Finance @ https://bscscan.com/token/0x0b672f051b065a976c0cfb37069a596ee3eb7ead
[2021-06-22 13:54:53.391415] Retrieving data for Samoyed INU @ https://bscscan.com/token/0xa95ff2f892a39752985be304ce1a49c1e433ada6
[2021-06-22 13:55:02.509734] Retrieving data for NOCAP @ https://bscscan.com/token/0x0855aac54dd91a911c25cde979182c4268bce678
[2021-06-22 13:55:11.416576] Retrieving data for SmegmaPig @ https://bscscan.com/token/0xa7186e55d6e6e7a7795cf0e24857353fe7cacd68
[2021-06-22 13:55:20.408227] Retrieving data for StarMoon @ https://bscscan.com/token/0x6739af7bd893ffa329ce4cbcda2488f3fbe8d785
[2021-06-22 13:55:29.510961] Retrieving data for CoShi Inu @ https://bscscan.com/token/0x3f6a8cd6d18e3e0f1b94cc7f7b800e09f712fbd5
[2021-06-22 13:55:38.550835] Retrieving data for Ultra Rise Inu @ https://bscscan.com/token/0x27bff9d594cd90fa2ebb7870b4f7df2a2b0c938c
[2021-06-22 13:55:47.565532] Retrieving data for Baby EverDoge @ https://bscscan.com/token/0x06c4212ae2fea51a27a045d968e73f7e91ea5521
[2021-06-22 13:55:56.599555] Retrieving data for Dorami Token @ https://bscscan.com/token/0xad187809046a41a07c5106b6a5d39ffacf5ad535
[2021-06-22 13:56:06.600373] Retrieving data for Warden @ https://bscscan.com/token/0x0feadcc3824e7f3c12f40e324a60c23ca51627fc
[2021-06-22 13:56:15.614707] Retrieving data for Serbia INU @ https://bscscan.com/token/0x8e24568e341d74247f0d318f070bacb2f8bbc6f7
[2021-06-22 13:56:24.530370] Retrieving data for SHIBA ASS  @ https://bscscan.com/token/0x58ef58947d1533fd93c15d97238171db416a504e
[2021-06-22 13:56:34.583084] Retrieving data for PortsSwap @ https://bscscan.com/token/0x4f9ee9b6e9815e5976ff8833ead80c650c8f960b
[2021-06-22 13:56:44.603703] Retrieving data for Space Bull @ https://bscscan.com/token/0x937cffa1f3370fa4d0fd278aff1674e5d9de2223
[2021-06-22 13:56:53.594466] Retrieving data for Chicken Wing @ https://bscscan.com/token/0x8d93cc11eea5026408bf689552ddb5edc6f6f87e
[2021-06-22 13:57:02.607938] Retrieving data for SONICMOONER @ https://bscscan.com/token/0x7d7d5d13f5a5c7996a152ffb163b276780e3417f
[2021-06-22 13:57:11.761869] Retrieving data for Beagle King @ https://bscscan.com/token/0x5bf7442b860954b1b465b49e6e16f9438e295f38
[2021-06-22 13:57:20.929037] Retrieving data for BOT PUMP @ https://bscscan.com/token/0xfcea56833e9f8ca36e0af1579ae2483cc09a0419
[2021-06-22 13:57:29.863950] Retrieving data for ISAToken @ https://bscscan.com/token/0x1ccc22cc1658ea8581adce07e273c3c92b6065d0
[2021-06-22 13:57:39.029336] Retrieving data for SafeOcean🌊 @ https://bscscan.com/token/0xb4968e739d3b3e9744a079645c452c23bd5d345f
[2021-06-22 13:57:48.028942] Retrieving data for MoonSoon @ https://bscscan.com/token/0xb1a44f1f563cf539825f638bee52939ac5aca99c
[2021-06-22 13:57:57.061443] Retrieving data for Cross Chain Shiba @ https://bscscan.com/token/0x64fc103060ab50d9834aaf61ea87ec40b26c8c5c
[2021-06-22 13:58:07.102570] Retrieving data for Crystal Shard @ https://bscscan.com/token/0x5ca1f36f03d9c7d291ac9a6ffe50ddb6d4dfa7e9
[2021-06-22 13:58:16.146248] Retrieving data for YakimoInu @ https://bscscan.com/token/0x669aee7300dd5b93b10dc092b0a9116c4e1dc413
[2021-06-22 13:58:25.063491] Retrieving data for Fungi.io @ https://bscscan.com/token/0x2e32a70db536ccd175997a2cd0fe8a14854bb011
[2021-06-22 13:58:35.228453] Retrieving data for KING EVERRISE  @ https://bscscan.com/token/0xacb6c8fea9209dd883894d3e4bfa39dfcd5fb9bf
[2021-06-22 13:58:44.162592] Retrieving data for AurataGoldCat @ https://bscscan.com/token/0xedfad0b2f12f502a72401757a9b07c2817b7f8ff
[2021-06-22 13:58:53.059541] Retrieving data for Poker Star @ https://bscscan.com/token/0xce1b97304a3a0659880279df4a867c2588fd4b42
[2021-06-22 13:59:02.073306] Retrieving data for SATOSHIPROTOCOL @ https://bscscan.com/token/0xcd998d3a3f777fa512afca69c20ae4090990b7a8
[2021-06-22 13:59:11.118405] Retrieving data for YAKISOBA @ https://bscscan.com/token/0x7bb2caa3f5c31956a4c94be2f5e84dd181d51620
[2021-06-22 13:59:19.957380] Retrieving data for ShibaElonMars @ https://bscscan.com/token/0x1c3c168ac530821e9640f81d3a1388c11a620715
[2021-06-22 13:59:28.989144] Retrieving data for Moon Lab @ https://bscscan.com/token/0xbc8595942033a5a7fe37ffca7fae5179e399076d
[2021-06-22 13:59:38.984725] Retrieving data for Newdc @ https://bscscan.com/token/0x81e7fd9bd154a91c11b27b660456cb92c31e1965
[2021-06-22 13:59:48.867478] Retrieving data for Ternoa @ https://bscscan.com/token/0xdfdf1c080475e842eb19b4de897bda39bf1be091
[2021-06-22 13:59:57.928019] Retrieving data for FatYoshi @ https://bscscan.com/token/0xe318c42556c59bd092a2293476fe6c2e66c40971
[2021-06-22 14:00:06.892413] Retrieving data for BAXLAR @ https://bscscan.com/token/0xa6110f6ce81392dcf7c6266a0b0246ff11d3cb50
[2021-06-22 14:00:15.906311] Retrieving data for Recycle Block @ https://bscscan.com/token/0x210b445ffdc7edfb2f9b56d162434d804d03d0a7
[2021-06-22 14:00:25.037311] Retrieving data for LockedMoon @ https://bscscan.com/token/0x5af47ccf15c551a0e003fd7481c1c50a85237a60
[2021-06-22 14:00:35.125351] Retrieving data for Sweet Swap @ https://bscscan.com/token/0xc317822a1a83ce5994620c21feaa38fc05fced9b
[2021-06-22 14:00:43.989339] Retrieving data for ZBAKE @ https://bscscan.com/token/0xe8f9b4b7624715841073bc815949314defa0d51e
[2021-06-22 14:00:53.069055] Retrieving data for O3 Swap @ https://bscscan.com/token/0xa37ce3cc69084aa5d8a65055984e82bba6da6977
[2021-06-22 14:01:02.045038] Retrieving data for DogeBread @ https://bscscan.com/token/0x9a9aebf53471159faae2ee318ec0f98afb27c5b4
[2021-06-22 14:01:11.123042] Retrieving data for SafeGame @ https://bscscan.com/token/0x754b9ce5a9ea00106a1a230f1eca2bc361d65c53
[2021-06-22 14:01:21.128110] Retrieving data for EverPro @ https://bscscan.com/token/0x1cc9420aaf14cced056855a006b0d6bb0d925db1
[2021-06-22 14:01:30.316803] Retrieving data for CAKERUN @ https://bscscan.com/token/0x5bd79414b8baef89f87413843e99949d8d23a54f
[2021-06-22 14:01:39.274133] Retrieving data for EverRocket @ https://bscscan.com/token/0x3019d0e8309ac5a9ed61f4f6c57e848d968c7fcf
[2021-06-22 14:01:48.405774] Retrieving data for MoonBaby @ https://bscscan.com/token/0xe946e6e0f06b540f5c1019a0e59dcbf006af6763
[2021-06-22 14:01:57.355546] Retrieving data for DREAMHIGH @ https://bscscan.com/token/0x376f44430ec7100dd1adf5d235e3b2be17af34fe
[2021-06-22 14:02:06.540563] Retrieving data for VILMORA @ https://bscscan.com/token/0x9a7cf49dbccd9f277f2bce4ced75c96bdecb6eef
[2021-06-22 14:02:15.345265] Retrieving data for HoldToRise @ https://bscscan.com/token/0x63fec28fccf1cc72d140be1449d735e5bbf2fc06
[2021-06-22 14:02:24.349805] Retrieving data for Citrin Tech @ https://bscscan.com/token/0xa555bade0d48ec8f3a1e742af5198249cca70444
[2021-06-22 14:02:33.274968] Retrieving data for AquaGoose @ https://bscscan.com/token/0xe52e7fccfe064e7d7075ff9997ee82982b84a89b
[2021-06-22 14:02:43.326437] Retrieving data for SpaceDip @ https://bscscan.com/token/0xf1f8b932bfed09c5782acac06927d0b703d87796
[2021-06-22 14:02:52.415295] Retrieving data for Jackpot Army @ https://bscscan.com/token/0xcd5b18bb97bfd0c67d6b0e5d4f63efba194a791f
[2021-06-22 14:03:01.385479] Retrieving data for SnakeArt Finance @ https://bscscan.com/token/0xbfad062170072af5167cb13ba5140a609eb378a8
[2021-06-22 14:03:10.452162] Retrieving data for Panda Inu @ https://bscscan.com/token/0xf26e7b1e51a30bdffe1b8887738c34b6d78bf40d
[2021-06-22 14:03:19.691985] Retrieving data for Kishu Inu @ https://bscscan.com/token/0x98a2ab68b2b3af4e546d67699c02a20559374a76
[2021-06-22 14:03:28.742066] Retrieving data for SafeMars @ https://bscscan.com/token/0xf097ea72284128f33724557e6f6a2938fe56c046
[2021-06-22 14:03:37.657592] Retrieving data for Counter Strike @ https://bscscan.com/token/0xc731909a65b6cebde4fd0a754cc949a975d22814
[2021-06-22 14:03:47.601055] Retrieving data for Beerus @ https://bscscan.com/token/0x44d38d55260a62e0cfb57277d9bbb61059a3c052
[2021-06-22 14:03:56.628414] Retrieving data for Fin @ https://bscscan.com/token/0xae939991ccab452b00c0e002b776d2a33971be4a
[2021-06-22 14:04:05.688385] Retrieving data for COYOTE @ https://bscscan.com/token/0x76a8135ea557c23a127816bf1fd4106c25cee1a4
[2021-06-22 14:04:14.941772] Retrieving data for SHIBA TIME  @ https://bscscan.com/token/0xb5b44042fc64b5dab87bb8a097152b6314a040a6
[2021-06-22 14:04:23.885203] Retrieving data for Online Game Exchange @ https://bscscan.com/token/0xae103041763f2cd3080ffbfdfee88e1e9a4ac8a8
[2021-06-22 14:04:32.900061] Retrieving data for CANNON @ https://bscscan.com/token/0xa4e9218c774f4e427d8977dcf1effd38f1abf971
[2021-06-22 14:04:43.779576] Retrieving data for Swiss Crypto Fund @ https://bscscan.com/token/0x7c2be9d32115e659a4f07c36390c68728c74d85d
[2021-06-22 14:04:52.808680] Retrieving data for Noodle Swap @ https://bscscan.com/token/0x3a783e5359db375ae5fc0ebee75a366b5fecd363
[2021-06-22 14:05:02.644513] Retrieving data for MinerMoon @ https://bscscan.com/token/0x149caa0e8576b670c5552812e43b43793dcad9d5
[2021-06-22 14:05:11.605884] Retrieving data for SummerCoin @ https://bscscan.com/token/0x92a839457520825db384c9064c07b2f8139a8ac4
[2021-06-22 14:05:20.563566] Retrieving data for BNB Connections @ https://bscscan.com/token/0x7f1c3c069ed6829cd064c907b3c1a19081345661
[2021-06-22 14:05:29.523941] Retrieving data for Safemoan @ https://bscscan.com/token/0x3d8df79d67006a2745895ec510fdb7d207d72a8b
[2021-06-22 14:05:39.605236] Retrieving data for MajinBoo @ https://bscscan.com/token/0x0f04955ab938c704477568ac3e762662b5940505
[2021-06-22 14:05:48.506916] Retrieving data for United Emirate Decentralized Coin @ https://bscscan.com/token/0xf0b6e29c429bbb8e1448340f0776be933805344e
[2021-06-22 14:05:57.410014] Retrieving data for FaceMask Coin @ https://bscscan.com/token/0x18d3ec620928116ff2329dd2f3697e2fd2cf267b
[2021-06-22 14:06:06.517140] Retrieving data for Carbs Token @ https://bscscan.com/token/0x250070051de834623c4c0a9a74329abc3fd9a668
[2021-06-22 14:06:16.614004] Retrieving data for UCL @ https://bscscan.com/token/0xa17b15b7303e623f3744b6cb138143faa4434f39
[2021-06-22 14:06:25.771342] output CSV saved ./csv/NewTokens22062021_140625.csv
[2021-06-22 14:06:25.771402] Scrape Job Sleeping For 1
