[2021-06-22 16:13:17.188027] Retrieving data for JollyRoger @ https://etherscan.io/token/0xa20fcd8cfa055d65c9565dd1c89c89ddcc2309d3
[2021-06-22 16:13:26.517896] Retrieving data for ðSHIITAKE (T.ME/SHIITAKETOKEN)ð @ https://etherscan.io/token/0x73cd0f2fc19de23de7b6709c64b2fa64a70eaafc
[2021-06-22 16:13:36.072906] Retrieving data for RealT Token - 15777 Ardmore St, Detroit, MI 48227 @ https://etherscan.io/token/0xfe17c3c0b6f38cf3bd8ba872bee7a18ab16b43fb
[2021-06-22 16:13:45.326880] Retrieving data for Coop Network @ https://etherscan.io/token/0x689cf5f8dd09bbb4417514c88909bb64eba2547d
[2021-06-22 16:13:54.347473] Retrieving data for OXYDEV @ https://etherscan.io/token/0x33c8517e8b1beefd4a5275ab72acf39cd18331a3
[2021-06-22 16:14:03.400969] Retrieving data for EsportsPro @ https://etherscan.io/token/0x29c56e7cb9c840d2b2371b17e28bab44ad3c3ead
[2021-06-22 16:14:12.524548] Retrieving data for YFC @ https://etherscan.io/token/0xc6ff7eac464c99ff0e1ad8bcfd0ab0cebe08c9a3
[2021-06-22 16:14:22.575687] Retrieving data for EverTop @ https://etherscan.io/token/0xd7bdb58dd33826b1865c938830d86c4a871b7088
[2021-06-22 16:14:32.724575] Retrieving data for Solid @ https://etherscan.io/token/0x5011d48d4265b6fb8228600a111b2faa1fda3139
[2021-06-22 16:14:41.644499] Retrieving data for BitSpawn Token @ https://etherscan.io/token/0xe516d78d784c77d479977be58905b3f2b1111126
[2021-06-22 16:14:50.608828] Retrieving data for Forever Swap @ https://etherscan.io/token/0xcf841ca09bf31ad0f37a139c948aab2480abcdea
[2021-06-22 16:15:00.524800] Retrieving data for Internal Retard Services @ https://etherscan.io/token/0xe65ff9442ffdc9aaec4ef52bd0c664779a51e5d9
[2021-06-22 16:15:09.651653] Retrieving data for GoldenDog @ https://etherscan.io/token/0x6aa493050427c7af81d38f19fd6b4f5dd3a75e3b
[2021-06-22 16:15:19.650042] Retrieving data for Vibrator @ https://etherscan.io/token/0xd74d945790509015e9b129cf16342ca4494fcc28
[2021-06-22 16:15:29.680112] Retrieving data for Sion @ https://etherscan.io/token/0xe8d1efd0c95011298e9a30143a0182c06b45ff5d
[2021-06-22 16:15:38.534062] Retrieving data for BZZ @ https://etherscan.io/token/0x19062190b1925b5b6689d7073fdfc8c2976ef8cb
[2021-06-22 16:15:47.652207] Retrieving data for ROSA @ https://etherscan.io/token/0x17d1823bd5e96e76e822ab42b61d348302e072d5
[2021-06-22 16:15:56.799507] Retrieving data for AKB48_Finance @ https://etherscan.io/token/0x7d8a133b3fdda2bdc340b6402943110dae3f299e
[2021-06-22 16:16:06.675338] Retrieving data for Official Mars Token @ https://etherscan.io/token/0x4e30910845f0cb4f66781b35c832eafc09774022
[2021-06-22 16:16:15.824755] Retrieving data for ePlatinum @ https://etherscan.io/token/0x57b3140f522a3ef2f98c046f78e0d03075908591
[2021-06-22 16:16:26.373235] Retrieving data for Football Inu @ https://etherscan.io/token/0x48a3d9510f7c2aa61a285ccb4eaa5ba072692468
[2021-06-22 16:16:35.620918] Retrieving data for Cookie Inu @ https://etherscan.io/token/0x22709596fc3c3f3ad865b5a52f66af156aca32a9
[2021-06-22 16:16:44.573926] Retrieving data for Zet Inu @ https://etherscan.io/token/0xbc130b1cd40c722f54baaa1c92651dd630d73d99
[2021-06-22 16:16:53.503582] Retrieving data for Nabox @ https://etherscan.io/token/0x630bc7dd0abfc2d196289ce09db947dd2cafae7c
[2021-06-22 16:17:03.525501] Retrieving data for Gucci_Inu @ https://etherscan.io/token/0xcdd475d3e64ef21b5dd8b9920143d5b0b19f42c2
[2021-06-22 16:17:12.376723] Retrieving data for MansionCash @ https://etherscan.io/token/0x4a013d18330880167a2507bc7b2a90bd2c912ec7
[2021-06-22 16:17:21.386277] Retrieving data for Vara  Inu @ https://etherscan.io/token/0xb798ab0b48a9fd695e9e3b501ecab7a2fac4a6c2
[2021-06-22 16:17:30.440754] Retrieving data for Be Loaded Finance @ https://etherscan.io/token/0xa1b6fc4f2ab4e41c49e92121dc3a1ebc7549b695
[2021-06-22 16:17:39.475132] Retrieving data for Rolar  Inu @ https://etherscan.io/token/0x31925997851d0516f3d603150b2ee00b41ba899c
[2021-06-22 16:17:48.601335] Retrieving data for Rising Inu @ https://etherscan.io/token/0x23a76287b0a1f96d2409dacd35d1cdc5d90d7b1d
[2021-06-22 16:17:57.510432] Retrieving data for PolkaDoge @ https://etherscan.io/token/0x339a112b5919bcf5311cda0fe176cc69b67008cc
[2021-06-22 16:18:06.529502] Retrieving data for DUMB Token @ https://etherscan.io/token/0xbc2878faa8a634ab92b1e8194cca9a88db52e8df
[2021-06-22 16:18:15.371105] Retrieving data for Ever Rising Inu @ https://etherscan.io/token/0xe0fe35312c8c8a2d5a70bd594ec8e6335f6b45dd
[2021-06-22 16:18:25.023804] Retrieving data for Hishu Inu Finance @ https://etherscan.io/token/0x89c58d698066c84caede98640fcd1ed01d74fe50
[2021-06-22 16:18:34.553434] Retrieving data for EtherDog @ https://etherscan.io/token/0x253d91dd6ea22d0d50220fd84ccba14047e5e644
[2021-06-22 16:18:43.404005] Retrieving data for Konomi Inu @ https://etherscan.io/token/0x1ddc2516f7799710507c09a0df244f94bf04c285
[2021-06-22 16:18:52.292428] Retrieving data for SuperAidi Inu @ https://etherscan.io/token/0x161eeb1463b26dd81f07e94076f2175dd3be052a
[2021-06-22 16:19:02.290810] Retrieving data for Quilboar Coin @ https://etherscan.io/token/0xd5ba1b7a104ac7623463d41fa9f1303c944ba30d
[2021-06-22 16:19:11.393420] Retrieving data for Thunder Finance @ https://etherscan.io/token/0x4519817b4801c39936d4e5b793cf93eeaf5c6936
[2021-06-22 16:19:20.348306] Retrieving data for Wrapped BCH @ https://etherscan.io/token/0xf7b4d113c5da1c99bdb64ca4b538b92cfc52f3dc
[2021-06-22 16:19:30.027607] Retrieving data for EverRiseCoin @ https://etherscan.io/token/0x61548411dfa6e522b7e5b83e1f85291b017312ea
[2021-06-22 16:19:39.093933] Retrieving data for BotzCoin @ https://etherscan.io/token/0x4e58c6d34d1e055e8d3943ffb1fed662d0aa9c10
[2021-06-22 16:19:48.336916] Retrieving data for Ape Finance ð¦ @ https://etherscan.io/token/0xefb0e363fec9e04999a9b8803421d27765258ffd
[2021-06-22 16:19:57.385018] Retrieving data for eHODL @ https://etherscan.io/token/0xcccdb294b52fc00051bf694fc798efee33bc0358
[2021-06-22 16:20:06.418800] Retrieving data for Phoenix Token @ https://etherscan.io/token/0x2c621e8f188fc0fcce5d0307c83e9c4dcfd3c08c
[2021-06-22 16:20:15.475765] Retrieving data for SafeBear @ https://etherscan.io/token/0x281fbb8cf9e988953237ea4db8b9e255f28ac703
[2021-06-22 16:20:24.946133] Retrieving data for Hungry Kitty ð±ð£ @ https://etherscan.io/token/0x3d62c922d586ffdc0e7cd15a46ab8785b15b997d
[2021-06-22 16:20:34.089246] Retrieving data for ForeverUp @ https://etherscan.io/token/0x81afa8aca19d5693883b0b1e10ae1ccaf2f42781
[2021-06-22 16:20:43.135626] Retrieving data for 100x @ https://etherscan.io/token/0x368f1896be0b38d4d56a4e9053a31cf5b7382f0b
[2021-06-22 16:20:52.098276] Retrieving data for DogCatcher @ https://etherscan.io/token/0xa940d2ee07197c4d5687f45b1defe8a9c4d509f1
[2021-06-22 16:21:01.040356] Retrieving data for Fat Cow @ https://etherscan.io/token/0xde4ef1b4826a1310d1a32ff35b94e3cb3e549667
[2021-06-22 16:21:09.910152] Retrieving data for Geisha Token @ https://etherscan.io/token/0x68fc940b9c271e32833c488f91fe81f8f9383ae5
[2021-06-22 16:21:19.042395] Retrieving data for North Korea Token @ https://etherscan.io/token/0x61e2588417a835405105771a585a43bc4a41e782
[2021-06-22 16:23:07.026701] Error extracting Scann info North Korea Token @ https://etherscan.io/token/0x61e2588417a835405105771a585a43bc4a41e782
[2021-06-22 16:23:07.027013] Retrieving data for ForeverUp @ https://etherscan.io/token/0xadd61ba28f0912f51593d7778309445f2abfd1d7
[2021-06-22 16:23:15.901895] Retrieving data for MoonKat @ https://etherscan.io/token/0x8fbf4327e01a18ee0a7dddc019a5c0d0f1ced7a2
[2021-06-22 16:23:24.886078] Retrieving data for Atomic Doge @ https://etherscan.io/token/0x76852855f4545aeaa297485b2c76bacbe9d9fdd0
[2021-06-22 16:23:34.393024] Retrieving data for SHIBAMAX INU @ https://etherscan.io/token/0xa9aa1921537da0138b61331b4b246aacbd9abaa0
[2021-06-22 16:23:43.366623] Retrieving data for Chocolate Shiba t.me/ChocolateShiba @ https://etherscan.io/token/0x7ec095806670a804efb9a771bdb0f1bbf0d950fa
[2021-06-22 16:23:52.661592] Retrieving data for bounty @ https://etherscan.io/token/0x3f031bb99a5f4c78a78c443e01ffc107d0fe4847
[2021-06-22 16:24:02.109692] Retrieving data for ð SUPERSTAR| @ https://etherscan.io/token/0x060a890048dcb6d39f3f30066fab3d874d24ca48
[2021-06-22 16:24:12.019275] Retrieving data for DogstonksPro (dogstonks.com) @ https://etherscan.io/token/0xe7a7ef72466167ff78e08ad76b12ca0c13c496e1
[2021-06-22 16:24:23.793955] Retrieving data for ForeverUpToken @ https://etherscan.io/token/0xcbac698e9b4dcfa1e6c895d7e0d451da2f595135
[2021-06-22 16:24:33.457726] Retrieving data for Shuukyuu Shoujo @ https://etherscan.io/token/0xf42006c90a2cb670694887e473af16154f6858f8
[2021-06-22 16:24:42.590647] Retrieving data for Doge Superhero @ https://etherscan.io/token/0x40428f31a6765a7985786fd0427be366cee691f3
[2021-06-22 16:24:51.661633] Retrieving data for Miko @ https://etherscan.io/token/0xe0ed41628fa610f525a989e847a0099f22bc7681
[2021-06-22 16:25:00.912804] Retrieving data for eDiamondHands @ https://etherscan.io/token/0xa08db18d7c633871477887cf9db77e63bb69cf74
[2021-06-22 16:25:09.857568] Retrieving data for Tom Inu @ https://etherscan.io/token/0x2d0e64b6bf13660a4c0de42a0b88144a7c10991f
[2021-06-22 16:25:18.751899] Retrieving data for Shiba Chocolate | t.me/ShibaChocolate @ https://etherscan.io/token/0x31a4f372aa891b46ba44dc64be1d8947c889e9c6
[2021-06-22 16:25:28.444246] Retrieving data for Conjure @ https://etherscan.io/token/0x00a55375002f3cda400383f479e7cd57bad029a9
[2021-06-22 16:25:37.295481] Retrieving data for Guacamole @ https://etherscan.io/token/0xc66800c00b8e6a5d5d8cfa2b90876dcafa7ea41b
[2021-06-22 16:25:46.398538] Retrieving data for Calendula Finance @ https://etherscan.io/token/0x6bb489c26db43c30ebbccd38b26fc2def943e99f
[2021-06-22 16:25:55.443071] Retrieving data for GivingToServices SVS @ https://etherscan.io/token/0x7ca62545a380e7d71f8f5cfa14b9211002075930
[2021-06-22 16:26:04.486794] Retrieving data for Precharge @ https://etherscan.io/token/0x2925c2a312a4934fd695fab72b1e425cc41978f2
[2021-06-22 16:26:13.493585] Retrieving data for SHIBAIR INU @ https://etherscan.io/token/0x7b4947e6b6095289fc88ef6a2206a1f6941dd231
[2021-06-22 16:26:22.761551] Retrieving data for https://t.me/Diamond_Hand100X @ https://etherscan.io/token/0xcc5a5de1b37a503c7943c8f261fb6b811c53aa81
[2021-06-22 16:26:32.819985] Retrieving data for Dragon Coin @ https://etherscan.io/token/0x58289c502edb49b4a535c464499a342ce3ca3416
[2021-06-22 16:26:41.626964] Retrieving data for Ethereum Wet Ass Pussy @ https://etherscan.io/token/0x9072023239dc70a121b7cb62dfca2a500d1ce559
[2021-06-22 16:26:50.645403] Retrieving data for Thirsty Camel @ https://etherscan.io/token/0xf865dd74167e07dcb1a3b5124f43b935184553cc
[2021-06-22 16:27:00.604624] Retrieving data for SpaceX @ https://etherscan.io/token/0x8976f31100c6381c99a2fac61e6a598f41687955
[2021-06-22 16:27:09.469136] Retrieving data for Raichu @ https://etherscan.io/token/0xda1c18bf25ca69fca7d0d75184d2fc6bd3a14ec8
[2021-06-22 16:27:18.446618] Retrieving data for Scrooge McDuck @ https://etherscan.io/token/0x0b6d6f64bcf965417afe6dbc800b4958ce01fd6b
[2021-06-22 16:27:28.059781] Retrieving data for Shiba Cigarettes @ https://etherscan.io/token/0x4708e59fe1010f4ec27d6a8851edb18bee7f3328
[2021-06-22 16:27:37.348150] Retrieving data for MoonRise @ https://etherscan.io/token/0x5c2d8e1a95acbf838afd0237ec6863fd94940b10
[2021-06-22 16:27:46.343966] Retrieving data for EverMusk @ https://etherscan.io/token/0x2f49e5b77f3ba99e85b87412cdf1bd8ff12a95fc
[2021-06-22 16:27:55.387172] Retrieving data for PUNTU @ https://etherscan.io/token/0xe394b81dd266b14bf781afb000a98ac498fe2e10
[2021-06-22 16:28:04.383192] Retrieving data for Timeless Inu @ https://etherscan.io/token/0x96d5ff2fd959ebe18cb093e5c3873a0b89a397ac
[2021-06-22 16:28:13.527267] Retrieving data for Cyber Shiba Inu (cybershiba.finance) @ https://etherscan.io/token/0x3ae168c6ea1ca3032733cd35a17bf5330da78f78
[2021-06-22 16:28:23.211293] Retrieving data for HungryShibaInu @ https://etherscan.io/token/0xa7d5c2edbccf83259675c3832ab4dfd2363a9ad3
[2021-06-22 16:28:33.024597] Retrieving data for BearTears @ https://etherscan.io/token/0x826eb69cfb247166c63f4fa737c365b0d7c274a6
[2021-06-22 16:28:42.175062] Retrieving data for MusubiFOMO @ https://etherscan.io/token/0xc3596dd4c28e6a792b08c6f657cda5b3936b09cd
[2021-06-22 16:28:51.171759] Retrieving data for Jungle Token @ https://etherscan.io/token/0xbfc7546452c89ce5c5435663d78d1e20d18a8241
[2021-06-22 16:29:00.159011] Retrieving data for Builda Inu @ https://etherscan.io/token/0x9d52dde1b84264fe42faffa58741842e4d6af02e
[2021-06-22 16:29:09.247938] Retrieving data for Musubi @ https://etherscan.io/token/0x8ee04e1e9400d4e2091ff3a46509e246e2f34542
[2021-06-22 16:29:18.328642] Retrieving data for Serium Investing @ https://etherscan.io/token/0xdf21dcbbc4f47982ad628619d0b78d8ff694dd79
[2021-06-22 16:29:27.292960] Retrieving data for Yellow Stone @ https://etherscan.io/token/0x54a68f4d604fcc185acd238572d12a984d9b55b0
[2021-06-22 16:29:36.292292] Retrieving data for Robo Shiba @ https://etherscan.io/token/0x452e2717571395173e2598e5a509a3d55083b592
[2021-06-22 16:29:46.461611] Retrieving data for ShibNinja (t.me/shibninja) @ https://etherscan.io/token/0x836a4265c7b0e73d1caf5e29cad08d8355737589
[2021-06-22 16:29:55.578589] Retrieving data for AurusDeFi @ https://etherscan.io/token/0xa51fc71422a30fa7ffa605b360c3b283501b5bf6
[2021-06-22 16:30:06.454289] Retrieving data for BoringDAO @ https://etherscan.io/token/0xbc19712feb3a26080ebf6f2f7849b417fdd792ca
[2021-06-22 16:30:16.527490] Retrieving data for Switcheo @ https://etherscan.io/token/0xb4371da53140417cbb3362055374b10d97e420bb
[2021-06-22 16:30:25.725046] Retrieving data for SAFUPAD @ https://bscscan.com/token/0xeb4f4d09ccbb3be5bf83c26a42282652913adb59
[2021-06-22 16:30:35.889606] Retrieving data for CASHINO  @ https://bscscan.com/token/0xa07deb41f6a77060efa5184ba078fb0d29c531e0
[2021-06-22 16:30:44.935123] Retrieving data for Meme Lordz @ https://bscscan.com/token/0x2541be91fe0d220ffcbe65f11d88217a87a43bda
[2021-06-22 16:30:53.780936] Retrieving data for Pink Dolphin @ https://bscscan.com/token/0x1ebdae96b33fafabf01c4b18d9e2811a7a7ac95e
[2021-06-22 16:31:02.687777] Retrieving data for PowerMoon @ https://bscscan.com/token/0x745d0d6f6b9badb1e3a14814a5d5ff4b47a466a4
[2021-06-22 16:31:11.587431] Retrieving data for BlueYields @ https://bscscan.com/token/0x5feb5f4f6b1972cd91540209057da9936c221c3a
[2021-06-22 16:31:20.782384] Retrieving data for RiseUp @ https://bscscan.com/token/0x48671beff2b411b901cb09b06c0aa01a9f968d37
[2021-06-22 16:31:29.675515] Retrieving data for Dragon INU @ https://bscscan.com/token/0xb0af87f2bf461f2e216286e1279af0ede9b36398
[2021-06-22 16:31:38.675529] Retrieving data for NFTKishu @ https://bscscan.com/token/0x636b60307af1080f76c609e2bcb138cead00f146
[2021-06-22 16:31:47.653446] Retrieving data for Diamond Path @ https://bscscan.com/token/0x2c1806393ee6da05be058521121873834cc86b4d
[2021-06-22 16:31:56.642933] Retrieving data for MUFC Fan Token @ https://bscscan.com/token/0x2f0b0434fb72bd244b7f102d1fc9c2d721946a3d
[2021-06-22 16:32:05.674799] Retrieving data for GameEight @ https://bscscan.com/token/0xc026043d5bddc193deb4b0707432ddd794654ae9
[2021-06-22 16:32:14.772719] Retrieving data for Viagra @ https://bscscan.com/token/0x4d1579f6692a944da89aff6abac32a757b124d5f
[2021-06-22 16:32:23.892422] Retrieving data for Silkroad @ https://bscscan.com/token/0x845c4e43e140f851b408d40bd473884f8fa4697e
[2021-06-22 16:32:32.880142] Retrieving data for KangaBoxer @ https://bscscan.com/token/0xc655b475ac84daecc7c0a9d672b501d58867c7e8
[2021-06-22 16:32:41.837565] Retrieving data for Holy Panda @ https://bscscan.com/token/0x9b89f65755eadec9405618789a77545c143e36a3
[2021-06-22 16:32:50.885845] Retrieving data for DiamondDoge @ https://bscscan.com/token/0x357d3aaf4d56438f96d3ccf4a02391cf3f900024
[2021-06-22 16:32:59.871312] Retrieving data for WolfyToken @ https://bscscan.com/token/0x21a3440ce7d17c7c9af110431af45a51a0fc55bc
[2021-06-22 16:33:08.908330] Retrieving data for CoolDoge @ https://bscscan.com/token/0x74fdf8c4c0059fcea40581c46b7fc07391cac455
[2021-06-22 16:33:17.892372] Retrieving data for Skelgon @ https://bscscan.com/token/0x5cf5a6cd182e838af3999d79f8d145c49d129d82
[2021-06-22 16:33:26.793706] Retrieving data for Nft Kishu @ https://bscscan.com/token/0x0d5431d6bbfe5f8d810dd0ed4bc7daf194289c8a
[2021-06-22 16:33:35.550983] Retrieving data for PandaSwap @ https://bscscan.com/token/0x0a60a7abcb4a306ed12ea1135ec1afd33def438e
[2021-06-22 16:33:44.730759] Retrieving data for HopeSeeker @ https://bscscan.com/token/0xeba60cead8262b0b24d85162c255892e216f1977
[2021-06-22 16:33:53.673454] Retrieving data for Evergreen Token @ https://bscscan.com/token/0xa0e34d258118a14cef28838fa79fd68274e8ac61
[2021-06-22 16:34:02.750575] Retrieving data for BabydragonCoin @ https://bscscan.com/token/0x59d924be0d6400e9437c5da5b9f8db71b643abcc
[2021-06-22 16:34:11.941529] Retrieving data for Blood Bag @ https://bscscan.com/token/0x63fbd55b6ed4e3e5e37e775afb23b3bd6466da88
[2021-06-22 16:34:20.967181] Retrieving data for Skull Face Shiba @ https://bscscan.com/token/0x8d5a745e99bb91ff073b475b1f41f66575905b61
[2021-06-22 16:34:29.825324] Retrieving data for HACHIKO @ https://bscscan.com/token/0xe7eb23a1e27915075d994f451bc7cecf1df5d727
[2021-06-22 16:34:38.712940] Retrieving data for Ridotto @ https://bscscan.com/token/0xa2c75a7bc9a8f47ba1db3bb2a605ad998aa4db0f
[2021-06-22 16:34:47.627136] Retrieving data for Chow-Chow INU @ https://bscscan.com/token/0x1109e037373abf0f2028ecf621eda006d42b3cac
[2021-06-22 16:34:56.521763] Retrieving data for Singapore Network @ https://bscscan.com/token/0xdff3fc73888f318ca959351dfa613997ec2c574d
[2021-06-22 16:35:05.433560] Retrieving data for SuperNova @ https://bscscan.com/token/0xb2af8a3aab0ac9de89d80b68da3a590e27ba09c2
[2021-06-22 16:35:15.383814] Retrieving data for Jelly Swap @ https://bscscan.com/token/0x8e68186141ec30ba0cffdab8588458800547323e
[2021-06-22 16:35:24.216045] Retrieving data for Online Game Transfer @ https://bscscan.com/token/0x6de2c29d34a67c4a6105d97b20627a52104f5d30
[2021-06-22 16:35:33.193053] Retrieving data for LETS MOON 🌙  @ https://bscscan.com/token/0x16140e9eaac682dd7474ba3db2a33e6ad448cd10
[2021-06-22 16:35:42.242587] Retrieving data for EverMars @ https://bscscan.com/token/0x01e656865992cef7018eca60cead5e44160729fb
[2021-06-22 16:35:51.317559] Retrieving data for WenCyberTruck @ https://bscscan.com/token/0xcf7011b342d8d154099e3308d2494c523cce90de
[2021-06-22 16:36:00.172178] Retrieving data for Chain Token @ https://bscscan.com/token/0x8c3cd658dc0ec165dccf3f707949fdb01a6a7e85
[2021-06-22 16:36:09.279413] Retrieving data for JayChou @ https://bscscan.com/token/0x5e9583a039e39a29a244e44a37d865550caefe6c
[2021-06-22 16:36:18.133587] Retrieving data for TronFund Finance @ https://bscscan.com/token/0x0b672f051b065a976c0cfb37069a596ee3eb7ead
[2021-06-22 16:36:28.149121] Retrieving data for Samoyed INU @ https://bscscan.com/token/0xa95ff2f892a39752985be304ce1a49c1e433ada6
[2021-06-22 16:36:38.162254] Retrieving data for NOCAP @ https://bscscan.com/token/0x0855aac54dd91a911c25cde979182c4268bce678
[2021-06-22 16:36:47.122540] Retrieving data for SmegmaPig @ https://bscscan.com/token/0xa7186e55d6e6e7a7795cf0e24857353fe7cacd68
[2021-06-22 16:36:56.142235] Retrieving data for StarMoon @ https://bscscan.com/token/0x6739af7bd893ffa329ce4cbcda2488f3fbe8d785
[2021-06-22 16:37:05.177734] Retrieving data for CoShi Inu @ https://bscscan.com/token/0x3f6a8cd6d18e3e0f1b94cc7f7b800e09f712fbd5
[2021-06-22 16:37:14.085333] Retrieving data for Ultra Rise Inu @ https://bscscan.com/token/0x27bff9d594cd90fa2ebb7870b4f7df2a2b0c938c
[2021-06-22 16:37:23.042460] Retrieving data for Baby EverDoge @ https://bscscan.com/token/0x06c4212ae2fea51a27a045d968e73f7e91ea5521
[2021-06-22 16:37:33.040497] Retrieving data for Dorami Token @ https://bscscan.com/token/0xad187809046a41a07c5106b6a5d39ffacf5ad535
[2021-06-22 16:37:42.652013] Retrieving data for Warden @ https://bscscan.com/token/0x0feadcc3824e7f3c12f40e324a60c23ca51627fc
[2021-06-22 16:37:52.688318] Retrieving data for Serbia INU @ https://bscscan.com/token/0x8e24568e341d74247f0d318f070bacb2f8bbc6f7
[2021-06-22 16:38:01.654724] Retrieving data for SHIBA ASS  @ https://bscscan.com/token/0x58ef58947d1533fd93c15d97238171db416a504e
[2021-06-22 16:38:10.494140] Retrieving data for PortsSwap @ https://bscscan.com/token/0x4f9ee9b6e9815e5976ff8833ead80c650c8f960b
[2021-06-22 16:38:19.386771] Retrieving data for Space Bull @ https://bscscan.com/token/0x937cffa1f3370fa4d0fd278aff1674e5d9de2223
[2021-06-22 16:38:29.558107] Retrieving data for Chicken Wing @ https://bscscan.com/token/0x8d93cc11eea5026408bf689552ddb5edc6f6f87e
[2021-06-22 16:38:38.456997] Retrieving data for SONICMOONER @ https://bscscan.com/token/0x7d7d5d13f5a5c7996a152ffb163b276780e3417f
[2021-06-22 16:38:47.434843] Retrieving data for Beagle King @ https://bscscan.com/token/0x5bf7442b860954b1b465b49e6e16f9438e295f38
[2021-06-22 16:38:56.483918] Retrieving data for BOT PUMP @ https://bscscan.com/token/0xfcea56833e9f8ca36e0af1579ae2483cc09a0419
[2021-06-22 16:39:05.812736] Retrieving data for ISAToken @ https://bscscan.com/token/0x1ccc22cc1658ea8581adce07e273c3c92b6065d0
[2021-06-22 16:39:14.805224] Retrieving data for SafeOcean🌊 @ https://bscscan.com/token/0xb4968e739d3b3e9744a079645c452c23bd5d345f
[2021-06-22 16:39:23.747746] Retrieving data for MoonSoon @ https://bscscan.com/token/0xb1a44f1f563cf539825f638bee52939ac5aca99c
[2021-06-22 16:39:32.758289] Retrieving data for Cross Chain Shiba @ https://bscscan.com/token/0x64fc103060ab50d9834aaf61ea87ec40b26c8c5c
[2021-06-22 16:39:41.667871] Retrieving data for Crystal Shard @ https://bscscan.com/token/0x5ca1f36f03d9c7d291ac9a6ffe50ddb6d4dfa7e9
[2021-06-22 16:39:50.581948] Retrieving data for YakimoInu @ https://bscscan.com/token/0x669aee7300dd5b93b10dc092b0a9116c4e1dc413
[2021-06-22 16:39:59.665983] Retrieving data for Fungi.io @ https://bscscan.com/token/0x2e32a70db536ccd175997a2cd0fe8a14854bb011
[2021-06-22 16:40:08.699123] Retrieving data for KING EVERRISE  @ https://bscscan.com/token/0xacb6c8fea9209dd883894d3e4bfa39dfcd5fb9bf
[2021-06-22 16:40:18.639712] Retrieving data for AurataGoldCat @ https://bscscan.com/token/0xedfad0b2f12f502a72401757a9b07c2817b7f8ff
[2021-06-22 16:40:28.625264] Retrieving data for Poker Star @ https://bscscan.com/token/0xce1b97304a3a0659880279df4a867c2588fd4b42
[2021-06-22 16:40:37.668954] Retrieving data for SATOSHIPROTOCOL @ https://bscscan.com/token/0xcd998d3a3f777fa512afca69c20ae4090990b7a8
[2021-06-22 16:40:46.603920] Retrieving data for YAKISOBA @ https://bscscan.com/token/0x7bb2caa3f5c31956a4c94be2f5e84dd181d51620
[2021-06-22 16:40:55.497331] Retrieving data for ShibaElonMars @ https://bscscan.com/token/0x1c3c168ac530821e9640f81d3a1388c11a620715
[2021-06-22 16:41:05.785414] Retrieving data for Moon Lab @ https://bscscan.com/token/0xbc8595942033a5a7fe37ffca7fae5179e399076d
[2021-06-22 16:41:14.890070] Retrieving data for Newdc @ https://bscscan.com/token/0x81e7fd9bd154a91c11b27b660456cb92c31e1965
[2021-06-22 16:41:24.132691] Retrieving data for Ternoa @ https://bscscan.com/token/0xdfdf1c080475e842eb19b4de897bda39bf1be091
[2021-06-22 16:41:33.415493] Retrieving data for FatYoshi @ https://bscscan.com/token/0xe318c42556c59bd092a2293476fe6c2e66c40971
[2021-06-22 16:41:42.538520] Retrieving data for BAXLAR @ https://bscscan.com/token/0xa6110f6ce81392dcf7c6266a0b0246ff11d3cb50
[2021-06-22 16:41:51.617731] Retrieving data for Recycle Block @ https://bscscan.com/token/0x210b445ffdc7edfb2f9b56d162434d804d03d0a7
[2021-06-22 16:42:01.642897] Retrieving data for LockedMoon @ https://bscscan.com/token/0x5af47ccf15c551a0e003fd7481c1c50a85237a60
[2021-06-22 16:42:10.572423] Retrieving data for Sweet Swap @ https://bscscan.com/token/0xc317822a1a83ce5994620c21feaa38fc05fced9b
[2021-06-22 16:42:19.514446] Retrieving data for ZBAKE @ https://bscscan.com/token/0xe8f9b4b7624715841073bc815949314defa0d51e
[2021-06-22 16:42:28.419309] Retrieving data for O3 Swap @ https://bscscan.com/token/0xa37ce3cc69084aa5d8a65055984e82bba6da6977
[2021-06-22 16:42:37.512018] Retrieving data for DogeBread @ https://bscscan.com/token/0x9a9aebf53471159faae2ee318ec0f98afb27c5b4
[2021-06-22 16:42:46.570853] Retrieving data for SafeGame @ https://bscscan.com/token/0x754b9ce5a9ea00106a1a230f1eca2bc361d65c53
[2021-06-22 16:42:56.431920] Retrieving data for EverPro @ https://bscscan.com/token/0x1cc9420aaf14cced056855a006b0d6bb0d925db1
[2021-06-22 16:43:05.316315] Retrieving data for CAKERUN @ https://bscscan.com/token/0x5bd79414b8baef89f87413843e99949d8d23a54f
[2021-06-22 16:43:14.835568] Retrieving data for EverRocket @ https://bscscan.com/token/0x3019d0e8309ac5a9ed61f4f6c57e848d968c7fcf
[2021-06-22 16:43:23.827725] Retrieving data for MoonBaby @ https://bscscan.com/token/0xe946e6e0f06b540f5c1019a0e59dcbf006af6763
[2021-06-22 16:43:32.873288] Retrieving data for DREAMHIGH @ https://bscscan.com/token/0x376f44430ec7100dd1adf5d235e3b2be17af34fe
[2021-06-22 16:43:41.765621] Retrieving data for VILMORA @ https://bscscan.com/token/0x9a7cf49dbccd9f277f2bce4ced75c96bdecb6eef
[2021-06-22 16:43:50.843220] Retrieving data for HoldToRise @ https://bscscan.com/token/0x63fec28fccf1cc72d140be1449d735e5bbf2fc06
[2021-06-22 16:43:59.853097] Retrieving data for Citrin Tech @ https://bscscan.com/token/0xa555bade0d48ec8f3a1e742af5198249cca70444
[2021-06-22 16:44:08.938547] Retrieving data for AquaGoose @ https://bscscan.com/token/0xe52e7fccfe064e7d7075ff9997ee82982b84a89b
[2021-06-22 16:44:18.007856] Retrieving data for SpaceDip @ https://bscscan.com/token/0xf1f8b932bfed09c5782acac06927d0b703d87796
[2021-06-22 16:44:27.941715] Retrieving data for Jackpot Army @ https://bscscan.com/token/0xcd5b18bb97bfd0c67d6b0e5d4f63efba194a791f
[2021-06-22 16:44:37.940742] Retrieving data for SnakeArt Finance @ https://bscscan.com/token/0xbfad062170072af5167cb13ba5140a609eb378a8
[2021-06-22 16:44:47.918489] Retrieving data for Panda Inu @ https://bscscan.com/token/0xf26e7b1e51a30bdffe1b8887738c34b6d78bf40d
[2021-06-22 16:44:56.772332] Retrieving data for Kishu Inu @ https://bscscan.com/token/0x98a2ab68b2b3af4e546d67699c02a20559374a76
[2021-06-22 16:45:05.818565] output CSV saved ./csv/NewTokens22062021_164505.csv
[2021-06-22 16:45:05.818633] Scrape Job Sleeping For 1
