[2021-07-05 13:39:21.361473] Retrieving data for Beshare Token @ https://etherscan.io/token/0x0b4680e848f842b86e4df38d9fa0d9f9419f37ec
[2021-07-05 13:39:31.371755] Retrieving data for Lemme Smash Token @ https://etherscan.io/token/0x3ff8134b4dac6bd308738873be532f11fcca42ab
[2021-07-05 13:39:40.280162] Retrieving data for United States Doge @ https://etherscan.io/token/0x129201f3746e519c74ae97d0792fced9cc32f8eb
[2021-07-05 13:39:49.257899] Retrieving data for AstroLion @ https://etherscan.io/token/0xd3d1615a2cdd71e209a3efb6a91fb9323bffd71d
[2021-07-05 13:39:58.353478] Retrieving data for PolkaDoge @ https://etherscan.io/token/0x1be66c15731788bae659b4bdd40d4aa9b3bbca94
[2021-07-05 13:41:46.575167] Error extracting Scann info PolkaDoge @ https://etherscan.io/token/0x1be66c15731788bae659b4bdd40d4aa9b3bbca94
[2021-07-05 13:41:46.575521] Retrieving data for Cardano Cash @ https://etherscan.io/token/0x38964bac2cfd75877ca8bb44175696b5ca110869
[2021-07-05 13:41:56.668312] Retrieving data for MillionTech | t.me/MillionTech @ https://etherscan.io/token/0x2d0db905bc6e587e6f37260b946d32d302028901
[2021-07-05 13:42:05.774699] Retrieving data for Sushi Inu @ https://etherscan.io/token/0xad3bcf6e966aeb3499ce85e0d27d778abb2d8326
[2021-07-05 13:42:14.715416] Retrieving data for Kill Willy @ https://etherscan.io/token/0x4672e284d76de275a983134f745b3ea8e5fbced0
[2021-07-05 13:42:23.654375] Retrieving data for Kranz Token @ https://etherscan.io/token/0xf54b304e2e4b28c7e46619d1a340f9b2b72383d7
[2021-07-05 13:42:32.691374] Retrieving data for Freedom Inu @ https://etherscan.io/token/0x1238dda2319812c8b405e84d7eff5dfb81783008
[2021-07-05 13:42:41.834532] Retrieving data for odius.ai @ https://etherscan.io/token/0xa49dc04d118bdf4a3471f593c1bba0c99b2187ea
[2021-07-05 13:42:50.739154] Retrieving data for ShibaLink @ https://etherscan.io/token/0x3de7148c41e3b3233f3310e794f68d8e70ca69af
[2021-07-05 13:43:00.583874] Retrieving data for APE STAX @ https://etherscan.io/token/0x0f8c793dbc30a185138d5da00f106290b26e36c5
[2021-07-05 13:43:09.769537] Retrieving data for Ethereum 2.0 Classic @ https://etherscan.io/token/0xe3a9e2087aebd1c66ee1f31704eb7c0f7ebf8f7c
[2021-07-05 13:43:18.660923] Retrieving data for Thorstarter @ https://etherscan.io/token/0x69fa0fee221ad11012bab0fdb45d444d3d2ce71c
[2021-07-05 13:43:27.845141] Retrieving data for Neon Inu @ https://etherscan.io/token/0x441c72cba5675920194bb23460180492eaefae65
[2021-07-05 13:43:36.909925] Retrieving data for DEXTools @ https://etherscan.io/token/0xfb7b4564402e5500db5bb6d63ae671302777c75a
[2021-07-05 13:43:54.035898] Retrieving data for Railgun @ https://etherscan.io/token/0xe76c6c83af64e4c60245d8c7de953df673a7a33d
