[2021-06-22 08:45:16.983246] Retrieving data for YFC @ https://etherscan.io/token/0xc6ff7eac464c99ff0e1ad8bcfd0ab0cebe08c9a3
[2021-06-22 08:45:26.020116] Retrieving data for EverTop @ https://etherscan.io/token/0xd7bdb58dd33826b1865c938830d86c4a871b7088
[2021-06-22 08:45:35.076153] Retrieving data for Solid @ https://etherscan.io/token/0x5011d48d4265b6fb8228600a111b2faa1fda3139
[2021-06-22 08:45:45.071367] Retrieving data for BitSpawn Token @ https://etherscan.io/token/0xe516d78d784c77d479977be58905b3f2b1111126
[2021-06-22 08:45:54.056667] Retrieving data for Forever Swap @ https://etherscan.io/token/0xcf841ca09bf31ad0f37a139c948aab2480abcdea
[2021-06-22 08:46:04.031044] Retrieving data for Internal Retard Services @ https://etherscan.io/token/0xe65ff9442ffdc9aaec4ef52bd0c664779a51e5d9
[2021-06-22 08:46:13.171407] Retrieving data for GoldenDog @ https://etherscan.io/token/0x6aa493050427c7af81d38f19fd6b4f5dd3a75e3b
[2021-06-22 08:46:21.987042] Retrieving data for Vibrator @ https://etherscan.io/token/0xd74d945790509015e9b129cf16342ca4494fcc28
[2021-06-22 08:46:34.096799] Retrieving data for Sion @ https://etherscan.io/token/0xe8d1efd0c95011298e9a30143a0182c06b45ff5d
[2021-06-22 08:46:43.025684] Retrieving data for BZZ @ https://etherscan.io/token/0x19062190b1925b5b6689d7073fdfc8c2976ef8cb
[2021-06-22 08:46:52.039343] Retrieving data for ROSA @ https://etherscan.io/token/0x17d1823bd5e96e76e822ab42b61d348302e072d5
[2021-06-22 08:47:00.941591] Retrieving data for AKB48_Finance @ https://etherscan.io/token/0x7d8a133b3fdda2bdc340b6402943110dae3f299e
[2021-06-22 08:47:09.989371] Retrieving data for Official Mars Token @ https://etherscan.io/token/0x4e30910845f0cb4f66781b35c832eafc09774022
[2021-06-22 08:47:18.857548] Retrieving data for ePlatinum @ https://etherscan.io/token/0x57b3140f522a3ef2f98c046f78e0d03075908591
[2021-06-22 08:47:31.192912] Retrieving data for Football Inu @ https://etherscan.io/token/0x48a3d9510f7c2aa61a285ccb4eaa5ba072692468
[2021-06-22 08:47:40.180358] Retrieving data for Cookie Inu @ https://etherscan.io/token/0x22709596fc3c3f3ad865b5a52f66af156aca32a9
[2021-06-22 08:47:49.280081] Retrieving data for Zet Inu @ https://etherscan.io/token/0xbc130b1cd40c722f54baaa1c92651dd630d73d99
[2021-06-22 08:47:58.285202] Retrieving data for Nabox @ https://etherscan.io/token/0x630bc7dd0abfc2d196289ce09db947dd2cafae7c
[2021-06-22 08:48:08.261167] Retrieving data for Gucci_Inu @ https://etherscan.io/token/0xcdd475d3e64ef21b5dd8b9920143d5b0b19f42c2
[2021-06-22 08:48:17.124590] Retrieving data for MansionCash @ https://etherscan.io/token/0x4a013d18330880167a2507bc7b2a90bd2c912ec7
[2021-06-22 08:48:27.187912] Retrieving data for Vara  Inu @ https://etherscan.io/token/0xb798ab0b48a9fd695e9e3b501ecab7a2fac4a6c2
[2021-06-22 08:48:36.732985] Retrieving data for Be Loaded Finance @ https://etherscan.io/token/0xa1b6fc4f2ab4e41c49e92121dc3a1ebc7549b695
[2021-06-22 08:48:45.697554] Retrieving data for Rolar  Inu @ https://etherscan.io/token/0x31925997851d0516f3d603150b2ee00b41ba899c
[2021-06-22 08:48:54.730924] Retrieving data for Rising Inu @ https://etherscan.io/token/0x23a76287b0a1f96d2409dacd35d1cdc5d90d7b1d
[2021-06-22 08:49:03.630203] Retrieving data for PolkaDoge @ https://etherscan.io/token/0x339a112b5919bcf5311cda0fe176cc69b67008cc
[2021-06-22 08:49:12.615731] Retrieving data for DUMB Token @ https://etherscan.io/token/0xbc2878faa8a634ab92b1e8194cca9a88db52e8df
[2021-06-22 08:49:22.781005] Retrieving data for Ever Rising Inu @ https://etherscan.io/token/0xe0fe35312c8c8a2d5a70bd594ec8e6335f6b45dd
[2021-06-22 08:49:32.277673] Retrieving data for Hishu Inu Finance @ https://etherscan.io/token/0x89c58d698066c84caede98640fcd1ed01d74fe50
[2021-06-22 08:49:41.325447] Retrieving data for EtherDog @ https://etherscan.io/token/0x253d91dd6ea22d0d50220fd84ccba14047e5e644
[2021-06-22 08:49:50.249808] Retrieving data for Konomi Inu @ https://etherscan.io/token/0x1ddc2516f7799710507c09a0df244f94bf04c285
[2021-06-22 08:49:59.166337] Retrieving data for SuperAidi Inu @ https://etherscan.io/token/0x161eeb1463b26dd81f07e94076f2175dd3be052a
[2021-06-22 08:50:07.880197] Retrieving data for Quilboar Coin @ https://etherscan.io/token/0xd5ba1b7a104ac7623463d41fa9f1303c944ba30d
[2021-06-22 08:50:16.757542] Retrieving data for Thunder Finance @ https://etherscan.io/token/0x4519817b4801c39936d4e5b793cf93eeaf5c6936
[2021-06-22 08:50:25.767633] Retrieving data for Wrapped BCH @ https://etherscan.io/token/0xf7b4d113c5da1c99bdb64ca4b538b92cfc52f3dc
[2021-06-22 08:50:34.726257] Retrieving data for EverRiseCoin @ https://etherscan.io/token/0x61548411dfa6e522b7e5b83e1f85291b017312ea
[2021-06-22 08:50:43.581436] Retrieving data for BotzCoin @ https://etherscan.io/token/0x4e58c6d34d1e055e8d3943ffb1fed662d0aa9c10
[2021-06-22 08:50:52.648403] Retrieving data for Ape Finance ð¦ @ https://etherscan.io/token/0xefb0e363fec9e04999a9b8803421d27765258ffd
[2021-06-22 08:51:02.634822] Retrieving data for eHODL @ https://etherscan.io/token/0xcccdb294b52fc00051bf694fc798efee33bc0358
[2021-06-22 08:51:11.662456] Retrieving data for Phoenix Token @ https://etherscan.io/token/0x2c621e8f188fc0fcce5d0307c83e9c4dcfd3c08c
[2021-06-22 08:51:20.600466] Retrieving data for SafeBear @ https://etherscan.io/token/0x281fbb8cf9e988953237ea4db8b9e255f28ac703
[2021-06-22 08:51:29.580867] Retrieving data for Hungry Kitty ð±ð£ @ https://etherscan.io/token/0x3d62c922d586ffdc0e7cd15a46ab8785b15b997d
[2021-06-22 08:51:38.628836] Retrieving data for ForeverUp @ https://etherscan.io/token/0x81afa8aca19d5693883b0b1e10ae1ccaf2f42781
[2021-06-22 08:51:47.669853] Retrieving data for 100x @ https://etherscan.io/token/0x368f1896be0b38d4d56a4e9053a31cf5b7382f0b
[2021-06-22 08:51:56.883097] Retrieving data for DogCatcher @ https://etherscan.io/token/0xa940d2ee07197c4d5687f45b1defe8a9c4d509f1
[2021-06-22 08:52:05.792148] Retrieving data for Fat Cow @ https://etherscan.io/token/0xde4ef1b4826a1310d1a32ff35b94e3cb3e549667
[2021-06-22 08:52:14.706463] Retrieving data for Geisha Token @ https://etherscan.io/token/0x68fc940b9c271e32833c488f91fe81f8f9383ae5
[2021-06-22 08:52:23.588125] Retrieving data for North Korea Token @ https://etherscan.io/token/0x61e2588417a835405105771a585a43bc4a41e782
[2021-06-22 08:52:32.524921] Retrieving data for ForeverUp @ https://etherscan.io/token/0xadd61ba28f0912f51593d7778309445f2abfd1d7
[2021-06-22 08:52:41.567485] Retrieving data for MoonKat @ https://etherscan.io/token/0x8fbf4327e01a18ee0a7dddc019a5c0d0f1ced7a2
[2021-06-22 08:52:51.882320] Retrieving data for Atomic Doge @ https://etherscan.io/token/0x76852855f4545aeaa297485b2c76bacbe9d9fdd0
[2021-06-22 08:53:00.730031] Retrieving data for SHIBAMAX INU @ https://etherscan.io/token/0xa9aa1921537da0138b61331b4b246aacbd9abaa0
[2021-06-22 08:53:09.681427] Retrieving data for Chocolate Shiba t.me/ChocolateShiba @ https://etherscan.io/token/0x7ec095806670a804efb9a771bdb0f1bbf0d950fa
[2021-06-22 08:53:18.710248] Retrieving data for bounty @ https://etherscan.io/token/0x3f031bb99a5f4c78a78c443e01ffc107d0fe4847
[2021-06-22 08:53:27.592222] Retrieving data for ð SUPERSTAR| @ https://etherscan.io/token/0x060a890048dcb6d39f3f30066fab3d874d24ca48
[2021-06-22 08:53:36.547833] Retrieving data for DogstonksPro (dogstonks.com) @ https://etherscan.io/token/0xe7a7ef72466167ff78e08ad76b12ca0c13c496e1
[2021-06-22 08:53:45.663386] Retrieving data for ForeverUpToken @ https://etherscan.io/token/0xcbac698e9b4dcfa1e6c895d7e0d451da2f595135
[2021-06-22 08:53:54.592067] Retrieving data for Shuukyuu Shoujo @ https://etherscan.io/token/0xf42006c90a2cb670694887e473af16154f6858f8
[2021-06-22 08:54:03.639366] Retrieving data for Doge Superhero @ https://etherscan.io/token/0x40428f31a6765a7985786fd0427be366cee691f3
[2021-06-22 08:54:12.562311] Retrieving data for Miko @ https://etherscan.io/token/0xe0ed41628fa610f525a989e847a0099f22bc7681
[2021-06-22 08:54:21.375181] Retrieving data for eDiamondHands @ https://etherscan.io/token/0xa08db18d7c633871477887cf9db77e63bb69cf74
[2021-06-22 08:54:31.028929] Retrieving data for Tom Inu @ https://etherscan.io/token/0x2d0e64b6bf13660a4c0de42a0b88144a7c10991f
[2021-06-22 08:54:40.192312] Retrieving data for Shiba Chocolate | t.me/ShibaChocolate @ https://etherscan.io/token/0x31a4f372aa891b46ba44dc64be1d8947c889e9c6
[2021-06-22 08:54:49.558221] Retrieving data for Conjure @ https://etherscan.io/token/0x00a55375002f3cda400383f479e7cd57bad029a9
[2021-06-22 08:54:58.572580] Retrieving data for Guacamole @ https://etherscan.io/token/0xc66800c00b8e6a5d5d8cfa2b90876dcafa7ea41b
[2021-06-22 08:55:07.514142] Retrieving data for Calendula Finance @ https://etherscan.io/token/0x6bb489c26db43c30ebbccd38b26fc2def943e99f
[2021-06-22 08:55:16.628825] Retrieving data for GivingToServices SVS @ https://etherscan.io/token/0x7ca62545a380e7d71f8f5cfa14b9211002075930
[2021-06-22 08:55:25.743650] Retrieving data for Precharge @ https://etherscan.io/token/0x2925c2a312a4934fd695fab72b1e425cc41978f2
[2021-06-22 08:55:34.788437] Retrieving data for SHIBAIR INU @ https://etherscan.io/token/0x7b4947e6b6095289fc88ef6a2206a1f6941dd231
[2021-06-22 08:55:43.756014] Retrieving data for https://t.me/Diamond_Hand100X @ https://etherscan.io/token/0xcc5a5de1b37a503c7943c8f261fb6b811c53aa81
[2021-06-22 08:55:52.730460] Retrieving data for Dragon Coin @ https://etherscan.io/token/0x58289c502edb49b4a535c464499a342ce3ca3416
[2021-06-22 08:56:01.767109] Retrieving data for Ethereum Wet Ass Pussy @ https://etherscan.io/token/0x9072023239dc70a121b7cb62dfca2a500d1ce559
[2021-06-22 08:56:10.792655] Retrieving data for Thirsty Camel @ https://etherscan.io/token/0xf865dd74167e07dcb1a3b5124f43b935184553cc
[2021-06-22 08:56:19.742357] Retrieving data for SpaceX @ https://etherscan.io/token/0x8976f31100c6381c99a2fac61e6a598f41687955
[2021-06-22 08:56:31.395183] Retrieving data for Raichu @ https://etherscan.io/token/0xda1c18bf25ca69fca7d0d75184d2fc6bd3a14ec8
[2021-06-22 08:56:41.321187] Retrieving data for Scrooge McDuck @ https://etherscan.io/token/0x0b6d6f64bcf965417afe6dbc800b4958ce01fd6b
[2021-06-22 08:56:50.183451] Retrieving data for Shiba Cigarettes @ https://etherscan.io/token/0x4708e59fe1010f4ec27d6a8851edb18bee7f3328
[2021-06-22 08:56:59.102118] Retrieving data for MoonRise @ https://etherscan.io/token/0x5c2d8e1a95acbf838afd0237ec6863fd94940b10
[2021-06-22 08:57:07.855401] Retrieving data for EverMusk @ https://etherscan.io/token/0x2f49e5b77f3ba99e85b87412cdf1bd8ff12a95fc
[2021-06-22 08:57:16.807658] Retrieving data for PUNTU @ https://etherscan.io/token/0xe394b81dd266b14bf781afb000a98ac498fe2e10
[2021-06-22 08:57:27.052777] Retrieving data for Timeless Inu @ https://etherscan.io/token/0x96d5ff2fd959ebe18cb093e5c3873a0b89a397ac
[2021-06-22 08:57:36.449452] Retrieving data for Cyber Shiba Inu (cybershiba.finance) @ https://etherscan.io/token/0x3ae168c6ea1ca3032733cd35a17bf5330da78f78
[2021-06-22 08:57:45.500787] Retrieving data for HungryShibaInu @ https://etherscan.io/token/0xa7d5c2edbccf83259675c3832ab4dfd2363a9ad3
[2021-06-22 08:57:54.504911] Retrieving data for BearTears @ https://etherscan.io/token/0x826eb69cfb247166c63f4fa737c365b0d7c274a6
[2021-06-22 08:58:03.469036] Retrieving data for MusubiFOMO @ https://etherscan.io/token/0xc3596dd4c28e6a792b08c6f657cda5b3936b09cd
[2021-06-22 08:58:12.278790] Retrieving data for Jungle Token @ https://etherscan.io/token/0xbfc7546452c89ce5c5435663d78d1e20d18a8241
[2021-06-22 08:58:21.416355] Retrieving data for Builda Inu @ https://etherscan.io/token/0x9d52dde1b84264fe42faffa58741842e4d6af02e
[2021-06-22 08:58:31.391457] Retrieving data for Musubi @ https://etherscan.io/token/0x8ee04e1e9400d4e2091ff3a46509e246e2f34542
[2021-06-22 08:58:40.341162] Retrieving data for Serium Investing @ https://etherscan.io/token/0xdf21dcbbc4f47982ad628619d0b78d8ff694dd79
[2021-06-22 08:58:49.462628] Retrieving data for Yellow Stone @ https://etherscan.io/token/0x54a68f4d604fcc185acd238572d12a984d9b55b0
[2021-06-22 08:58:58.327184] Retrieving data for Robo Shiba @ https://etherscan.io/token/0x452e2717571395173e2598e5a509a3d55083b592
[2021-06-22 08:59:07.229788] Retrieving data for ShibNinja (t.me/shibninja) @ https://etherscan.io/token/0x836a4265c7b0e73d1caf5e29cad08d8355737589
[2021-06-22 08:59:16.098752] Retrieving data for AurusDeFi @ https://etherscan.io/token/0xa51fc71422a30fa7ffa605b360c3b283501b5bf6
[2021-06-22 08:59:25.704466] Retrieving data for BoringDAO @ https://etherscan.io/token/0xbc19712feb3a26080ebf6f2f7849b417fdd792ca
[2021-06-22 08:59:34.804508] Retrieving data for Switcheo @ https://etherscan.io/token/0xb4371da53140417cbb3362055374b10d97e420bb
[2021-06-22 08:59:43.914949] Retrieving data for Evanesco Network @ https://etherscan.io/token/0xd6caf5bd23cf057f5fccce295dcc50c01c198707
[2021-06-22 08:59:52.764075] Retrieving data for Handshake @ https://etherscan.io/token/0xa771b49064da011df051052848477f18dba1d2ac
[2021-06-22 09:00:01.704192] Retrieving data for FootBall Sport @ https://etherscan.io/token/0xb6b392f419b39bc5d2a9241c057243463a3c2984
[2021-06-22 09:00:12.552671] Retrieving data for SywCoin @ https://etherscan.io/token/0x53f3cb58c45ff3966a14986806f46d8605e3961a
[2021-06-22 09:00:22.972498] Retrieving data for Baby Chihua Token @ https://etherscan.io/token/0x5a337fb3bf5d8d03e954498850b85b338b16dc3f
[2021-06-22 09:00:32.155163] Retrieving data for ButtPoop @ https://etherscan.io/token/0x626076d3677b6909d3d399dca0df4f7c343f121d
[2021-06-22 09:00:41.074577] Retrieving data for Warden @ https://bscscan.com/token/0x0feadcc3824e7f3c12f40e324a60c23ca51627fc
[2021-06-22 09:00:50.148046] Retrieving data for Serbia INU @ https://bscscan.com/token/0x8e24568e341d74247f0d318f070bacb2f8bbc6f7
[2021-06-22 09:00:59.159962] Retrieving data for SHIBA ASS  @ https://bscscan.com/token/0x58ef58947d1533fd93c15d97238171db416a504e
[2021-06-22 09:01:08.062523] Retrieving data for PortsSwap @ https://bscscan.com/token/0x4f9ee9b6e9815e5976ff8833ead80c650c8f960b
[2021-06-22 09:01:17.136883] Retrieving data for Space Bull @ https://bscscan.com/token/0x937cffa1f3370fa4d0fd278aff1674e5d9de2223
[2021-06-22 09:01:26.155297] Retrieving data for Chicken Wing @ https://bscscan.com/token/0x8d93cc11eea5026408bf689552ddb5edc6f6f87e
[2021-06-22 09:01:35.191615] Retrieving data for SONICMOONER @ https://bscscan.com/token/0x7d7d5d13f5a5c7996a152ffb163b276780e3417f
[2021-06-22 09:01:44.127388] Retrieving data for Beagle King @ https://bscscan.com/token/0x5bf7442b860954b1b465b49e6e16f9438e295f38
[2021-06-22 09:01:53.057107] Retrieving data for BOT PUMP @ https://bscscan.com/token/0xfcea56833e9f8ca36e0af1579ae2483cc09a0419
[2021-06-22 09:02:02.079213] Retrieving data for ISAToken @ https://bscscan.com/token/0x1ccc22cc1658ea8581adce07e273c3c92b6065d0
[2021-06-22 09:02:11.023300] Retrieving data for SafeOcean🌊 @ https://bscscan.com/token/0xb4968e739d3b3e9744a079645c452c23bd5d345f
[2021-06-22 09:02:19.881577] Retrieving data for MoonSoon @ https://bscscan.com/token/0xb1a44f1f563cf539825f638bee52939ac5aca99c
[2021-06-22 09:02:28.918140] Retrieving data for Cross Chain Shiba @ https://bscscan.com/token/0x64fc103060ab50d9834aaf61ea87ec40b26c8c5c
[2021-06-22 09:02:37.960607] Retrieving data for Crystal Shard @ https://bscscan.com/token/0x5ca1f36f03d9c7d291ac9a6ffe50ddb6d4dfa7e9
[2021-06-22 09:02:46.988767] Retrieving data for YakimoInu @ https://bscscan.com/token/0x669aee7300dd5b93b10dc092b0a9116c4e1dc413
[2021-06-22 09:02:55.916296] Retrieving data for Fungi.io @ https://bscscan.com/token/0x2e32a70db536ccd175997a2cd0fe8a14854bb011
[2021-06-22 09:03:04.688111] Retrieving data for KING EVERRISE  @ https://bscscan.com/token/0xacb6c8fea9209dd883894d3e4bfa39dfcd5fb9bf
[2021-06-22 09:03:13.675871] Retrieving data for AurataGoldCat @ https://bscscan.com/token/0xedfad0b2f12f502a72401757a9b07c2817b7f8ff
[2021-06-22 09:03:22.664261] Retrieving data for Poker Star @ https://bscscan.com/token/0xce1b97304a3a0659880279df4a867c2588fd4b42
[2021-06-22 09:03:31.591156] Retrieving data for SATOSHIPROTOCOL @ https://bscscan.com/token/0xcd998d3a3f777fa512afca69c20ae4090990b7a8
[2021-06-22 09:03:40.497248] Retrieving data for YAKISOBA @ https://bscscan.com/token/0x7bb2caa3f5c31956a4c94be2f5e84dd181d51620
[2021-06-22 09:03:49.407883] Retrieving data for ShibaElonMars @ https://bscscan.com/token/0x1c3c168ac530821e9640f81d3a1388c11a620715
[2021-06-22 09:03:58.412812] Retrieving data for Moon Lab @ https://bscscan.com/token/0xbc8595942033a5a7fe37ffca7fae5179e399076d
[2021-06-22 09:04:07.393812] Retrieving data for Newdc @ https://bscscan.com/token/0x81e7fd9bd154a91c11b27b660456cb92c31e1965
[2021-06-22 09:04:16.327150] Retrieving data for Ternoa @ https://bscscan.com/token/0xdfdf1c080475e842eb19b4de897bda39bf1be091
[2021-06-22 09:04:25.251566] Retrieving data for FatYoshi @ https://bscscan.com/token/0xe318c42556c59bd092a2293476fe6c2e66c40971
[2021-06-22 09:04:34.116943] Retrieving data for BAXLAR @ https://bscscan.com/token/0xa6110f6ce81392dcf7c6266a0b0246ff11d3cb50
[2021-06-22 09:04:42.874908] Retrieving data for Recycle Block @ https://bscscan.com/token/0x210b445ffdc7edfb2f9b56d162434d804d03d0a7
[2021-06-22 09:04:51.748113] Retrieving data for LockedMoon @ https://bscscan.com/token/0x5af47ccf15c551a0e003fd7481c1c50a85237a60
[2021-06-22 09:05:01.204730] Retrieving data for Sweet Swap @ https://bscscan.com/token/0xc317822a1a83ce5994620c21feaa38fc05fced9b
[2021-06-22 09:05:10.174472] Retrieving data for ZBAKE @ https://bscscan.com/token/0xe8f9b4b7624715841073bc815949314defa0d51e
[2021-06-22 09:05:19.106704] Retrieving data for O3 Swap @ https://bscscan.com/token/0xa37ce3cc69084aa5d8a65055984e82bba6da6977
[2021-06-22 09:05:27.977752] Retrieving data for DogeBread @ https://bscscan.com/token/0x9a9aebf53471159faae2ee318ec0f98afb27c5b4
[2021-06-22 09:05:37.019112] Retrieving data for SafeGame @ https://bscscan.com/token/0x754b9ce5a9ea00106a1a230f1eca2bc361d65c53
[2021-06-22 09:05:45.964330] Retrieving data for EverPro @ https://bscscan.com/token/0x1cc9420aaf14cced056855a006b0d6bb0d925db1
[2021-06-22 09:05:54.944559] Retrieving data for CAKERUN @ https://bscscan.com/token/0x5bd79414b8baef89f87413843e99949d8d23a54f
[2021-06-22 09:06:03.801012] Retrieving data for EverRocket @ https://bscscan.com/token/0x3019d0e8309ac5a9ed61f4f6c57e848d968c7fcf
[2021-06-22 09:06:12.734814] Retrieving data for MoonBaby @ https://bscscan.com/token/0xe946e6e0f06b540f5c1019a0e59dcbf006af6763
[2021-06-22 09:06:21.667313] Retrieving data for DREAMHIGH @ https://bscscan.com/token/0x376f44430ec7100dd1adf5d235e3b2be17af34fe
[2021-06-22 09:06:31.658939] Retrieving data for VILMORA @ https://bscscan.com/token/0x9a7cf49dbccd9f277f2bce4ced75c96bdecb6eef
[2021-06-22 09:06:40.616696] Retrieving data for HoldToRise @ https://bscscan.com/token/0x63fec28fccf1cc72d140be1449d735e5bbf2fc06
[2021-06-22 09:06:49.537974] Retrieving data for Citrin Tech @ https://bscscan.com/token/0xa555bade0d48ec8f3a1e742af5198249cca70444
[2021-06-22 09:06:58.433231] Retrieving data for AquaGoose @ https://bscscan.com/token/0xe52e7fccfe064e7d7075ff9997ee82982b84a89b
[2021-06-22 09:07:07.298746] Retrieving data for SpaceDip @ https://bscscan.com/token/0xf1f8b932bfed09c5782acac06927d0b703d87796
[2021-06-22 09:07:16.473722] Retrieving data for Jackpot Army @ https://bscscan.com/token/0xcd5b18bb97bfd0c67d6b0e5d4f63efba194a791f
[2021-06-22 09:07:25.289720] Retrieving data for SnakeArt Finance @ https://bscscan.com/token/0xbfad062170072af5167cb13ba5140a609eb378a8
[2021-06-22 09:07:34.143400] Retrieving data for Panda Inu @ https://bscscan.com/token/0xf26e7b1e51a30bdffe1b8887738c34b6d78bf40d
[2021-06-22 09:07:43.152408] Retrieving data for Kishu Inu @ https://bscscan.com/token/0x98a2ab68b2b3af4e546d67699c02a20559374a76
[2021-06-22 09:07:52.117341] Retrieving data for SafeMars @ https://bscscan.com/token/0xf097ea72284128f33724557e6f6a2938fe56c046
[2021-06-22 09:08:01.016494] Retrieving data for Counter Strike @ https://bscscan.com/token/0xc731909a65b6cebde4fd0a754cc949a975d22814
[2021-06-22 09:08:09.966178] Retrieving data for Beerus @ https://bscscan.com/token/0x44d38d55260a62e0cfb57277d9bbb61059a3c052
[2021-06-22 09:08:19.064713] Retrieving data for Fin @ https://bscscan.com/token/0xae939991ccab452b00c0e002b776d2a33971be4a
[2021-06-22 09:08:28.132173] Retrieving data for COYOTE @ https://bscscan.com/token/0x76a8135ea557c23a127816bf1fd4106c25cee1a4
[2021-06-22 09:08:37.372432] Retrieving data for SHIBA TIME  @ https://bscscan.com/token/0xb5b44042fc64b5dab87bb8a097152b6314a040a6
[2021-06-22 09:08:46.259030] Retrieving data for Online Game Exchange @ https://bscscan.com/token/0xae103041763f2cd3080ffbfdfee88e1e9a4ac8a8
[2021-06-22 09:08:55.035829] Retrieving data for CANNON @ https://bscscan.com/token/0xa4e9218c774f4e427d8977dcf1effd38f1abf971
[2021-06-22 09:09:03.960582] Retrieving data for Swiss Crypto Fund @ https://bscscan.com/token/0x7c2be9d32115e659a4f07c36390c68728c74d85d
[2021-06-22 09:09:12.951366] Retrieving data for Noodle Swap @ https://bscscan.com/token/0x3a783e5359db375ae5fc0ebee75a366b5fecd363
[2021-06-22 09:09:22.026872] Retrieving data for MinerMoon @ https://bscscan.com/token/0x149caa0e8576b670c5552812e43b43793dcad9d5
[2021-06-22 09:09:31.005620] Retrieving data for SummerCoin @ https://bscscan.com/token/0x92a839457520825db384c9064c07b2f8139a8ac4
[2021-06-22 09:09:39.841170] Retrieving data for BNB Connections @ https://bscscan.com/token/0x7f1c3c069ed6829cd064c907b3c1a19081345661
[2021-06-22 09:09:48.735675] Retrieving data for Safemoan @ https://bscscan.com/token/0x3d8df79d67006a2745895ec510fdb7d207d72a8b
[2021-06-22 09:09:57.732773] Retrieving data for MajinBoo @ https://bscscan.com/token/0x0f04955ab938c704477568ac3e762662b5940505
[2021-06-22 09:10:06.676000] Retrieving data for United Emirate Decentralized Coin @ https://bscscan.com/token/0xf0b6e29c429bbb8e1448340f0776be933805344e
[2021-06-22 09:10:15.496450] Retrieving data for FaceMask Coin @ https://bscscan.com/token/0x18d3ec620928116ff2329dd2f3697e2fd2cf267b
[2021-06-22 09:10:24.436581] Retrieving data for Carbs Token @ https://bscscan.com/token/0x250070051de834623c4c0a9a74329abc3fd9a668
[2021-06-22 09:10:33.292248] Retrieving data for UCL @ https://bscscan.com/token/0xa17b15b7303e623f3744b6cb138143faa4434f39
[2021-06-22 09:10:42.072025] Retrieving data for ALS Token @ https://bscscan.com/token/0xf347fb7636c9d204592e258f7b447c41c49a6811
[2021-06-22 09:10:50.917487] Retrieving data for GiftBear @ https://bscscan.com/token/0xaf2af09db8bf573b531c44c3bf863beeedce83a6
[2021-06-22 09:10:59.861134] Retrieving data for MoonRise @ https://bscscan.com/token/0x7ee7f14427cc41d6db17829eb57dc74a26796b9d
[2021-06-22 09:11:08.662032] Retrieving data for Dracule Mihawk @ https://bscscan.com/token/0x7e3b77442d4bc8e66ec694e9c9c618bec9603f8c
[2021-06-22 09:11:17.664823] Retrieving data for Albatross Finance @ https://bscscan.com/token/0x6fd0b6b5740afc2d39ab3861fbf9741c74dc3f9c
[2021-06-22 09:11:26.649457] Retrieving data for Gold Block @ https://bscscan.com/token/0xca8928a41c788e60581ba1c05ce033c849abc3bf
[2021-06-22 09:11:35.770867] Retrieving data for ChipMunkBSC @ https://bscscan.com/token/0xc68ce983b91b60391385170af3117c4ecea65b4e
[2021-06-22 09:11:44.657225] Retrieving data for EverBoom @ https://bscscan.com/token/0xb082fd9e341ed77bd70a802f7734faf98d325b92
[2021-06-22 09:11:53.697622] Retrieving data for MoonRise @ https://bscscan.com/token/0x9c14abd5bb3b74313feb2f3d1a22a1a10741473d
[2021-06-22 09:12:02.645390] Retrieving data for Sukuna @ https://bscscan.com/token/0x85f00d28889852f4ec2b42f355590dae0db00baf
[2021-06-22 09:12:11.804485] Retrieving data for SunRise @ https://bscscan.com/token/0xfe258ed026a50d755de99d19775494a949309347
[2021-06-22 09:12:20.695374] Retrieving data for Vulcan Token @ https://bscscan.com/token/0xd7f7827507c49235a2a6c13ce07bac75ab183ea8
[2021-06-22 09:12:29.701813] Retrieving data for DOTDOWN @ https://bscscan.com/token/0x69b33396065c56769ba66c9ced1e8d05ffb42c19
[2021-06-22 09:12:38.701092] Retrieving data for LUXURY @ https://bscscan.com/token/0x5dbbffc5ceedc85767f834fe363562667ffe7007
[2021-06-22 09:12:47.551969] Retrieving data for ZIGZAG @ https://bscscan.com/token/0x462fc342f7420835cf259ea9043382c3977d870f
[2021-06-22 09:12:56.445103] Retrieving data for SQUIDPAW @ https://bscscan.com/token/0x221435a065b1f63d67f65a7059a064dc5f1a4936
[2021-06-22 09:13:05.333688] Retrieving data for SoulKing @ https://bscscan.com/token/0x0060a01c3a423f406bd50d556e1fba43ec53341d
[2021-06-22 09:13:14.308849] Retrieving data for CrossWallet @ https://bscscan.com/token/0xb4084b27fc030533121ec36387a6ba24f0737586
[2021-06-22 09:13:23.269132] Retrieving data for CRYPTO MOON SHOTS  @ https://bscscan.com/token/0x92c7a486fefafcf372c1f82f957b9d5cd05e115d
[2021-06-22 09:13:32.304973] Retrieving data for Shikoku Inu @ https://bscscan.com/token/0x06c90989de9f27737381d446437a22940bc802da
[2021-06-22 09:13:41.143966] Retrieving data for Aqua Duck @ https://bscscan.com/token/0xfc9728b9794b8f2634ce65151a162803397238a6
[2021-06-22 09:13:50.066666] Retrieving data for BigTits @ https://bscscan.com/token/0x629321902ec5f8a60edcb9f4265be41d39e43e76
[2021-06-22 09:13:58.981640] Retrieving data for OXgen @ https://bscscan.com/token/0xd502f6059b2698c59a31da866d8bf55b3a348cfc
[2021-06-22 09:14:07.931000] Retrieving data for Atomic @ https://bscscan.com/token/0xca5d1da84b6ce82f092a2164efbe06ede882fd45
[2021-06-22 09:14:17.786219] Retrieving data for Joker @ https://bscscan.com/token/0x81b156eca57f83f66d990a04b7b923ad5dae609a
[2021-06-22 09:14:26.598265] Retrieving data for Nexamoon @ https://bscscan.com/token/0x172326fc3ec05d25f6ffbb554b7362bbc30cfe1a
[2021-06-22 09:14:35.634629] Retrieving data for Baby EverRise @ https://bscscan.com/token/0xd0ae1e0418551a5f77b7f0f754bd7f41f1f0c786
[2021-06-22 09:14:45.540952] Retrieving data for RabbitHouse @ https://bscscan.com/token/0x048692e46ea55c563edebd10b98e32ace8e2d329
[2021-06-22 09:14:54.490985] Retrieving data for PowerBalloon @ https://bscscan.com/token/0xc13eae9c53812f9e59fbb5154263e55b4683cd54
[2021-06-22 09:15:03.368192] Retrieving data for SafeHamster @ https://bscscan.com/token/0xb21b6a4b6239ee48a98434b4a326a902b2bff26d
[2021-06-22 09:15:12.292607] Retrieving data for Star Miner @ https://bscscan.com/token/0x816797078f011715591e31e8bbe7efd034f6aea6
[2021-06-22 09:15:21.198107] output CSV saved ./csv/NewTokens22062021_091521.csv
[2021-06-22 09:15:21.198171] Scrape Job Sleeping For 1
