[2021-06-02 11:56:17.481974] Retrieving data for Cons Inu @ https://etherscan.io/token/0xec03af39131ab3b8509b87b9c9257b2e6651764d
[2021-06-02 11:56:27.306692] Retrieving data for DefureDoge @ https://etherscan.io/token/0x43b11adeba77fc12cc64179332b9d2fb03d535e7
[2021-06-02 11:56:37.673932] Retrieving data for Akita Cookies @ https://etherscan.io/token/0xf0c8ba02ec1d22827c98327e29e14ee7bed1cc0f
[2021-06-02 11:56:47.538770] Retrieving data for American KISHU @ https://etherscan.io/token/0xa85d6c5814d5dba03570ed0bad510e7d33fecd32
[2021-06-02 11:56:57.148011] Retrieving data for Ethereum Mango @ https://etherscan.io/token/0x38f08ad16b123d66aaefd5fb857e97f1e2213997
[2021-06-02 11:57:06.698186] Retrieving data for FIFA Ultimate Token @ https://etherscan.io/token/0x31ecdfa78039ce88135902137de160a535c1d2df
[2021-06-02 11:57:16.689028] Retrieving data for Flux Protocol @ https://etherscan.io/token/0x7645ddfeeceda57e41f92679c4acd83c56a81d14
[2021-06-02 11:57:26.012460] Retrieving data for SMSCodes @ https://etherscan.io/token/0x668f7dfb8c8d716839fa5dbea317d8723ebe6110
[2021-06-02 11:57:35.458854] Retrieving data for Laika Protocol @ https://etherscan.io/token/0x0bffc5692960bb043d3216839bdd6e5e64ff1b4e
[2021-06-02 11:57:45.289059] Retrieving data for Lollipop @ https://etherscan.io/token/0xfb6a7831bd2498accbc9fb97fc1b740752ed9f02
[2021-06-02 11:57:55.208968] Retrieving data for Litecoinmax @ https://etherscan.io/token/0x97825b4adee063b93dff926743f0efd86c648aaa
[2021-06-02 11:58:05.762451] Retrieving data for Ethereum Blue @ https://etherscan.io/token/0x726050cd09070d95e0bff86b64a4b02d4bf670f1
[2021-06-02 11:58:16.122241] Retrieving data for Baichi Inu @ https://etherscan.io/token/0x55f6539c34a09cfeabf6ab664c6eed6a48849af0
[2021-06-02 11:58:25.911752] Retrieving data for RockDoge @ https://etherscan.io/token/0x0620f4dacf224a6d7afd2603b4cb15ed74b786e6
[2021-06-02 11:58:37.623451] Retrieving data for Moji @ https://etherscan.io/token/0x744f742abbdb64e712ff6fb80c1287190354675c
[2021-06-02 11:58:47.691552] Retrieving data for CactusToken @ https://etherscan.io/token/0x5877f64b775b066c7fa655456a8a39a2c27a3f27
[2021-06-02 11:58:57.515260] Retrieving data for EthGold @ https://etherscan.io/token/0x9a8d675b57261c2aab618cc0a73dd75116e0db73
[2021-06-02 11:59:06.521620] Retrieving data for SNP Token @ https://etherscan.io/token/0x795dbf627484f8248d3d6c09c309825c1563e873
[2021-06-02 11:59:15.672447] Retrieving data for xDog Finance @ https://etherscan.io/token/0x6e5f79fbbacbcb8487ee1b110f0255d8b9139c47
[2021-06-02 11:59:24.751015] Retrieving data for eNFT @ https://etherscan.io/token/0x14af7e1692d68462def1e95e98b0801d7b5f20d4
[2021-06-02 11:59:35.168001] Retrieving data for 0x Protocol @ https://etherscan.io/token/0x80b81c6c7278f804e8327d20a18fde170272d3fa
[2021-06-02 11:59:45.252599] Retrieving data for Diamond Inu @ https://etherscan.io/token/0x51953caebba3f3f249f63d8949d8c4d60564b5b5
[2021-06-02 11:59:55.152623] Retrieving data for Keshi Inu @ https://etherscan.io/token/0x0b55bfec20f3c4d01995e956c9c63ff29ba81bf0
[2021-06-02 12:00:04.546176] Retrieving data for Ethereum KOJI @ https://etherscan.io/token/0x64a20352f977898b63dbc893d13dd26be654851a
[2021-06-02 12:00:14.104036] Retrieving data for Ethereum PUMP @ https://etherscan.io/token/0x26eea8b05001cc341e96a4e1f306c8cf9e37a33b
[2021-06-02 12:00:23.308661] Retrieving data for EthanolShiba @ https://etherscan.io/token/0xdada46cd19bf7119863aa9d1041e5c15f23bb9ba
[2021-06-02 12:00:33.114949] Retrieving data for Legless Captain Tsubasa @ https://etherscan.io/token/0xaf44786a03b31309bc53a81164428f5f76f4ef5b
[2021-06-02 12:00:42.763885] Retrieving data for Ethereum Charizard @ https://etherscan.io/token/0x6e42a6748f5ec8b5b22af1ddc67101381be13c3f
[2021-06-02 12:00:51.947776] Retrieving data for Meowth @ https://etherscan.io/token/0x41c2f170f3f1b2c9a66edec1e61069fd67edd413
[2021-06-02 12:01:01.321001] Retrieving data for Ethereum Maxi @ https://etherscan.io/token/0x851bbf02ee2171d7ec1d45c35f33ee6e2985e2d9
[2021-06-02 12:01:11.386337] Retrieving data for Bitcoin Max @ https://etherscan.io/token/0x51bcf4ecf2761e44175d201a20ac7e946e3c4cbd
[2021-06-02 12:01:21.148653] Retrieving data for Spaghettinuð @ https://etherscan.io/token/0xa1fc6d28b2fc00ff0ff93b2da3f2b3c8ae85ad64
[2021-06-02 12:01:30.727497] Retrieving data for Nuggets Swap @ https://etherscan.io/token/0x7532476ad7f174f8115947a341c16c681cf9088a
[2021-06-02 12:01:40.050709] Retrieving data for CyclopDoge @ https://etherscan.io/token/0xe3859fa2628c47bdd410172a6177fe7c7808cc83
[2021-06-02 12:01:50.438289] Retrieving data for Baby Doge Coin @ https://etherscan.io/token/0xc3b8769b3b17924bf0b6117d387063ceca2e35dc
[2021-06-02 12:01:59.678618] Retrieving data for Ethereum Rainchu (raichucoin.com) @ https://etherscan.io/token/0xe0ee657a6cfbee395ac621f3cd3c57b7b36f781f
[2021-06-02 12:02:09.007091] Retrieving data for Ethereum Ultra Max @ https://etherscan.io/token/0xd2c5581ff3e9fb5e4afe11eb2e58af89039cd219
[2021-06-02 12:02:19.516614] Retrieving data for Ethereum String @ https://etherscan.io/token/0x8eb2d5cefe51a319c846e5eb8fad5faa93922f5e
[2021-06-02 12:02:28.868248] Retrieving data for Ethereum Ultra Max @ https://etherscan.io/token/0x3f18f5d87826b249d022e0215fb500f8992e72a6
[2021-06-02 12:02:38.178857] Retrieving data for Ethereum Raichu (raichucoin.com) @ https://etherscan.io/token/0x0c5a7d3244ec293afae46ad5036301fb2a84d00e
[2021-06-02 12:02:47.324949] Retrieving data for ETH Marketplace @ https://etherscan.io/token/0x1307a1fd102526257466599c5d42024dd72b300b
[2021-06-02 12:02:57.209965] Retrieving data for EthereumShiba @ https://etherscan.io/token/0xa475d9e167e9ad9aa4bf7ae4e00bfce3a60d397e
[2021-06-02 12:03:06.392295] Retrieving data for ETH ONE @ https://etherscan.io/token/0x34ee6500e9c309a5845b5e145e17cc76d2a65662
[2021-06-02 12:03:15.694762] Retrieving data for Vinyl @ https://etherscan.io/token/0xc17b6c92bb728259ca2f76c88a4a48ac077587f7
[2021-06-02 12:03:24.909190] Retrieving data for eSafe  https://t.me/EthSafeToken @ https://etherscan.io/token/0xa10deec94ab4cdb8a80ca3bf6037feee221109e4
[2021-06-02 12:03:34.535361] Retrieving data for Moon Inu.finance @ https://etherscan.io/token/0x4ccedc93ec1cd1bebb09cdb7d516cdcabc04774a
[2021-06-02 12:03:43.790442] Retrieving data for WAGMIï¸ @ https://etherscan.io/token/0x23e5f6c2f6753842518a65462762cb6d50f85280
[2021-06-02 12:03:55.296310] Retrieving data for Shiba Cookies @ https://etherscan.io/token/0xb7f3251f52b6624bfdc55a3be05a5e9eeb55ed4c
[2021-06-02 12:04:05.254954] Retrieving data for Cavapoo @ https://etherscan.io/token/0x456d8f0d25a4e787ee60c401f8b963a465148f70
[2021-06-02 12:04:15.321980] Retrieving data for xTesla Finance @ https://etherscan.io/token/0x8afd4ce7633985e93a1d0def08dc81b9bc66fcaf
[2021-06-02 12:04:24.702960] Retrieving data for mrshiba.finance @ https://etherscan.io/token/0xbbafafa5c32c6d0513ffb899d6509fd93b2e992f
[2021-06-02 12:04:36.279490] Retrieving data for Karate Inu @ https://etherscan.io/token/0x97ce409302fdddda282741a0f0cafdd1cabd7f8c
[2021-06-02 12:04:46.787732] Retrieving data for EthBOMB @ https://etherscan.io/token/0x0285e641ed4f34e70b9eb61dbd4e465c5767581b
[2021-06-02 12:04:56.368783] Retrieving data for www.superinu.finance @ https://etherscan.io/token/0x8e2b11b6d3c03b6c9a9de498ca8f14ca8a314a46
[2021-06-02 12:05:05.992922] Retrieving data for UnSafeMoon @ https://etherscan.io/token/0x8a1b3a817877137ba9462459cc6e4b6af8879f14
[2021-06-02 12:05:15.240773] Retrieving data for Ethereum Space @ https://etherscan.io/token/0x0cc18c8c6f9072a7419ef6b80c79ca97540c14d7
[2021-06-02 12:05:25.750217] Retrieving data for HODL inu @ https://etherscan.io/token/0x95eb3c651b8212362a7c1dccc9e0e0240eba9471
[2021-06-02 12:05:36.506775] Retrieving data for Ethereum Dragon @ https://etherscan.io/token/0x46eef6df28e501799f2c12eb44f49dc2f1d09049
[2021-06-02 12:05:46.333958] Retrieving data for Star Foxx @ https://etherscan.io/token/0x31d457e7bcff5bc9a5ef86e6a5ea1db5b5c3bfb0
[2021-06-02 12:05:56.155330] Retrieving data for Rich Doge @ https://etherscan.io/token/0x582d66c6d81ee943566f41895475f47f7ccf9f90
[2021-06-02 12:06:06.571020] Retrieving data for Koji @ https://etherscan.io/token/0x1c8266a4369af6d80df2659ba47b3c98f35cb8be
[2021-06-02 12:06:17.095369] Retrieving data for EtherChibi @ https://etherscan.io/token/0xa84308c5d8522342e5fa86db98609dd08bf71f12
[2021-06-02 12:06:27.772774] Retrieving data for Nyan Kanna @ https://etherscan.io/token/0x5ba5eb6c55028adceb7f82d8dd50fc3f37305db7
[2021-06-02 12:06:36.991967] Retrieving data for EthElon | t.me/EthElonToken @ https://etherscan.io/token/0xa47861219642c8214d4f5f21cf9891f238ca07cb
[2021-06-02 12:06:48.215921] Retrieving data for eMooncat @ https://etherscan.io/token/0xea752e880490d1fccaf7b392693e1dc6d64696d8
[2021-06-02 12:06:58.751830] Retrieving data for Chibi Inu @ https://etherscan.io/token/0x9fc77d85d1facb95a60fa2950ac612640f07e2ec
[2021-06-02 12:07:08.048267] Retrieving data for Toromi Inu @ https://etherscan.io/token/0x9d0e32d6c58d0c01f00e15bd7b3006193d95de60
[2021-06-02 12:07:18.150635] Retrieving data for Ethereum West Always @ https://etherscan.io/token/0x6879fbe037be059abe26a381202a9f30b6411481
[2021-06-02 12:07:28.039392] Retrieving data for Ethereum Rocket @ https://etherscan.io/token/0x0e0d5f125543fdbc3870ac44108bcb82f5edff1d
[2021-06-02 12:07:36.981544] Retrieving data for SMILE DOGE @ https://etherscan.io/token/0x1f051d2fd265899b8dece589b20f0cb0a5ab509d
[2021-06-02 12:07:46.434023] Retrieving data for TheBridge @ https://etherscan.io/token/0x391612e67b0252e0d1e1460501b41545931faef9
[2021-06-02 12:07:55.516816] Retrieving data for Carbon GEMS @ https://etherscan.io/token/0xe74ac81b14021d0cfb835f269f48f25918c5cae6
[2021-06-02 12:08:04.766095] Retrieving data for E2P Group @ https://etherscan.io/token/0xa0b84460a1e78339692c7463009c35f0b9a6ae4c
[2021-06-02 12:08:14.131506] Retrieving data for Jejudoge @ https://etherscan.io/token/0x939a7a577d93ad29b64c1595b1284ce660a479b9
[2021-06-02 12:08:24.620518] Retrieving data for Ethereum Ethereum @ https://etherscan.io/token/0xefbf37c00619ad3a8b2f15512d0e8cdf41645760
[2021-06-02 12:08:37.960875] Retrieving data for safebooty.xyz ð @ https://etherscan.io/token/0x83b15b3bd4f092483c9194815fba63829b28b910
[2021-06-02 12:08:47.079654] Retrieving data for PleaseSER @ https://etherscan.io/token/0x1cb3d0c72a5db2b63ce53ab858b9c3712551f819
[2021-06-02 12:08:56.120132] Retrieving data for EthereumInfitnity @ https://etherscan.io/token/0x11306ee42d6b03af8602d15edcc58113ecadbfdc
[2021-06-02 12:09:06.147931] Retrieving data for White Kishu Inu @ https://etherscan.io/token/0x0d7903b7e66592462748622902431d4880d92113
[2021-06-02 12:09:15.208946] Retrieving data for DUMP INU @ https://etherscan.io/token/0xe4f073777e0b1a8796b17b430ca9e2c35b2b6209
[2021-06-02 12:09:24.403238] Retrieving data for Fat Cat @ https://etherscan.io/token/0xdf71773d76a482540e7f55478673d10dc637b632
[2021-06-02 12:09:33.899618] Retrieving data for Ethereum Summer @ https://etherscan.io/token/0xb762c499f17bc62d06065d941deea5006fe413f9
[2021-06-02 12:09:43.209832] Retrieving data for Golfrochain @ https://etherscan.io/token/0x996652b6c5c4b1154b25515db21b7bbadd40ddfa
[2021-06-02 12:09:53.538252] Retrieving data for GENEBANK Token @ https://etherscan.io/token/0x7aa46a51f717404d944051af3075bbcb49b2288b
[2021-06-02 12:10:03.844182] Retrieving data for Ethereum Gaming @ https://etherscan.io/token/0x9c7450d8a16368dc737cf74f77c723c1784d9896
[2021-06-02 12:10:13.976463] Retrieving data for Dog Supreme @ https://etherscan.io/token/0x5070ee45977daecff0c0bf4daec5a8b9f2c11b83
[2021-06-02 12:10:24.739817] Retrieving data for EthereumReborn @ https://etherscan.io/token/0x0c6bf92d7cd2ca5351f326996c012e8e5bf5f0ad
[2021-06-02 12:10:34.599900] Retrieving data for eMooncat @ https://etherscan.io/token/0xd01beb277d309a1e4a068688a02331f8d60da21b
[2021-06-02 12:10:44.903230] Retrieving data for Pink Panda @ https://etherscan.io/token/0x670994cd351017bf99b745ae44d16d0020666828
[2021-06-02 12:10:54.187811] Retrieving data for DeFiCity @ https://etherscan.io/token/0x4437b2d5f2e6ff915a050c9e28f27c0210938600
[2021-06-02 12:11:04.632281] Retrieving data for Degen Neko Inu @ https://etherscan.io/token/0xbec82eebe0474d71519046bb073c95bb4c0ebca1
[2021-06-02 12:11:13.877735] Retrieving data for Ethereum Summer @ https://etherscan.io/token/0x2861ffb4be0a1ece61ae2433f0a8018402208aea
[2021-06-02 12:11:24.401440] Retrieving data for Ethereum Season @ https://etherscan.io/token/0x2fb9d25b205901fa6c8d891159e40bf1acb49f9a
[2021-06-02 12:11:34.302239] Retrieving data for Fair Ethereum @ https://etherscan.io/token/0x9892274b260f528b83d86383fee0e3a515692925
[2021-06-02 12:11:43.732642] Retrieving data for Dogecoin Max @ https://etherscan.io/token/0x1e656cf57fa69c1e82cd7b60fab827e691d9599d
[2021-06-02 12:11:54.610680] Retrieving data for FOMO SHIBA @ https://etherscan.io/token/0x058ed83e1f880c2bc6b3fbcfa6f4e0339667aa00
[2021-06-02 12:12:04.198006] Retrieving data for Moon Hokkaidu @ https://etherscan.io/token/0x325f48d9490cbf290cce9f6420997916312df908
[2021-06-02 12:12:13.376334] Retrieving data for Hoshiko Inu @ https://etherscan.io/token/0xd494131825b10a4090433bfb9847e9b6f5b58eb4
[2021-06-02 12:12:23.259814] Retrieving data for coffeecatfinance @ https://etherscan.io/token/0xc44b9b94883d6f2559575860a7c63607c4059fb3
[2021-06-02 12:12:32.917106] Retrieving data for Anti-Shiba Inu @ https://etherscan.io/token/0x56e9c80741ce7c148fc7cf040a918df51f26ec02
[2021-06-02 12:12:42.487116] Retrieving data for SantaSocks @ https://bscscan.com/token/0xf48f267eef997f987b6d7074cb44e907d898459a
[2021-06-02 12:12:55.174464] Retrieving data for KenzoInu @ https://bscscan.com/token/0x7e9ca6e0e1b8eafc791d698bf3526c5fa61270a0
[2021-06-02 12:13:04.898200] Retrieving data for Sky @ https://bscscan.com/token/0x6de48c7f9fb1fbd867c5bda9681cfac0791934c0
[2021-06-02 12:13:15.484814] Retrieving data for HRDcoin @ https://bscscan.com/token/0xfd0467f4a50ecf6f9fa0211c5d6a82fcda329914
[2021-06-02 12:13:24.655303] Retrieving data for ADA MOON 🌙 @ https://bscscan.com/token/0xf41200081b4081a23945ad9cd185b4f4460571ab
[2021-06-02 12:13:35.167205] Retrieving data for Baddies @ https://bscscan.com/token/0xbc1f9f9a606180db9191d6237a4b6ba262e3a0e8
[2021-06-02 12:13:46.229433] Retrieving data for PI Network @ https://bscscan.com/token/0x9342f723775f9ebace6bec2a00e2a0403f7d8663
[2021-06-02 12:13:55.604579] Retrieving data for banana.finance @ https://bscscan.com/token/0x8f34f12a9363c57d1438430461f661d6120116e9
[2021-06-02 12:14:06.174841] Retrieving data for Online Game Transfer @ https://bscscan.com/token/0x61cc69e0a41ba191be394c8f16f840a4f3bf7116
[2021-06-02 12:14:15.577729] Retrieving data for FreePalestine @ https://bscscan.com/token/0x1c6252c8946f2bd773fb3571a65459579e1ac10c
[2021-06-02 12:14:25.073553] Retrieving data for GigaChad @ https://bscscan.com/token/0x1a204d61102ea5d60af02ef59b7433fa0038642b
[2021-06-02 12:14:34.140055] Retrieving data for Greatest of All Time @ https://bscscan.com/token/0x1936b416cd516b08f61d347034d8fa7e21d13fe9
[2021-06-02 12:14:43.969696] Retrieving data for Zabaku Inu Coin @ https://bscscan.com/token/0x006c53bb2cea71b14af6e087fa66e630dbaa4ee9
[2021-06-02 12:14:53.755198] Retrieving data for Animal Token @ https://bscscan.com/token/0xf9538bfbc5590bdcffbed2f741923efa9bb552d9
[2021-06-02 12:15:02.935364] Retrieving data for PuppyCorgi @ https://bscscan.com/token/0xd65758392ddc244a06e113655323b72581f21135
[2021-06-02 12:15:12.032908] Retrieving data for Salvation.Finance @ https://bscscan.com/token/0x8fd95df18d6c39088e8ec03208a3fe27d5fccd83
[2021-06-02 12:15:21.079591] Retrieving data for Piggy Bank NFT @ https://bscscan.com/token/0x7ae99d32fa33d86667813ee6fc438876c58e421b
[2021-06-02 12:15:30.344396] Retrieving data for MOONBALL @ https://bscscan.com/token/0x10d6e078874534ec6ba036d5ff843c263196ecd9
[2021-06-02 12:15:39.473158] Retrieving data for QuickCash @ https://bscscan.com/token/0x0b66efdfd77c5e307216a693c163f45fe5b34c5f
[2021-06-02 12:15:50.987296] Retrieving data for ChibiRat @ https://bscscan.com/token/0x8f99bcf248ac87e30d8d558bed648544bae4a5bf
[2021-06-02 12:16:01.727086] Retrieving data for Moon Shell @ https://bscscan.com/token/0x2142c3cb6806dedd5a6c56bb5aa7accfcb5294f6
[2021-06-02 12:16:11.169741] Retrieving data for Fortune Gold @ https://bscscan.com/token/0xfd95058594f0fd77a9bc071dc4fb83e0215826cc
[2021-06-02 12:16:21.681912] Retrieving data for Binance Ecosystem Value @ https://bscscan.com/token/0xc7dac962c166a26038ec4bc5d0e2a3fe0ff3ce58
[2021-06-02 12:16:30.886690] Retrieving data for Starship @ https://bscscan.com/token/0x195780e6c3b7f8cbefa82340df1ab495c01de07d
[2021-06-02 12:16:40.356474] Retrieving data for Shiba Inu Cash @ https://bscscan.com/token/0xad066cef35cbafee0acd524972da8aa479759fa2
[2021-06-02 12:16:50.671522] Retrieving data for Real Madrid Fans Token @ https://bscscan.com/token/0x49a0f057a67114ca8932e1df482a7dfedaf112a5
[2021-06-02 12:17:00.307237] Retrieving data for Shiba Launch Coin @ https://bscscan.com/token/0x3c103a56dcb76c8574df12fd5f8f291f24431e9c
[2021-06-02 12:17:09.348706] Retrieving data for BestNFT @ https://bscscan.com/token/0xdf370360c12c81e78179ff8f1c543b738d007dc0
[2021-06-02 12:17:18.370486] Retrieving data for Lordgaben @ https://bscscan.com/token/0xb563b4c26dfa1db597506ea0fbd3957c663c9311
[2021-06-02 12:17:27.390898] Retrieving data for 1000xMOON @ https://bscscan.com/token/0xafcb082d8b24952579d2c7737bfe345007cee94f
[2021-06-02 12:17:36.434395] Retrieving data for Longdrink Finance @ https://bscscan.com/token/0x5317fa16f8603be9c461def5d5a1bf28dfe42d55
[2021-06-02 12:17:46.161964] Retrieving data for DiscoShiba @ https://bscscan.com/token/0x305a202bbf14769316a017c3b3020bafe1c854ed
[2021-06-02 12:17:55.809510] Retrieving data for StellarSwip @ https://bscscan.com/token/0x1ee53ded7c6b17620e59f4de84640e01ecf94bbb
[2021-06-02 12:18:07.201078] Retrieving data for CONAN FANS TOKEN @ https://bscscan.com/token/0xf17d49fbb16064a2504bd9550e5e938b1a49971b
[2021-06-02 12:18:16.765686] Retrieving data for NFT DIRECT TOKEN @ https://bscscan.com/token/0xa999d6725531eeac218059db383198a9134f9582
[2021-06-02 12:18:25.790582] Retrieving data for Iron Doge @ https://bscscan.com/token/0x058eaf4dd2e37a78f83907cd4f979dc4490bba2c
[2021-06-02 12:18:35.014632] Retrieving data for SMSCodes Coin @ https://bscscan.com/token/0x8cb0d15ce441c2ecc01c66414078f125b557b438
[2021-06-02 12:18:44.065625] Retrieving data for Star Foxx @ https://bscscan.com/token/0x5717cdb81ed9a3ca526f1b3dc3407ce0acc18645
[2021-06-02 12:18:53.070134] Retrieving data for BarneyFinance @ https://bscscan.com/token/0xbb6915ccb32e22b465c419a4683b1b91bb6c28fe
[2021-06-02 12:19:03.593209] Retrieving data for BOSS TOKEN @ https://bscscan.com/token/0xaf104a1452999d1b27c625b30c838199062fb428
[2021-06-02 12:19:12.888246] Retrieving data for HappySheep @ https://bscscan.com/token/0x8e1d9961340e418466f9e4d2f1d7f69711638867
[2021-06-02 12:19:21.998005] Retrieving data for MoonAss @ https://bscscan.com/token/0x6b244b0069a9ef1024880a0ae80ecee379624e4f
[2021-06-02 12:19:30.920751] Retrieving data for Diamond Token @ https://bscscan.com/token/0x5a409ca910deff970c0e93a7936d8f5deae76482
[2021-06-02 12:19:39.717372] Retrieving data for SpitzMoon @ https://bscscan.com/token/0x574674bc20db4f23662052749dd57463d83ac5bd
[2021-06-02 12:19:49.282389] Retrieving data for moonAMP @ https://bscscan.com/token/0x4c512c241068f1d1690eebbbf52289666bfc6f5c
[2021-06-02 12:19:58.911119] Retrieving data for Oxtrust @ https://bscscan.com/token/0xa6fe2ec2c653aa81e7d5f79b79bbd6c00c32fe73
[2021-06-02 12:20:08.093004] Retrieving data for Launch Kids @ https://bscscan.com/token/0x6cab5dde5f839ee0d469eb925e72821c6aca5cd6
[2021-06-02 12:20:17.763042] Retrieving data for GRAPE JUICE BSC @ https://bscscan.com/token/0x33aaa757aa67237f06fde00465eefada30ee97bf
[2021-06-02 12:20:26.914110] Retrieving data for FIRE🔥 @ https://bscscan.com/token/0xbd2166ff741e8b4d80d0baaa59f106f7f3beefbe
[2021-06-02 12:20:35.776292] Retrieving data for JBS FOOD @ https://bscscan.com/token/0x228e2faa69fac6532f13aa4febf3bad926b78fbb
[2021-06-02 12:20:45.413449] Retrieving data for Ghostface Finance @ https://bscscan.com/token/0x20f2fa12f5d8f9b240d21ca0cf35b1c94b941785
[2021-06-02 12:20:55.533529] Retrieving data for ChibiCat @ https://bscscan.com/token/0x1a80cffaf6ec02d17a9ffd669338cd65f326d2a3
[2021-06-02 12:21:04.891911] Retrieving data for Socially Ostracized 1980 @ https://bscscan.com/token/0xc661155587eb3d32d47062ae2d2583691bfe2672
[2021-06-02 12:21:14.105494] Retrieving data for CrossProtocol @ https://bscscan.com/token/0x7e1d4ada3c220a1ce003d1f1f003b418e6daff1c
[2021-06-02 12:21:23.354172] Retrieving data for Moon Iron @ https://bscscan.com/token/0x785a15675368410eaa1405087b869ea915f96b83
[2021-06-02 12:21:32.326922] Retrieving data for MOONBITE @ https://bscscan.com/token/0x5bf9ee1b168356f53289a43db6cbf7b9f6472c63
[2021-06-02 12:21:41.487723] Retrieving data for Shochu Inu @ https://bscscan.com/token/0xb3a2b1bf975ccbe4d81dc1cc1576b05ae2bfd5e7
[2021-06-02 12:21:53.952470] Retrieving data for BSC MOON @ https://bscscan.com/token/0xa4a67604a315a2e1bc06c9f6dba6423024140311
[2021-06-02 12:22:03.715210] Retrieving data for Wrapped Dai @ https://bscscan.com/token/0xa20be0b824b963bc7d11d124cdefa0bc7ce85533
[2021-06-02 12:22:13.089512] Retrieving data for GeekHoldings @ https://bscscan.com/token/0x9fbbcaa3162c74b24751f7c4b9cfb4af0811a622
[2021-06-02 12:22:22.658722] Retrieving data for CuteShiba @ https://bscscan.com/token/0x90542d6a1f3816499b82b4344be3a32beb420f1a
[2021-06-02 12:22:32.627108] Retrieving data for Super Dad Coin @ https://bscscan.com/token/0x493151eb6ab2cd03ffc8876848c988439219c07e
[2021-06-02 12:22:41.532079] Retrieving data for USD SMART @ https://bscscan.com/token/0x303de4bdb189b951f875eb4a8ecde2985138161e
[2021-06-02 12:22:58.332538] Retrieving data for Saiyan Inu @ https://bscscan.com/token/0x127cf9704ddfcf0e9ec1dc20f11877731d18ac34
[2021-06-02 12:23:07.690363] Retrieving data for Super Mom Coin @ https://bscscan.com/token/0xdb271f02baba2f86c1212620386a6ef7c80f6cd5
[2021-06-02 12:23:17.319689] Retrieving data for Uber Finance @ https://bscscan.com/token/0xceec5ae50ab6f3b6d451b67cc0df6c99e065fce2
[2021-06-02 12:23:27.272242] Retrieving data for Piggy Bank Token @ https://bscscan.com/token/0x6bde2bf4cc75e5989348b0cbfe244f571bed22da
[2021-06-02 12:23:36.326972] Retrieving data for ONLYGIRLS @ https://bscscan.com/token/0xea1d15cee0b1f86298d72e92f82065845a27889d
[2021-06-02 12:23:45.740497] Retrieving data for RAPTORMOON @ https://bscscan.com/token/0x9aaab97c50424de907ce952b80fc98073773f628
[2021-06-02 12:23:56.019804] Retrieving data for Laddering @ https://bscscan.com/token/0x423eea9e745c7152a12df3b947ab5e12bfc25664
[2021-06-02 12:24:05.394371] Retrieving data for CoinLegacy @ https://bscscan.com/token/0x2ecd1f339c1a73d5d66252433d1d3732c2ff02da
[2021-06-02 12:24:14.524478] Retrieving data for Tesla Coin @ https://bscscan.com/token/0x0efe021c8bc8d7a022dace579fb06833c8bf6164
[2021-06-02 12:24:23.895897] Retrieving data for Dragonite @ https://bscscan.com/token/0xf0a9144636cb1ced5a578c4439b5872326a3bc12
[2021-06-02 12:24:34.416950] Retrieving data for Atomic Donut @ https://bscscan.com/token/0xd5c4c6784016d3b52903e728e758be6c6757c46d
[2021-06-02 12:24:43.395418] Retrieving data for BabyInu @ https://bscscan.com/token/0x93445d28974a6258933b292a6a22368dbea085a6
[2021-06-02 12:24:54.305137] Retrieving data for SpaceSheep @ https://bscscan.com/token/0x80eb88890ccd7878474858d6fe85285e89ab08cf
[2021-06-02 12:25:04.684927] Retrieving data for Alphabet @ https://bscscan.com/token/0xf0bbc810428531ab04d2871c2acf311c7ece10c1
[2021-06-02 12:25:13.904996] Retrieving data for BlackClover @ https://bscscan.com/token/0x2a6deb9a2364d8bbb5b122882fe0095eead12185
[2021-06-02 12:25:24.327939] Retrieving data for wRipple @ https://bscscan.com/token/0xbbc9fa4b395fee68465c2cd4a88cde267a34ed2a
[2021-06-02 12:25:34.343635] Retrieving data for PI NETWORK @ https://bscscan.com/token/0xa2cf2bcdd5365ccdb85e324b4be54b9bbd588197
[2021-06-02 12:25:43.669835] Retrieving data for SmartMinds @ https://bscscan.com/token/0x9dadf5cce94ae1deb3db329f2bf44d3301b0619e
[2021-06-02 12:25:53.607710] Retrieving data for Fuzzy Inu @ https://bscscan.com/token/0x396a432e343ac7692262f3acea5eb85d9db51a50
[2021-06-02 12:26:03.233482] Retrieving data for SHAGGY TOKEN @ https://bscscan.com/token/0x33a669a350807552a005845c13a37662facb041b
[2021-06-02 12:26:13.314994] Retrieving data for Pitbull @ https://bscscan.com/token/0x2cbefe83a2566039750a2b99ea842913025bf9e1
[2021-06-02 12:26:22.809095] Retrieving data for VANCAT Egg Token @ https://bscscan.com/token/0x1ff2a2c2deadb17b6ba9949393d1406f4c61bfc9
[2021-06-02 12:26:32.399644] Retrieving data for ShibaRabbit Token @ https://bscscan.com/token/0x986dff19626c1d1275101df488a9db93fc5b0f4b
[2021-06-02 12:26:41.451776] Retrieving data for Pi Network @ https://bscscan.com/token/0xd9e9d91be688aba051aa6cb8562d3f1948cd5a0e
[2021-06-02 12:26:50.957400] Retrieving data for GENEBANK Token @ https://bscscan.com/token/0xaf47e86c83c0e2efacd2a29301cd39e87ef3ceb3
[2021-06-02 12:27:00.486984] Retrieving data for banana.finance @ https://bscscan.com/token/0xa9451ad2d15f38c69ef95042ed0b5bec0dfaffab
[2021-06-02 12:27:09.772262] Retrieving data for Casino @ https://bscscan.com/token/0x9932512ad84d301b742d8db6e308ef7c0f63e691
[2021-06-02 12:27:19.274177] Retrieving data for Shibuya Inu @ https://bscscan.com/token/0x8afd724dc847ebf2f2ad14d9e5fd9687f4d5387d
[2021-06-02 12:27:28.587856] Retrieving data for Shiba-Tzu @ https://bscscan.com/token/0xd156f464a0f6ddaef6c157fb71168dd5cd16c587
[2021-06-02 12:27:37.736758] Retrieving data for PARTYCOIN @ https://bscscan.com/token/0x6c0ec48fcd70c6012553beedebd784466dc18862
[2021-06-02 12:27:47.006796] Retrieving data for MADALICE @ https://bscscan.com/token/0x3d333097e2107b7ac4cc8bfe3013382663dc85a9
[2021-06-02 12:27:56.782594] Retrieving data for SWASS Finance @ https://bscscan.com/token/0xeacdade8df44d26baed4612bf9eff9348ffe37fd
[2021-06-02 12:28:06.195807] Retrieving data for ShibaCash @ https://bscscan.com/token/0xe1e89a79e784ef9fea3aa45cbcd16d92106ff85a
[2021-06-02 12:28:15.499524] Retrieving data for DOGERAIN @ https://bscscan.com/token/0xa42916789e71eab308c60a6d41a1f9423e1e2a00
[2021-06-02 12:28:24.551321] Retrieving data for KingCorgi @ https://bscscan.com/token/0x9c948e42ffa835a6d162dd058f1c7f10539cd6bc
[2021-06-02 12:28:33.687096] Retrieving data for Doraemoon @ https://bscscan.com/token/0x91e0ed048f433308343fcbcd497cb5a0925855f2
[2021-06-02 12:28:43.863721] Retrieving data for Shilling Token @ https://bscscan.com/token/0x643b6ef6306417a0b3fa2813eb5baf30f5dd8736
[2021-06-02 12:28:54.047406] output CSV saved ./csv/NewTokens02062021_122854.csv
[2021-06-02 12:28:54.047556] Scrape Job Sleeping For 1
