[2021-06-21 17:43:17.376677] Retrieving data for Vibrator @ https://etherscan.io/token/0xd74d945790509015e9b129cf16342ca4494fcc28
[2021-06-21 17:43:27.006405] Retrieving data for Sion @ https://etherscan.io/token/0xe8d1efd0c95011298e9a30143a0182c06b45ff5d
[2021-06-21 17:43:36.208309] Retrieving data for BZZ @ https://etherscan.io/token/0x19062190b1925b5b6689d7073fdfc8c2976ef8cb
[2021-06-21 17:43:45.166772] Retrieving data for ROSA @ https://etherscan.io/token/0x17d1823bd5e96e76e822ab42b61d348302e072d5
[2021-06-21 17:43:54.111826] Retrieving data for AKB48_Finance @ https://etherscan.io/token/0x7d8a133b3fdda2bdc340b6402943110dae3f299e
[2021-06-21 17:44:02.844047] Retrieving data for Official Mars Token @ https://etherscan.io/token/0x4e30910845f0cb4f66781b35c832eafc09774022
[2021-06-21 17:44:12.358462] Retrieving data for ePlatinum @ https://etherscan.io/token/0x57b3140f522a3ef2f98c046f78e0d03075908591
[2021-06-21 17:44:24.410504] Retrieving data for Football Inu @ https://etherscan.io/token/0x48a3d9510f7c2aa61a285ccb4eaa5ba072692468
[2021-06-21 17:44:33.597645] Retrieving data for Cookie Inu @ https://etherscan.io/token/0x22709596fc3c3f3ad865b5a52f66af156aca32a9
[2021-06-21 17:44:43.338097] Retrieving data for Zet Inu @ https://etherscan.io/token/0xbc130b1cd40c722f54baaa1c92651dd630d73d99
[2021-06-21 17:44:52.316344] Retrieving data for Nabox @ https://etherscan.io/token/0x630bc7dd0abfc2d196289ce09db947dd2cafae7c
[2021-06-21 17:45:02.049105] Retrieving data for Gucci_Inu @ https://etherscan.io/token/0xcdd475d3e64ef21b5dd8b9920143d5b0b19f42c2
[2021-06-21 17:45:11.695723] Retrieving data for MansionCash @ https://etherscan.io/token/0x4a013d18330880167a2507bc7b2a90bd2c912ec7
[2021-06-21 17:45:20.802631] Retrieving data for Vara  Inu @ https://etherscan.io/token/0xb798ab0b48a9fd695e9e3b501ecab7a2fac4a6c2
[2021-06-21 17:45:29.754398] Retrieving data for Be Loaded Finance @ https://etherscan.io/token/0xa1b6fc4f2ab4e41c49e92121dc3a1ebc7549b695
[2021-06-21 17:45:38.825525] Retrieving data for Rolar  Inu @ https://etherscan.io/token/0x31925997851d0516f3d603150b2ee00b41ba899c
[2021-06-21 17:45:47.878759] Retrieving data for Rising Inu @ https://etherscan.io/token/0x23a76287b0a1f96d2409dacd35d1cdc5d90d7b1d
[2021-06-21 17:45:57.063586] Retrieving data for PolkaDoge @ https://etherscan.io/token/0x339a112b5919bcf5311cda0fe176cc69b67008cc
[2021-06-21 17:46:06.180461] Retrieving data for DUMB Token @ https://etherscan.io/token/0xbc2878faa8a634ab92b1e8194cca9a88db52e8df
[2021-06-21 17:46:15.147614] Retrieving data for Ever Rising Inu @ https://etherscan.io/token/0xe0fe35312c8c8a2d5a70bd594ec8e6335f6b45dd
[2021-06-21 17:46:25.472898] Retrieving data for Hishu Inu Finance @ https://etherscan.io/token/0x89c58d698066c84caede98640fcd1ed01d74fe50
[2021-06-21 17:46:34.387002] Retrieving data for EtherDog @ https://etherscan.io/token/0x253d91dd6ea22d0d50220fd84ccba14047e5e644
[2021-06-21 17:46:44.493353] Retrieving data for Konomi Inu @ https://etherscan.io/token/0x1ddc2516f7799710507c09a0df244f94bf04c285
[2021-06-21 17:46:54.609078] Retrieving data for SuperAidi Inu @ https://etherscan.io/token/0x161eeb1463b26dd81f07e94076f2175dd3be052a
[2021-06-21 17:47:03.653901] Retrieving data for Quilboar Coin @ https://etherscan.io/token/0xd5ba1b7a104ac7623463d41fa9f1303c944ba30d
[2021-06-21 17:47:12.582971] Retrieving data for Thunder Finance @ https://etherscan.io/token/0x4519817b4801c39936d4e5b793cf93eeaf5c6936
[2021-06-21 17:47:22.088650] Retrieving data for Wrapped BCH @ https://etherscan.io/token/0xf7b4d113c5da1c99bdb64ca4b538b92cfc52f3dc
[2021-06-21 17:47:32.436193] Retrieving data for EverRiseCoin @ https://etherscan.io/token/0x61548411dfa6e522b7e5b83e1f85291b017312ea
[2021-06-21 17:47:41.333212] Retrieving data for BotzCoin @ https://etherscan.io/token/0x4e58c6d34d1e055e8d3943ffb1fed662d0aa9c10
[2021-06-21 17:47:50.298363] Retrieving data for Ape Finance ð¦ @ https://etherscan.io/token/0xefb0e363fec9e04999a9b8803421d27765258ffd
[2021-06-21 17:47:59.494302] Retrieving data for eHODL @ https://etherscan.io/token/0xcccdb294b52fc00051bf694fc798efee33bc0358
[2021-06-21 17:48:08.531897] Retrieving data for Phoenix Token @ https://etherscan.io/token/0x2c621e8f188fc0fcce5d0307c83e9c4dcfd3c08c
[2021-06-21 17:48:17.497031] Retrieving data for SafeBear @ https://etherscan.io/token/0x281fbb8cf9e988953237ea4db8b9e255f28ac703
[2021-06-21 17:48:26.496707] Retrieving data for Hungry Kitty ð±ð£ @ https://etherscan.io/token/0x3d62c922d586ffdc0e7cd15a46ab8785b15b997d
[2021-06-21 17:48:35.608442] Retrieving data for ForeverUp @ https://etherscan.io/token/0x81afa8aca19d5693883b0b1e10ae1ccaf2f42781
[2021-06-21 17:48:44.819906] Retrieving data for 100x @ https://etherscan.io/token/0x368f1896be0b38d4d56a4e9053a31cf5b7382f0b
[2021-06-21 17:48:54.815032] Retrieving data for DogCatcher @ https://etherscan.io/token/0xa940d2ee07197c4d5687f45b1defe8a9c4d509f1
[2021-06-21 17:49:03.769932] Retrieving data for Fat Cow @ https://etherscan.io/token/0xde4ef1b4826a1310d1a32ff35b94e3cb3e549667
[2021-06-21 17:49:12.634705] Retrieving data for Geisha Token @ https://etherscan.io/token/0x68fc940b9c271e32833c488f91fe81f8f9383ae5
[2021-06-21 17:49:22.593185] Retrieving data for North Korea Token @ https://etherscan.io/token/0x61e2588417a835405105771a585a43bc4a41e782
[2021-06-21 17:49:31.735944] Retrieving data for ForeverUp @ https://etherscan.io/token/0xadd61ba28f0912f51593d7778309445f2abfd1d7
[2021-06-21 17:49:40.943329] Retrieving data for MoonKat @ https://etherscan.io/token/0x8fbf4327e01a18ee0a7dddc019a5c0d0f1ced7a2
[2021-06-21 17:49:50.328716] Retrieving data for Atomic Doge @ https://etherscan.io/token/0x76852855f4545aeaa297485b2c76bacbe9d9fdd0
[2021-06-21 17:49:59.821697] Retrieving data for SHIBAMAX INU @ https://etherscan.io/token/0xa9aa1921537da0138b61331b4b246aacbd9abaa0
[2021-06-21 17:50:10.303398] Retrieving data for Chocolate Shiba t.me/ChocolateShiba @ https://etherscan.io/token/0x7ec095806670a804efb9a771bdb0f1bbf0d950fa
[2021-06-21 17:50:19.515450] Retrieving data for bounty @ https://etherscan.io/token/0x3f031bb99a5f4c78a78c443e01ffc107d0fe4847
[2021-06-21 17:50:29.194261] Retrieving data for ð SUPERSTAR| @ https://etherscan.io/token/0x060a890048dcb6d39f3f30066fab3d874d24ca48
[2021-06-21 17:50:39.714626] Retrieving data for DogstonksPro (dogstonks.com) @ https://etherscan.io/token/0xe7a7ef72466167ff78e08ad76b12ca0c13c496e1
[2021-06-21 17:50:49.268910] Retrieving data for ForeverUpToken @ https://etherscan.io/token/0xcbac698e9b4dcfa1e6c895d7e0d451da2f595135
[2021-06-21 17:50:59.129712] Retrieving data for Shuukyuu Shoujo @ https://etherscan.io/token/0xf42006c90a2cb670694887e473af16154f6858f8
[2021-06-21 17:51:08.329981] Retrieving data for Doge Superhero @ https://etherscan.io/token/0x40428f31a6765a7985786fd0427be366cee691f3
[2021-06-21 17:51:17.834534] Retrieving data for Miko @ https://etherscan.io/token/0xe0ed41628fa610f525a989e847a0099f22bc7681
[2021-06-21 17:51:27.406776] Retrieving data for eDiamondHands @ https://etherscan.io/token/0xa08db18d7c633871477887cf9db77e63bb69cf74
[2021-06-21 17:51:37.000263] Retrieving data for Tom Inu @ https://etherscan.io/token/0x2d0e64b6bf13660a4c0de42a0b88144a7c10991f
[2021-06-21 17:51:47.041270] Retrieving data for Shiba Chocolate | t.me/ShibaChocolate @ https://etherscan.io/token/0x31a4f372aa891b46ba44dc64be1d8947c889e9c6
[2021-06-21 17:51:57.199289] Retrieving data for Conjure @ https://etherscan.io/token/0x00a55375002f3cda400383f479e7cd57bad029a9
[2021-06-21 17:52:07.022622] Retrieving data for Guacamole @ https://etherscan.io/token/0xc66800c00b8e6a5d5d8cfa2b90876dcafa7ea41b
[2021-06-21 17:52:16.486604] Retrieving data for Calendula Finance @ https://etherscan.io/token/0x6bb489c26db43c30ebbccd38b26fc2def943e99f
[2021-06-21 17:52:26.066913] Retrieving data for GivingToServices SVS @ https://etherscan.io/token/0x7ca62545a380e7d71f8f5cfa14b9211002075930
[2021-06-21 17:52:35.954671] Retrieving data for Precharge @ https://etherscan.io/token/0x2925c2a312a4934fd695fab72b1e425cc41978f2
[2021-06-21 17:52:45.385884] Retrieving data for SHIBAIR INU @ https://etherscan.io/token/0x7b4947e6b6095289fc88ef6a2206a1f6941dd231
[2021-06-21 17:52:54.423592] Retrieving data for https://t.me/Diamond_Hand100X @ https://etherscan.io/token/0xcc5a5de1b37a503c7943c8f261fb6b811c53aa81
[2021-06-21 17:53:03.438012] Retrieving data for Dragon Coin @ https://etherscan.io/token/0x58289c502edb49b4a535c464499a342ce3ca3416
[2021-06-21 17:53:12.503128] Retrieving data for Ethereum Wet Ass Pussy @ https://etherscan.io/token/0x9072023239dc70a121b7cb62dfca2a500d1ce559
[2021-06-21 17:53:21.512986] Retrieving data for Thirsty Camel @ https://etherscan.io/token/0xf865dd74167e07dcb1a3b5124f43b935184553cc
[2021-06-21 17:53:30.900299] Retrieving data for SpaceX @ https://etherscan.io/token/0x8976f31100c6381c99a2fac61e6a598f41687955
[2021-06-21 17:53:40.466279] Retrieving data for Raichu @ https://etherscan.io/token/0xda1c18bf25ca69fca7d0d75184d2fc6bd3a14ec8
[2021-06-21 17:53:50.422188] Retrieving data for Scrooge McDuck @ https://etherscan.io/token/0x0b6d6f64bcf965417afe6dbc800b4958ce01fd6b
[2021-06-21 17:53:59.478231] Retrieving data for Shiba Cigarettes @ https://etherscan.io/token/0x4708e59fe1010f4ec27d6a8851edb18bee7f3328
[2021-06-21 17:54:08.635514] Retrieving data for MoonRise @ https://etherscan.io/token/0x5c2d8e1a95acbf838afd0237ec6863fd94940b10
[2021-06-21 17:54:17.348768] Retrieving data for EverMusk @ https://etherscan.io/token/0x2f49e5b77f3ba99e85b87412cdf1bd8ff12a95fc
[2021-06-21 17:54:26.827753] Retrieving data for PUNTU @ https://etherscan.io/token/0xe394b81dd266b14bf781afb000a98ac498fe2e10
[2021-06-21 17:54:36.212417] Retrieving data for Timeless Inu @ https://etherscan.io/token/0x96d5ff2fd959ebe18cb093e5c3873a0b89a397ac
[2021-06-21 17:54:45.437737] Retrieving data for Cyber Shiba Inu (cybershiba.finance) @ https://etherscan.io/token/0x3ae168c6ea1ca3032733cd35a17bf5330da78f78
[2021-06-21 17:54:55.879958] Retrieving data for HungryShibaInu @ https://etherscan.io/token/0xa7d5c2edbccf83259675c3832ab4dfd2363a9ad3
[2021-06-21 17:55:05.293607] Retrieving data for BearTears @ https://etherscan.io/token/0x826eb69cfb247166c63f4fa737c365b0d7c274a6
[2021-06-21 17:55:14.515701] Retrieving data for MusubiFOMO @ https://etherscan.io/token/0xc3596dd4c28e6a792b08c6f657cda5b3936b09cd
[2021-06-21 17:55:26.999658] Retrieving data for Jungle Token @ https://etherscan.io/token/0xbfc7546452c89ce5c5435663d78d1e20d18a8241
[2021-06-21 17:55:37.416565] Retrieving data for Builda Inu @ https://etherscan.io/token/0x9d52dde1b84264fe42faffa58741842e4d6af02e
[2021-06-21 17:55:46.761287] Retrieving data for Musubi @ https://etherscan.io/token/0x8ee04e1e9400d4e2091ff3a46509e246e2f34542
[2021-06-21 17:55:57.717021] Retrieving data for Serium Investing @ https://etherscan.io/token/0xdf21dcbbc4f47982ad628619d0b78d8ff694dd79
[2021-06-21 17:56:07.975123] Retrieving data for Yellow Stone @ https://etherscan.io/token/0x54a68f4d604fcc185acd238572d12a984d9b55b0
[2021-06-21 17:56:17.589788] Retrieving data for Robo Shiba @ https://etherscan.io/token/0x452e2717571395173e2598e5a509a3d55083b592
[2021-06-21 17:56:27.117816] Retrieving data for ShibNinja (t.me/shibninja) @ https://etherscan.io/token/0x836a4265c7b0e73d1caf5e29cad08d8355737589
[2021-06-21 17:56:36.648108] Retrieving data for AurusDeFi @ https://etherscan.io/token/0xa51fc71422a30fa7ffa605b360c3b283501b5bf6
[2021-06-21 17:56:47.749289] Retrieving data for BoringDAO @ https://etherscan.io/token/0xbc19712feb3a26080ebf6f2f7849b417fdd792ca
[2021-06-21 17:56:57.038696] Retrieving data for Switcheo @ https://etherscan.io/token/0xb4371da53140417cbb3362055374b10d97e420bb
[2021-06-21 17:57:06.265979] Retrieving data for Evanesco Network @ https://etherscan.io/token/0xd6caf5bd23cf057f5fccce295dcc50c01c198707
[2021-06-21 17:57:15.511973] Retrieving data for Handshake @ https://etherscan.io/token/0xa771b49064da011df051052848477f18dba1d2ac
[2021-06-21 17:57:25.685385] Retrieving data for FootBall Sport @ https://etherscan.io/token/0xb6b392f419b39bc5d2a9241c057243463a3c2984
[2021-06-21 17:57:34.594261] Retrieving data for SywCoin @ https://etherscan.io/token/0x53f3cb58c45ff3966a14986806f46d8605e3961a
[2021-06-21 17:57:44.188229] Retrieving data for Baby Chihua Token @ https://etherscan.io/token/0x5a337fb3bf5d8d03e954498850b85b338b16dc3f
[2021-06-21 17:57:53.430100] Retrieving data for ButtPoop @ https://etherscan.io/token/0x626076d3677b6909d3d399dca0df4f7c343f121d
[2021-06-21 17:58:02.389516] Retrieving data for ETHERMOON @ https://etherscan.io/token/0x961ba76485262630bcce7380b13d14adf5a004fa
[2021-06-21 17:58:11.503608] Retrieving data for Ethereum Tight Asian Pussy @ https://etherscan.io/token/0x5441f7457601b0bb89a4335337a41af13c041396
[2021-06-21 17:58:20.492100] Retrieving data for DeversiFi @ https://etherscan.io/token/0xdddddd4301a082e62e84e43f474f044423921918
[2021-06-21 17:58:30.041933] Retrieving data for Polytrade @ https://etherscan.io/token/0x6e5970dbd6fc7eb1f29c6d2edf2bc4c36124c0c1
[2021-06-21 17:58:39.102647] Retrieving data for SHIBART TOKEN @ https://etherscan.io/token/0x9272d147b49bb8f03d381333047a6ce9595e89fa
[2021-06-21 17:58:48.166126] Retrieving data for Meow Inu @ https://etherscan.io/token/0x57b91bd0e298d27812b68511effd659111a4e310
[2021-06-21 17:58:57.300066] Retrieving data for Ethereum Big Black Cock @ https://etherscan.io/token/0xfa247066958637af6b4cc04bccecad2b6b107200
[2021-06-21 17:59:06.888593] Retrieving data for SummerCoin @ https://bscscan.com/token/0x92a839457520825db384c9064c07b2f8139a8ac4
[2021-06-21 17:59:16.763574] Retrieving data for BNB Connections @ https://bscscan.com/token/0x7f1c3c069ed6829cd064c907b3c1a19081345661
[2021-06-21 17:59:25.918961] Retrieving data for Safemoan @ https://bscscan.com/token/0x3d8df79d67006a2745895ec510fdb7d207d72a8b
[2021-06-21 17:59:35.291161] Retrieving data for MajinBoo @ https://bscscan.com/token/0x0f04955ab938c704477568ac3e762662b5940505
[2021-06-21 17:59:44.369149] Retrieving data for United Emirate Decentralized Coin @ https://bscscan.com/token/0xf0b6e29c429bbb8e1448340f0776be933805344e
[2021-06-21 17:59:53.370921] Retrieving data for FaceMask Coin @ https://bscscan.com/token/0x18d3ec620928116ff2329dd2f3697e2fd2cf267b
[2021-06-21 18:00:02.779744] Retrieving data for Carbs Token @ https://bscscan.com/token/0x250070051de834623c4c0a9a74329abc3fd9a668
[2021-06-21 18:00:11.547161] Retrieving data for UCL @ https://bscscan.com/token/0xa17b15b7303e623f3744b6cb138143faa4434f39
[2021-06-21 18:00:20.551743] Retrieving data for ALS Token @ https://bscscan.com/token/0xf347fb7636c9d204592e258f7b447c41c49a6811
[2021-06-21 18:00:29.752390] Retrieving data for GiftBear @ https://bscscan.com/token/0xaf2af09db8bf573b531c44c3bf863beeedce83a6
[2021-06-21 18:00:39.044383] Retrieving data for MoonRise @ https://bscscan.com/token/0x7ee7f14427cc41d6db17829eb57dc74a26796b9d
[2021-06-21 18:00:47.886906] Retrieving data for Dracule Mihawk @ https://bscscan.com/token/0x7e3b77442d4bc8e66ec694e9c9c618bec9603f8c
[2021-06-21 18:00:56.935723] Retrieving data for Albatross Finance @ https://bscscan.com/token/0x6fd0b6b5740afc2d39ab3861fbf9741c74dc3f9c
[2021-06-21 18:01:06.360323] Retrieving data for Gold Block @ https://bscscan.com/token/0xca8928a41c788e60581ba1c05ce033c849abc3bf
[2021-06-21 18:01:15.172503] Retrieving data for ChipMunkBSC @ https://bscscan.com/token/0xc68ce983b91b60391385170af3117c4ecea65b4e
[2021-06-21 18:01:24.055207] Retrieving data for EverBoom @ https://bscscan.com/token/0xb082fd9e341ed77bd70a802f7734faf98d325b92
[2021-06-21 18:01:33.581970] Retrieving data for MoonRise @ https://bscscan.com/token/0x9c14abd5bb3b74313feb2f3d1a22a1a10741473d
[2021-06-21 18:01:42.583873] Retrieving data for Sukuna @ https://bscscan.com/token/0x85f00d28889852f4ec2b42f355590dae0db00baf
[2021-06-21 18:01:52.414860] Retrieving data for SunRise @ https://bscscan.com/token/0xfe258ed026a50d755de99d19775494a949309347
[2021-06-21 18:02:01.348828] Retrieving data for Vulcan Token @ https://bscscan.com/token/0xd7f7827507c49235a2a6c13ce07bac75ab183ea8
[2021-06-21 18:02:11.276354] Retrieving data for DOTDOWN @ https://bscscan.com/token/0x69b33396065c56769ba66c9ced1e8d05ffb42c19
[2021-06-21 18:02:20.129713] Retrieving data for LUXURY @ https://bscscan.com/token/0x5dbbffc5ceedc85767f834fe363562667ffe7007
[2021-06-21 18:02:29.405677] Retrieving data for ZIGZAG @ https://bscscan.com/token/0x462fc342f7420835cf259ea9043382c3977d870f
[2021-06-21 18:02:38.442807] Retrieving data for SQUIDPAW @ https://bscscan.com/token/0x221435a065b1f63d67f65a7059a064dc5f1a4936
[2021-06-21 18:02:47.322459] Retrieving data for SoulKing @ https://bscscan.com/token/0x0060a01c3a423f406bd50d556e1fba43ec53341d
[2021-06-21 18:02:56.300469] Retrieving data for CrossWallet @ https://bscscan.com/token/0xb4084b27fc030533121ec36387a6ba24f0737586
[2021-06-21 18:03:05.148959] Retrieving data for CRYPTO MOON SHOTS  @ https://bscscan.com/token/0x92c7a486fefafcf372c1f82f957b9d5cd05e115d
[2021-06-21 18:03:14.065407] Retrieving data for Shikoku Inu @ https://bscscan.com/token/0x06c90989de9f27737381d446437a22940bc802da
[2021-06-21 18:03:23.180631] Retrieving data for Aqua Duck @ https://bscscan.com/token/0xfc9728b9794b8f2634ce65151a162803397238a6
[2021-06-21 18:03:32.913238] Retrieving data for BigTits @ https://bscscan.com/token/0x629321902ec5f8a60edcb9f4265be41d39e43e76
[2021-06-21 18:03:42.065425] Retrieving data for OXgen @ https://bscscan.com/token/0xd502f6059b2698c59a31da866d8bf55b3a348cfc
[2021-06-21 18:03:51.484426] Retrieving data for Atomic @ https://bscscan.com/token/0xca5d1da84b6ce82f092a2164efbe06ede882fd45
[2021-06-21 18:04:00.546034] Retrieving data for Joker @ https://bscscan.com/token/0x81b156eca57f83f66d990a04b7b923ad5dae609a
[2021-06-21 18:04:09.444967] Retrieving data for Nexamoon @ https://bscscan.com/token/0x172326fc3ec05d25f6ffbb554b7362bbc30cfe1a
[2021-06-21 18:04:18.584266] Retrieving data for Baby EverRise @ https://bscscan.com/token/0xd0ae1e0418551a5f77b7f0f754bd7f41f1f0c786
[2021-06-21 18:04:28.453704] Retrieving data for RabbitHouse @ https://bscscan.com/token/0x048692e46ea55c563edebd10b98e32ace8e2d329
[2021-06-21 18:04:38.002162] Retrieving data for PowerBalloon @ https://bscscan.com/token/0xc13eae9c53812f9e59fbb5154263e55b4683cd54
[2021-06-21 18:04:46.845642] Retrieving data for SafeHamster @ https://bscscan.com/token/0xb21b6a4b6239ee48a98434b4a326a902b2bff26d
[2021-06-21 18:04:55.923302] Retrieving data for Star Miner @ https://bscscan.com/token/0x816797078f011715591e31e8bbe7efd034f6aea6
[2021-06-21 18:05:05.142751] Retrieving data for JUSTRISE @ https://bscscan.com/token/0x78775c9dddcc6af1d2a4d8428384e01ab2dd0f48
[2021-06-21 18:05:14.497449] Retrieving data for Mr.Crab @ https://bscscan.com/token/0x7145ffb6ed0d96516bc479cf6d7532177428d0b1
[2021-06-21 18:05:24.263785] Retrieving data for SummerShiba @ https://bscscan.com/token/0x59f851ccd01df9e1a589c9b9b9da6b854d6d81b6
[2021-06-21 18:05:33.366853] Retrieving data for EverCorgiToken @ https://bscscan.com/token/0x35ee0268c945e39fd65a9e07c84071fbf08136f2
[2021-06-21 18:05:42.377042] Retrieving data for Battosai @ https://bscscan.com/token/0xad0d3be79a499928ada25fbfcfbf32da6415eb86
[2021-06-21 18:05:51.444655] Retrieving data for CyberDoge @ https://bscscan.com/token/0x2ff8f8f6b014ed0b5e5804e2bdb78bcb604e4c6d
[2021-06-21 18:06:00.763406] Retrieving data for BabySitter @ https://bscscan.com/token/0x26b9f129c2a077467daed29f8774bc83cccbde27
[2021-06-21 18:06:09.800200] Retrieving data for SIREN INU @ https://bscscan.com/token/0x0ecd9f04c9a570cc1d7f3d1ecb0c23986fb52a80
[2021-06-21 18:06:18.927452] Retrieving data for Elon EverDoge @ https://bscscan.com/token/0x6ec57dab665aad4a0cbf4274561a26bce662e0bd
[2021-06-21 18:06:28.492046] Retrieving data for MOONRISER @ https://bscscan.com/token/0x4e58c806c8f1ba7021864688cff3400fe8540203
[2021-06-21 18:06:37.524398] Retrieving data for PinkCarrot @ https://bscscan.com/token/0x3d31a7b4f3e5849e5e83702d25f66b8238bd7881
[2021-06-21 18:06:46.582182] Retrieving data for SafePlanet🌎 @ https://bscscan.com/token/0xb592eff36c0d1b082166e55f0941b86bd10159aa
[2021-06-21 18:06:55.411236] Retrieving data for UPSHINE @ https://bscscan.com/token/0xf45a139ca99a7f622b6a8bb713af705d59202684
[2021-06-21 18:07:04.257282] Retrieving data for AYY LMAO @ https://bscscan.com/token/0xea11ba59d500cfa8cfeec1128307a2f030666fec
[2021-06-21 18:07:14.522667] Retrieving data for Gopnik @ https://bscscan.com/token/0xe0e5001a4ee5dc00a002d43731fa6b1cfb37862e
[2021-06-21 18:07:24.262226] Retrieving data for CoShi Inu @ https://bscscan.com/token/0xd1df372011e3220280bdcff11b37b234c109e3e2
[2021-06-21 18:07:33.256401] Retrieving data for TOKEN SNIFFER  @ https://bscscan.com/token/0x9326010edf5bfdc39b379bbfe1fb2796f90bb1d7
[2021-06-21 18:07:42.276109] Retrieving data for Paisa Token @ https://bscscan.com/token/0x0b2c6f5f177fdd9326039b3110887f2d0f98f713
[2021-06-21 18:07:51.165442] Retrieving data for 8BIT DOGE @ https://bscscan.com/token/0x003f83da9868acc151be89eefa4d19838ffe5d64
[2021-06-21 18:08:01.502012] Retrieving data for Kawakami Finance @ https://bscscan.com/token/0xfb6f23c17238e6caf485124f2c950e3a8b045990
[2021-06-21 18:08:10.792531] Retrieving data for Octoking @ https://bscscan.com/token/0xd93c6547cc8209c25d71c0b18971dbbdccbb9dfe
[2021-06-21 18:08:19.717371] Retrieving data for InuFather @ https://bscscan.com/token/0xbbd94683a911ed3973ff4698a2e27d9e1d17f9cf
[2021-06-21 18:08:28.656178] Retrieving data for ButterSwap @ https://bscscan.com/token/0x95323c94d415094af09daac5283a5bf10c6234a0
[2021-06-21 18:08:37.479690] Retrieving data for BabyDogeRise @ https://bscscan.com/token/0x914cc3028bbcc28034f96b077c6a51bd34e2206a
[2021-06-21 18:08:46.394775] Retrieving data for RisePhoenix @ https://bscscan.com/token/0x3167952cd68286257c817b2f804a9fbad34155a1
[2021-06-21 18:08:55.492765] Retrieving data for ❌Not Financial Advice @ https://bscscan.com/token/0x0eddd9b88337c3fd37a6240770727c0ba3713e47
[2021-06-21 18:09:05.863155] Retrieving data for GrimReaper @ https://bscscan.com/token/0x0e31b2787c4a5f565093e7a409211e30106d1b93
[2021-06-21 18:09:15.106731] Retrieving data for EarnBUSD @ https://bscscan.com/token/0x77eb016273e7da99b827357474bae4eaf41befb8
[2021-06-21 18:09:24.257097] Retrieving data for POLYPIG @ https://bscscan.com/token/0xff39754755237b13441308db986e97d599034aac
[2021-06-21 18:09:33.252401] Retrieving data for Yezion Tech @ https://bscscan.com/token/0x7b5bd9096325bd0c3b70eda63e16867c287a2e4f
[2021-06-21 18:09:42.280530] Retrieving data for Diesel @ https://bscscan.com/token/0xf144d73e576fbf1d5c877f7300bd344a396470b9
[2021-06-21 18:09:51.272643] Retrieving data for Crip Coin @ https://bscscan.com/token/0x8a0dffe3963f21074c51d3c837fe81b20364245d
[2021-06-21 18:10:00.481352] Retrieving data for FeralImp @ https://bscscan.com/token/0x22a0bde80471466a146ed1856fa3e78278713bd4
[2021-06-21 18:10:09.334085] Retrieving data for peachfolio @ https://bscscan.com/token/0xc1cbfb96a1d5361590b8df04ef78de2fa3178390
[2021-06-21 18:10:18.337138] Retrieving data for SpaceBull @ https://bscscan.com/token/0x64c6097da69af179d3de6e764790492165d7b46d
[2021-06-21 18:10:28.243954] Retrieving data for PumpkinCake @ https://bscscan.com/token/0x5a3f946fb7cc61b9c7e99db4f1e641348da7663b
[2021-06-21 18:10:37.361400] Retrieving data for XGOLD @ https://bscscan.com/token/0x34088ae7ce43ffced6c567dd470502454c294ac0
[2021-06-21 18:10:46.401051] Retrieving data for GoatRise @ https://bscscan.com/token/0x3064d23336dfcddae3d641f031262546a013bf8f
[2021-06-21 18:10:56.428987] Retrieving data for FELICETTE @ https://bscscan.com/token/0x19bb38bbc47a132da22c7aca23d166328377e97b
[2021-06-21 18:11:05.406970] Retrieving data for CumSock @ https://bscscan.com/token/0x691f038e1d3c2e34bb2e6e43333c764fd8e67925
[2021-06-21 18:11:14.832414] Retrieving data for SafeGem @ https://bscscan.com/token/0x4403ddb63095b6cc52155b70968c2a262ac6af76
[2021-06-21 18:11:26.243920] Retrieving data for STAR BLITZ  @ https://bscscan.com/token/0x09479c9f4943a0a2096ff35fbcec032bf32aca4b
[2021-06-21 18:11:35.514107] Retrieving data for EverErect @ https://bscscan.com/token/0x7fe3cadafb1195d26bb865f94b554b38ae01a87d
[2021-06-21 18:11:44.507362] Retrieving data for Canny Tech @ https://bscscan.com/token/0x108bf31b1a447a88cc65f2f8d8ea3007b4b9f34d
[2021-06-21 18:11:53.536906] Retrieving data for SpaceRocket @ https://bscscan.com/token/0xe4252c44717633623745cef0ca0b520b52d4d1ed
[2021-06-21 18:12:02.793490] Retrieving data for FreedomDoge @ https://bscscan.com/token/0xda2ecd4509dfdf06dadd08a2ae657d47b60cb0b1
[2021-06-21 18:12:12.811131] Retrieving data for TikToken @ https://bscscan.com/token/0x82dd3a1be82e7ab1d0c0fc485462d4d37e13a29c
[2021-06-21 18:12:21.954259] Retrieving data for POLARICE @ https://bscscan.com/token/0x80486383251f782a9082b02266082b0b4efc66a0
[2021-06-21 18:12:31.004798] Retrieving data for MEMENTO @ https://bscscan.com/token/0x802b1e5338c0e9d97c31e861d4f299c16313401e
[2021-06-21 18:12:40.138779] Retrieving data for ColossusToken @ https://bscscan.com/token/0x20a77e6340f364e80989bb9b3095e5886e46da65
[2021-06-21 18:12:50.041793] Retrieving data for Astronomical Gainz @ https://bscscan.com/token/0x15c4f1e48fb90ac3d1ebe983c95064f9879b922d
[2021-06-21 18:13:00.786673] Retrieving data for Monkey King @ https://bscscan.com/token/0xccd159509c9cb46a1db69e938a6de0b880238136
[2021-06-21 18:13:10.725577] Retrieving data for EastonFinance @ https://bscscan.com/token/0x9f26cdd17eea7c7852f7796159480e0ee4d1a647
[2021-06-21 18:13:19.676370] Retrieving data for Mushroom @ https://bscscan.com/token/0x6ebd5ac31c64745270e04a8823bb72ab53be47c0
[2021-06-21 18:13:28.886380] Retrieving data for Shiba Dojo @ https://bscscan.com/token/0x146dc4efddc467754c63fa6f0a3c24dab6f738e9
[2021-06-21 18:13:38.037810] Retrieving data for Only The Brave @ https://bscscan.com/token/0x131308941d5e25307b7acf6e665aa050c00be7ac
[2021-06-21 18:13:47.759844] Retrieving data for Cursed If You Sell @ https://bscscan.com/token/0x0d9f6e92021c51fe5e5e161c63eafe8c4c99d15a
[2021-06-21 18:13:56.595742] Retrieving data for ROCKET SHIP️  @ https://bscscan.com/token/0x82a507453fbbfd409aeca500a4ed52467fff9ae9
[2021-06-21 18:14:05.486740] Retrieving data for Ternoa @ https://bscscan.com/token/0xd9a278329a50bd9b3a06da0f11072b3decec6238
[2021-06-21 18:14:14.347066] Retrieving data for Mount Scamulanjaro @ https://bscscan.com/token/0xbe6e89b9886146e5d34b0d23b0778590090e340c
[2021-06-21 18:14:23.481313] Retrieving data for BakerySwap @ https://bscscan.com/token/0xadcdced53ffc32578bf29697b26a269aa93da535
[2021-06-21 18:14:32.631265] output CSV saved ./csv/NewTokens21062021_181432.csv
[2021-06-21 18:14:32.631421] Scrape Job Sleeping For 1
