[2021-06-21 13:18:17.200277] Retrieving data for Official Mars Token @ https://etherscan.io/token/0x4e30910845f0cb4f66781b35c832eafc09774022
[2021-06-21 13:18:27.415256] Retrieving data for ePlatinum @ https://etherscan.io/token/0x57b3140f522a3ef2f98c046f78e0d03075908591
[2021-06-21 13:18:37.104459] Retrieving data for Football Inu @ https://etherscan.io/token/0x48a3d9510f7c2aa61a285ccb4eaa5ba072692468
[2021-06-21 13:18:47.202103] Retrieving data for Cookie Inu @ https://etherscan.io/token/0x22709596fc3c3f3ad865b5a52f66af156aca32a9
[2021-06-21 13:18:57.693477] Retrieving data for Zet Inu @ https://etherscan.io/token/0xbc130b1cd40c722f54baaa1c92651dd630d73d99
[2021-06-21 13:19:07.711283] Retrieving data for Nabox @ https://etherscan.io/token/0x630bc7dd0abfc2d196289ce09db947dd2cafae7c
[2021-06-21 13:19:16.749831] Retrieving data for Gucci_Inu @ https://etherscan.io/token/0xcdd475d3e64ef21b5dd8b9920143d5b0b19f42c2
[2021-06-21 13:19:26.719784] Retrieving data for MansionCash @ https://etherscan.io/token/0x4a013d18330880167a2507bc7b2a90bd2c912ec7
[2021-06-21 13:19:36.731332] Retrieving data for Vara  Inu @ https://etherscan.io/token/0xb798ab0b48a9fd695e9e3b501ecab7a2fac4a6c2
[2021-06-21 13:19:45.903558] Retrieving data for Be Loaded Finance @ https://etherscan.io/token/0xa1b6fc4f2ab4e41c49e92121dc3a1ebc7549b695
[2021-06-21 13:19:55.300732] Retrieving data for Rolar  Inu @ https://etherscan.io/token/0x31925997851d0516f3d603150b2ee00b41ba899c
[2021-06-21 13:20:04.397212] Retrieving data for Rising Inu @ https://etherscan.io/token/0x23a76287b0a1f96d2409dacd35d1cdc5d90d7b1d
[2021-06-21 13:20:13.891077] Retrieving data for PolkaDoge @ https://etherscan.io/token/0x339a112b5919bcf5311cda0fe176cc69b67008cc
[2021-06-21 13:20:23.431074] Retrieving data for DUMB Token @ https://etherscan.io/token/0xbc2878faa8a634ab92b1e8194cca9a88db52e8df
[2021-06-21 13:20:32.890142] Retrieving data for Ever Rising Inu @ https://etherscan.io/token/0xe0fe35312c8c8a2d5a70bd594ec8e6335f6b45dd
[2021-06-21 13:20:43.050489] Retrieving data for Hishu Inu Finance @ https://etherscan.io/token/0x89c58d698066c84caede98640fcd1ed01d74fe50
[2021-06-21 13:20:52.139504] Retrieving data for EtherDog @ https://etherscan.io/token/0x253d91dd6ea22d0d50220fd84ccba14047e5e644
[2021-06-21 13:21:01.400883] Retrieving data for Konomi Inu @ https://etherscan.io/token/0x1ddc2516f7799710507c09a0df244f94bf04c285
[2021-06-21 13:21:11.263750] Retrieving data for SuperAidi Inu @ https://etherscan.io/token/0x161eeb1463b26dd81f07e94076f2175dd3be052a
[2021-06-21 13:21:21.070658] Retrieving data for Quilboar Coin @ https://etherscan.io/token/0xd5ba1b7a104ac7623463d41fa9f1303c944ba30d
[2021-06-21 13:21:31.226046] Retrieving data for Thunder Finance @ https://etherscan.io/token/0x4519817b4801c39936d4e5b793cf93eeaf5c6936
[2021-06-21 13:21:40.243072] Retrieving data for Wrapped BCH @ https://etherscan.io/token/0xf7b4d113c5da1c99bdb64ca4b538b92cfc52f3dc
[2021-06-21 13:21:50.429408] Retrieving data for EverRiseCoin @ https://etherscan.io/token/0x61548411dfa6e522b7e5b83e1f85291b017312ea
[2021-06-21 13:21:59.877249] Retrieving data for BotzCoin @ https://etherscan.io/token/0x4e58c6d34d1e055e8d3943ffb1fed662d0aa9c10
[2021-06-21 13:22:09.479043] Retrieving data for Ape Finance ð¦ @ https://etherscan.io/token/0xefb0e363fec9e04999a9b8803421d27765258ffd
[2021-06-21 13:22:19.053673] Retrieving data for eHODL @ https://etherscan.io/token/0xcccdb294b52fc00051bf694fc798efee33bc0358
[2021-06-21 13:22:28.297355] Retrieving data for Phoenix Token @ https://etherscan.io/token/0x2c621e8f188fc0fcce5d0307c83e9c4dcfd3c08c
[2021-06-21 13:22:37.547196] Retrieving data for SafeBear @ https://etherscan.io/token/0x281fbb8cf9e988953237ea4db8b9e255f28ac703
[2021-06-21 13:22:47.080137] Retrieving data for Hungry Kitty ð±ð£ @ https://etherscan.io/token/0x3d62c922d586ffdc0e7cd15a46ab8785b15b997d
[2021-06-21 13:22:56.029894] Retrieving data for ForeverUp @ https://etherscan.io/token/0x81afa8aca19d5693883b0b1e10ae1ccaf2f42781
[2021-06-21 13:23:06.480073] Retrieving data for 100x @ https://etherscan.io/token/0x368f1896be0b38d4d56a4e9053a31cf5b7382f0b
[2021-06-21 13:23:16.012952] Retrieving data for DogCatcher @ https://etherscan.io/token/0xa940d2ee07197c4d5687f45b1defe8a9c4d509f1
[2021-06-21 13:23:26.632105] Retrieving data for Fat Cow @ https://etherscan.io/token/0xde4ef1b4826a1310d1a32ff35b94e3cb3e549667
[2021-06-21 13:23:36.989826] Retrieving data for Geisha Token @ https://etherscan.io/token/0x68fc940b9c271e32833c488f91fe81f8f9383ae5
[2021-06-21 13:23:46.965232] Retrieving data for North Korea Token @ https://etherscan.io/token/0x61e2588417a835405105771a585a43bc4a41e782
[2021-06-21 13:23:56.973452] Retrieving data for ForeverUp @ https://etherscan.io/token/0xadd61ba28f0912f51593d7778309445f2abfd1d7
[2021-06-21 13:24:07.120942] Retrieving data for MoonKat @ https://etherscan.io/token/0x8fbf4327e01a18ee0a7dddc019a5c0d0f1ced7a2
[2021-06-21 13:24:16.287481] Retrieving data for Atomic Doge @ https://etherscan.io/token/0x76852855f4545aeaa297485b2c76bacbe9d9fdd0
[2021-06-21 13:24:26.402923] Retrieving data for SHIBAMAX INU @ https://etherscan.io/token/0xa9aa1921537da0138b61331b4b246aacbd9abaa0
[2021-06-21 13:24:36.090708] Retrieving data for Chocolate Shiba t.me/ChocolateShiba @ https://etherscan.io/token/0x7ec095806670a804efb9a771bdb0f1bbf0d950fa
[2021-06-21 13:24:45.994047] Retrieving data for bounty @ https://etherscan.io/token/0x3f031bb99a5f4c78a78c443e01ffc107d0fe4847
[2021-06-21 13:24:58.388493] Retrieving data for ð SUPERSTAR| @ https://etherscan.io/token/0x060a890048dcb6d39f3f30066fab3d874d24ca48
[2021-06-21 13:25:08.554688] Retrieving data for DogstonksPro (dogstonks.com) @ https://etherscan.io/token/0xe7a7ef72466167ff78e08ad76b12ca0c13c496e1
[2021-06-21 13:25:17.625763] Retrieving data for ForeverUpToken @ https://etherscan.io/token/0xcbac698e9b4dcfa1e6c895d7e0d451da2f595135
[2021-06-21 13:25:26.861202] Retrieving data for Shuukyuu Shoujo @ https://etherscan.io/token/0xf42006c90a2cb670694887e473af16154f6858f8
[2021-06-21 13:25:37.773118] Retrieving data for Doge Superhero @ https://etherscan.io/token/0x40428f31a6765a7985786fd0427be366cee691f3
[2021-06-21 13:25:48.932574] Retrieving data for Miko @ https://etherscan.io/token/0xe0ed41628fa610f525a989e847a0099f22bc7681
[2021-06-21 13:25:57.996258] Retrieving data for eDiamondHands @ https://etherscan.io/token/0xa08db18d7c633871477887cf9db77e63bb69cf74
[2021-06-21 13:26:07.570292] Retrieving data for Tom Inu @ https://etherscan.io/token/0x2d0e64b6bf13660a4c0de42a0b88144a7c10991f
[2021-06-21 13:26:17.784547] Retrieving data for Shiba Chocolate | t.me/ShibaChocolate @ https://etherscan.io/token/0x31a4f372aa891b46ba44dc64be1d8947c889e9c6
[2021-06-21 13:26:26.711390] Retrieving data for Conjure @ https://etherscan.io/token/0x00a55375002f3cda400383f479e7cd57bad029a9
[2021-06-21 13:26:36.427084] Retrieving data for Guacamole @ https://etherscan.io/token/0xc66800c00b8e6a5d5d8cfa2b90876dcafa7ea41b
[2021-06-21 13:26:45.375689] Retrieving data for Calendula Finance @ https://etherscan.io/token/0x6bb489c26db43c30ebbccd38b26fc2def943e99f
[2021-06-21 13:26:54.416597] Retrieving data for GivingToServices SVS @ https://etherscan.io/token/0x7ca62545a380e7d71f8f5cfa14b9211002075930
[2021-06-21 13:27:03.455158] Retrieving data for Precharge @ https://etherscan.io/token/0x2925c2a312a4934fd695fab72b1e425cc41978f2
[2021-06-21 13:27:12.446293] Retrieving data for SHIBAIR INU @ https://etherscan.io/token/0x7b4947e6b6095289fc88ef6a2206a1f6941dd231
[2021-06-21 13:27:23.516341] Retrieving data for https://t.me/Diamond_Hand100X @ https://etherscan.io/token/0xcc5a5de1b37a503c7943c8f261fb6b811c53aa81
[2021-06-21 13:27:32.774948] Retrieving data for Dragon Coin @ https://etherscan.io/token/0x58289c502edb49b4a535c464499a342ce3ca3416
[2021-06-21 13:27:41.726107] Retrieving data for Ethereum Wet Ass Pussy @ https://etherscan.io/token/0x9072023239dc70a121b7cb62dfca2a500d1ce559
[2021-06-21 13:27:50.607015] Retrieving data for Thirsty Camel @ https://etherscan.io/token/0xf865dd74167e07dcb1a3b5124f43b935184553cc
[2021-06-21 13:27:59.583246] Retrieving data for SpaceX @ https://etherscan.io/token/0x8976f31100c6381c99a2fac61e6a598f41687955
[2021-06-21 13:28:08.949047] Retrieving data for Raichu @ https://etherscan.io/token/0xda1c18bf25ca69fca7d0d75184d2fc6bd3a14ec8
[2021-06-21 13:28:19.091617] Retrieving data for Scrooge McDuck @ https://etherscan.io/token/0x0b6d6f64bcf965417afe6dbc800b4958ce01fd6b
[2021-06-21 13:28:28.701303] Retrieving data for Shiba Cigarettes @ https://etherscan.io/token/0x4708e59fe1010f4ec27d6a8851edb18bee7f3328
[2021-06-21 13:28:38.313599] Retrieving data for MoonRise @ https://etherscan.io/token/0x5c2d8e1a95acbf838afd0237ec6863fd94940b10
[2021-06-21 13:28:47.746781] Retrieving data for EverMusk @ https://etherscan.io/token/0x2f49e5b77f3ba99e85b87412cdf1bd8ff12a95fc
[2021-06-21 13:28:57.990296] Retrieving data for PUNTU @ https://etherscan.io/token/0xe394b81dd266b14bf781afb000a98ac498fe2e10
[2021-06-21 13:29:07.739581] Retrieving data for Timeless Inu @ https://etherscan.io/token/0x96d5ff2fd959ebe18cb093e5c3873a0b89a397ac
[2021-06-21 13:29:16.722054] Retrieving data for Cyber Shiba Inu (cybershiba.finance) @ https://etherscan.io/token/0x3ae168c6ea1ca3032733cd35a17bf5330da78f78
[2021-06-21 13:29:26.205275] Retrieving data for HungryShibaInu @ https://etherscan.io/token/0xa7d5c2edbccf83259675c3832ab4dfd2363a9ad3
[2021-06-21 13:29:36.692373] Retrieving data for BearTears @ https://etherscan.io/token/0x826eb69cfb247166c63f4fa737c365b0d7c274a6
[2021-06-21 13:29:45.868472] Retrieving data for MusubiFOMO @ https://etherscan.io/token/0xc3596dd4c28e6a792b08c6f657cda5b3936b09cd
[2021-06-21 13:29:55.101601] Retrieving data for Jungle Token @ https://etherscan.io/token/0xbfc7546452c89ce5c5435663d78d1e20d18a8241
[2021-06-21 13:30:05.042006] Retrieving data for Builda Inu @ https://etherscan.io/token/0x9d52dde1b84264fe42faffa58741842e4d6af02e
[2021-06-21 13:30:14.462461] Retrieving data for Musubi @ https://etherscan.io/token/0x8ee04e1e9400d4e2091ff3a46509e246e2f34542
[2021-06-21 13:30:24.198678] Retrieving data for Serium Investing @ https://etherscan.io/token/0xdf21dcbbc4f47982ad628619d0b78d8ff694dd79
[2021-06-21 13:30:33.413579] Retrieving data for Yellow Stone @ https://etherscan.io/token/0x54a68f4d604fcc185acd238572d12a984d9b55b0
[2021-06-21 13:30:43.343378] Retrieving data for Robo Shiba @ https://etherscan.io/token/0x452e2717571395173e2598e5a509a3d55083b592
[2021-06-21 13:30:52.560174] Retrieving data for ShibNinja (t.me/shibninja) @ https://etherscan.io/token/0x836a4265c7b0e73d1caf5e29cad08d8355737589
[2021-06-21 13:31:02.629605] Retrieving data for AurusDeFi @ https://etherscan.io/token/0xa51fc71422a30fa7ffa605b360c3b283501b5bf6
[2021-06-21 13:31:11.701564] Retrieving data for BoringDAO @ https://etherscan.io/token/0xbc19712feb3a26080ebf6f2f7849b417fdd792ca
[2021-06-21 13:31:20.883150] Retrieving data for Switcheo @ https://etherscan.io/token/0xb4371da53140417cbb3362055374b10d97e420bb
[2021-06-21 13:31:30.726021] Retrieving data for Evanesco Network @ https://etherscan.io/token/0xd6caf5bd23cf057f5fccce295dcc50c01c198707
[2021-06-21 13:31:40.195923] Retrieving data for Handshake @ https://etherscan.io/token/0xa771b49064da011df051052848477f18dba1d2ac
[2021-06-21 13:31:50.649705] Retrieving data for FootBall Sport @ https://etherscan.io/token/0xb6b392f419b39bc5d2a9241c057243463a3c2984
[2021-06-21 13:32:00.496175] Retrieving data for SywCoin @ https://etherscan.io/token/0x53f3cb58c45ff3966a14986806f46d8605e3961a
[2021-06-21 13:32:09.603531] Retrieving data for Baby Chihua Token @ https://etherscan.io/token/0x5a337fb3bf5d8d03e954498850b85b338b16dc3f
[2021-06-21 13:32:18.708151] Retrieving data for ButtPoop @ https://etherscan.io/token/0x626076d3677b6909d3d399dca0df4f7c343f121d
[2021-06-21 13:32:29.101128] Retrieving data for ETHERMOON @ https://etherscan.io/token/0x961ba76485262630bcce7380b13d14adf5a004fa
[2021-06-21 13:32:38.877496] Retrieving data for Ethereum Tight Asian Pussy @ https://etherscan.io/token/0x5441f7457601b0bb89a4335337a41af13c041396
[2021-06-21 13:32:48.813141] Retrieving data for DeversiFi @ https://etherscan.io/token/0xdddddd4301a082e62e84e43f474f044423921918
[2021-06-21 13:32:59.464357] Retrieving data for Polytrade @ https://etherscan.io/token/0x6e5970dbd6fc7eb1f29c6d2edf2bc4c36124c0c1
[2021-06-21 13:33:08.592694] Retrieving data for SHIBART TOKEN @ https://etherscan.io/token/0x9272d147b49bb8f03d381333047a6ce9595e89fa
[2021-06-21 13:33:17.980166] Retrieving data for Meow Inu @ https://etherscan.io/token/0x57b91bd0e298d27812b68511effd659111a4e310
[2021-06-21 13:33:28.881006] Retrieving data for Ethereum Big Black Cock @ https://etherscan.io/token/0xfa247066958637af6b4cc04bccecad2b6b107200
[2021-06-21 13:33:38.556381] Retrieving data for Ice Cube @ https://etherscan.io/token/0x05bc8eb2ff284989c720cb5e468ea8c51d70fb2a
[2021-06-21 13:33:47.577916] Retrieving data for Doge Pilot @ https://etherscan.io/token/0xf9c406c50fdb966a8e751390eb5a5b5c1d81537f
[2021-06-21 13:33:57.064997] Retrieving data for Lao Inu (t.me/laoinu) @ https://etherscan.io/token/0xcef5712c132a5f7ad20dcbbe7da2edfe1acaaec2
[2021-06-21 13:34:06.108885] Retrieving data for LAO INU @ https://etherscan.io/token/0x820a8a18b8bd035e4f948938c18ab72d4007cb11
[2021-06-21 13:34:15.199852] Retrieving data for Shuba Inu @ https://etherscan.io/token/0x75bc772d2252e0bfec04536b367710e982937d39
[2021-06-21 13:34:24.223240] Retrieving data for PowerBalloon @ https://bscscan.com/token/0xc13eae9c53812f9e59fbb5154263e55b4683cd54
[2021-06-21 13:34:33.614054] Retrieving data for SafeHamster @ https://bscscan.com/token/0xb21b6a4b6239ee48a98434b4a326a902b2bff26d
[2021-06-21 13:34:43.010642] Retrieving data for Star Miner @ https://bscscan.com/token/0x816797078f011715591e31e8bbe7efd034f6aea6
[2021-06-21 13:34:53.573361] Retrieving data for JUSTRISE @ https://bscscan.com/token/0x78775c9dddcc6af1d2a4d8428384e01ab2dd0f48
[2021-06-21 13:35:03.097299] Retrieving data for Mr.Crab @ https://bscscan.com/token/0x7145ffb6ed0d96516bc479cf6d7532177428d0b1
[2021-06-21 13:35:13.097756] Retrieving data for SummerShiba @ https://bscscan.com/token/0x59f851ccd01df9e1a589c9b9b9da6b854d6d81b6
[2021-06-21 13:35:22.027406] Retrieving data for EverCorgiToken @ https://bscscan.com/token/0x35ee0268c945e39fd65a9e07c84071fbf08136f2
[2021-06-21 13:35:32.005361] Retrieving data for Battosai @ https://bscscan.com/token/0xad0d3be79a499928ada25fbfcfbf32da6415eb86
[2021-06-21 13:35:42.412429] Retrieving data for CyberDoge @ https://bscscan.com/token/0x2ff8f8f6b014ed0b5e5804e2bdb78bcb604e4c6d
[2021-06-21 13:35:52.065928] Retrieving data for BabySitter @ https://bscscan.com/token/0x26b9f129c2a077467daed29f8774bc83cccbde27
[2021-06-21 13:36:01.156233] Retrieving data for SIREN INU @ https://bscscan.com/token/0x0ecd9f04c9a570cc1d7f3d1ecb0c23986fb52a80
[2021-06-21 13:36:10.473979] Retrieving data for Elon EverDoge @ https://bscscan.com/token/0x6ec57dab665aad4a0cbf4274561a26bce662e0bd
[2021-06-21 13:36:20.131651] Retrieving data for MOONRISER @ https://bscscan.com/token/0x4e58c806c8f1ba7021864688cff3400fe8540203
[2021-06-21 13:36:30.353793] Retrieving data for PinkCarrot @ https://bscscan.com/token/0x3d31a7b4f3e5849e5e83702d25f66b8238bd7881
[2021-06-21 13:36:39.742058] Retrieving data for SafePlanet🌎 @ https://bscscan.com/token/0xb592eff36c0d1b082166e55f0941b86bd10159aa
[2021-06-21 13:36:49.721182] Retrieving data for UPSHINE @ https://bscscan.com/token/0xf45a139ca99a7f622b6a8bb713af705d59202684
[2021-06-21 13:36:58.737368] Retrieving data for AYY LMAO @ https://bscscan.com/token/0xea11ba59d500cfa8cfeec1128307a2f030666fec
[2021-06-21 13:37:08.030501] Retrieving data for Gopnik @ https://bscscan.com/token/0xe0e5001a4ee5dc00a002d43731fa6b1cfb37862e
[2021-06-21 13:37:18.728908] Retrieving data for CoShi Inu @ https://bscscan.com/token/0xd1df372011e3220280bdcff11b37b234c109e3e2
[2021-06-21 13:37:27.629144] Retrieving data for TOKEN SNIFFER  @ https://bscscan.com/token/0x9326010edf5bfdc39b379bbfe1fb2796f90bb1d7
[2021-06-21 13:37:36.730525] Retrieving data for Paisa Token @ https://bscscan.com/token/0x0b2c6f5f177fdd9326039b3110887f2d0f98f713
[2021-06-21 13:37:45.907651] Retrieving data for 8BIT DOGE @ https://bscscan.com/token/0x003f83da9868acc151be89eefa4d19838ffe5d64
[2021-06-21 13:37:55.488718] Retrieving data for Kawakami Finance @ https://bscscan.com/token/0xfb6f23c17238e6caf485124f2c950e3a8b045990
[2021-06-21 13:38:05.153660] Retrieving data for Octoking @ https://bscscan.com/token/0xd93c6547cc8209c25d71c0b18971dbbdccbb9dfe
[2021-06-21 13:38:14.846915] Retrieving data for InuFather @ https://bscscan.com/token/0xbbd94683a911ed3973ff4698a2e27d9e1d17f9cf
[2021-06-21 13:38:23.833265] Retrieving data for ButterSwap @ https://bscscan.com/token/0x95323c94d415094af09daac5283a5bf10c6234a0
[2021-06-21 13:38:33.652593] Retrieving data for BabyDogeRise @ https://bscscan.com/token/0x914cc3028bbcc28034f96b077c6a51bd34e2206a
[2021-06-21 13:38:42.999372] Retrieving data for RisePhoenix @ https://bscscan.com/token/0x3167952cd68286257c817b2f804a9fbad34155a1
[2021-06-21 13:38:52.801629] Retrieving data for ❌Not Financial Advice @ https://bscscan.com/token/0x0eddd9b88337c3fd37a6240770727c0ba3713e47
[2021-06-21 13:39:02.191555] Retrieving data for GrimReaper @ https://bscscan.com/token/0x0e31b2787c4a5f565093e7a409211e30106d1b93
[2021-06-21 13:39:11.273291] Retrieving data for EarnBUSD @ https://bscscan.com/token/0x77eb016273e7da99b827357474bae4eaf41befb8
[2021-06-21 13:39:20.473490] Retrieving data for POLYPIG @ https://bscscan.com/token/0xff39754755237b13441308db986e97d599034aac
[2021-06-21 13:39:30.017294] Retrieving data for Yezion Tech @ https://bscscan.com/token/0x7b5bd9096325bd0c3b70eda63e16867c287a2e4f
[2021-06-21 13:39:39.480372] Retrieving data for Diesel @ https://bscscan.com/token/0xf144d73e576fbf1d5c877f7300bd344a396470b9
[2021-06-21 13:39:48.596734] Retrieving data for Crip Coin @ https://bscscan.com/token/0x8a0dffe3963f21074c51d3c837fe81b20364245d
[2021-06-21 13:39:57.416263] Retrieving data for FeralImp @ https://bscscan.com/token/0x22a0bde80471466a146ed1856fa3e78278713bd4
[2021-06-21 13:40:06.577299] Retrieving data for peachfolio @ https://bscscan.com/token/0xc1cbfb96a1d5361590b8df04ef78de2fa3178390
[2021-06-21 13:40:17.114341] Retrieving data for SpaceBull @ https://bscscan.com/token/0x64c6097da69af179d3de6e764790492165d7b46d
[2021-06-21 13:40:26.390675] Retrieving data for PumpkinCake @ https://bscscan.com/token/0x5a3f946fb7cc61b9c7e99db4f1e641348da7663b
[2021-06-21 13:40:35.631844] Retrieving data for XGOLD @ https://bscscan.com/token/0x34088ae7ce43ffced6c567dd470502454c294ac0
[2021-06-21 13:40:44.594042] Retrieving data for GoatRise @ https://bscscan.com/token/0x3064d23336dfcddae3d641f031262546a013bf8f
[2021-06-21 13:40:53.833195] Retrieving data for FELICETTE @ https://bscscan.com/token/0x19bb38bbc47a132da22c7aca23d166328377e97b
[2021-06-21 13:41:03.369717] Retrieving data for CumSock @ https://bscscan.com/token/0x691f038e1d3c2e34bb2e6e43333c764fd8e67925
[2021-06-21 13:41:13.457154] Retrieving data for SafeGem @ https://bscscan.com/token/0x4403ddb63095b6cc52155b70968c2a262ac6af76
[2021-06-21 13:41:22.482224] Retrieving data for STAR BLITZ  @ https://bscscan.com/token/0x09479c9f4943a0a2096ff35fbcec032bf32aca4b
[2021-06-21 13:41:31.739053] Retrieving data for EverErect @ https://bscscan.com/token/0x7fe3cadafb1195d26bb865f94b554b38ae01a87d
[2021-06-21 13:41:41.461088] Retrieving data for Canny Tech @ https://bscscan.com/token/0x108bf31b1a447a88cc65f2f8d8ea3007b4b9f34d
[2021-06-21 13:41:50.935243] Retrieving data for SpaceRocket @ https://bscscan.com/token/0xe4252c44717633623745cef0ca0b520b52d4d1ed
[2021-06-21 13:41:59.865532] Retrieving data for FreedomDoge @ https://bscscan.com/token/0xda2ecd4509dfdf06dadd08a2ae657d47b60cb0b1
[2021-06-21 13:42:09.169907] Retrieving data for TikToken @ https://bscscan.com/token/0x82dd3a1be82e7ab1d0c0fc485462d4d37e13a29c
[2021-06-21 13:42:18.344558] Retrieving data for POLARICE @ https://bscscan.com/token/0x80486383251f782a9082b02266082b0b4efc66a0
[2021-06-21 13:42:27.479907] Retrieving data for MEMENTO @ https://bscscan.com/token/0x802b1e5338c0e9d97c31e861d4f299c16313401e
[2021-06-21 13:42:37.130629] Retrieving data for ColossusToken @ https://bscscan.com/token/0x20a77e6340f364e80989bb9b3095e5886e46da65
[2021-06-21 13:42:46.185798] Retrieving data for Astronomical Gainz @ https://bscscan.com/token/0x15c4f1e48fb90ac3d1ebe983c95064f9879b922d
[2021-06-21 13:42:55.440493] Retrieving data for Monkey King @ https://bscscan.com/token/0xccd159509c9cb46a1db69e938a6de0b880238136
[2021-06-21 13:43:05.195186] Retrieving data for EastonFinance @ https://bscscan.com/token/0x9f26cdd17eea7c7852f7796159480e0ee4d1a647
[2021-06-21 13:43:15.969670] Retrieving data for Mushroom @ https://bscscan.com/token/0x6ebd5ac31c64745270e04a8823bb72ab53be47c0
[2021-06-21 13:43:25.683215] Retrieving data for Shiba Dojo @ https://bscscan.com/token/0x146dc4efddc467754c63fa6f0a3c24dab6f738e9
[2021-06-21 13:43:34.799059] Retrieving data for Only The Brave @ https://bscscan.com/token/0x131308941d5e25307b7acf6e665aa050c00be7ac
[2021-06-21 13:43:44.477457] Retrieving data for Cursed If You Sell @ https://bscscan.com/token/0x0d9f6e92021c51fe5e5e161c63eafe8c4c99d15a
[2021-06-21 13:43:54.688094] Retrieving data for ROCKET SHIP️  @ https://bscscan.com/token/0x82a507453fbbfd409aeca500a4ed52467fff9ae9
[2021-06-21 13:44:05.099879] Retrieving data for Ternoa @ https://bscscan.com/token/0xd9a278329a50bd9b3a06da0f11072b3decec6238
[2021-06-21 13:44:14.957430] Retrieving data for Mount Scamulanjaro @ https://bscscan.com/token/0xbe6e89b9886146e5d34b0d23b0778590090e340c
[2021-06-21 13:44:23.919750] Retrieving data for BakerySwap @ https://bscscan.com/token/0xadcdced53ffc32578bf29697b26a269aa93da535
[2021-06-21 13:44:33.154048] Retrieving data for Bitcoin Inu @ https://bscscan.com/token/0xdcd335c0aea32211ac723cfd1e06317122d190c5
[2021-06-21 13:44:42.294429] Retrieving data for MonMon Coin @ https://bscscan.com/token/0xbb5530d8f870ccd7d1eb26da6efcd7b909ca303d
[2021-06-21 13:44:51.432887] Retrieving data for Lmoons @ https://bscscan.com/token/0xdb6f65296022c453b810ae1c7e24a92aa9997241
[2021-06-21 13:45:01.140693] Retrieving data for CHOCOLATEFARM @ https://bscscan.com/token/0x960ca727fdf3433fb49a245e4b558e656a2a39e8
[2021-06-21 13:45:11.987450] Retrieving data for SatoshiBeats @ https://bscscan.com/token/0x7afe7697e81b7fc17af8c54885b1a3ce6a2d62b7
[2021-06-21 13:45:21.765625] Retrieving data for Haru Haru @ https://bscscan.com/token/0x247628a99d1ea3b6347fde4480b8cad1887d2f75
[2021-06-21 13:45:30.993264] Retrieving data for ELONFAST @ https://bscscan.com/token/0xb1f967004ed9fb77d093ea41cca2a5734af330f9
[2021-06-21 13:45:40.194063] Retrieving data for SUN.IO @ https://bscscan.com/token/0x4bf7760c928486a2fb94ba05122f08665b4e2d02
[2021-06-21 13:45:49.297512] Retrieving data for WASD Token @ https://bscscan.com/token/0x41a21718a51605979ea1a80a489608a5c3668a92
[2021-06-21 13:45:58.207072] Retrieving data for Euro Coin @ https://bscscan.com/token/0xf7adc2f23334812ec4520d2a987fb3ca7da571e5
[2021-06-21 13:46:07.538507] Retrieving data for DorayakiCake @ https://bscscan.com/token/0xa15983858236ff1e744aeadd8e7557bf239fe9f4
[2021-06-21 13:46:18.139193] Retrieving data for FIFA FINANCE @ https://bscscan.com/token/0x14378c71db49e69227aceaf2e00bcdfa584c1dc7
[2021-06-21 13:46:27.324355] Retrieving data for Big Beautiful Women @ https://bscscan.com/token/0xef1df05615d6cf06b4a1da01391f72204d2ec7c9
[2021-06-21 13:46:36.490072] Retrieving data for LEMONCAKE @ https://bscscan.com/token/0xdec240a5d84dd0ba779de054836d8b81538a1f21
[2021-06-21 13:46:46.413652] Retrieving data for Smooth Love Potion @ https://bscscan.com/token/0xab7d25637ea699b3ed9e4b76a5148603d47c63e1
[2021-06-21 13:46:55.303216] Retrieving data for KeanuShiba @ https://bscscan.com/token/0x79c20fed6518e0b9ae409b5faf61647c386eaeee
[2021-06-21 13:47:04.936963] Retrieving data for Napoleon @ https://bscscan.com/token/0x646fef2397faaec603c81ca18ee8afd8e7b6af42
[2021-06-21 13:47:15.571826] Retrieving data for MoonRise @ https://bscscan.com/token/0x413d7a07426705a1f4e1fde9dc5950709dbc9ff9
[2021-06-21 13:47:25.437137] Retrieving data for Chibi Shiba Inu @ https://bscscan.com/token/0x305ebf3268c259c9dfa2794c6de8204003d043ff
[2021-06-21 13:47:34.401413] Retrieving data for Hymnode @ https://bscscan.com/token/0x302d9108af7382ce958b03ea7d5a621306536e79
[2021-06-21 13:47:44.511173] Retrieving data for MailBox @ https://bscscan.com/token/0x3e5953f9af8722f1b672a5a01b6aed7d72b2e671
[2021-06-21 13:47:54.064899] Retrieving data for ShibaGo @ https://bscscan.com/token/0x94127e3ce35df3f8fe0f8b507bab330ff6416dda
[2021-06-21 13:48:03.214862] Retrieving data for MyCocaine @ https://bscscan.com/token/0x8368d5028afd5964a237671ec40b5a0879ea1f75
[2021-06-21 13:48:12.284808] Retrieving data for SpaceCheese @ https://bscscan.com/token/0x725c3077932b03c8e47dabe41887db381b25020b
[2021-06-21 13:48:21.351949] Retrieving data for PING @ https://bscscan.com/token/0x5546600f77eda1dcf2e8817ef4d617382e7f71f5
[2021-06-21 13:48:31.713483] Retrieving data for Euro Finance @ https://bscscan.com/token/0x47d620e91485e3f4e0e354f99d459d7b8aefb012
[2021-06-21 13:48:41.320968] Retrieving data for Loki @ https://bscscan.com/token/0x37563be1e44eb96326b3fc1a05eecdc39835513c
[2021-06-21 13:48:51.344200] Retrieving data for WHITEMOCHA @ https://bscscan.com/token/0x0b86788dc6eaf67d202564266af74df63be3cca8
[2021-06-21 13:49:01.375319] Retrieving data for D€€Z Nuts BSC @ https://bscscan.com/token/0x6e51c45435950e8759adc604cc3a0cdab0726196
[2021-06-21 13:49:10.963459] Retrieving data for Anonymous Token @ https://bscscan.com/token/0x4fa8b3fade4ecdb6053ec73ad6b68cb75dc2a9a1
[2021-06-21 13:49:20.053800] Retrieving data for RafaleToken @ https://bscscan.com/token/0x43e2de970c0d69f809370c5b71b9587b3f23e4e3
[2021-06-21 13:49:29.491901] Retrieving data for SHIBA RISE @ https://bscscan.com/token/0x0766d199d90b3c1ae34cb12281ec83142abcca0a
[2021-06-21 13:49:39.361086] Retrieving data for Father @ https://bscscan.com/token/0xb3c3e669f2d482039be8c131200e73a71fb2f659
[2021-06-21 13:49:48.236556] Retrieving data for Kishu Inu @ https://bscscan.com/token/0x7e31aeb9d425f6d86bd06e9501cc6958a0fe3c05
[2021-06-21 13:49:58.223238] Retrieving data for BSC BOOM️  @ https://bscscan.com/token/0xe85577ab67be8becb6c0f785c46de74205475fc4
[2021-06-21 13:50:07.102283] Retrieving data for StarShot @ https://bscscan.com/token/0x00bd7c72e6fe831d820aea88edf1497818249b05
[2021-06-21 13:50:16.136775] output CSV saved ./csv/NewTokens21062021_135016.csv
[2021-06-21 13:50:16.136867] Scrape Job Sleeping For 1
