[2021-06-21 15:29:16.988161] Retrieving data for Official Mars Token @ https://etherscan.io/token/0x4e30910845f0cb4f66781b35c832eafc09774022
[2021-06-21 15:29:26.159765] Retrieving data for ePlatinum @ https://etherscan.io/token/0x57b3140f522a3ef2f98c046f78e0d03075908591
[2021-06-21 15:29:36.435378] Retrieving data for Football Inu @ https://etherscan.io/token/0x48a3d9510f7c2aa61a285ccb4eaa5ba072692468
[2021-06-21 15:29:45.673772] Retrieving data for Cookie Inu @ https://etherscan.io/token/0x22709596fc3c3f3ad865b5a52f66af156aca32a9
[2021-06-21 15:29:55.534873] Retrieving data for Zet Inu @ https://etherscan.io/token/0xbc130b1cd40c722f54baaa1c92651dd630d73d99
[2021-06-21 15:30:04.823141] Retrieving data for Nabox @ https://etherscan.io/token/0x630bc7dd0abfc2d196289ce09db947dd2cafae7c
[2021-06-21 15:30:14.932976] Retrieving data for Gucci_Inu @ https://etherscan.io/token/0xcdd475d3e64ef21b5dd8b9920143d5b0b19f42c2
[2021-06-21 15:30:25.696655] Retrieving data for MansionCash @ https://etherscan.io/token/0x4a013d18330880167a2507bc7b2a90bd2c912ec7
[2021-06-21 15:30:36.582792] Retrieving data for Vara  Inu @ https://etherscan.io/token/0xb798ab0b48a9fd695e9e3b501ecab7a2fac4a6c2
[2021-06-21 15:30:46.542578] Retrieving data for Be Loaded Finance @ https://etherscan.io/token/0xa1b6fc4f2ab4e41c49e92121dc3a1ebc7549b695
[2021-06-21 15:30:56.860096] Retrieving data for Rolar  Inu @ https://etherscan.io/token/0x31925997851d0516f3d603150b2ee00b41ba899c
[2021-06-21 15:31:06.967065] Retrieving data for Rising Inu @ https://etherscan.io/token/0x23a76287b0a1f96d2409dacd35d1cdc5d90d7b1d
[2021-06-21 15:31:16.322198] Retrieving data for PolkaDoge @ https://etherscan.io/token/0x339a112b5919bcf5311cda0fe176cc69b67008cc
[2021-06-21 15:31:28.366173] Retrieving data for DUMB Token @ https://etherscan.io/token/0xbc2878faa8a634ab92b1e8194cca9a88db52e8df
[2021-06-21 15:31:39.136461] Retrieving data for Ever Rising Inu @ https://etherscan.io/token/0xe0fe35312c8c8a2d5a70bd594ec8e6335f6b45dd
[2021-06-21 15:31:48.166676] Retrieving data for Hishu Inu Finance @ https://etherscan.io/token/0x89c58d698066c84caede98640fcd1ed01d74fe50
[2021-06-21 15:31:57.627442] Retrieving data for EtherDog @ https://etherscan.io/token/0x253d91dd6ea22d0d50220fd84ccba14047e5e644
[2021-06-21 15:32:06.629921] Retrieving data for Konomi Inu @ https://etherscan.io/token/0x1ddc2516f7799710507c09a0df244f94bf04c285
[2021-06-21 15:32:16.168823] Retrieving data for SuperAidi Inu @ https://etherscan.io/token/0x161eeb1463b26dd81f07e94076f2175dd3be052a
[2021-06-21 15:32:29.024714] Retrieving data for Quilboar Coin @ https://etherscan.io/token/0xd5ba1b7a104ac7623463d41fa9f1303c944ba30d
[2021-06-21 15:32:38.530918] Retrieving data for Thunder Finance @ https://etherscan.io/token/0x4519817b4801c39936d4e5b793cf93eeaf5c6936
[2021-06-21 15:32:48.138413] Retrieving data for Wrapped BCH @ https://etherscan.io/token/0xf7b4d113c5da1c99bdb64ca4b538b92cfc52f3dc
[2021-06-21 15:32:57.963504] Retrieving data for EverRiseCoin @ https://etherscan.io/token/0x61548411dfa6e522b7e5b83e1f85291b017312ea
[2021-06-21 15:33:06.913250] Retrieving data for BotzCoin @ https://etherscan.io/token/0x4e58c6d34d1e055e8d3943ffb1fed662d0aa9c10
[2021-06-21 15:33:16.516696] Retrieving data for Ape Finance ð¦ @ https://etherscan.io/token/0xefb0e363fec9e04999a9b8803421d27765258ffd
[2021-06-21 15:33:26.142288] Retrieving data for eHODL @ https://etherscan.io/token/0xcccdb294b52fc00051bf694fc798efee33bc0358
[2021-06-21 15:33:35.810116] Retrieving data for Phoenix Token @ https://etherscan.io/token/0x2c621e8f188fc0fcce5d0307c83e9c4dcfd3c08c
[2021-06-21 15:33:44.978245] Retrieving data for SafeBear @ https://etherscan.io/token/0x281fbb8cf9e988953237ea4db8b9e255f28ac703
[2021-06-21 15:33:54.132733] Retrieving data for Hungry Kitty ð±ð£ @ https://etherscan.io/token/0x3d62c922d586ffdc0e7cd15a46ab8785b15b997d
[2021-06-21 15:34:05.927512] Retrieving data for ForeverUp @ https://etherscan.io/token/0x81afa8aca19d5693883b0b1e10ae1ccaf2f42781
[2021-06-21 15:34:14.796453] Retrieving data for 100x @ https://etherscan.io/token/0x368f1896be0b38d4d56a4e9053a31cf5b7382f0b
[2021-06-21 15:34:24.014622] Retrieving data for DogCatcher @ https://etherscan.io/token/0xa940d2ee07197c4d5687f45b1defe8a9c4d509f1
[2021-06-21 15:34:33.331330] Retrieving data for Fat Cow @ https://etherscan.io/token/0xde4ef1b4826a1310d1a32ff35b94e3cb3e549667
[2021-06-21 15:34:42.354363] Retrieving data for Geisha Token @ https://etherscan.io/token/0x68fc940b9c271e32833c488f91fe81f8f9383ae5
[2021-06-21 15:34:52.051618] Retrieving data for North Korea Token @ https://etherscan.io/token/0x61e2588417a835405105771a585a43bc4a41e782
[2021-06-21 15:35:01.541509] Retrieving data for ForeverUp @ https://etherscan.io/token/0xadd61ba28f0912f51593d7778309445f2abfd1d7
[2021-06-21 15:35:10.909656] Retrieving data for MoonKat @ https://etherscan.io/token/0x8fbf4327e01a18ee0a7dddc019a5c0d0f1ced7a2
[2021-06-21 15:35:19.940509] Retrieving data for Atomic Doge @ https://etherscan.io/token/0x76852855f4545aeaa297485b2c76bacbe9d9fdd0
[2021-06-21 15:35:29.210660] Retrieving data for SHIBAMAX INU @ https://etherscan.io/token/0xa9aa1921537da0138b61331b4b246aacbd9abaa0
[2021-06-21 15:35:38.999360] Retrieving data for Chocolate Shiba t.me/ChocolateShiba @ https://etherscan.io/token/0x7ec095806670a804efb9a771bdb0f1bbf0d950fa
[2021-06-21 15:35:48.168592] Retrieving data for bounty @ https://etherscan.io/token/0x3f031bb99a5f4c78a78c443e01ffc107d0fe4847
[2021-06-21 15:35:58.118078] Retrieving data for ð SUPERSTAR| @ https://etherscan.io/token/0x060a890048dcb6d39f3f30066fab3d874d24ca48
[2021-06-21 15:36:09.098732] Retrieving data for DogstonksPro (dogstonks.com) @ https://etherscan.io/token/0xe7a7ef72466167ff78e08ad76b12ca0c13c496e1
[2021-06-21 15:36:18.385555] Retrieving data for ForeverUpToken @ https://etherscan.io/token/0xcbac698e9b4dcfa1e6c895d7e0d451da2f595135
[2021-06-21 15:36:29.043746] Retrieving data for Shuukyuu Shoujo @ https://etherscan.io/token/0xf42006c90a2cb670694887e473af16154f6858f8
[2021-06-21 15:36:37.954371] Retrieving data for Doge Superhero @ https://etherscan.io/token/0x40428f31a6765a7985786fd0427be366cee691f3
[2021-06-21 15:36:47.161374] Retrieving data for Miko @ https://etherscan.io/token/0xe0ed41628fa610f525a989e847a0099f22bc7681
[2021-06-21 15:36:57.389363] Retrieving data for eDiamondHands @ https://etherscan.io/token/0xa08db18d7c633871477887cf9db77e63bb69cf74
[2021-06-21 15:37:07.765452] Retrieving data for Tom Inu @ https://etherscan.io/token/0x2d0e64b6bf13660a4c0de42a0b88144a7c10991f
[2021-06-21 15:37:16.808233] Retrieving data for Shiba Chocolate | t.me/ShibaChocolate @ https://etherscan.io/token/0x31a4f372aa891b46ba44dc64be1d8947c889e9c6
[2021-06-21 15:37:26.897894] Retrieving data for Conjure @ https://etherscan.io/token/0x00a55375002f3cda400383f479e7cd57bad029a9
[2021-06-21 15:37:37.057378] Retrieving data for Guacamole @ https://etherscan.io/token/0xc66800c00b8e6a5d5d8cfa2b90876dcafa7ea41b
[2021-06-21 15:37:46.038111] Retrieving data for Calendula Finance @ https://etherscan.io/token/0x6bb489c26db43c30ebbccd38b26fc2def943e99f
[2021-06-21 15:37:55.122650] Retrieving data for GivingToServices SVS @ https://etherscan.io/token/0x7ca62545a380e7d71f8f5cfa14b9211002075930
[2021-06-21 15:38:04.320771] Retrieving data for Precharge @ https://etherscan.io/token/0x2925c2a312a4934fd695fab72b1e425cc41978f2
[2021-06-21 15:38:15.288110] Retrieving data for SHIBAIR INU @ https://etherscan.io/token/0x7b4947e6b6095289fc88ef6a2206a1f6941dd231
[2021-06-21 15:38:24.649067] Retrieving data for https://t.me/Diamond_Hand100X @ https://etherscan.io/token/0xcc5a5de1b37a503c7943c8f261fb6b811c53aa81
[2021-06-21 15:38:34.374477] Retrieving data for Dragon Coin @ https://etherscan.io/token/0x58289c502edb49b4a535c464499a342ce3ca3416
[2021-06-21 15:38:43.329251] Retrieving data for Ethereum Wet Ass Pussy @ https://etherscan.io/token/0x9072023239dc70a121b7cb62dfca2a500d1ce559
[2021-06-21 15:38:52.508328] Retrieving data for Thirsty Camel @ https://etherscan.io/token/0xf865dd74167e07dcb1a3b5124f43b935184553cc
[2021-06-21 15:39:01.488806] Retrieving data for SpaceX @ https://etherscan.io/token/0x8976f31100c6381c99a2fac61e6a598f41687955
[2021-06-21 15:39:10.634475] Retrieving data for Raichu @ https://etherscan.io/token/0xda1c18bf25ca69fca7d0d75184d2fc6bd3a14ec8
[2021-06-21 15:39:19.621648] Retrieving data for Scrooge McDuck @ https://etherscan.io/token/0x0b6d6f64bcf965417afe6dbc800b4958ce01fd6b
[2021-06-21 15:41:09.299091] Retrieving data for Shiba Cigarettes @ https://etherscan.io/token/0x4708e59fe1010f4ec27d6a8851edb18bee7f3328
[2021-06-21 15:41:18.189893] Retrieving data for MoonRise @ https://etherscan.io/token/0x5c2d8e1a95acbf838afd0237ec6863fd94940b10
[2021-06-21 15:41:28.190048] Retrieving data for EverMusk @ https://etherscan.io/token/0x2f49e5b77f3ba99e85b87412cdf1bd8ff12a95fc
[2021-06-21 15:41:37.898618] Retrieving data for PUNTU @ https://etherscan.io/token/0xe394b81dd266b14bf781afb000a98ac498fe2e10
[2021-06-21 15:41:46.881574] Retrieving data for Timeless Inu @ https://etherscan.io/token/0x96d5ff2fd959ebe18cb093e5c3873a0b89a397ac
[2021-06-21 15:41:55.950928] Retrieving data for Cyber Shiba Inu (cybershiba.finance) @ https://etherscan.io/token/0x3ae168c6ea1ca3032733cd35a17bf5330da78f78
[2021-06-21 15:42:05.295521] Retrieving data for HungryShibaInu @ https://etherscan.io/token/0xa7d5c2edbccf83259675c3832ab4dfd2363a9ad3
[2021-06-21 15:42:14.726784] Retrieving data for BearTears @ https://etherscan.io/token/0x826eb69cfb247166c63f4fa737c365b0d7c274a6
[2021-06-21 15:42:23.820925] Retrieving data for MusubiFOMO @ https://etherscan.io/token/0xc3596dd4c28e6a792b08c6f657cda5b3936b09cd
[2021-06-21 15:42:32.946922] Retrieving data for Jungle Token @ https://etherscan.io/token/0xbfc7546452c89ce5c5435663d78d1e20d18a8241
[2021-06-21 15:42:42.100167] Retrieving data for Builda Inu @ https://etherscan.io/token/0x9d52dde1b84264fe42faffa58741842e4d6af02e
[2021-06-21 15:42:52.032465] Retrieving data for Musubi @ https://etherscan.io/token/0x8ee04e1e9400d4e2091ff3a46509e246e2f34542
[2021-06-21 15:43:00.952121] Retrieving data for Serium Investing @ https://etherscan.io/token/0xdf21dcbbc4f47982ad628619d0b78d8ff694dd79
[2021-06-21 15:43:10.239757] Retrieving data for Yellow Stone @ https://etherscan.io/token/0x54a68f4d604fcc185acd238572d12a984d9b55b0
[2021-06-21 15:43:19.273702] Retrieving data for Robo Shiba @ https://etherscan.io/token/0x452e2717571395173e2598e5a509a3d55083b592
[2021-06-21 15:43:28.431703] Retrieving data for ShibNinja (t.me/shibninja) @ https://etherscan.io/token/0x836a4265c7b0e73d1caf5e29cad08d8355737589
[2021-06-21 15:43:37.606601] Retrieving data for AurusDeFi @ https://etherscan.io/token/0xa51fc71422a30fa7ffa605b360c3b283501b5bf6
[2021-06-21 15:43:47.726377] Retrieving data for BoringDAO @ https://etherscan.io/token/0xbc19712feb3a26080ebf6f2f7849b417fdd792ca
[2021-06-21 15:43:57.179407] Retrieving data for Switcheo @ https://etherscan.io/token/0xb4371da53140417cbb3362055374b10d97e420bb
[2021-06-21 15:44:07.935839] Retrieving data for Evanesco Network @ https://etherscan.io/token/0xd6caf5bd23cf057f5fccce295dcc50c01c198707
[2021-06-21 15:44:17.138416] Retrieving data for Handshake @ https://etherscan.io/token/0xa771b49064da011df051052848477f18dba1d2ac
[2021-06-21 15:44:27.180026] Retrieving data for FootBall Sport @ https://etherscan.io/token/0xb6b392f419b39bc5d2a9241c057243463a3c2984
[2021-06-21 15:44:37.229742] Retrieving data for SywCoin @ https://etherscan.io/token/0x53f3cb58c45ff3966a14986806f46d8605e3961a
[2021-06-21 15:44:46.285408] Retrieving data for Baby Chihua Token @ https://etherscan.io/token/0x5a337fb3bf5d8d03e954498850b85b338b16dc3f
[2021-06-21 15:44:55.696641] Retrieving data for ButtPoop @ https://etherscan.io/token/0x626076d3677b6909d3d399dca0df4f7c343f121d
[2021-06-21 15:45:05.799333] Retrieving data for ETHERMOON @ https://etherscan.io/token/0x961ba76485262630bcce7380b13d14adf5a004fa
[2021-06-21 15:45:14.738326] Retrieving data for Ethereum Tight Asian Pussy @ https://etherscan.io/token/0x5441f7457601b0bb89a4335337a41af13c041396
[2021-06-21 15:45:23.936907] Retrieving data for DeversiFi @ https://etherscan.io/token/0xdddddd4301a082e62e84e43f474f044423921918
[2021-06-21 15:45:33.470316] Retrieving data for Polytrade @ https://etherscan.io/token/0x6e5970dbd6fc7eb1f29c6d2edf2bc4c36124c0c1
[2021-06-21 15:45:42.744167] Retrieving data for SHIBART TOKEN @ https://etherscan.io/token/0x9272d147b49bb8f03d381333047a6ce9595e89fa
[2021-06-21 15:45:53.067324] Retrieving data for Meow Inu @ https://etherscan.io/token/0x57b91bd0e298d27812b68511effd659111a4e310
[2021-06-21 15:46:02.457134] Retrieving data for Ethereum Big Black Cock @ https://etherscan.io/token/0xfa247066958637af6b4cc04bccecad2b6b107200
[2021-06-21 15:46:12.111013] Retrieving data for Ice Cube @ https://etherscan.io/token/0x05bc8eb2ff284989c720cb5e468ea8c51d70fb2a
[2021-06-21 15:46:25.926959] Retrieving data for Doge Pilot @ https://etherscan.io/token/0xf9c406c50fdb966a8e751390eb5a5b5c1d81537f
[2021-06-21 15:46:35.517883] Retrieving data for Lao Inu (t.me/laoinu) @ https://etherscan.io/token/0xcef5712c132a5f7ad20dcbbe7da2edfe1acaaec2
[2021-06-21 15:46:44.535670] Retrieving data for LAO INU @ https://etherscan.io/token/0x820a8a18b8bd035e4f948938c18ab72d4007cb11
[2021-06-21 15:46:54.374159] Retrieving data for Shuba Inu @ https://etherscan.io/token/0x75bc772d2252e0bfec04536b367710e982937d39
[2021-06-21 15:47:03.241418] Retrieving data for Gold Block @ https://bscscan.com/token/0xca8928a41c788e60581ba1c05ce033c849abc3bf
[2021-06-21 15:47:13.566171] Retrieving data for ChipMunkBSC @ https://bscscan.com/token/0xc68ce983b91b60391385170af3117c4ecea65b4e
[2021-06-21 15:47:23.212119] Retrieving data for EverBoom @ https://bscscan.com/token/0xb082fd9e341ed77bd70a802f7734faf98d325b92
[2021-06-21 15:47:32.766021] Retrieving data for MoonRise @ https://bscscan.com/token/0x9c14abd5bb3b74313feb2f3d1a22a1a10741473d
[2021-06-21 15:47:41.905410] Retrieving data for Sukuna @ https://bscscan.com/token/0x85f00d28889852f4ec2b42f355590dae0db00baf
[2021-06-21 15:47:52.533597] Retrieving data for SunRise @ https://bscscan.com/token/0xfe258ed026a50d755de99d19775494a949309347
[2021-06-21 15:48:01.699499] Retrieving data for Vulcan Token @ https://bscscan.com/token/0xd7f7827507c49235a2a6c13ce07bac75ab183ea8
[2021-06-21 15:48:11.964960] Retrieving data for DOTDOWN @ https://bscscan.com/token/0x69b33396065c56769ba66c9ced1e8d05ffb42c19
[2021-06-21 15:48:21.947953] Retrieving data for LUXURY @ https://bscscan.com/token/0x5dbbffc5ceedc85767f834fe363562667ffe7007
[2021-06-21 15:48:31.169880] Retrieving data for ZIGZAG @ https://bscscan.com/token/0x462fc342f7420835cf259ea9043382c3977d870f
[2021-06-21 15:48:40.675614] Retrieving data for SQUIDPAW @ https://bscscan.com/token/0x221435a065b1f63d67f65a7059a064dc5f1a4936
[2021-06-21 15:48:49.683520] Retrieving data for SoulKing @ https://bscscan.com/token/0x0060a01c3a423f406bd50d556e1fba43ec53341d
[2021-06-21 15:48:58.589031] Retrieving data for CrossWallet @ https://bscscan.com/token/0xb4084b27fc030533121ec36387a6ba24f0737586
[2021-06-21 15:49:08.967859] Retrieving data for CRYPTO MOON SHOTS  @ https://bscscan.com/token/0x92c7a486fefafcf372c1f82f957b9d5cd05e115d
[2021-06-21 15:49:18.696528] Retrieving data for Shikoku Inu @ https://bscscan.com/token/0x06c90989de9f27737381d446437a22940bc802da
[2021-06-21 15:49:28.650834] Retrieving data for Aqua Duck @ https://bscscan.com/token/0xfc9728b9794b8f2634ce65151a162803397238a6
[2021-06-21 15:49:38.590135] Retrieving data for BigTits @ https://bscscan.com/token/0x629321902ec5f8a60edcb9f4265be41d39e43e76
[2021-06-21 15:49:47.789273] Retrieving data for OXgen @ https://bscscan.com/token/0xd502f6059b2698c59a31da866d8bf55b3a348cfc
[2021-06-21 15:49:56.752048] Retrieving data for Atomic @ https://bscscan.com/token/0xca5d1da84b6ce82f092a2164efbe06ede882fd45
[2021-06-21 15:50:06.035401] Retrieving data for Joker @ https://bscscan.com/token/0x81b156eca57f83f66d990a04b7b923ad5dae609a
[2021-06-21 15:50:15.458531] Retrieving data for Nexamoon @ https://bscscan.com/token/0x172326fc3ec05d25f6ffbb554b7362bbc30cfe1a
[2021-06-21 15:50:25.036127] Retrieving data for Baby EverRise @ https://bscscan.com/token/0xd0ae1e0418551a5f77b7f0f754bd7f41f1f0c786
[2021-06-21 15:50:35.134050] Retrieving data for RabbitHouse @ https://bscscan.com/token/0x048692e46ea55c563edebd10b98e32ace8e2d329
[2021-06-21 15:50:44.473938] Retrieving data for PowerBalloon @ https://bscscan.com/token/0xc13eae9c53812f9e59fbb5154263e55b4683cd54
[2021-06-21 15:50:53.609431] Retrieving data for SafeHamster @ https://bscscan.com/token/0xb21b6a4b6239ee48a98434b4a326a902b2bff26d
[2021-06-21 15:51:02.606141] Retrieving data for Star Miner @ https://bscscan.com/token/0x816797078f011715591e31e8bbe7efd034f6aea6
[2021-06-21 15:51:11.802849] Retrieving data for JUSTRISE @ https://bscscan.com/token/0x78775c9dddcc6af1d2a4d8428384e01ab2dd0f48
[2021-06-21 15:51:22.023614] Retrieving data for Mr.Crab @ https://bscscan.com/token/0x7145ffb6ed0d96516bc479cf6d7532177428d0b1
[2021-06-21 15:51:31.615573] Retrieving data for SummerShiba @ https://bscscan.com/token/0x59f851ccd01df9e1a589c9b9b9da6b854d6d81b6
[2021-06-21 15:51:40.915704] Retrieving data for EverCorgiToken @ https://bscscan.com/token/0x35ee0268c945e39fd65a9e07c84071fbf08136f2
[2021-06-21 15:51:51.582214] Retrieving data for Battosai @ https://bscscan.com/token/0xad0d3be79a499928ada25fbfcfbf32da6415eb86
[2021-06-21 15:52:01.178909] Retrieving data for CyberDoge @ https://bscscan.com/token/0x2ff8f8f6b014ed0b5e5804e2bdb78bcb604e4c6d
[2021-06-21 15:52:10.404977] Retrieving data for BabySitter @ https://bscscan.com/token/0x26b9f129c2a077467daed29f8774bc83cccbde27
[2021-06-21 15:52:20.211790] Retrieving data for SIREN INU @ https://bscscan.com/token/0x0ecd9f04c9a570cc1d7f3d1ecb0c23986fb52a80
[2021-06-21 15:52:29.529320] Retrieving data for Elon EverDoge @ https://bscscan.com/token/0x6ec57dab665aad4a0cbf4274561a26bce662e0bd
[2021-06-21 15:52:38.657346] Retrieving data for MOONRISER @ https://bscscan.com/token/0x4e58c806c8f1ba7021864688cff3400fe8540203
[2021-06-21 15:52:47.898572] Retrieving data for PinkCarrot @ https://bscscan.com/token/0x3d31a7b4f3e5849e5e83702d25f66b8238bd7881
[2021-06-21 15:52:58.039459] Retrieving data for SafePlanet🌎 @ https://bscscan.com/token/0xb592eff36c0d1b082166e55f0941b86bd10159aa
[2021-06-21 15:53:07.242987] Retrieving data for UPSHINE @ https://bscscan.com/token/0xf45a139ca99a7f622b6a8bb713af705d59202684
[2021-06-21 15:53:17.178130] Retrieving data for AYY LMAO @ https://bscscan.com/token/0xea11ba59d500cfa8cfeec1128307a2f030666fec
[2021-06-21 15:53:26.333283] Retrieving data for Gopnik @ https://bscscan.com/token/0xe0e5001a4ee5dc00a002d43731fa6b1cfb37862e
[2021-06-21 15:53:35.692048] Retrieving data for CoShi Inu @ https://bscscan.com/token/0xd1df372011e3220280bdcff11b37b234c109e3e2
[2021-06-21 15:53:45.628883] Retrieving data for TOKEN SNIFFER  @ https://bscscan.com/token/0x9326010edf5bfdc39b379bbfe1fb2796f90bb1d7
[2021-06-21 15:53:54.935671] Retrieving data for Paisa Token @ https://bscscan.com/token/0x0b2c6f5f177fdd9326039b3110887f2d0f98f713
[2021-06-21 15:54:04.905358] Retrieving data for 8BIT DOGE @ https://bscscan.com/token/0x003f83da9868acc151be89eefa4d19838ffe5d64
[2021-06-21 15:54:14.117367] Retrieving data for Kawakami Finance @ https://bscscan.com/token/0xfb6f23c17238e6caf485124f2c950e3a8b045990
[2021-06-21 15:54:23.221241] Retrieving data for Octoking @ https://bscscan.com/token/0xd93c6547cc8209c25d71c0b18971dbbdccbb9dfe
[2021-06-21 15:54:33.131204] Retrieving data for InuFather @ https://bscscan.com/token/0xbbd94683a911ed3973ff4698a2e27d9e1d17f9cf
[2021-06-21 15:54:42.132589] Retrieving data for ButterSwap @ https://bscscan.com/token/0x95323c94d415094af09daac5283a5bf10c6234a0
[2021-06-21 15:54:52.313319] Retrieving data for BabyDogeRise @ https://bscscan.com/token/0x914cc3028bbcc28034f96b077c6a51bd34e2206a
[2021-06-21 15:55:01.235292] Retrieving data for RisePhoenix @ https://bscscan.com/token/0x3167952cd68286257c817b2f804a9fbad34155a1
[2021-06-21 15:55:10.280462] Retrieving data for ❌Not Financial Advice @ https://bscscan.com/token/0x0eddd9b88337c3fd37a6240770727c0ba3713e47
[2021-06-21 15:55:19.464022] Retrieving data for GrimReaper @ https://bscscan.com/token/0x0e31b2787c4a5f565093e7a409211e30106d1b93
[2021-06-21 15:55:28.705422] Retrieving data for EarnBUSD @ https://bscscan.com/token/0x77eb016273e7da99b827357474bae4eaf41befb8
[2021-06-21 15:55:37.861594] Retrieving data for POLYPIG @ https://bscscan.com/token/0xff39754755237b13441308db986e97d599034aac
[2021-06-21 15:55:46.833788] Retrieving data for Yezion Tech @ https://bscscan.com/token/0x7b5bd9096325bd0c3b70eda63e16867c287a2e4f
[2021-06-21 15:55:56.107855] Retrieving data for Diesel @ https://bscscan.com/token/0xf144d73e576fbf1d5c877f7300bd344a396470b9
[2021-06-21 15:56:05.409465] Retrieving data for Crip Coin @ https://bscscan.com/token/0x8a0dffe3963f21074c51d3c837fe81b20364245d
[2021-06-21 15:56:14.781235] Retrieving data for FeralImp @ https://bscscan.com/token/0x22a0bde80471466a146ed1856fa3e78278713bd4
[2021-06-21 15:56:24.434327] Retrieving data for peachfolio @ https://bscscan.com/token/0xc1cbfb96a1d5361590b8df04ef78de2fa3178390
[2021-06-21 15:56:33.461978] Retrieving data for SpaceBull @ https://bscscan.com/token/0x64c6097da69af179d3de6e764790492165d7b46d
[2021-06-21 15:56:42.337195] Retrieving data for PumpkinCake @ https://bscscan.com/token/0x5a3f946fb7cc61b9c7e99db4f1e641348da7663b
[2021-06-21 15:56:51.282520] Retrieving data for XGOLD @ https://bscscan.com/token/0x34088ae7ce43ffced6c567dd470502454c294ac0
[2021-06-21 15:57:00.436983] Retrieving data for GoatRise @ https://bscscan.com/token/0x3064d23336dfcddae3d641f031262546a013bf8f
[2021-06-21 15:57:10.322673] Retrieving data for FELICETTE @ https://bscscan.com/token/0x19bb38bbc47a132da22c7aca23d166328377e97b
[2021-06-21 15:57:20.184126] Retrieving data for CumSock @ https://bscscan.com/token/0x691f038e1d3c2e34bb2e6e43333c764fd8e67925
[2021-06-21 15:57:29.079716] Retrieving data for SafeGem @ https://bscscan.com/token/0x4403ddb63095b6cc52155b70968c2a262ac6af76
[2021-06-21 15:57:38.055029] Retrieving data for STAR BLITZ  @ https://bscscan.com/token/0x09479c9f4943a0a2096ff35fbcec032bf32aca4b
[2021-06-21 15:57:46.964169] Retrieving data for EverErect @ https://bscscan.com/token/0x7fe3cadafb1195d26bb865f94b554b38ae01a87d
[2021-06-21 15:57:55.802524] Retrieving data for Canny Tech @ https://bscscan.com/token/0x108bf31b1a447a88cc65f2f8d8ea3007b4b9f34d
[2021-06-21 15:58:04.849787] Retrieving data for SpaceRocket @ https://bscscan.com/token/0xe4252c44717633623745cef0ca0b520b52d4d1ed
[2021-06-21 15:58:14.026067] Retrieving data for FreedomDoge @ https://bscscan.com/token/0xda2ecd4509dfdf06dadd08a2ae657d47b60cb0b1
[2021-06-21 15:58:23.938307] Retrieving data for TikToken @ https://bscscan.com/token/0x82dd3a1be82e7ab1d0c0fc485462d4d37e13a29c
[2021-06-21 15:58:33.010123] Retrieving data for POLARICE @ https://bscscan.com/token/0x80486383251f782a9082b02266082b0b4efc66a0
[2021-06-21 15:58:42.851343] Retrieving data for MEMENTO @ https://bscscan.com/token/0x802b1e5338c0e9d97c31e861d4f299c16313401e
[2021-06-21 15:58:51.944446] Retrieving data for ColossusToken @ https://bscscan.com/token/0x20a77e6340f364e80989bb9b3095e5886e46da65
[2021-06-21 15:59:00.933653] Retrieving data for Astronomical Gainz @ https://bscscan.com/token/0x15c4f1e48fb90ac3d1ebe983c95064f9879b922d
[2021-06-21 15:59:11.145404] Retrieving data for Monkey King @ https://bscscan.com/token/0xccd159509c9cb46a1db69e938a6de0b880238136
[2021-06-21 15:59:21.373706] Retrieving data for EastonFinance @ https://bscscan.com/token/0x9f26cdd17eea7c7852f7796159480e0ee4d1a647
[2021-06-21 15:59:30.429962] Retrieving data for Mushroom @ https://bscscan.com/token/0x6ebd5ac31c64745270e04a8823bb72ab53be47c0
[2021-06-21 15:59:39.447545] Retrieving data for Shiba Dojo @ https://bscscan.com/token/0x146dc4efddc467754c63fa6f0a3c24dab6f738e9
[2021-06-21 15:59:48.508299] Retrieving data for Only The Brave @ https://bscscan.com/token/0x131308941d5e25307b7acf6e665aa050c00be7ac
[2021-06-21 15:59:58.481517] Retrieving data for Cursed If You Sell @ https://bscscan.com/token/0x0d9f6e92021c51fe5e5e161c63eafe8c4c99d15a
[2021-06-21 16:00:08.088023] Retrieving data for ROCKET SHIP️  @ https://bscscan.com/token/0x82a507453fbbfd409aeca500a4ed52467fff9ae9
[2021-06-21 16:00:18.289066] Retrieving data for Ternoa @ https://bscscan.com/token/0xd9a278329a50bd9b3a06da0f11072b3decec6238
[2021-06-21 16:00:27.260902] Retrieving data for Mount Scamulanjaro @ https://bscscan.com/token/0xbe6e89b9886146e5d34b0d23b0778590090e340c
[2021-06-21 16:00:36.217784] Retrieving data for BakerySwap @ https://bscscan.com/token/0xadcdced53ffc32578bf29697b26a269aa93da535
[2021-06-21 16:00:46.347395] Retrieving data for Bitcoin Inu @ https://bscscan.com/token/0xdcd335c0aea32211ac723cfd1e06317122d190c5
[2021-06-21 16:00:55.462209] Retrieving data for MonMon Coin @ https://bscscan.com/token/0xbb5530d8f870ccd7d1eb26da6efcd7b909ca303d
[2021-06-21 16:01:05.363866] Retrieving data for Lmoons @ https://bscscan.com/token/0xdb6f65296022c453b810ae1c7e24a92aa9997241
[2021-06-21 16:01:15.433853] Retrieving data for CHOCOLATEFARM @ https://bscscan.com/token/0x960ca727fdf3433fb49a245e4b558e656a2a39e8
[2021-06-21 16:01:24.450248] Retrieving data for SatoshiBeats @ https://bscscan.com/token/0x7afe7697e81b7fc17af8c54885b1a3ce6a2d62b7
[2021-06-21 16:01:33.604766] Retrieving data for Haru Haru @ https://bscscan.com/token/0x247628a99d1ea3b6347fde4480b8cad1887d2f75
[2021-06-21 16:01:42.656035] Retrieving data for ELONFAST @ https://bscscan.com/token/0xb1f967004ed9fb77d093ea41cca2a5734af330f9
[2021-06-21 16:01:51.672292] Retrieving data for SUN.IO @ https://bscscan.com/token/0x4bf7760c928486a2fb94ba05122f08665b4e2d02
[2021-06-21 16:02:00.664859] Retrieving data for WASD Token @ https://bscscan.com/token/0x41a21718a51605979ea1a80a489608a5c3668a92
[2021-06-21 16:02:09.661387] Retrieving data for Euro Coin @ https://bscscan.com/token/0xf7adc2f23334812ec4520d2a987fb3ca7da571e5
[2021-06-21 16:02:18.723972] Retrieving data for DorayakiCake @ https://bscscan.com/token/0xa15983858236ff1e744aeadd8e7557bf239fe9f4
[2021-06-21 16:02:27.522217] Retrieving data for FIFA FINANCE @ https://bscscan.com/token/0x14378c71db49e69227aceaf2e00bcdfa584c1dc7
[2021-06-21 16:02:36.518799] Retrieving data for Big Beautiful Women @ https://bscscan.com/token/0xef1df05615d6cf06b4a1da01391f72204d2ec7c9
[2021-06-21 16:02:45.566738] output CSV saved ./csv/NewTokens21062021_160245.csv
[2021-06-21 16:02:45.566829] Scrape Job Sleeping For 1
