[2021-06-02 14:09:16.875811] Retrieving data for Saitama Inu @ https://etherscan.io/token/0x8b3192f5eebd8579568a2ed41e6feb402f93f73f
[2021-06-02 14:09:26.210746] Retrieving data for EthMoonClone.com @ https://etherscan.io/token/0x5f40d613d710b4ec87f530e6d35aadb69910b4fc
[2021-06-02 14:09:35.443581] Retrieving data for Ethereum Star â @ https://etherscan.io/token/0x39b00bdd39c4a1e6743a3f904816778db7e26904
[2021-06-02 14:09:44.549303] Retrieving data for DogKing @ https://etherscan.io/token/0x09c7d53dcf146fb9e373d406fb19ed330d9323c8
[2021-06-02 14:09:55.429955] Retrieving data for luckyinu @ https://etherscan.io/token/0xd1c8fa30fded3e0031dc24c1646d74108b096cc2
[2021-06-02 14:10:04.736793] Retrieving data for Give Global @ https://etherscan.io/token/0xc1019c697009708e6bd1cf12f57863bb751741c9
[2021-06-02 14:10:13.828736] Retrieving data for Give Global @ https://etherscan.io/token/0x99b7965bc3e02960a20cd5404f3d96d77acff4bc
[2021-06-02 14:10:23.255104] Retrieving data for American Hokkaidu Inu @ https://etherscan.io/token/0x4623aa7b4ed89bbf8461f6d402658a4a588ed8a2
[2021-06-02 14:10:32.787444] Retrieving data for EthereumPump @ https://etherscan.io/token/0x07eb738b399e9dbffab222604bce086b857bf415
[2021-06-02 14:10:41.939450] Retrieving data for Automata @ https://etherscan.io/token/0xa2120b9e674d3fc3875f415a7df52e382f141225
[2021-06-02 14:10:52.219011] Retrieving data for Cons Inu @ https://etherscan.io/token/0xec03af39131ab3b8509b87b9c9257b2e6651764d
[2021-06-02 14:11:03.254538] Retrieving data for DefureDoge @ https://etherscan.io/token/0x43b11adeba77fc12cc64179332b9d2fb03d535e7
[2021-06-02 14:11:12.303949] Retrieving data for Akita Cookies @ https://etherscan.io/token/0xf0c8ba02ec1d22827c98327e29e14ee7bed1cc0f
[2021-06-02 14:11:22.820399] Retrieving data for American KISHU @ https://etherscan.io/token/0xa85d6c5814d5dba03570ed0bad510e7d33fecd32
[2021-06-02 14:11:32.845014] Retrieving data for Ethereum Mango @ https://etherscan.io/token/0x38f08ad16b123d66aaefd5fb857e97f1e2213997
[2021-06-02 14:11:41.757929] Retrieving data for FIFA Ultimate Token @ https://etherscan.io/token/0x31ecdfa78039ce88135902137de160a535c1d2df
[2021-06-02 14:11:50.786370] Retrieving data for Flux Protocol @ https://etherscan.io/token/0x7645ddfeeceda57e41f92679c4acd83c56a81d14
[2021-06-02 14:12:00.218190] Retrieving data for SMSCodes @ https://etherscan.io/token/0x668f7dfb8c8d716839fa5dbea317d8723ebe6110
[2021-06-02 14:12:09.354817] Retrieving data for Laika Protocol @ https://etherscan.io/token/0x0bffc5692960bb043d3216839bdd6e5e64ff1b4e
[2021-06-02 14:12:18.351974] Retrieving data for Lollipop @ https://etherscan.io/token/0xfb6a7831bd2498accbc9fb97fc1b740752ed9f02
[2021-06-02 14:12:27.753217] Retrieving data for Litecoinmax @ https://etherscan.io/token/0x97825b4adee063b93dff926743f0efd86c648aaa
[2021-06-02 14:12:37.804752] Retrieving data for Ethereum Blue @ https://etherscan.io/token/0x726050cd09070d95e0bff86b64a4b02d4bf670f1
[2021-06-02 14:12:46.884434] Retrieving data for Baichi Inu @ https://etherscan.io/token/0x55f6539c34a09cfeabf6ab664c6eed6a48849af0
[2021-06-02 14:12:55.998565] Retrieving data for RockDoge @ https://etherscan.io/token/0x0620f4dacf224a6d7afd2603b4cb15ed74b786e6
[2021-06-02 14:13:05.113621] Retrieving data for Moji @ https://etherscan.io/token/0x744f742abbdb64e712ff6fb80c1287190354675c
[2021-06-02 14:13:15.075349] Retrieving data for CactusToken @ https://etherscan.io/token/0x5877f64b775b066c7fa655456a8a39a2c27a3f27
[2021-06-02 14:13:24.118041] Retrieving data for EthGold @ https://etherscan.io/token/0x9a8d675b57261c2aab618cc0a73dd75116e0db73
[2021-06-02 14:13:35.394697] Retrieving data for SNP Token @ https://etherscan.io/token/0x795dbf627484f8248d3d6c09c309825c1563e873
[2021-06-02 14:13:44.471375] Retrieving data for xDog Finance @ https://etherscan.io/token/0x6e5f79fbbacbcb8487ee1b110f0255d8b9139c47
[2021-06-02 14:13:53.926046] Retrieving data for eNFT @ https://etherscan.io/token/0x14af7e1692d68462def1e95e98b0801d7b5f20d4
[2021-06-02 14:14:02.982169] Retrieving data for 0x Protocol @ https://etherscan.io/token/0x80b81c6c7278f804e8327d20a18fde170272d3fa
[2021-06-02 14:14:12.009169] Retrieving data for Diamond Inu @ https://etherscan.io/token/0x51953caebba3f3f249f63d8949d8c4d60564b5b5
[2021-06-02 14:14:20.774439] Retrieving data for Keshi Inu @ https://etherscan.io/token/0x0b55bfec20f3c4d01995e956c9c63ff29ba81bf0
[2021-06-02 14:14:30.256006] Retrieving data for Ethereum KOJI @ https://etherscan.io/token/0x64a20352f977898b63dbc893d13dd26be654851a
[2021-06-02 14:14:39.466090] Retrieving data for Ethereum PUMP @ https://etherscan.io/token/0x26eea8b05001cc341e96a4e1f306c8cf9e37a33b
[2021-06-02 14:14:48.543679] Retrieving data for EthanolShiba @ https://etherscan.io/token/0xdada46cd19bf7119863aa9d1041e5c15f23bb9ba
[2021-06-02 14:14:57.523010] Retrieving data for Legless Captain Tsubasa @ https://etherscan.io/token/0xaf44786a03b31309bc53a81164428f5f76f4ef5b
[2021-06-02 14:15:06.738467] Retrieving data for Ethereum Charizard @ https://etherscan.io/token/0x6e42a6748f5ec8b5b22af1ddc67101381be13c3f
[2021-06-02 14:15:15.795333] Retrieving data for Meowth @ https://etherscan.io/token/0x41c2f170f3f1b2c9a66edec1e61069fd67edd413
[2021-06-02 14:15:25.287474] Retrieving data for Ethereum Maxi @ https://etherscan.io/token/0x851bbf02ee2171d7ec1d45c35f33ee6e2985e2d9
[2021-06-02 14:15:34.546209] Retrieving data for Bitcoin Max @ https://etherscan.io/token/0x51bcf4ecf2761e44175d201a20ac7e946e3c4cbd
[2021-06-02 14:15:45.522441] Retrieving data for Spaghettinuð @ https://etherscan.io/token/0xa1fc6d28b2fc00ff0ff93b2da3f2b3c8ae85ad64
[2021-06-02 14:15:54.792997] Retrieving data for Nuggets Swap @ https://etherscan.io/token/0x7532476ad7f174f8115947a341c16c681cf9088a
[2021-06-02 14:16:04.532064] Retrieving data for CyclopDoge @ https://etherscan.io/token/0xe3859fa2628c47bdd410172a6177fe7c7808cc83
[2021-06-02 14:16:13.614885] Retrieving data for Baby Doge Coin @ https://etherscan.io/token/0xc3b8769b3b17924bf0b6117d387063ceca2e35dc
[2021-06-02 14:16:23.160987] Retrieving data for Ethereum Rainchu (raichucoin.com) @ https://etherscan.io/token/0xe0ee657a6cfbee395ac621f3cd3c57b7b36f781f
[2021-06-02 14:16:32.772699] Retrieving data for Ethereum Ultra Max @ https://etherscan.io/token/0xd2c5581ff3e9fb5e4afe11eb2e58af89039cd219
[2021-06-02 14:16:41.836936] Retrieving data for Ethereum String @ https://etherscan.io/token/0x8eb2d5cefe51a319c846e5eb8fad5faa93922f5e
[2021-06-02 14:16:50.917942] Retrieving data for Ethereum Ultra Max @ https://etherscan.io/token/0x3f18f5d87826b249d022e0215fb500f8992e72a6
[2021-06-02 14:17:00.189524] Retrieving data for Ethereum Raichu (raichucoin.com) @ https://etherscan.io/token/0x0c5a7d3244ec293afae46ad5036301fb2a84d00e
[2021-06-02 14:17:09.703461] Retrieving data for ETH Marketplace @ https://etherscan.io/token/0x1307a1fd102526257466599c5d42024dd72b300b
[2021-06-02 14:17:19.673593] Retrieving data for EthereumShiba @ https://etherscan.io/token/0xa475d9e167e9ad9aa4bf7ae4e00bfce3a60d397e
[2021-06-02 14:17:28.877365] Retrieving data for ETH ONE @ https://etherscan.io/token/0x34ee6500e9c309a5845b5e145e17cc76d2a65662
[2021-06-02 14:17:37.836622] Retrieving data for Vinyl @ https://etherscan.io/token/0xc17b6c92bb728259ca2f76c88a4a48ac077587f7
[2021-06-02 14:17:47.073824] Retrieving data for eSafe  https://t.me/EthSafeToken @ https://etherscan.io/token/0xa10deec94ab4cdb8a80ca3bf6037feee221109e4
[2021-06-02 14:17:56.099746] Retrieving data for Moon Inu.finance @ https://etherscan.io/token/0x4ccedc93ec1cd1bebb09cdb7d516cdcabc04774a
[2021-06-02 14:18:05.030744] Retrieving data for WAGMIï¸ @ https://etherscan.io/token/0x23e5f6c2f6753842518a65462762cb6d50f85280
[2021-06-02 14:18:14.110072] Retrieving data for Shiba Cookies @ https://etherscan.io/token/0xb7f3251f52b6624bfdc55a3be05a5e9eeb55ed4c
[2021-06-02 14:18:23.523955] Retrieving data for Cavapoo @ https://etherscan.io/token/0x456d8f0d25a4e787ee60c401f8b963a465148f70
[2021-06-02 14:18:32.790044] Retrieving data for xTesla Finance @ https://etherscan.io/token/0x8afd4ce7633985e93a1d0def08dc81b9bc66fcaf
[2021-06-02 14:18:41.932241] Retrieving data for mrshiba.finance @ https://etherscan.io/token/0xbbafafa5c32c6d0513ffb899d6509fd93b2e992f
[2021-06-02 14:18:51.780412] Retrieving data for Karate Inu @ https://etherscan.io/token/0x97ce409302fdddda282741a0f0cafdd1cabd7f8c
[2021-06-02 14:19:02.651214] Retrieving data for EthBOMB @ https://etherscan.io/token/0x0285e641ed4f34e70b9eb61dbd4e465c5767581b
[2021-06-02 14:19:11.739449] Retrieving data for www.superinu.finance @ https://etherscan.io/token/0x8e2b11b6d3c03b6c9a9de498ca8f14ca8a314a46
[2021-06-02 14:19:20.775671] Retrieving data for UnSafeMoon @ https://etherscan.io/token/0x8a1b3a817877137ba9462459cc6e4b6af8879f14
[2021-06-02 14:19:30.334671] Retrieving data for Ethereum Space @ https://etherscan.io/token/0x0cc18c8c6f9072a7419ef6b80c79ca97540c14d7
[2021-06-02 14:19:39.655410] Retrieving data for HODL inu @ https://etherscan.io/token/0x95eb3c651b8212362a7c1dccc9e0e0240eba9471
[2021-06-02 14:19:53.607297] Retrieving data for Ethereum Dragon @ https://etherscan.io/token/0x46eef6df28e501799f2c12eb44f49dc2f1d09049
[2021-06-02 14:20:02.595299] Retrieving data for Star Foxx @ https://etherscan.io/token/0x31d457e7bcff5bc9a5ef86e6a5ea1db5b5c3bfb0
[2021-06-02 14:20:12.891180] Retrieving data for Rich Doge @ https://etherscan.io/token/0x582d66c6d81ee943566f41895475f47f7ccf9f90
[2021-06-02 14:20:22.718703] Retrieving data for Koji @ https://etherscan.io/token/0x1c8266a4369af6d80df2659ba47b3c98f35cb8be
[2021-06-02 14:20:32.066619] Retrieving data for EtherChibi @ https://etherscan.io/token/0xa84308c5d8522342e5fa86db98609dd08bf71f12
[2021-06-02 14:20:41.030749] Retrieving data for Nyan Kanna @ https://etherscan.io/token/0x5ba5eb6c55028adceb7f82d8dd50fc3f37305db7
[2021-06-02 14:20:50.631530] Retrieving data for EthElon | t.me/EthElonToken @ https://etherscan.io/token/0xa47861219642c8214d4f5f21cf9891f238ca07cb
[2021-06-02 14:20:59.899377] Retrieving data for eMooncat @ https://etherscan.io/token/0xea752e880490d1fccaf7b392693e1dc6d64696d8
[2021-06-02 14:21:08.930688] Retrieving data for Chibi Inu @ https://etherscan.io/token/0x9fc77d85d1facb95a60fa2950ac612640f07e2ec
[2021-06-02 14:21:18.067293] Retrieving data for Toromi Inu @ https://etherscan.io/token/0x9d0e32d6c58d0c01f00e15bd7b3006193d95de60
[2021-06-02 14:21:28.134223] Retrieving data for Ethereum West Always @ https://etherscan.io/token/0x6879fbe037be059abe26a381202a9f30b6411481
[2021-06-02 14:21:37.168143] Retrieving data for Ethereum Rocket @ https://etherscan.io/token/0x0e0d5f125543fdbc3870ac44108bcb82f5edff1d
[2021-06-02 14:21:46.176543] Retrieving data for SMILE DOGE @ https://etherscan.io/token/0x1f051d2fd265899b8dece589b20f0cb0a5ab509d
[2021-06-02 14:21:55.309728] Retrieving data for TheBridge @ https://etherscan.io/token/0x391612e67b0252e0d1e1460501b41545931faef9
[2021-06-02 14:22:04.263724] Retrieving data for Carbon GEMS @ https://etherscan.io/token/0xe74ac81b14021d0cfb835f269f48f25918c5cae6
[2021-06-02 14:22:13.561478] Retrieving data for E2P Group @ https://etherscan.io/token/0xa0b84460a1e78339692c7463009c35f0b9a6ae4c
[2021-06-02 14:22:24.368395] Retrieving data for Jejudoge @ https://etherscan.io/token/0x939a7a577d93ad29b64c1595b1284ce660a479b9
[2021-06-02 14:22:33.508783] Retrieving data for Ethereum Ethereum @ https://etherscan.io/token/0xefbf37c00619ad3a8b2f15512d0e8cdf41645760
[2021-06-02 14:22:42.669451] Retrieving data for safebooty.xyz ð @ https://etherscan.io/token/0x83b15b3bd4f092483c9194815fba63829b28b910
[2021-06-02 14:22:51.655579] Retrieving data for PleaseSER @ https://etherscan.io/token/0x1cb3d0c72a5db2b63ce53ab858b9c3712551f819
[2021-06-02 14:23:01.123480] Retrieving data for EthereumInfitnity @ https://etherscan.io/token/0x11306ee42d6b03af8602d15edcc58113ecadbfdc
[2021-06-02 14:23:10.162203] Retrieving data for White Kishu Inu @ https://etherscan.io/token/0x0d7903b7e66592462748622902431d4880d92113
[2021-06-02 14:23:19.151703] Retrieving data for DUMP INU @ https://etherscan.io/token/0xe4f073777e0b1a8796b17b430ca9e2c35b2b6209
[2021-06-02 14:23:28.404220] Retrieving data for Fat Cat @ https://etherscan.io/token/0xdf71773d76a482540e7f55478673d10dc637b632
[2021-06-02 14:23:37.759742] Retrieving data for Ethereum Summer @ https://etherscan.io/token/0xb762c499f17bc62d06065d941deea5006fe413f9
[2021-06-02 14:23:47.472895] Retrieving data for Golfrochain @ https://etherscan.io/token/0x996652b6c5c4b1154b25515db21b7bbadd40ddfa
[2021-06-02 14:23:56.626328] Retrieving data for GENEBANK Token @ https://etherscan.io/token/0x7aa46a51f717404d944051af3075bbcb49b2288b
[2021-06-02 14:24:05.747819] Retrieving data for Ethereum Gaming @ https://etherscan.io/token/0x9c7450d8a16368dc737cf74f77c723c1784d9896
[2021-06-02 14:24:14.909181] Retrieving data for Dog Supreme @ https://etherscan.io/token/0x5070ee45977daecff0c0bf4daec5a8b9f2c11b83
[2021-06-02 14:24:24.715580] Retrieving data for EthereumReborn @ https://etherscan.io/token/0x0c6bf92d7cd2ca5351f326996c012e8e5bf5f0ad
[2021-06-02 14:24:33.986718] Retrieving data for eMooncat @ https://etherscan.io/token/0xd01beb277d309a1e4a068688a02331f8d60da21b
[2021-06-02 14:24:43.709375] Retrieving data for Pink Panda @ https://etherscan.io/token/0x670994cd351017bf99b745ae44d16d0020666828
[2021-06-02 14:24:53.766622] Retrieving data for DeFiCity @ https://etherscan.io/token/0x4437b2d5f2e6ff915a050c9e28f27c0210938600
[2021-06-02 14:25:03.055052] Retrieving data for JUPITER @ https://bscscan.com/token/0xf1ef8ceceeea1387f77140a5e951247e15a43286
[2021-06-02 14:25:12.165045] Retrieving data for BlastOff @ https://bscscan.com/token/0xe17a325deb798f1d9a540bba369616e3ba841364
[2021-06-02 14:25:23.084510] Retrieving data for FriendsToken @ https://bscscan.com/token/0xd359cc82ada0e0b9b8cec4922a28008e65f751cb
[2021-06-02 14:25:32.128919] Retrieving data for FUCK YOU @ https://bscscan.com/token/0xaf7c4e7efc0bc399ffcd5b9436bc5c76291f98bb
[2021-06-02 14:25:41.345209] Retrieving data for Atlantis @ https://bscscan.com/token/0xab63bd7fec13d8d5ecc2cc1e749becbf3cb154d0
[2021-06-02 14:25:51.503349] Retrieving data for SPACEW Token @ https://bscscan.com/token/0x8601ec4b99b12f55f26a7bb6af2232106e2542f6
[2021-06-02 14:26:00.374013] Retrieving data for EthTime @ https://bscscan.com/token/0x75585b905b1516e224bb57a882501f4fa3c43cef
[2021-06-02 14:26:10.387268] Retrieving data for Brown Shiba Inu @ https://bscscan.com/token/0x4eae8d1abbc6705e8075a07f5495a79395de0c08
[2021-06-02 14:26:19.323900] Retrieving data for Brain @ https://bscscan.com/token/0x461645d8739d5f1b294c2a7f1853dbe1be105f73
[2021-06-02 14:26:28.377002] Retrieving data for SafePanda Moon @ https://bscscan.com/token/0x3d3b21afb3c817ee2581188f683f79f37c64cf0c
[2021-06-02 14:26:37.414757] Retrieving data for China No1 Coin @ https://bscscan.com/token/0x1344c987f0c0d3ed3f858ee25fd2a217d9ca6f63
[2021-06-02 14:26:47.224443] Retrieving data for PowerLab @ https://bscscan.com/token/0xc6a5b35845c5a2690a5371e147d1ef31d77f5662
[2021-06-02 14:26:56.277082] Retrieving data for 习近平 Coin @ https://bscscan.com/token/0xba033174e3b28f6d052f56c79143a726f5d2c349
[2021-06-02 14:27:05.465841] Retrieving data for TrezorOfficial @ https://bscscan.com/token/0x7ecf36780c072ab0ec1e913cfe8f2f709afccdaf
[2021-06-02 14:27:14.589246] Retrieving data for SAFE ELON MOON🥮 @ https://bscscan.com/token/0x3ead625c9ac279d6142778bc07287a4019c7b818
[2021-06-02 14:27:24.482998] Retrieving data for Hukku @ https://bscscan.com/token/0xfa01d3a2b25cdf3b1a6b2361fa07cc71a5f2fba0
[2021-06-02 14:27:34.117572] Retrieving data for Trust Network @ https://bscscan.com/token/0xf55cd2365c8ddedf4e67d770a13237b71bb7ef5f
[2021-06-02 14:27:43.176248] Retrieving data for ComProToken @ https://bscscan.com/token/0xf41d6f9680ea216aad62baa7101af40fee688046
[2021-06-02 14:27:52.457069] Retrieving data for Pliny the Elder @ https://bscscan.com/token/0xc62ecd4b05df4a44d1b49ce2995dc7404118c057
[2021-06-02 14:28:02.075988] Retrieving data for Vortex Finance @ https://bscscan.com/token/0xc575626dacce3ac89e3f9062a6343a0c7a620bcf
[2021-06-02 14:28:12.469050] Retrieving data for TPAU @ https://bscscan.com/token/0x7d5fe159b73d878524bd73ae0d1fb089150f0371
[2021-06-02 14:28:21.554305] Retrieving data for GalaxyDoge @ https://bscscan.com/token/0x3920b063f63099511b5205de0d580934cdb5d608
[2021-06-02 14:28:30.438899] Retrieving data for HitChain @ https://bscscan.com/token/0x2d4852ac322d7f5c0b01ff7e1333a2a36a644c3f
[2021-06-02 14:28:39.483496] Retrieving data for RedBull Coin @ https://bscscan.com/token/0x0bfbd0b2a3f05d81126eedd2bda7f62b6551e74f
[2021-06-02 14:28:48.550618] Retrieving data for Wrapped Compound @ https://bscscan.com/token/0x0b771e34526886d9fff8e764cf557d1cb5943c89
[2021-06-02 14:28:57.461283] Retrieving data for WeedFinance @ https://bscscan.com/token/0x0a1c648fa8e5e047cc687ef54000b7e310025c5e
[2021-06-02 14:29:06.315361] Retrieving data for Ocean Dream @ https://bscscan.com/token/0x01eabe8db7e7502a7d5b4a1848153e2959c16e75
[2021-06-02 14:29:15.878927] Retrieving data for Fly Chicken @ https://bscscan.com/token/0xf50da4948c4469ffc8f1b801975e25635ce0e4f9
[2021-06-02 14:29:25.303339] Retrieving data for Edward Cullen Token @ https://bscscan.com/token/0xd2736f4d13387e4215c0b57b71c6aba9fc6fe5aa
[2021-06-02 14:29:34.607567] Retrieving data for 8GAG @ https://bscscan.com/token/0xb1a72f7501b44f1ea24f2b54eba471930d771fd6
[2021-06-02 14:29:43.552980] Retrieving data for Bitcoin King @ https://bscscan.com/token/0x42cc9a3471ed77d90cd3420df7fed9db08692ce8
[2021-06-02 14:29:52.589345] Retrieving data for SantaSocks @ https://bscscan.com/token/0xf48f267eef997f987b6d7074cb44e907d898459a
[2021-06-02 14:30:01.692347] Retrieving data for KenzoInu @ https://bscscan.com/token/0x7e9ca6e0e1b8eafc791d698bf3526c5fa61270a0
[2021-06-02 14:30:10.797642] Retrieving data for Sky @ https://bscscan.com/token/0x6de48c7f9fb1fbd867c5bda9681cfac0791934c0
[2021-06-02 14:30:19.746831] Retrieving data for HRDcoin @ https://bscscan.com/token/0xfd0467f4a50ecf6f9fa0211c5d6a82fcda329914
[2021-06-02 14:30:28.993587] Retrieving data for ADA MOON 🌙 @ https://bscscan.com/token/0xf41200081b4081a23945ad9cd185b4f4460571ab
[2021-06-02 14:30:38.301937] Retrieving data for Baddies @ https://bscscan.com/token/0xbc1f9f9a606180db9191d6237a4b6ba262e3a0e8
[2021-06-02 14:30:47.189064] Retrieving data for PI Network @ https://bscscan.com/token/0x9342f723775f9ebace6bec2a00e2a0403f7d8663
[2021-06-02 14:30:56.712290] Retrieving data for banana.finance @ https://bscscan.com/token/0x8f34f12a9363c57d1438430461f661d6120116e9
[2021-06-02 14:31:05.806514] Retrieving data for Online Game Transfer @ https://bscscan.com/token/0x61cc69e0a41ba191be394c8f16f840a4f3bf7116
[2021-06-02 14:31:14.915381] Retrieving data for FreePalestine @ https://bscscan.com/token/0x1c6252c8946f2bd773fb3571a65459579e1ac10c
[2021-06-02 14:31:24.003125] Retrieving data for GigaChad @ https://bscscan.com/token/0x1a204d61102ea5d60af02ef59b7433fa0038642b
[2021-06-02 14:31:33.027837] Retrieving data for Greatest of All Time @ https://bscscan.com/token/0x1936b416cd516b08f61d347034d8fa7e21d13fe9
[2021-06-02 14:31:42.674038] Retrieving data for Zabaku Inu Coin @ https://bscscan.com/token/0x006c53bb2cea71b14af6e087fa66e630dbaa4ee9
[2021-06-02 14:31:52.209695] Retrieving data for Animal Token @ https://bscscan.com/token/0xf9538bfbc5590bdcffbed2f741923efa9bb552d9
[2021-06-02 14:32:01.656952] Retrieving data for PuppyCorgi @ https://bscscan.com/token/0xd65758392ddc244a06e113655323b72581f21135
[2021-06-02 14:32:10.627111] Retrieving data for Salvation.Finance @ https://bscscan.com/token/0x8fd95df18d6c39088e8ec03208a3fe27d5fccd83
[2021-06-02 14:32:19.881057] Retrieving data for Piggy Bank NFT @ https://bscscan.com/token/0x7ae99d32fa33d86667813ee6fc438876c58e421b
[2021-06-02 14:32:29.179235] Retrieving data for MOONBALL @ https://bscscan.com/token/0x10d6e078874534ec6ba036d5ff843c263196ecd9
[2021-06-02 14:32:38.311280] Retrieving data for QuickCash @ https://bscscan.com/token/0x0b66efdfd77c5e307216a693c163f45fe5b34c5f
[2021-06-02 14:32:48.000239] Retrieving data for ChibiRat @ https://bscscan.com/token/0x8f99bcf248ac87e30d8d558bed648544bae4a5bf
[2021-06-02 14:32:57.144517] Retrieving data for Moon Shell @ https://bscscan.com/token/0x2142c3cb6806dedd5a6c56bb5aa7accfcb5294f6
[2021-06-02 14:33:06.171473] Retrieving data for Fortune Gold @ https://bscscan.com/token/0xfd95058594f0fd77a9bc071dc4fb83e0215826cc
[2021-06-02 14:33:17.238761] Retrieving data for Binance Ecosystem Value @ https://bscscan.com/token/0xc7dac962c166a26038ec4bc5d0e2a3fe0ff3ce58
[2021-06-02 14:33:26.190655] Retrieving data for Starship @ https://bscscan.com/token/0x195780e6c3b7f8cbefa82340df1ab495c01de07d
[2021-06-02 14:33:35.217412] Retrieving data for Shiba Inu Cash @ https://bscscan.com/token/0xad066cef35cbafee0acd524972da8aa479759fa2
[2021-06-02 14:33:44.273040] Retrieving data for Real Madrid Fans Token @ https://bscscan.com/token/0x49a0f057a67114ca8932e1df482a7dfedaf112a5
[2021-06-02 14:33:53.750433] Retrieving data for Shiba Launch Coin @ https://bscscan.com/token/0x3c103a56dcb76c8574df12fd5f8f291f24431e9c
[2021-06-02 14:34:02.949607] Retrieving data for BestNFT @ https://bscscan.com/token/0xdf370360c12c81e78179ff8f1c543b738d007dc0
[2021-06-02 14:34:12.497160] Retrieving data for Lordgaben @ https://bscscan.com/token/0xb563b4c26dfa1db597506ea0fbd3957c663c9311
[2021-06-02 14:34:22.032040] Retrieving data for 1000xMOON @ https://bscscan.com/token/0xafcb082d8b24952579d2c7737bfe345007cee94f
[2021-06-02 14:34:30.954780] Retrieving data for Longdrink Finance @ https://bscscan.com/token/0x5317fa16f8603be9c461def5d5a1bf28dfe42d55
[2021-06-02 14:34:39.976843] Retrieving data for DiscoShiba @ https://bscscan.com/token/0x305a202bbf14769316a017c3b3020bafe1c854ed
[2021-06-02 14:34:48.967866] Retrieving data for StellarSwip @ https://bscscan.com/token/0x1ee53ded7c6b17620e59f4de84640e01ecf94bbb
[2021-06-02 14:34:59.264487] Retrieving data for CONAN FANS TOKEN @ https://bscscan.com/token/0xf17d49fbb16064a2504bd9550e5e938b1a49971b
[2021-06-02 14:35:09.558710] Retrieving data for NFT DIRECT TOKEN @ https://bscscan.com/token/0xa999d6725531eeac218059db383198a9134f9582
[2021-06-02 14:35:19.672339] Retrieving data for Iron Doge @ https://bscscan.com/token/0x058eaf4dd2e37a78f83907cd4f979dc4490bba2c
[2021-06-02 14:35:28.830852] Retrieving data for SMSCodes Coin @ https://bscscan.com/token/0x8cb0d15ce441c2ecc01c66414078f125b557b438
[2021-06-02 14:35:37.982448] Retrieving data for Star Foxx @ https://bscscan.com/token/0x5717cdb81ed9a3ca526f1b3dc3407ce0acc18645
[2021-06-02 14:35:47.975821] Retrieving data for BarneyFinance @ https://bscscan.com/token/0xbb6915ccb32e22b465c419a4683b1b91bb6c28fe
[2021-06-02 14:35:57.571947] Retrieving data for BOSS TOKEN @ https://bscscan.com/token/0xaf104a1452999d1b27c625b30c838199062fb428
[2021-06-02 14:36:06.526251] Retrieving data for HappySheep @ https://bscscan.com/token/0x8e1d9961340e418466f9e4d2f1d7f69711638867
[2021-06-02 14:36:16.508369] Retrieving data for MoonAss @ https://bscscan.com/token/0x6b244b0069a9ef1024880a0ae80ecee379624e4f
[2021-06-02 14:36:26.183719] Retrieving data for Diamond Token @ https://bscscan.com/token/0x5a409ca910deff970c0e93a7936d8f5deae76482
[2021-06-02 14:36:36.090762] Retrieving data for SpitzMoon @ https://bscscan.com/token/0x574674bc20db4f23662052749dd57463d83ac5bd
[2021-06-02 14:36:45.606600] Retrieving data for moonAMP @ https://bscscan.com/token/0x4c512c241068f1d1690eebbbf52289666bfc6f5c
[2021-06-02 14:36:55.090112] Retrieving data for Oxtrust @ https://bscscan.com/token/0xa6fe2ec2c653aa81e7d5f79b79bbd6c00c32fe73
[2021-06-02 14:37:04.222273] Retrieving data for Launch Kids @ https://bscscan.com/token/0x6cab5dde5f839ee0d469eb925e72821c6aca5cd6
[2021-06-02 14:37:13.848902] Retrieving data for GRAPE JUICE BSC @ https://bscscan.com/token/0x33aaa757aa67237f06fde00465eefada30ee97bf
[2021-06-02 14:37:23.136991] Retrieving data for FIRE🔥 @ https://bscscan.com/token/0xbd2166ff741e8b4d80d0baaa59f106f7f3beefbe
[2021-06-02 14:37:33.211964] Retrieving data for JBS FOOD @ https://bscscan.com/token/0x228e2faa69fac6532f13aa4febf3bad926b78fbb
[2021-06-02 14:37:42.252206] Retrieving data for Ghostface Finance @ https://bscscan.com/token/0x20f2fa12f5d8f9b240d21ca0cf35b1c94b941785
[2021-06-02 14:37:51.715174] Retrieving data for ChibiCat @ https://bscscan.com/token/0x1a80cffaf6ec02d17a9ffd669338cd65f326d2a3
[2021-06-02 14:38:02.331632] Retrieving data for Socially Ostracized 1980 @ https://bscscan.com/token/0xc661155587eb3d32d47062ae2d2583691bfe2672
[2021-06-02 14:38:11.245984] Retrieving data for CrossProtocol @ https://bscscan.com/token/0x7e1d4ada3c220a1ce003d1f1f003b418e6daff1c
[2021-06-02 14:38:20.255581] Retrieving data for Moon Iron @ https://bscscan.com/token/0x785a15675368410eaa1405087b869ea915f96b83
[2021-06-02 14:38:29.483607] Retrieving data for MOONBITE @ https://bscscan.com/token/0x5bf9ee1b168356f53289a43db6cbf7b9f6472c63
[2021-06-02 14:38:38.779339] Retrieving data for Shochu Inu @ https://bscscan.com/token/0xb3a2b1bf975ccbe4d81dc1cc1576b05ae2bfd5e7
[2021-06-02 14:38:47.678060] Retrieving data for BSC MOON @ https://bscscan.com/token/0xa4a67604a315a2e1bc06c9f6dba6423024140311
[2021-06-02 14:38:56.897352] Retrieving data for Wrapped Dai @ https://bscscan.com/token/0xa20be0b824b963bc7d11d124cdefa0bc7ce85533
[2021-06-02 14:39:06.012615] Retrieving data for GeekHoldings @ https://bscscan.com/token/0x9fbbcaa3162c74b24751f7c4b9cfb4af0811a622
[2021-06-02 14:39:15.172762] Retrieving data for CuteShiba @ https://bscscan.com/token/0x90542d6a1f3816499b82b4344be3a32beb420f1a
[2021-06-02 14:39:24.758434] Retrieving data for Super Dad Coin @ https://bscscan.com/token/0x493151eb6ab2cd03ffc8876848c988439219c07e
[2021-06-02 14:39:33.869570] Retrieving data for USD SMART @ https://bscscan.com/token/0x303de4bdb189b951f875eb4a8ecde2985138161e
[2021-06-02 14:39:42.978212] Retrieving data for Saiyan Inu @ https://bscscan.com/token/0x127cf9704ddfcf0e9ec1dc20f11877731d18ac34
[2021-06-02 14:39:55.653622] Retrieving data for Super Mom Coin @ https://bscscan.com/token/0xdb271f02baba2f86c1212620386a6ef7c80f6cd5
[2021-06-02 14:40:06.033681] Retrieving data for Uber Finance @ https://bscscan.com/token/0xceec5ae50ab6f3b6d451b67cc0df6c99e065fce2
[2021-06-02 14:40:15.134570] Retrieving data for Piggy Bank Token @ https://bscscan.com/token/0x6bde2bf4cc75e5989348b0cbfe244f571bed22da
[2021-06-02 14:40:24.120704] Retrieving data for ONLYGIRLS @ https://bscscan.com/token/0xea1d15cee0b1f86298d72e92f82065845a27889d
[2021-06-02 14:40:33.226712] Retrieving data for RAPTORMOON @ https://bscscan.com/token/0x9aaab97c50424de907ce952b80fc98073773f628
[2021-06-02 14:40:42.213513] output CSV saved ./csv/NewTokens02062021_144042.csv
[2021-06-02 14:40:42.213578] Scrape Job Sleeping For 1
