[2021-06-02 17:06:16.968591] Retrieving data for Ethereum 3.0 @ https://etherscan.io/token/0x8f73841ad8a1058ea2179998864412077b491f69
[2021-06-02 17:06:28.154291] Retrieving data for Shiba Candy @ https://etherscan.io/token/0xab00631ed7dace4622898b1ad2a7703a3907e4a8
[2021-06-02 17:06:37.155203] Retrieving data for EthereumTrust @ https://etherscan.io/token/0x6960db988708c340d9bd47ea717e9828c022cddd
[2021-06-02 17:06:46.177445] Retrieving data for PitDoge Finance @ https://etherscan.io/token/0x48152f12bf80a04f8c5af5336f2453cde0efb850
[2021-06-02 17:06:55.261609] Retrieving data for Hugo Troll @ https://etherscan.io/token/0x3b20fc68542050c0c360339a38cd348d57548351
[2021-06-02 17:07:04.289410] Retrieving data for Nacho Inu @ https://etherscan.io/token/0x171a7a92952238d8d432dd3e29b1d78dc8cfaa31
[2021-06-02 17:07:13.537480] Retrieving data for Female Inu @ https://etherscan.io/token/0x666c5da7019e3b8d96dfa0622644cdde8ba51ebb
[2021-06-02 17:07:22.534413] Retrieving data for Nature Boy Inu @ https://etherscan.io/token/0xbf820fbb448c564b456ce376cbfbe341b84d1a58
[2021-06-02 17:07:31.450519] Retrieving data for Rocket Akita @ https://etherscan.io/token/0x9a9c0b657ec41ce2ac7c1448bf9cd75aa01c7249
[2021-06-02 17:07:42.310776] Retrieving data for Mickey Money @ https://etherscan.io/token/0xfa52a1d5cb8f0a2d366828902a7c9b9c45f65d07
[2021-06-02 17:07:51.633532] Retrieving data for Ethereum Blu @ https://etherscan.io/token/0x965d81aab6d465b0ed2c002388414d4f7f14f20c
[2021-06-02 17:08:00.997614] Retrieving data for Ether Foxx @ https://etherscan.io/token/0x147a31f5b348fb601419368edab898d55050c4d0
[2021-06-02 17:08:10.032883] Retrieving data for QANX Token @ https://etherscan.io/token/0xaaa7a10a8ee237ea61e8ac46c50a8db8bcc1baaa
[2021-06-02 17:08:18.939922] Retrieving data for LitShiba t.me/litshibatelegram @ https://etherscan.io/token/0xa099d537ee658a0b7069febfe2d413a6d3e93932
[2021-06-02 17:08:28.500349] Retrieving data for All for one SHIBA @ https://etherscan.io/token/0x67a3233f2532503fb5c582ccc8216a91793b6efe
[2021-06-02 17:08:37.467036] Retrieving data for Night Life Crypto @ https://etherscan.io/token/0x55fb29d67f2ed012dbab71e018ef37f75d8377e3
[2021-06-02 17:08:46.366584] Retrieving data for Saitama Inu @ https://etherscan.io/token/0x8b3192f5eebd8579568a2ed41e6feb402f93f73f
[2021-06-02 17:08:55.884425] Retrieving data for EthMoonClone.com @ https://etherscan.io/token/0x5f40d613d710b4ec87f530e6d35aadb69910b4fc
[2021-06-02 17:09:05.382060] Retrieving data for Ethereum Star â @ https://etherscan.io/token/0x39b00bdd39c4a1e6743a3f904816778db7e26904
[2021-06-02 17:09:15.245534] Retrieving data for DogKing @ https://etherscan.io/token/0x09c7d53dcf146fb9e373d406fb19ed330d9323c8
[2021-06-02 17:09:24.261087] Retrieving data for luckyinu @ https://etherscan.io/token/0xd1c8fa30fded3e0031dc24c1646d74108b096cc2
[2021-06-02 17:09:34.285030] Retrieving data for Give Global @ https://etherscan.io/token/0xc1019c697009708e6bd1cf12f57863bb751741c9
[2021-06-02 17:09:43.283617] Retrieving data for Give Global @ https://etherscan.io/token/0x99b7965bc3e02960a20cd5404f3d96d77acff4bc
[2021-06-02 17:09:52.406040] Retrieving data for American Hokkaidu Inu @ https://etherscan.io/token/0x4623aa7b4ed89bbf8461f6d402658a4a588ed8a2
[2021-06-02 17:10:01.363825] Retrieving data for EthereumPump @ https://etherscan.io/token/0x07eb738b399e9dbffab222604bce086b857bf415
[2021-06-02 17:10:10.529649] Retrieving data for Automata @ https://etherscan.io/token/0xa2120b9e674d3fc3875f415a7df52e382f141225
[2021-06-02 17:10:19.468109] Retrieving data for Cons Inu @ https://etherscan.io/token/0xec03af39131ab3b8509b87b9c9257b2e6651764d
[2021-06-02 17:10:28.564620] Retrieving data for DefureDoge @ https://etherscan.io/token/0x43b11adeba77fc12cc64179332b9d2fb03d535e7
[2021-06-02 17:10:38.487957] Retrieving data for Akita Cookies @ https://etherscan.io/token/0xf0c8ba02ec1d22827c98327e29e14ee7bed1cc0f
[2021-06-02 17:10:47.565192] Retrieving data for American KISHU @ https://etherscan.io/token/0xa85d6c5814d5dba03570ed0bad510e7d33fecd32
[2021-06-02 17:10:56.575526] Retrieving data for Ethereum Mango @ https://etherscan.io/token/0x38f08ad16b123d66aaefd5fb857e97f1e2213997
[2021-06-02 17:11:05.780093] Retrieving data for FIFA Ultimate Token @ https://etherscan.io/token/0x31ecdfa78039ce88135902137de160a535c1d2df
[2021-06-02 17:11:14.861360] Retrieving data for Flux Protocol @ https://etherscan.io/token/0x7645ddfeeceda57e41f92679c4acd83c56a81d14
[2021-06-02 17:11:25.312662] Retrieving data for SMSCodes @ https://etherscan.io/token/0x668f7dfb8c8d716839fa5dbea317d8723ebe6110
[2021-06-02 17:11:34.967008] Retrieving data for Laika Protocol @ https://etherscan.io/token/0x0bffc5692960bb043d3216839bdd6e5e64ff1b4e
[2021-06-02 17:11:44.139079] Retrieving data for Lollipop @ https://etherscan.io/token/0xfb6a7831bd2498accbc9fb97fc1b740752ed9f02
[2021-06-02 17:11:53.654934] Retrieving data for Litecoinmax @ https://etherscan.io/token/0x97825b4adee063b93dff926743f0efd86c648aaa
[2021-06-02 17:12:02.691669] Retrieving data for Ethereum Blue @ https://etherscan.io/token/0x726050cd09070d95e0bff86b64a4b02d4bf670f1
[2021-06-02 17:12:11.555013] Retrieving data for Baichi Inu @ https://etherscan.io/token/0x55f6539c34a09cfeabf6ab664c6eed6a48849af0
[2021-06-02 17:12:20.505352] Retrieving data for RockDoge @ https://etherscan.io/token/0x0620f4dacf224a6d7afd2603b4cb15ed74b786e6
[2021-06-02 17:12:30.565418] Retrieving data for Moji @ https://etherscan.io/token/0x744f742abbdb64e712ff6fb80c1287190354675c
[2021-06-02 17:12:40.539369] Retrieving data for CactusToken @ https://etherscan.io/token/0x5877f64b775b066c7fa655456a8a39a2c27a3f27
[2021-06-02 17:12:49.532462] Retrieving data for EthGold @ https://etherscan.io/token/0x9a8d675b57261c2aab618cc0a73dd75116e0db73
[2021-06-02 17:12:58.571974] Retrieving data for SNP Token @ https://etherscan.io/token/0x795dbf627484f8248d3d6c09c309825c1563e873
[2021-06-02 17:13:07.798397] Retrieving data for xDog Finance @ https://etherscan.io/token/0x6e5f79fbbacbcb8487ee1b110f0255d8b9139c47
[2021-06-02 17:13:16.839391] Retrieving data for eNFT @ https://etherscan.io/token/0x14af7e1692d68462def1e95e98b0801d7b5f20d4
[2021-06-02 17:13:26.436117] Retrieving data for 0x Protocol @ https://etherscan.io/token/0x80b81c6c7278f804e8327d20a18fde170272d3fa
[2021-06-02 17:13:36.979887] Retrieving data for Diamond Inu @ https://etherscan.io/token/0x51953caebba3f3f249f63d8949d8c4d60564b5b5
[2021-06-02 17:13:45.909391] Retrieving data for Keshi Inu @ https://etherscan.io/token/0x0b55bfec20f3c4d01995e956c9c63ff29ba81bf0
[2021-06-02 17:13:54.995345] Retrieving data for Ethereum KOJI @ https://etherscan.io/token/0x64a20352f977898b63dbc893d13dd26be654851a
[2021-06-02 17:14:03.861154] Retrieving data for Ethereum PUMP @ https://etherscan.io/token/0x26eea8b05001cc341e96a4e1f306c8cf9e37a33b
[2021-06-02 17:14:12.938934] Retrieving data for EthanolShiba @ https://etherscan.io/token/0xdada46cd19bf7119863aa9d1041e5c15f23bb9ba
[2021-06-02 17:14:22.104253] Retrieving data for Legless Captain Tsubasa @ https://etherscan.io/token/0xaf44786a03b31309bc53a81164428f5f76f4ef5b
[2021-06-02 17:14:31.353689] Retrieving data for Ethereum Charizard @ https://etherscan.io/token/0x6e42a6748f5ec8b5b22af1ddc67101381be13c3f
[2021-06-02 17:14:40.377885] Retrieving data for Meowth @ https://etherscan.io/token/0x41c2f170f3f1b2c9a66edec1e61069fd67edd413
[2021-06-02 17:14:49.520464] Retrieving data for Ethereum Maxi @ https://etherscan.io/token/0x851bbf02ee2171d7ec1d45c35f33ee6e2985e2d9
[2021-06-02 17:14:58.698153] Retrieving data for Bitcoin Max @ https://etherscan.io/token/0x51bcf4ecf2761e44175d201a20ac7e946e3c4cbd
[2021-06-02 17:15:08.528900] Retrieving data for Spaghettinuð @ https://etherscan.io/token/0xa1fc6d28b2fc00ff0ff93b2da3f2b3c8ae85ad64
[2021-06-02 17:15:17.833483] Retrieving data for Nuggets Swap @ https://etherscan.io/token/0x7532476ad7f174f8115947a341c16c681cf9088a
[2021-06-02 17:15:27.292990] Retrieving data for CyclopDoge @ https://etherscan.io/token/0xe3859fa2628c47bdd410172a6177fe7c7808cc83
[2021-06-02 17:15:36.437609] Retrieving data for Baby Doge Coin @ https://etherscan.io/token/0xc3b8769b3b17924bf0b6117d387063ceca2e35dc
[2021-06-02 17:15:45.435149] Retrieving data for Ethereum Rainchu (raichucoin.com) @ https://etherscan.io/token/0xe0ee657a6cfbee395ac621f3cd3c57b7b36f781f
[2021-06-02 17:15:54.612015] Retrieving data for Ethereum Ultra Max @ https://etherscan.io/token/0xd2c5581ff3e9fb5e4afe11eb2e58af89039cd219
[2021-06-02 17:16:03.691490] Retrieving data for Ethereum String @ https://etherscan.io/token/0x8eb2d5cefe51a319c846e5eb8fad5faa93922f5e
[2021-06-02 17:16:12.744948] Retrieving data for Ethereum Ultra Max @ https://etherscan.io/token/0x3f18f5d87826b249d022e0215fb500f8992e72a6
[2021-06-02 17:16:22.435363] Retrieving data for Ethereum Raichu (raichucoin.com) @ https://etherscan.io/token/0x0c5a7d3244ec293afae46ad5036301fb2a84d00e
[2021-06-02 17:16:32.033537] Retrieving data for ETH Marketplace @ https://etherscan.io/token/0x1307a1fd102526257466599c5d42024dd72b300b
[2021-06-02 17:16:40.831586] Retrieving data for EthereumShiba @ https://etherscan.io/token/0xa475d9e167e9ad9aa4bf7ae4e00bfce3a60d397e
[2021-06-02 17:16:49.798024] Retrieving data for ETH ONE @ https://etherscan.io/token/0x34ee6500e9c309a5845b5e145e17cc76d2a65662
[2021-06-02 17:16:59.038353] Retrieving data for Vinyl @ https://etherscan.io/token/0xc17b6c92bb728259ca2f76c88a4a48ac077587f7
[2021-06-02 17:17:08.931181] Retrieving data for eSafe  https://t.me/EthSafeToken @ https://etherscan.io/token/0xa10deec94ab4cdb8a80ca3bf6037feee221109e4
[2021-06-02 17:17:17.892316] Retrieving data for Moon Inu.finance @ https://etherscan.io/token/0x4ccedc93ec1cd1bebb09cdb7d516cdcabc04774a
[2021-06-02 17:17:27.272349] Retrieving data for WAGMIï¸ @ https://etherscan.io/token/0x23e5f6c2f6753842518a65462762cb6d50f85280
[2021-06-02 17:17:36.399184] Retrieving data for Shiba Cookies @ https://etherscan.io/token/0xb7f3251f52b6624bfdc55a3be05a5e9eeb55ed4c
[2021-06-02 17:17:45.376847] Retrieving data for Cavapoo @ https://etherscan.io/token/0x456d8f0d25a4e787ee60c401f8b963a465148f70
[2021-06-02 17:17:54.510887] Retrieving data for xTesla Finance @ https://etherscan.io/token/0x8afd4ce7633985e93a1d0def08dc81b9bc66fcaf
[2021-06-02 17:18:03.512418] Retrieving data for mrshiba.finance @ https://etherscan.io/token/0xbbafafa5c32c6d0513ffb899d6509fd93b2e992f
[2021-06-02 17:18:12.396386] Retrieving data for Karate Inu @ https://etherscan.io/token/0x97ce409302fdddda282741a0f0cafdd1cabd7f8c
[2021-06-02 17:18:21.827053] Retrieving data for EthBOMB @ https://etherscan.io/token/0x0285e641ed4f34e70b9eb61dbd4e465c5767581b
[2021-06-02 17:18:30.974382] Retrieving data for www.superinu.finance @ https://etherscan.io/token/0x8e2b11b6d3c03b6c9a9de498ca8f14ca8a314a46
[2021-06-02 17:18:40.066430] Retrieving data for UnSafeMoon @ https://etherscan.io/token/0x8a1b3a817877137ba9462459cc6e4b6af8879f14
[2021-06-02 17:18:49.148665] Retrieving data for Ethereum Space @ https://etherscan.io/token/0x0cc18c8c6f9072a7419ef6b80c79ca97540c14d7
[2021-06-02 17:18:58.669733] Retrieving data for HODL inu @ https://etherscan.io/token/0x95eb3c651b8212362a7c1dccc9e0e0240eba9471
[2021-06-02 17:19:07.820864] Retrieving data for Ethereum Dragon @ https://etherscan.io/token/0x46eef6df28e501799f2c12eb44f49dc2f1d09049
[2021-06-02 17:19:16.944010] Retrieving data for Star Foxx @ https://etherscan.io/token/0x31d457e7bcff5bc9a5ef86e6a5ea1db5b5c3bfb0
[2021-06-02 17:19:26.470594] Retrieving data for Rich Doge @ https://etherscan.io/token/0x582d66c6d81ee943566f41895475f47f7ccf9f90
[2021-06-02 17:19:37.235932] Retrieving data for Koji @ https://etherscan.io/token/0x1c8266a4369af6d80df2659ba47b3c98f35cb8be
[2021-06-02 17:19:46.256281] Retrieving data for EtherChibi @ https://etherscan.io/token/0xa84308c5d8522342e5fa86db98609dd08bf71f12
[2021-06-02 17:19:55.371982] Retrieving data for Nyan Kanna @ https://etherscan.io/token/0x5ba5eb6c55028adceb7f82d8dd50fc3f37305db7
[2021-06-02 17:20:04.753096] Retrieving data for EthElon | t.me/EthElonToken @ https://etherscan.io/token/0xa47861219642c8214d4f5f21cf9891f238ca07cb
[2021-06-02 17:20:14.040987] Retrieving data for eMooncat @ https://etherscan.io/token/0xea752e880490d1fccaf7b392693e1dc6d64696d8
[2021-06-02 17:20:24.422697] Retrieving data for Chibi Inu @ https://etherscan.io/token/0x9fc77d85d1facb95a60fa2950ac612640f07e2ec
[2021-06-02 17:20:34.247919] Retrieving data for Toromi Inu @ https://etherscan.io/token/0x9d0e32d6c58d0c01f00e15bd7b3006193d95de60
[2021-06-02 17:20:43.364534] Retrieving data for Ethereum West Always @ https://etherscan.io/token/0x6879fbe037be059abe26a381202a9f30b6411481
[2021-06-02 17:20:52.388567] Retrieving data for Ethereum Rocket @ https://etherscan.io/token/0x0e0d5f125543fdbc3870ac44108bcb82f5edff1d
[2021-06-02 17:21:01.327822] Retrieving data for SMILE DOGE @ https://etherscan.io/token/0x1f051d2fd265899b8dece589b20f0cb0a5ab509d
[2021-06-02 17:21:10.503381] Retrieving data for TheBridge @ https://etherscan.io/token/0x391612e67b0252e0d1e1460501b41545931faef9
[2021-06-02 17:21:19.679096] Retrieving data for Carbon GEMS @ https://etherscan.io/token/0xe74ac81b14021d0cfb835f269f48f25918c5cae6
[2021-06-02 17:21:29.072452] Retrieving data for E2P Group @ https://etherscan.io/token/0xa0b84460a1e78339692c7463009c35f0b9a6ae4c
[2021-06-02 17:21:38.241336] Retrieving data for Jejudoge @ https://etherscan.io/token/0x939a7a577d93ad29b64c1595b1284ce660a479b9
[2021-06-02 17:21:47.361261] Retrieving data for GAME ZONE @ https://bscscan.com/token/0x964f961957ff85acba0da8d5e0431b831846888a
[2021-06-02 17:21:56.673459] Retrieving data for OnlyPamps @ https://bscscan.com/token/0x5771132080d9ad441542720da247428f7227c87b
[2021-06-02 17:22:05.684322] Retrieving data for BABY SHIBA @ https://bscscan.com/token/0x45190b53ab794e37edac5c5a4a8706a7f5fa01f1
[2021-06-02 17:22:15.622449] Retrieving data for NFT-QR @ https://bscscan.com/token/0x432ef8b023aaba3c42ca540d32351c5b1a869cf7
[2021-06-02 17:22:24.683010] Retrieving data for Scarface @ https://bscscan.com/token/0xbb56d54d4821a8e63ad60b35a4dfe9383026b2d8
[2021-06-02 17:22:33.910087] Retrieving data for ShadowCoin @ https://bscscan.com/token/0xae7cda7bdb6e05209ce0b984293b520a4960aaaa
[2021-06-02 17:22:44.071970] Retrieving data for Arc @ https://bscscan.com/token/0x881a95469674238cc86cc9954e56f0522e609ab1
[2021-06-02 17:22:53.767754] Retrieving data for Boxer Token @ https://bscscan.com/token/0x765596e153aaffe2e6d8edce8d5206ea1a8527cc
[2021-06-02 17:23:03.358147] Retrieving data for UniverseDoge @ https://bscscan.com/token/0x566e53e2160b43391c94ebeb170902079aa49642
[2021-06-02 17:23:12.497944] Retrieving data for ETHEREUM2 @ https://bscscan.com/token/0x3c0e82d8c8ca98ae3caf8934bd6bdeef9e098352
[2021-06-02 17:23:22.963680] Retrieving data for TokenToHyperborea @ https://bscscan.com/token/0x2200150428c006aa6ad3f17c58aeb3371d7e437b
[2021-06-02 17:23:32.236183] Retrieving data for HORNYDOGE @ https://bscscan.com/token/0x20d2535db296ef990c73d2e2f969ac7a055a22ae
[2021-06-02 17:23:41.195168] Retrieving data for PAWGcoin @ https://bscscan.com/token/0x19b60612f9a93359bca835a788a334d4157e675b
[2021-06-02 17:23:50.250776] Retrieving data for MOONFLASH @ https://bscscan.com/token/0xdf2b271ea8a9d43d411865cd52aad44a1925aa86
[2021-06-02 17:23:59.408922] Retrieving data for RAPTOR @ https://bscscan.com/token/0x1a1e6cb9f6afe02efc297afb805ad10ed1356c7e
[2021-06-02 17:24:08.554550] Retrieving data for Dr Johnny Sins @ https://bscscan.com/token/0xc4db53e4d35229db6854f1554e0a9d152224b8b7
[2021-06-02 17:24:17.412330] Retrieving data for SoftRock @ https://bscscan.com/token/0xb3fda51ad72d1da8d6a6c29534a31a226e53a5b1
[2021-06-02 17:24:26.975915] Retrieving data for SafeJaguar @ https://bscscan.com/token/0x8e95c5dffca2b68de399f92f1a8b54c2cf6fc037
[2021-06-02 17:24:35.877832] Retrieving data for SafeSwap @ https://bscscan.com/token/0x54a7087e28a8ecbb634dfd2f6441da99c1cb2892
[2021-06-02 17:24:44.776212] Retrieving data for Bonfire Token @ https://bscscan.com/token/0x438bbe32ce260e56a6f1cae3fb3b39c9d9826396
[2021-06-02 17:24:53.875457] Retrieving data for Mighty Network @ https://bscscan.com/token/0xd4b342fad675c30b5b3daa5551e15740f1a78ea5
[2021-06-02 17:25:03.080696] Retrieving data for Clinique Finance @ https://bscscan.com/token/0xce522387dcd5c04e7ef9617f2160232c6f0f0f70
[2021-06-02 17:25:12.412125] Retrieving data for Speed @ https://bscscan.com/token/0xc9ba128af44d4c41902531c80c68f9c5cb0cfd52
[2021-06-02 17:25:21.269751] Retrieving data for Yoya Coin @ https://bscscan.com/token/0x8b4a0ac3d4d995957df68d7baa833a986b595cd2
[2021-06-02 17:25:30.187299] Retrieving data for Airset @ https://bscscan.com/token/0x7c485f230f07dbb730ab672b8fef36198c036197
[2021-06-02 17:25:39.171654] Retrieving data for DeadDoge @ https://bscscan.com/token/0x72faf2b7eb0167e5dbdf0e1c75bbc7e023c915cc
[2021-06-02 17:25:48.099340] Retrieving data for Baddies @ https://bscscan.com/token/0x5203379baf21661884332101e4329f3e8c9b5d26
[2021-06-02 17:25:57.221317] Retrieving data for Shield Finance @ https://bscscan.com/token/0x1cbc60aefc26ce17d546cc9fe70d90b19c222179
[2021-06-02 17:26:06.154152] Retrieving data for Voltage @ https://bscscan.com/token/0x58cf9f42185b881e56b2bc8a3ee22900fc472222
[2021-06-02 17:26:15.331234] Retrieving data for AMC @ https://bscscan.com/token/0x14be0ef509c150caf22ff04569ac288116eb6d05
[2021-06-02 17:26:24.159824] Retrieving data for ShibaLemon Token @ https://bscscan.com/token/0xe49638d0a79f105e2429fa275e4e44fb388d827f
[2021-06-02 17:26:33.211970] Retrieving data for BlueDragoon @ https://bscscan.com/token/0xd56405f922c355f1fc29b79f3872f3965da7a18d
[2021-06-02 17:26:42.491894] Retrieving data for Blitz @ https://bscscan.com/token/0xbea4e5bed615d2789c724f6a713d494f04557e17
[2021-06-02 17:26:51.593552] Retrieving data for Amazon Finance @ https://bscscan.com/token/0x51192b724d311f697fc8a63485be92edbfc35877
[2021-06-02 17:27:00.679332] Retrieving data for Interstellar Protocol @ https://bscscan.com/token/0x0b1c101231d147590177d41da895b75343e66fcd
[2021-06-02 17:27:10.705858] Retrieving data for JUPITER @ https://bscscan.com/token/0xf1ef8ceceeea1387f77140a5e951247e15a43286
[2021-06-02 17:27:19.777566] Retrieving data for BlastOff @ https://bscscan.com/token/0xe17a325deb798f1d9a540bba369616e3ba841364
[2021-06-02 17:27:28.835147] Retrieving data for FriendsToken @ https://bscscan.com/token/0xd359cc82ada0e0b9b8cec4922a28008e65f751cb
[2021-06-02 17:27:38.786462] Retrieving data for FUCK YOU @ https://bscscan.com/token/0xaf7c4e7efc0bc399ffcd5b9436bc5c76291f98bb
[2021-06-02 17:27:49.561125] Retrieving data for Atlantis @ https://bscscan.com/token/0xab63bd7fec13d8d5ecc2cc1e749becbf3cb154d0
[2021-06-02 17:27:59.265759] Retrieving data for SPACEW Token @ https://bscscan.com/token/0x8601ec4b99b12f55f26a7bb6af2232106e2542f6
[2021-06-02 17:28:08.579045] Retrieving data for EthTime @ https://bscscan.com/token/0x75585b905b1516e224bb57a882501f4fa3c43cef
[2021-06-02 17:28:18.675011] Retrieving data for Brown Shiba Inu @ https://bscscan.com/token/0x4eae8d1abbc6705e8075a07f5495a79395de0c08
[2021-06-02 17:28:27.556298] Retrieving data for Brain @ https://bscscan.com/token/0x461645d8739d5f1b294c2a7f1853dbe1be105f73
[2021-06-02 17:28:37.196762] Retrieving data for SafePanda Moon @ https://bscscan.com/token/0x3d3b21afb3c817ee2581188f683f79f37c64cf0c
[2021-06-02 17:28:46.393847] Retrieving data for China No1 Coin @ https://bscscan.com/token/0x1344c987f0c0d3ed3f858ee25fd2a217d9ca6f63
[2021-06-02 17:28:55.416413] Retrieving data for PowerLab @ https://bscscan.com/token/0xc6a5b35845c5a2690a5371e147d1ef31d77f5662
[2021-06-02 17:29:04.250578] Retrieving data for 习近平 Coin @ https://bscscan.com/token/0xba033174e3b28f6d052f56c79143a726f5d2c349
[2021-06-02 17:29:14.728785] Retrieving data for TrezorOfficial @ https://bscscan.com/token/0x7ecf36780c072ab0ec1e913cfe8f2f709afccdaf
[2021-06-02 17:29:23.575470] Retrieving data for SAFE ELON MOON🥮 @ https://bscscan.com/token/0x3ead625c9ac279d6142778bc07287a4019c7b818
[2021-06-02 17:29:32.609664] Retrieving data for Hukku @ https://bscscan.com/token/0xfa01d3a2b25cdf3b1a6b2361fa07cc71a5f2fba0
[2021-06-02 17:29:41.638695] Retrieving data for Trust Network @ https://bscscan.com/token/0xf55cd2365c8ddedf4e67d770a13237b71bb7ef5f
[2021-06-02 17:29:50.617895] Retrieving data for ComProToken @ https://bscscan.com/token/0xf41d6f9680ea216aad62baa7101af40fee688046
[2021-06-02 17:29:59.880771] Retrieving data for Pliny the Elder @ https://bscscan.com/token/0xc62ecd4b05df4a44d1b49ce2995dc7404118c057
[2021-06-02 17:30:10.865176] Retrieving data for Vortex Finance @ https://bscscan.com/token/0xc575626dacce3ac89e3f9062a6343a0c7a620bcf
[2021-06-02 17:30:19.994202] Retrieving data for TPAU @ https://bscscan.com/token/0x7d5fe159b73d878524bd73ae0d1fb089150f0371
[2021-06-02 17:30:30.355481] Retrieving data for GalaxyDoge @ https://bscscan.com/token/0x3920b063f63099511b5205de0d580934cdb5d608
[2021-06-02 17:30:39.410624] Retrieving data for HitChain @ https://bscscan.com/token/0x2d4852ac322d7f5c0b01ff7e1333a2a36a644c3f
[2021-06-02 17:30:48.358527] Retrieving data for RedBull Coin @ https://bscscan.com/token/0x0bfbd0b2a3f05d81126eedd2bda7f62b6551e74f
[2021-06-02 17:30:57.335807] Retrieving data for Wrapped Compound @ https://bscscan.com/token/0x0b771e34526886d9fff8e764cf557d1cb5943c89
[2021-06-02 17:31:08.554797] Retrieving data for WeedFinance @ https://bscscan.com/token/0x0a1c648fa8e5e047cc687ef54000b7e310025c5e
[2021-06-02 17:31:28.338384] Retrieving data for Ocean Dream @ https://bscscan.com/token/0x01eabe8db7e7502a7d5b4a1848153e2959c16e75
[2021-06-02 17:31:38.651230] Retrieving data for Fly Chicken @ https://bscscan.com/token/0xf50da4948c4469ffc8f1b801975e25635ce0e4f9
[2021-06-02 17:31:48.130885] Retrieving data for Edward Cullen Token @ https://bscscan.com/token/0xd2736f4d13387e4215c0b57b71c6aba9fc6fe5aa
[2021-06-02 17:31:57.127226] Retrieving data for 8GAG @ https://bscscan.com/token/0xb1a72f7501b44f1ea24f2b54eba471930d771fd6
[2021-06-02 17:32:06.159952] Retrieving data for Bitcoin King @ https://bscscan.com/token/0x42cc9a3471ed77d90cd3420df7fed9db08692ce8
[2021-06-02 17:32:15.207276] Retrieving data for SantaSocks @ https://bscscan.com/token/0xf48f267eef997f987b6d7074cb44e907d898459a
[2021-06-02 17:32:25.223925] Retrieving data for KenzoInu @ https://bscscan.com/token/0x7e9ca6e0e1b8eafc791d698bf3526c5fa61270a0
[2021-06-02 17:32:34.706860] Retrieving data for Sky @ https://bscscan.com/token/0x6de48c7f9fb1fbd867c5bda9681cfac0791934c0
[2021-06-02 17:32:43.663066] Retrieving data for HRDcoin @ https://bscscan.com/token/0xfd0467f4a50ecf6f9fa0211c5d6a82fcda329914
[2021-06-02 17:32:52.700144] Retrieving data for ADA MOON 🌙 @ https://bscscan.com/token/0xf41200081b4081a23945ad9cd185b4f4460571ab
[2021-06-02 17:33:01.667270] Retrieving data for Baddies @ https://bscscan.com/token/0xbc1f9f9a606180db9191d6237a4b6ba262e3a0e8
[2021-06-02 17:33:10.748687] Retrieving data for PI Network @ https://bscscan.com/token/0x9342f723775f9ebace6bec2a00e2a0403f7d8663
[2021-06-02 17:33:19.758752] Retrieving data for banana.finance @ https://bscscan.com/token/0x8f34f12a9363c57d1438430461f661d6120116e9
[2021-06-02 17:33:28.901563] Retrieving data for Online Game Transfer @ https://bscscan.com/token/0x61cc69e0a41ba191be394c8f16f840a4f3bf7116
[2021-06-02 17:33:38.076688] Retrieving data for FreePalestine @ https://bscscan.com/token/0x1c6252c8946f2bd773fb3571a65459579e1ac10c
[2021-06-02 17:33:47.338289] Retrieving data for GigaChad @ https://bscscan.com/token/0x1a204d61102ea5d60af02ef59b7433fa0038642b
[2021-06-02 17:33:56.683939] Retrieving data for Greatest of All Time @ https://bscscan.com/token/0x1936b416cd516b08f61d347034d8fa7e21d13fe9
[2021-06-02 17:34:05.703437] Retrieving data for Zabaku Inu Coin @ https://bscscan.com/token/0x006c53bb2cea71b14af6e087fa66e630dbaa4ee9
[2021-06-02 17:34:15.636626] Retrieving data for Animal Token @ https://bscscan.com/token/0xf9538bfbc5590bdcffbed2f741923efa9bb552d9
[2021-06-02 17:34:24.718876] Retrieving data for PuppyCorgi @ https://bscscan.com/token/0xd65758392ddc244a06e113655323b72581f21135
[2021-06-02 17:34:33.901494] Retrieving data for Salvation.Finance @ https://bscscan.com/token/0x8fd95df18d6c39088e8ec03208a3fe27d5fccd83
[2021-06-02 17:34:43.182416] Retrieving data for Piggy Bank NFT @ https://bscscan.com/token/0x7ae99d32fa33d86667813ee6fc438876c58e421b
[2021-06-02 17:34:52.226458] Retrieving data for MOONBALL @ https://bscscan.com/token/0x10d6e078874534ec6ba036d5ff843c263196ecd9
[2021-06-02 17:35:01.180662] Retrieving data for QuickCash @ https://bscscan.com/token/0x0b66efdfd77c5e307216a693c163f45fe5b34c5f
[2021-06-02 17:35:10.262951] Retrieving data for ChibiRat @ https://bscscan.com/token/0x8f99bcf248ac87e30d8d558bed648544bae4a5bf
[2021-06-02 17:35:19.369546] Retrieving data for Moon Shell @ https://bscscan.com/token/0x2142c3cb6806dedd5a6c56bb5aa7accfcb5294f6
[2021-06-02 17:35:29.519927] Retrieving data for Fortune Gold @ https://bscscan.com/token/0xfd95058594f0fd77a9bc071dc4fb83e0215826cc
[2021-06-02 17:35:38.584955] Retrieving data for Binance Ecosystem Value @ https://bscscan.com/token/0xc7dac962c166a26038ec4bc5d0e2a3fe0ff3ce58
[2021-06-02 17:35:47.682979] Retrieving data for Starship @ https://bscscan.com/token/0x195780e6c3b7f8cbefa82340df1ab495c01de07d
[2021-06-02 17:35:56.605747] Retrieving data for Shiba Inu Cash @ https://bscscan.com/token/0xad066cef35cbafee0acd524972da8aa479759fa2
[2021-06-02 17:36:05.797410] Retrieving data for Real Madrid Fans Token @ https://bscscan.com/token/0x49a0f057a67114ca8932e1df482a7dfedaf112a5
[2021-06-02 17:36:16.470823] Retrieving data for Shiba Launch Coin @ https://bscscan.com/token/0x3c103a56dcb76c8574df12fd5f8f291f24431e9c
[2021-06-02 17:36:25.304332] Retrieving data for BestNFT @ https://bscscan.com/token/0xdf370360c12c81e78179ff8f1c543b738d007dc0
[2021-06-02 17:36:34.891825] Retrieving data for Lordgaben @ https://bscscan.com/token/0xb563b4c26dfa1db597506ea0fbd3957c663c9311
[2021-06-02 17:36:43.890894] Retrieving data for 1000xMOON @ https://bscscan.com/token/0xafcb082d8b24952579d2c7737bfe345007cee94f
[2021-06-02 17:36:54.062429] Retrieving data for Longdrink Finance @ https://bscscan.com/token/0x5317fa16f8603be9c461def5d5a1bf28dfe42d55
[2021-06-02 17:37:02.932162] Retrieving data for DiscoShiba @ https://bscscan.com/token/0x305a202bbf14769316a017c3b3020bafe1c854ed
[2021-06-02 17:37:11.932269] Retrieving data for StellarSwip @ https://bscscan.com/token/0x1ee53ded7c6b17620e59f4de84640e01ecf94bbb
[2021-06-02 17:37:23.349761] Retrieving data for CONAN FANS TOKEN @ https://bscscan.com/token/0xf17d49fbb16064a2504bd9550e5e938b1a49971b
[2021-06-02 17:37:33.079999] output CSV saved ./csv/NewTokens02062021_173733.csv
[2021-06-02 17:37:33.080066] Scrape Job Sleeping For 1
