[2021-06-02 14:41:16.831447] Retrieving data for QANX Token @ https://etherscan.io/token/0xaaa7a10a8ee237ea61e8ac46c50a8db8bcc1baaa
[2021-06-02 14:41:28.901814] Retrieving data for LitShiba t.me/litshibatelegram @ https://etherscan.io/token/0xa099d537ee658a0b7069febfe2d413a6d3e93932
[2021-06-02 14:41:38.012892] Retrieving data for All for one SHIBA @ https://etherscan.io/token/0x67a3233f2532503fb5c582ccc8216a91793b6efe
[2021-06-02 14:41:47.060446] Retrieving data for Night Life Crypto @ https://etherscan.io/token/0x55fb29d67f2ed012dbab71e018ef37f75d8377e3
[2021-06-02 14:41:57.219026] Retrieving data for Saitama Inu @ https://etherscan.io/token/0x8b3192f5eebd8579568a2ed41e6feb402f93f73f
[2021-06-02 14:42:06.339036] Retrieving data for EthMoonClone.com @ https://etherscan.io/token/0x5f40d613d710b4ec87f530e6d35aadb69910b4fc
[2021-06-02 14:42:16.258827] Retrieving data for Ethereum Star â @ https://etherscan.io/token/0x39b00bdd39c4a1e6743a3f904816778db7e26904
[2021-06-02 14:42:25.405295] Retrieving data for DogKing @ https://etherscan.io/token/0x09c7d53dcf146fb9e373d406fb19ed330d9323c8
[2021-06-02 14:42:34.569614] Retrieving data for luckyinu @ https://etherscan.io/token/0xd1c8fa30fded3e0031dc24c1646d74108b096cc2
[2021-06-02 14:42:43.666928] Retrieving data for Give Global @ https://etherscan.io/token/0xc1019c697009708e6bd1cf12f57863bb751741c9
[2021-06-02 14:42:52.743353] Retrieving data for Give Global @ https://etherscan.io/token/0x99b7965bc3e02960a20cd5404f3d96d77acff4bc
[2021-06-02 14:43:01.913483] Retrieving data for American Hokkaidu Inu @ https://etherscan.io/token/0x4623aa7b4ed89bbf8461f6d402658a4a588ed8a2
[2021-06-02 14:43:10.866110] Retrieving data for EthereumPump @ https://etherscan.io/token/0x07eb738b399e9dbffab222604bce086b857bf415
[2021-06-02 14:43:21.818691] Retrieving data for Automata @ https://etherscan.io/token/0xa2120b9e674d3fc3875f415a7df52e382f141225
[2021-06-02 14:43:31.118684] Retrieving data for Cons Inu @ https://etherscan.io/token/0xec03af39131ab3b8509b87b9c9257b2e6651764d
[2021-06-02 14:43:40.245359] Retrieving data for DefureDoge @ https://etherscan.io/token/0x43b11adeba77fc12cc64179332b9d2fb03d535e7
[2021-06-02 14:43:49.392963] Retrieving data for Akita Cookies @ https://etherscan.io/token/0xf0c8ba02ec1d22827c98327e29e14ee7bed1cc0f
[2021-06-02 14:43:58.371032] Retrieving data for American KISHU @ https://etherscan.io/token/0xa85d6c5814d5dba03570ed0bad510e7d33fecd32
[2021-06-02 14:44:07.628344] Retrieving data for Ethereum Mango @ https://etherscan.io/token/0x38f08ad16b123d66aaefd5fb857e97f1e2213997
[2021-06-02 14:44:16.784233] Retrieving data for FIFA Ultimate Token @ https://etherscan.io/token/0x31ecdfa78039ce88135902137de160a535c1d2df
[2021-06-02 14:44:26.324865] Retrieving data for Flux Protocol @ https://etherscan.io/token/0x7645ddfeeceda57e41f92679c4acd83c56a81d14
[2021-06-02 14:44:36.156347] Retrieving data for SMSCodes @ https://etherscan.io/token/0x668f7dfb8c8d716839fa5dbea317d8723ebe6110
[2021-06-02 14:44:45.768607] Retrieving data for Laika Protocol @ https://etherscan.io/token/0x0bffc5692960bb043d3216839bdd6e5e64ff1b4e
[2021-06-02 14:44:54.659467] Retrieving data for Lollipop @ https://etherscan.io/token/0xfb6a7831bd2498accbc9fb97fc1b740752ed9f02
[2021-06-02 14:45:03.793590] Retrieving data for Litecoinmax @ https://etherscan.io/token/0x97825b4adee063b93dff926743f0efd86c648aaa
[2021-06-02 14:45:12.906633] Retrieving data for Ethereum Blue @ https://etherscan.io/token/0x726050cd09070d95e0bff86b64a4b02d4bf670f1
[2021-06-02 14:45:22.040878] Retrieving data for Baichi Inu @ https://etherscan.io/token/0x55f6539c34a09cfeabf6ab664c6eed6a48849af0
[2021-06-02 14:45:31.231113] Retrieving data for RockDoge @ https://etherscan.io/token/0x0620f4dacf224a6d7afd2603b4cb15ed74b786e6
[2021-06-02 14:45:40.409832] Retrieving data for Moji @ https://etherscan.io/token/0x744f742abbdb64e712ff6fb80c1287190354675c
[2021-06-02 14:45:49.527914] Retrieving data for CactusToken @ https://etherscan.io/token/0x5877f64b775b066c7fa655456a8a39a2c27a3f27
[2021-06-02 14:45:58.497493] Retrieving data for EthGold @ https://etherscan.io/token/0x9a8d675b57261c2aab618cc0a73dd75116e0db73
[2021-06-02 14:46:07.566928] Retrieving data for SNP Token @ https://etherscan.io/token/0x795dbf627484f8248d3d6c09c309825c1563e873
[2021-06-02 14:46:16.741703] Retrieving data for xDog Finance @ https://etherscan.io/token/0x6e5f79fbbacbcb8487ee1b110f0255d8b9139c47
[2021-06-02 14:46:25.886999] Retrieving data for eNFT @ https://etherscan.io/token/0x14af7e1692d68462def1e95e98b0801d7b5f20d4
[2021-06-02 14:46:37.940881] Retrieving data for 0x Protocol @ https://etherscan.io/token/0x80b81c6c7278f804e8327d20a18fde170272d3fa
[2021-06-02 14:46:46.866844] Retrieving data for Diamond Inu @ https://etherscan.io/token/0x51953caebba3f3f249f63d8949d8c4d60564b5b5
[2021-06-02 14:46:55.958539] Retrieving data for Keshi Inu @ https://etherscan.io/token/0x0b55bfec20f3c4d01995e956c9c63ff29ba81bf0
[2021-06-02 14:47:04.940924] Retrieving data for Ethereum KOJI @ https://etherscan.io/token/0x64a20352f977898b63dbc893d13dd26be654851a
[2021-06-02 14:47:14.508829] Retrieving data for Ethereum PUMP @ https://etherscan.io/token/0x26eea8b05001cc341e96a4e1f306c8cf9e37a33b
[2021-06-02 14:47:23.618297] Retrieving data for EthanolShiba @ https://etherscan.io/token/0xdada46cd19bf7119863aa9d1041e5c15f23bb9ba
[2021-06-02 14:47:33.526923] Retrieving data for Legless Captain Tsubasa @ https://etherscan.io/token/0xaf44786a03b31309bc53a81164428f5f76f4ef5b
[2021-06-02 14:47:43.065926] Retrieving data for Ethereum Charizard @ https://etherscan.io/token/0x6e42a6748f5ec8b5b22af1ddc67101381be13c3f
[2021-06-02 14:47:53.829679] Retrieving data for Meowth @ https://etherscan.io/token/0x41c2f170f3f1b2c9a66edec1e61069fd67edd413
[2021-06-02 14:48:03.210517] Retrieving data for Ethereum Maxi @ https://etherscan.io/token/0x851bbf02ee2171d7ec1d45c35f33ee6e2985e2d9
[2021-06-02 14:48:12.616771] Retrieving data for Bitcoin Max @ https://etherscan.io/token/0x51bcf4ecf2761e44175d201a20ac7e946e3c4cbd
[2021-06-02 14:48:22.173988] Retrieving data for Spaghettinuð @ https://etherscan.io/token/0xa1fc6d28b2fc00ff0ff93b2da3f2b3c8ae85ad64
[2021-06-02 14:48:31.264635] Retrieving data for Nuggets Swap @ https://etherscan.io/token/0x7532476ad7f174f8115947a341c16c681cf9088a
[2021-06-02 14:48:40.609865] Retrieving data for CyclopDoge @ https://etherscan.io/token/0xe3859fa2628c47bdd410172a6177fe7c7808cc83
[2021-06-02 14:48:49.603364] Retrieving data for Baby Doge Coin @ https://etherscan.io/token/0xc3b8769b3b17924bf0b6117d387063ceca2e35dc
[2021-06-02 14:48:58.565640] Retrieving data for Ethereum Rainchu (raichucoin.com) @ https://etherscan.io/token/0xe0ee657a6cfbee395ac621f3cd3c57b7b36f781f
[2021-06-02 14:49:07.610194] Retrieving data for Ethereum Ultra Max @ https://etherscan.io/token/0xd2c5581ff3e9fb5e4afe11eb2e58af89039cd219
[2021-06-02 14:49:16.523558] Retrieving data for Ethereum String @ https://etherscan.io/token/0x8eb2d5cefe51a319c846e5eb8fad5faa93922f5e
[2021-06-02 14:51:05.439049] Retrieving data for Ethereum Ultra Max @ https://etherscan.io/token/0x3f18f5d87826b249d022e0215fb500f8992e72a6
[2021-06-02 14:51:14.846896] Retrieving data for Ethereum Raichu (raichucoin.com) @ https://etherscan.io/token/0x0c5a7d3244ec293afae46ad5036301fb2a84d00e
[2021-06-02 14:51:25.138768] Retrieving data for ETH Marketplace @ https://etherscan.io/token/0x1307a1fd102526257466599c5d42024dd72b300b
[2021-06-02 14:51:35.401757] Retrieving data for EthereumShiba @ https://etherscan.io/token/0xa475d9e167e9ad9aa4bf7ae4e00bfce3a60d397e
[2021-06-02 14:51:44.711212] Retrieving data for ETH ONE @ https://etherscan.io/token/0x34ee6500e9c309a5845b5e145e17cc76d2a65662
[2021-06-02 14:51:54.096760] Retrieving data for Vinyl @ https://etherscan.io/token/0xc17b6c92bb728259ca2f76c88a4a48ac077587f7
[2021-06-02 14:52:04.066695] Retrieving data for eSafe  https://t.me/EthSafeToken @ https://etherscan.io/token/0xa10deec94ab4cdb8a80ca3bf6037feee221109e4
[2021-06-02 14:52:14.138212] Retrieving data for Moon Inu.finance @ https://etherscan.io/token/0x4ccedc93ec1cd1bebb09cdb7d516cdcabc04774a
[2021-06-02 14:52:23.212309] Retrieving data for WAGMIï¸ @ https://etherscan.io/token/0x23e5f6c2f6753842518a65462762cb6d50f85280
[2021-06-02 14:52:32.119310] Retrieving data for Shiba Cookies @ https://etherscan.io/token/0xb7f3251f52b6624bfdc55a3be05a5e9eeb55ed4c
[2021-06-02 14:52:41.071066] Retrieving data for Cavapoo @ https://etherscan.io/token/0x456d8f0d25a4e787ee60c401f8b963a465148f70
[2021-06-02 14:52:50.324097] Retrieving data for xTesla Finance @ https://etherscan.io/token/0x8afd4ce7633985e93a1d0def08dc81b9bc66fcaf
[2021-06-02 14:52:59.842291] Retrieving data for mrshiba.finance @ https://etherscan.io/token/0xbbafafa5c32c6d0513ffb899d6509fd93b2e992f
[2021-06-02 14:53:11.121143] Retrieving data for Karate Inu @ https://etherscan.io/token/0x97ce409302fdddda282741a0f0cafdd1cabd7f8c
[2021-06-02 14:53:20.199631] Retrieving data for EthBOMB @ https://etherscan.io/token/0x0285e641ed4f34e70b9eb61dbd4e465c5767581b
[2021-06-02 14:53:29.958355] Retrieving data for www.superinu.finance @ https://etherscan.io/token/0x8e2b11b6d3c03b6c9a9de498ca8f14ca8a314a46
[2021-06-02 14:53:39.264537] Retrieving data for UnSafeMoon @ https://etherscan.io/token/0x8a1b3a817877137ba9462459cc6e4b6af8879f14
[2021-06-02 14:53:48.717768] Retrieving data for Ethereum Space @ https://etherscan.io/token/0x0cc18c8c6f9072a7419ef6b80c79ca97540c14d7
[2021-06-02 14:53:58.055118] Retrieving data for HODL inu @ https://etherscan.io/token/0x95eb3c651b8212362a7c1dccc9e0e0240eba9471
[2021-06-02 14:54:07.077271] Retrieving data for Ethereum Dragon @ https://etherscan.io/token/0x46eef6df28e501799f2c12eb44f49dc2f1d09049
[2021-06-02 14:54:16.311423] Retrieving data for Star Foxx @ https://etherscan.io/token/0x31d457e7bcff5bc9a5ef86e6a5ea1db5b5c3bfb0
[2021-06-02 14:54:26.662663] Retrieving data for Rich Doge @ https://etherscan.io/token/0x582d66c6d81ee943566f41895475f47f7ccf9f90
[2021-06-02 14:54:35.951281] Retrieving data for Koji @ https://etherscan.io/token/0x1c8266a4369af6d80df2659ba47b3c98f35cb8be
[2021-06-02 14:54:45.044404] Retrieving data for EtherChibi @ https://etherscan.io/token/0xa84308c5d8522342e5fa86db98609dd08bf71f12
[2021-06-02 14:54:54.293048] Retrieving data for Nyan Kanna @ https://etherscan.io/token/0x5ba5eb6c55028adceb7f82d8dd50fc3f37305db7
[2021-06-02 14:55:03.463153] Retrieving data for EthElon | t.me/EthElonToken @ https://etherscan.io/token/0xa47861219642c8214d4f5f21cf9891f238ca07cb
[2021-06-02 14:55:12.728026] Retrieving data for eMooncat @ https://etherscan.io/token/0xea752e880490d1fccaf7b392693e1dc6d64696d8
[2021-06-02 14:55:22.168549] Retrieving data for Chibi Inu @ https://etherscan.io/token/0x9fc77d85d1facb95a60fa2950ac612640f07e2ec
[2021-06-02 14:55:31.385002] Retrieving data for Toromi Inu @ https://etherscan.io/token/0x9d0e32d6c58d0c01f00e15bd7b3006193d95de60
[2021-06-02 14:55:41.150277] Retrieving data for Ethereum West Always @ https://etherscan.io/token/0x6879fbe037be059abe26a381202a9f30b6411481
[2021-06-02 14:55:51.229142] Retrieving data for Ethereum Rocket @ https://etherscan.io/token/0x0e0d5f125543fdbc3870ac44108bcb82f5edff1d
[2021-06-02 14:56:00.218386] Retrieving data for SMILE DOGE @ https://etherscan.io/token/0x1f051d2fd265899b8dece589b20f0cb0a5ab509d
[2021-06-02 14:56:10.491879] Retrieving data for TheBridge @ https://etherscan.io/token/0x391612e67b0252e0d1e1460501b41545931faef9
[2021-06-02 14:56:20.147000] Retrieving data for Carbon GEMS @ https://etherscan.io/token/0xe74ac81b14021d0cfb835f269f48f25918c5cae6
[2021-06-02 14:56:29.650341] Retrieving data for E2P Group @ https://etherscan.io/token/0xa0b84460a1e78339692c7463009c35f0b9a6ae4c
[2021-06-02 14:56:40.161278] Retrieving data for Jejudoge @ https://etherscan.io/token/0x939a7a577d93ad29b64c1595b1284ce660a479b9
[2021-06-02 14:56:49.270117] Retrieving data for Ethereum Ethereum @ https://etherscan.io/token/0xefbf37c00619ad3a8b2f15512d0e8cdf41645760
[2021-06-02 14:56:58.412184] Retrieving data for safebooty.xyz ð @ https://etherscan.io/token/0x83b15b3bd4f092483c9194815fba63829b28b910
[2021-06-02 14:57:07.944721] Retrieving data for PleaseSER @ https://etherscan.io/token/0x1cb3d0c72a5db2b63ce53ab858b9c3712551f819
[2021-06-02 14:57:17.900294] Retrieving data for EthereumInfitnity @ https://etherscan.io/token/0x11306ee42d6b03af8602d15edcc58113ecadbfdc
[2021-06-02 14:57:27.817707] Retrieving data for White Kishu Inu @ https://etherscan.io/token/0x0d7903b7e66592462748622902431d4880d92113
[2021-06-02 14:57:36.855447] Retrieving data for DUMP INU @ https://etherscan.io/token/0xe4f073777e0b1a8796b17b430ca9e2c35b2b6209
[2021-06-02 14:57:46.153499] Retrieving data for Fat Cat @ https://etherscan.io/token/0xdf71773d76a482540e7f55478673d10dc637b632
[2021-06-02 14:57:56.200376] Retrieving data for Ethereum Summer @ https://etherscan.io/token/0xb762c499f17bc62d06065d941deea5006fe413f9
[2021-06-02 14:58:05.428414] Retrieving data for Golfrochain @ https://etherscan.io/token/0x996652b6c5c4b1154b25515db21b7bbadd40ddfa
[2021-06-02 14:58:15.042282] Retrieving data for GENEBANK Token @ https://etherscan.io/token/0x7aa46a51f717404d944051af3075bbcb49b2288b
[2021-06-02 14:58:25.215953] Retrieving data for Ethereum Gaming @ https://etherscan.io/token/0x9c7450d8a16368dc737cf74f77c723c1784d9896
[2021-06-02 14:58:37.342516] Retrieving data for Dog Supreme @ https://etherscan.io/token/0x5070ee45977daecff0c0bf4daec5a8b9f2c11b83
[2021-06-02 14:58:46.477983] Retrieving data for ShibaLemon Token @ https://bscscan.com/token/0xe49638d0a79f105e2429fa275e4e44fb388d827f
[2021-06-02 14:58:55.487438] Retrieving data for BlueDragoon @ https://bscscan.com/token/0xd56405f922c355f1fc29b79f3872f3965da7a18d
[2021-06-02 14:59:04.739707] Retrieving data for Blitz @ https://bscscan.com/token/0xbea4e5bed615d2789c724f6a713d494f04557e17
[2021-06-02 14:59:15.477892] Retrieving data for Amazon Finance @ https://bscscan.com/token/0x51192b724d311f697fc8a63485be92edbfc35877
[2021-06-02 14:59:24.606092] Retrieving data for Interstellar Protocol @ https://bscscan.com/token/0x0b1c101231d147590177d41da895b75343e66fcd
[2021-06-02 14:59:33.689409] Retrieving data for JUPITER @ https://bscscan.com/token/0xf1ef8ceceeea1387f77140a5e951247e15a43286
[2021-06-02 14:59:42.651248] Retrieving data for BlastOff @ https://bscscan.com/token/0xe17a325deb798f1d9a540bba369616e3ba841364
[2021-06-02 14:59:51.778366] Retrieving data for FriendsToken @ https://bscscan.com/token/0xd359cc82ada0e0b9b8cec4922a28008e65f751cb
[2021-06-02 15:00:01.720399] Retrieving data for FUCK YOU @ https://bscscan.com/token/0xaf7c4e7efc0bc399ffcd5b9436bc5c76291f98bb
[2021-06-02 15:00:11.649734] Retrieving data for Atlantis @ https://bscscan.com/token/0xab63bd7fec13d8d5ecc2cc1e749becbf3cb154d0
[2021-06-02 15:00:20.474299] Retrieving data for SPACEW Token @ https://bscscan.com/token/0x8601ec4b99b12f55f26a7bb6af2232106e2542f6
[2021-06-02 15:00:29.563150] Retrieving data for EthTime @ https://bscscan.com/token/0x75585b905b1516e224bb57a882501f4fa3c43cef
[2021-06-02 15:00:38.612262] Retrieving data for Brown Shiba Inu @ https://bscscan.com/token/0x4eae8d1abbc6705e8075a07f5495a79395de0c08
[2021-06-02 15:00:48.513533] Retrieving data for Brain @ https://bscscan.com/token/0x461645d8739d5f1b294c2a7f1853dbe1be105f73
[2021-06-02 15:00:58.588540] Retrieving data for SafePanda Moon @ https://bscscan.com/token/0x3d3b21afb3c817ee2581188f683f79f37c64cf0c
[2021-06-02 15:01:09.330519] Retrieving data for China No1 Coin @ https://bscscan.com/token/0x1344c987f0c0d3ed3f858ee25fd2a217d9ca6f63
[2021-06-02 15:01:18.967292] Retrieving data for PowerLab @ https://bscscan.com/token/0xc6a5b35845c5a2690a5371e147d1ef31d77f5662
[2021-06-02 15:01:28.600649] Retrieving data for 习近平 Coin @ https://bscscan.com/token/0xba033174e3b28f6d052f56c79143a726f5d2c349
[2021-06-02 15:01:37.473109] Retrieving data for TrezorOfficial @ https://bscscan.com/token/0x7ecf36780c072ab0ec1e913cfe8f2f709afccdaf
[2021-06-02 15:01:46.427558] Retrieving data for SAFE ELON MOON🥮 @ https://bscscan.com/token/0x3ead625c9ac279d6142778bc07287a4019c7b818
[2021-06-02 15:01:55.449556] Retrieving data for Hukku @ https://bscscan.com/token/0xfa01d3a2b25cdf3b1a6b2361fa07cc71a5f2fba0
[2021-06-02 15:02:04.537150] Retrieving data for Trust Network @ https://bscscan.com/token/0xf55cd2365c8ddedf4e67d770a13237b71bb7ef5f
[2021-06-02 15:02:13.793727] Retrieving data for ComProToken @ https://bscscan.com/token/0xf41d6f9680ea216aad62baa7101af40fee688046
[2021-06-02 15:02:23.126861] Retrieving data for Pliny the Elder @ https://bscscan.com/token/0xc62ecd4b05df4a44d1b49ce2995dc7404118c057
[2021-06-02 15:02:32.201595] Retrieving data for Vortex Finance @ https://bscscan.com/token/0xc575626dacce3ac89e3f9062a6343a0c7a620bcf
[2021-06-02 15:02:41.103200] Retrieving data for TPAU @ https://bscscan.com/token/0x7d5fe159b73d878524bd73ae0d1fb089150f0371
[2021-06-02 15:02:50.130326] Retrieving data for GalaxyDoge @ https://bscscan.com/token/0x3920b063f63099511b5205de0d580934cdb5d608
[2021-06-02 15:02:59.141724] Retrieving data for HitChain @ https://bscscan.com/token/0x2d4852ac322d7f5c0b01ff7e1333a2a36a644c3f
[2021-06-02 15:03:08.439260] Retrieving data for RedBull Coin @ https://bscscan.com/token/0x0bfbd0b2a3f05d81126eedd2bda7f62b6551e74f
[2021-06-02 15:03:18.648978] Retrieving data for Wrapped Compound @ https://bscscan.com/token/0x0b771e34526886d9fff8e764cf557d1cb5943c89
[2021-06-02 15:03:28.837008] Retrieving data for WeedFinance @ https://bscscan.com/token/0x0a1c648fa8e5e047cc687ef54000b7e310025c5e
[2021-06-02 15:03:38.051615] Retrieving data for Ocean Dream @ https://bscscan.com/token/0x01eabe8db7e7502a7d5b4a1848153e2959c16e75
[2021-06-02 15:03:48.077497] Retrieving data for Fly Chicken @ https://bscscan.com/token/0xf50da4948c4469ffc8f1b801975e25635ce0e4f9
[2021-06-02 15:03:58.572429] Retrieving data for Edward Cullen Token @ https://bscscan.com/token/0xd2736f4d13387e4215c0b57b71c6aba9fc6fe5aa
[2021-06-02 15:04:07.599287] Retrieving data for 8GAG @ https://bscscan.com/token/0xb1a72f7501b44f1ea24f2b54eba471930d771fd6
[2021-06-02 15:04:16.528160] Retrieving data for Bitcoin King @ https://bscscan.com/token/0x42cc9a3471ed77d90cd3420df7fed9db08692ce8
[2021-06-02 15:04:25.497526] Retrieving data for SantaSocks @ https://bscscan.com/token/0xf48f267eef997f987b6d7074cb44e907d898459a
[2021-06-02 15:04:34.622624] Retrieving data for KenzoInu @ https://bscscan.com/token/0x7e9ca6e0e1b8eafc791d698bf3526c5fa61270a0
[2021-06-02 15:04:43.867298] Retrieving data for Sky @ https://bscscan.com/token/0x6de48c7f9fb1fbd867c5bda9681cfac0791934c0
[2021-06-02 15:04:54.487532] Retrieving data for HRDcoin @ https://bscscan.com/token/0xfd0467f4a50ecf6f9fa0211c5d6a82fcda329914
[2021-06-02 15:05:03.727656] Retrieving data for ADA MOON 🌙 @ https://bscscan.com/token/0xf41200081b4081a23945ad9cd185b4f4460571ab
[2021-06-02 15:05:14.246254] Retrieving data for Baddies @ https://bscscan.com/token/0xbc1f9f9a606180db9191d6237a4b6ba262e3a0e8
[2021-06-02 15:05:23.425247] Retrieving data for PI Network @ https://bscscan.com/token/0x9342f723775f9ebace6bec2a00e2a0403f7d8663
[2021-06-02 15:05:33.230196] Retrieving data for banana.finance @ https://bscscan.com/token/0x8f34f12a9363c57d1438430461f661d6120116e9
[2021-06-02 15:05:42.191749] Retrieving data for Online Game Transfer @ https://bscscan.com/token/0x61cc69e0a41ba191be394c8f16f840a4f3bf7116
[2021-06-02 15:05:51.270684] Retrieving data for FreePalestine @ https://bscscan.com/token/0x1c6252c8946f2bd773fb3571a65459579e1ac10c
[2021-06-02 15:06:00.078516] Retrieving data for GigaChad @ https://bscscan.com/token/0x1a204d61102ea5d60af02ef59b7433fa0038642b
[2021-06-02 15:06:09.191495] Retrieving data for Greatest of All Time @ https://bscscan.com/token/0x1936b416cd516b08f61d347034d8fa7e21d13fe9
[2021-06-02 15:06:18.341471] Retrieving data for Zabaku Inu Coin @ https://bscscan.com/token/0x006c53bb2cea71b14af6e087fa66e630dbaa4ee9
[2021-06-02 15:06:27.240894] Retrieving data for Animal Token @ https://bscscan.com/token/0xf9538bfbc5590bdcffbed2f741923efa9bb552d9
[2021-06-02 15:06:36.335387] Retrieving data for PuppyCorgi @ https://bscscan.com/token/0xd65758392ddc244a06e113655323b72581f21135
[2021-06-02 15:06:45.277434] Retrieving data for Salvation.Finance @ https://bscscan.com/token/0x8fd95df18d6c39088e8ec03208a3fe27d5fccd83
[2021-06-02 15:06:54.412094] Retrieving data for Piggy Bank NFT @ https://bscscan.com/token/0x7ae99d32fa33d86667813ee6fc438876c58e421b
[2021-06-02 15:07:03.311086] Retrieving data for MOONBALL @ https://bscscan.com/token/0x10d6e078874534ec6ba036d5ff843c263196ecd9
[2021-06-02 15:07:12.385758] Retrieving data for QuickCash @ https://bscscan.com/token/0x0b66efdfd77c5e307216a693c163f45fe5b34c5f
[2021-06-02 15:07:21.361391] Retrieving data for ChibiRat @ https://bscscan.com/token/0x8f99bcf248ac87e30d8d558bed648544bae4a5bf
[2021-06-02 15:07:30.383708] Retrieving data for Moon Shell @ https://bscscan.com/token/0x2142c3cb6806dedd5a6c56bb5aa7accfcb5294f6
[2021-06-02 15:07:39.409072] Retrieving data for Fortune Gold @ https://bscscan.com/token/0xfd95058594f0fd77a9bc071dc4fb83e0215826cc
[2021-06-02 15:07:48.617635] Retrieving data for Binance Ecosystem Value @ https://bscscan.com/token/0xc7dac962c166a26038ec4bc5d0e2a3fe0ff3ce58
[2021-06-02 15:07:57.762878] Retrieving data for Starship @ https://bscscan.com/token/0x195780e6c3b7f8cbefa82340df1ab495c01de07d
[2021-06-02 15:08:06.745625] Retrieving data for Shiba Inu Cash @ https://bscscan.com/token/0xad066cef35cbafee0acd524972da8aa479759fa2
[2021-06-02 15:08:15.687489] Retrieving data for Real Madrid Fans Token @ https://bscscan.com/token/0x49a0f057a67114ca8932e1df482a7dfedaf112a5
[2021-06-02 15:08:24.776955] Retrieving data for Shiba Launch Coin @ https://bscscan.com/token/0x3c103a56dcb76c8574df12fd5f8f291f24431e9c
[2021-06-02 15:08:33.818501] Retrieving data for BestNFT @ https://bscscan.com/token/0xdf370360c12c81e78179ff8f1c543b738d007dc0
[2021-06-02 15:08:42.949929] Retrieving data for Lordgaben @ https://bscscan.com/token/0xb563b4c26dfa1db597506ea0fbd3957c663c9311
[2021-06-02 15:08:52.177638] Retrieving data for 1000xMOON @ https://bscscan.com/token/0xafcb082d8b24952579d2c7737bfe345007cee94f
[2021-06-02 15:09:01.199238] Retrieving data for Longdrink Finance @ https://bscscan.com/token/0x5317fa16f8603be9c461def5d5a1bf28dfe42d55
[2021-06-02 15:09:10.492885] Retrieving data for DiscoShiba @ https://bscscan.com/token/0x305a202bbf14769316a017c3b3020bafe1c854ed
[2021-06-02 15:09:19.687119] Retrieving data for StellarSwip @ https://bscscan.com/token/0x1ee53ded7c6b17620e59f4de84640e01ecf94bbb
[2021-06-02 15:09:29.655490] Retrieving data for CONAN FANS TOKEN @ https://bscscan.com/token/0xf17d49fbb16064a2504bd9550e5e938b1a49971b
[2021-06-02 15:09:38.706643] Retrieving data for NFT DIRECT TOKEN @ https://bscscan.com/token/0xa999d6725531eeac218059db383198a9134f9582
[2021-06-02 15:09:47.742770] Retrieving data for Iron Doge @ https://bscscan.com/token/0x058eaf4dd2e37a78f83907cd4f979dc4490bba2c
[2021-06-02 15:09:56.769762] Retrieving data for SMSCodes Coin @ https://bscscan.com/token/0x8cb0d15ce441c2ecc01c66414078f125b557b438
[2021-06-02 15:10:05.989355] Retrieving data for Star Foxx @ https://bscscan.com/token/0x5717cdb81ed9a3ca526f1b3dc3407ce0acc18645
[2021-06-02 15:10:15.056472] Retrieving data for BarneyFinance @ https://bscscan.com/token/0xbb6915ccb32e22b465c419a4683b1b91bb6c28fe
[2021-06-02 15:10:24.130454] Retrieving data for BOSS TOKEN @ https://bscscan.com/token/0xaf104a1452999d1b27c625b30c838199062fb428
[2021-06-02 15:10:33.104959] Retrieving data for HappySheep @ https://bscscan.com/token/0x8e1d9961340e418466f9e4d2f1d7f69711638867
[2021-06-02 15:10:41.892339] Retrieving data for MoonAss @ https://bscscan.com/token/0x6b244b0069a9ef1024880a0ae80ecee379624e4f
[2021-06-02 15:10:51.961688] Retrieving data for Diamond Token @ https://bscscan.com/token/0x5a409ca910deff970c0e93a7936d8f5deae76482
[2021-06-02 15:11:01.115838] Retrieving data for SpitzMoon @ https://bscscan.com/token/0x574674bc20db4f23662052749dd57463d83ac5bd
[2021-06-02 15:11:11.108648] Retrieving data for moonAMP @ https://bscscan.com/token/0x4c512c241068f1d1690eebbbf52289666bfc6f5c
[2021-06-02 15:11:20.347480] Retrieving data for Oxtrust @ https://bscscan.com/token/0xa6fe2ec2c653aa81e7d5f79b79bbd6c00c32fe73
[2021-06-02 15:11:30.616819] Retrieving data for Launch Kids @ https://bscscan.com/token/0x6cab5dde5f839ee0d469eb925e72821c6aca5cd6
[2021-06-02 15:11:39.783297] Retrieving data for GRAPE JUICE BSC @ https://bscscan.com/token/0x33aaa757aa67237f06fde00465eefada30ee97bf
[2021-06-02 15:11:48.896591] Retrieving data for FIRE🔥 @ https://bscscan.com/token/0xbd2166ff741e8b4d80d0baaa59f106f7f3beefbe
[2021-06-02 15:11:59.151409] Retrieving data for JBS FOOD @ https://bscscan.com/token/0x228e2faa69fac6532f13aa4febf3bad926b78fbb
[2021-06-02 15:12:09.813043] Retrieving data for Ghostface Finance @ https://bscscan.com/token/0x20f2fa12f5d8f9b240d21ca0cf35b1c94b941785
[2021-06-02 15:12:18.872391] Retrieving data for ChibiCat @ https://bscscan.com/token/0x1a80cffaf6ec02d17a9ffd669338cd65f326d2a3
[2021-06-02 15:12:27.943834] Retrieving data for Socially Ostracized 1980 @ https://bscscan.com/token/0xc661155587eb3d32d47062ae2d2583691bfe2672
[2021-06-02 15:12:37.980157] Retrieving data for CrossProtocol @ https://bscscan.com/token/0x7e1d4ada3c220a1ce003d1f1f003b418e6daff1c
[2021-06-02 15:12:48.195307] Retrieving data for Moon Iron @ https://bscscan.com/token/0x785a15675368410eaa1405087b869ea915f96b83
[2021-06-02 15:12:58.364797] Retrieving data for MOONBITE @ https://bscscan.com/token/0x5bf9ee1b168356f53289a43db6cbf7b9f6472c63
[2021-06-02 15:13:07.425912] Retrieving data for Shochu Inu @ https://bscscan.com/token/0xb3a2b1bf975ccbe4d81dc1cc1576b05ae2bfd5e7
[2021-06-02 15:13:16.606593] Retrieving data for BSC MOON @ https://bscscan.com/token/0xa4a67604a315a2e1bc06c9f6dba6423024140311
[2021-06-02 15:13:26.647013] Retrieving data for Wrapped Dai @ https://bscscan.com/token/0xa20be0b824b963bc7d11d124cdefa0bc7ce85533
[2021-06-02 15:13:36.475223] Retrieving data for GeekHoldings @ https://bscscan.com/token/0x9fbbcaa3162c74b24751f7c4b9cfb4af0811a622
[2021-06-02 15:13:45.370545] Retrieving data for CuteShiba @ https://bscscan.com/token/0x90542d6a1f3816499b82b4344be3a32beb420f1a
[2021-06-02 15:13:54.684390] Retrieving data for Super Dad Coin @ https://bscscan.com/token/0x493151eb6ab2cd03ffc8876848c988439219c07e
[2021-06-02 15:14:03.883418] Retrieving data for USD SMART @ https://bscscan.com/token/0x303de4bdb189b951f875eb4a8ecde2985138161e
[2021-06-02 15:14:13.853289] Retrieving data for Saiyan Inu @ https://bscscan.com/token/0x127cf9704ddfcf0e9ec1dc20f11877731d18ac34
[2021-06-02 15:14:23.072395] output CSV saved ./csv/NewTokens02062021_151423.csv
[2021-06-02 15:14:23.072460] Scrape Job Sleeping For 1
