[2021-06-02 13:36:16.937406] Retrieving data for Saitama Inu @ https://etherscan.io/token/0x8b3192f5eebd8579568a2ed41e6feb402f93f73f
[2021-06-02 13:36:27.404915] Retrieving data for EthMoonClone.com @ https://etherscan.io/token/0x5f40d613d710b4ec87f530e6d35aadb69910b4fc
[2021-06-02 13:36:36.398185] Retrieving data for Ethereum Star â @ https://etherscan.io/token/0x39b00bdd39c4a1e6743a3f904816778db7e26904
[2021-06-02 13:36:45.878776] Retrieving data for DogKing @ https://etherscan.io/token/0x09c7d53dcf146fb9e373d406fb19ed330d9323c8
[2021-06-02 13:36:54.939685] Retrieving data for luckyinu @ https://etherscan.io/token/0xd1c8fa30fded3e0031dc24c1646d74108b096cc2
[2021-06-02 13:37:04.388381] Retrieving data for Give Global @ https://etherscan.io/token/0xc1019c697009708e6bd1cf12f57863bb751741c9
[2021-06-02 13:37:14.241658] Retrieving data for Give Global @ https://etherscan.io/token/0x99b7965bc3e02960a20cd5404f3d96d77acff4bc
[2021-06-02 13:37:23.715542] Retrieving data for American Hokkaidu Inu @ https://etherscan.io/token/0x4623aa7b4ed89bbf8461f6d402658a4a588ed8a2
[2021-06-02 13:37:33.485486] Retrieving data for EthereumPump @ https://etherscan.io/token/0x07eb738b399e9dbffab222604bce086b857bf415
[2021-06-02 13:37:43.492231] Retrieving data for Automata @ https://etherscan.io/token/0xa2120b9e674d3fc3875f415a7df52e382f141225
[2021-06-02 13:37:52.801865] Retrieving data for Cons Inu @ https://etherscan.io/token/0xec03af39131ab3b8509b87b9c9257b2e6651764d
[2021-06-02 13:38:03.227659] Retrieving data for DefureDoge @ https://etherscan.io/token/0x43b11adeba77fc12cc64179332b9d2fb03d535e7
[2021-06-02 13:38:12.671085] Retrieving data for Akita Cookies @ https://etherscan.io/token/0xf0c8ba02ec1d22827c98327e29e14ee7bed1cc0f
[2021-06-02 13:38:21.662783] Retrieving data for American KISHU @ https://etherscan.io/token/0xa85d6c5814d5dba03570ed0bad510e7d33fecd32
[2021-06-02 13:38:31.534167] Retrieving data for Ethereum Mango @ https://etherscan.io/token/0x38f08ad16b123d66aaefd5fb857e97f1e2213997
[2021-06-02 13:38:40.902773] Retrieving data for FIFA Ultimate Token @ https://etherscan.io/token/0x31ecdfa78039ce88135902137de160a535c1d2df
[2021-06-02 13:38:50.193570] Retrieving data for Flux Protocol @ https://etherscan.io/token/0x7645ddfeeceda57e41f92679c4acd83c56a81d14
[2021-06-02 13:39:00.382956] Retrieving data for SMSCodes @ https://etherscan.io/token/0x668f7dfb8c8d716839fa5dbea317d8723ebe6110
[2021-06-02 13:39:10.035203] Retrieving data for Laika Protocol @ https://etherscan.io/token/0x0bffc5692960bb043d3216839bdd6e5e64ff1b4e
[2021-06-02 13:39:20.810550] Retrieving data for Lollipop @ https://etherscan.io/token/0xfb6a7831bd2498accbc9fb97fc1b740752ed9f02
[2021-06-02 13:39:30.577611] Retrieving data for Litecoinmax @ https://etherscan.io/token/0x97825b4adee063b93dff926743f0efd86c648aaa
[2021-06-02 13:39:39.586080] Retrieving data for Ethereum Blue @ https://etherscan.io/token/0x726050cd09070d95e0bff86b64a4b02d4bf670f1
[2021-06-02 13:39:48.957157] Retrieving data for Baichi Inu @ https://etherscan.io/token/0x55f6539c34a09cfeabf6ab664c6eed6a48849af0
[2021-06-02 13:39:59.992477] Retrieving data for RockDoge @ https://etherscan.io/token/0x0620f4dacf224a6d7afd2603b4cb15ed74b786e6
[2021-06-02 13:40:09.236420] Retrieving data for Moji @ https://etherscan.io/token/0x744f742abbdb64e712ff6fb80c1287190354675c
[2021-06-02 13:40:18.823329] Retrieving data for CactusToken @ https://etherscan.io/token/0x5877f64b775b066c7fa655456a8a39a2c27a3f27
[2021-06-02 13:40:27.882007] Retrieving data for EthGold @ https://etherscan.io/token/0x9a8d675b57261c2aab618cc0a73dd75116e0db73
[2021-06-02 13:40:37.008022] Retrieving data for SNP Token @ https://etherscan.io/token/0x795dbf627484f8248d3d6c09c309825c1563e873
[2021-06-02 13:40:46.439094] Retrieving data for xDog Finance @ https://etherscan.io/token/0x6e5f79fbbacbcb8487ee1b110f0255d8b9139c47
[2021-06-02 13:40:55.620467] Retrieving data for eNFT @ https://etherscan.io/token/0x14af7e1692d68462def1e95e98b0801d7b5f20d4
[2021-06-02 13:41:05.071061] Retrieving data for 0x Protocol @ https://etherscan.io/token/0x80b81c6c7278f804e8327d20a18fde170272d3fa
[2021-06-02 13:41:14.458264] Retrieving data for Diamond Inu @ https://etherscan.io/token/0x51953caebba3f3f249f63d8949d8c4d60564b5b5
[2021-06-02 13:41:23.459791] Retrieving data for Keshi Inu @ https://etherscan.io/token/0x0b55bfec20f3c4d01995e956c9c63ff29ba81bf0
[2021-06-02 13:41:32.752079] Retrieving data for Ethereum KOJI @ https://etherscan.io/token/0x64a20352f977898b63dbc893d13dd26be654851a
[2021-06-02 13:41:41.654119] Retrieving data for Ethereum PUMP @ https://etherscan.io/token/0x26eea8b05001cc341e96a4e1f306c8cf9e37a33b
[2021-06-02 13:41:50.852984] Retrieving data for EthanolShiba @ https://etherscan.io/token/0xdada46cd19bf7119863aa9d1041e5c15f23bb9ba
[2021-06-02 13:42:00.116124] Retrieving data for Legless Captain Tsubasa @ https://etherscan.io/token/0xaf44786a03b31309bc53a81164428f5f76f4ef5b
[2021-06-02 13:42:09.818693] Retrieving data for Ethereum Charizard @ https://etherscan.io/token/0x6e42a6748f5ec8b5b22af1ddc67101381be13c3f
[2021-06-02 13:42:20.407388] Retrieving data for Meowth @ https://etherscan.io/token/0x41c2f170f3f1b2c9a66edec1e61069fd67edd413
[2021-06-02 13:42:30.883923] Retrieving data for Ethereum Maxi @ https://etherscan.io/token/0x851bbf02ee2171d7ec1d45c35f33ee6e2985e2d9
[2021-06-02 13:42:39.925659] Retrieving data for Bitcoin Max @ https://etherscan.io/token/0x51bcf4ecf2761e44175d201a20ac7e946e3c4cbd
[2021-06-02 13:42:49.237801] Retrieving data for Spaghettinuð @ https://etherscan.io/token/0xa1fc6d28b2fc00ff0ff93b2da3f2b3c8ae85ad64
[2021-06-02 13:42:58.442228] Retrieving data for Nuggets Swap @ https://etherscan.io/token/0x7532476ad7f174f8115947a341c16c681cf9088a
[2021-06-02 13:43:08.093637] Retrieving data for CyclopDoge @ https://etherscan.io/token/0xe3859fa2628c47bdd410172a6177fe7c7808cc83
[2021-06-02 13:43:17.859506] Retrieving data for Baby Doge Coin @ https://etherscan.io/token/0xc3b8769b3b17924bf0b6117d387063ceca2e35dc
[2021-06-02 13:43:27.738831] Retrieving data for Ethereum Rainchu (raichucoin.com) @ https://etherscan.io/token/0xe0ee657a6cfbee395ac621f3cd3c57b7b36f781f
[2021-06-02 13:43:36.743407] Retrieving data for Ethereum Ultra Max @ https://etherscan.io/token/0xd2c5581ff3e9fb5e4afe11eb2e58af89039cd219
[2021-06-02 13:43:45.895831] Retrieving data for Ethereum String @ https://etherscan.io/token/0x8eb2d5cefe51a319c846e5eb8fad5faa93922f5e
[2021-06-02 13:43:56.317636] Retrieving data for Ethereum Ultra Max @ https://etherscan.io/token/0x3f18f5d87826b249d022e0215fb500f8992e72a6
[2021-06-02 13:44:06.316623] Retrieving data for Ethereum Raichu (raichucoin.com) @ https://etherscan.io/token/0x0c5a7d3244ec293afae46ad5036301fb2a84d00e
[2021-06-02 13:44:15.232417] Retrieving data for ETH Marketplace @ https://etherscan.io/token/0x1307a1fd102526257466599c5d42024dd72b300b
[2021-06-02 13:44:24.413720] Retrieving data for EthereumShiba @ https://etherscan.io/token/0xa475d9e167e9ad9aa4bf7ae4e00bfce3a60d397e
[2021-06-02 13:44:35.402409] Retrieving data for ETH ONE @ https://etherscan.io/token/0x34ee6500e9c309a5845b5e145e17cc76d2a65662
[2021-06-02 13:44:44.626117] Retrieving data for Vinyl @ https://etherscan.io/token/0xc17b6c92bb728259ca2f76c88a4a48ac077587f7
[2021-06-02 13:44:53.801775] Retrieving data for eSafe  https://t.me/EthSafeToken @ https://etherscan.io/token/0xa10deec94ab4cdb8a80ca3bf6037feee221109e4
[2021-06-02 13:45:04.128577] Retrieving data for Moon Inu.finance @ https://etherscan.io/token/0x4ccedc93ec1cd1bebb09cdb7d516cdcabc04774a
[2021-06-02 13:45:13.397847] Retrieving data for WAGMIï¸ @ https://etherscan.io/token/0x23e5f6c2f6753842518a65462762cb6d50f85280
[2021-06-02 13:45:23.227426] Retrieving data for Shiba Cookies @ https://etherscan.io/token/0xb7f3251f52b6624bfdc55a3be05a5e9eeb55ed4c
[2021-06-02 13:45:32.668600] Retrieving data for Cavapoo @ https://etherscan.io/token/0x456d8f0d25a4e787ee60c401f8b963a465148f70
[2021-06-02 13:45:41.892592] Retrieving data for xTesla Finance @ https://etherscan.io/token/0x8afd4ce7633985e93a1d0def08dc81b9bc66fcaf
[2021-06-02 13:45:50.934575] Retrieving data for mrshiba.finance @ https://etherscan.io/token/0xbbafafa5c32c6d0513ffb899d6509fd93b2e992f
[2021-06-02 13:46:00.764228] Retrieving data for Karate Inu @ https://etherscan.io/token/0x97ce409302fdddda282741a0f0cafdd1cabd7f8c
[2021-06-02 13:46:11.107782] Retrieving data for EthBOMB @ https://etherscan.io/token/0x0285e641ed4f34e70b9eb61dbd4e465c5767581b
[2021-06-02 13:46:20.398150] Retrieving data for www.superinu.finance @ https://etherscan.io/token/0x8e2b11b6d3c03b6c9a9de498ca8f14ca8a314a46
[2021-06-02 13:46:30.051539] Retrieving data for UnSafeMoon @ https://etherscan.io/token/0x8a1b3a817877137ba9462459cc6e4b6af8879f14
[2021-06-02 13:46:39.514802] Retrieving data for Ethereum Space @ https://etherscan.io/token/0x0cc18c8c6f9072a7419ef6b80c79ca97540c14d7
[2021-06-02 13:46:49.456371] Retrieving data for HODL inu @ https://etherscan.io/token/0x95eb3c651b8212362a7c1dccc9e0e0240eba9471
[2021-06-02 13:46:58.580176] Retrieving data for Ethereum Dragon @ https://etherscan.io/token/0x46eef6df28e501799f2c12eb44f49dc2f1d09049
[2021-06-02 13:47:08.402252] Retrieving data for Star Foxx @ https://etherscan.io/token/0x31d457e7bcff5bc9a5ef86e6a5ea1db5b5c3bfb0
[2021-06-02 13:47:17.503644] Retrieving data for Rich Doge @ https://etherscan.io/token/0x582d66c6d81ee943566f41895475f47f7ccf9f90
[2021-06-02 13:47:27.166979] Retrieving data for Koji @ https://etherscan.io/token/0x1c8266a4369af6d80df2659ba47b3c98f35cb8be
[2021-06-02 13:47:38.145664] Retrieving data for EtherChibi @ https://etherscan.io/token/0xa84308c5d8522342e5fa86db98609dd08bf71f12
[2021-06-02 13:47:48.230185] Retrieving data for Nyan Kanna @ https://etherscan.io/token/0x5ba5eb6c55028adceb7f82d8dd50fc3f37305db7
[2021-06-02 13:47:57.436644] Retrieving data for EthElon | t.me/EthElonToken @ https://etherscan.io/token/0xa47861219642c8214d4f5f21cf9891f238ca07cb
[2021-06-02 13:48:06.746005] Retrieving data for eMooncat @ https://etherscan.io/token/0xea752e880490d1fccaf7b392693e1dc6d64696d8
[2021-06-02 13:48:16.328381] Retrieving data for Chibi Inu @ https://etherscan.io/token/0x9fc77d85d1facb95a60fa2950ac612640f07e2ec
[2021-06-02 13:48:25.714969] Retrieving data for Toromi Inu @ https://etherscan.io/token/0x9d0e32d6c58d0c01f00e15bd7b3006193d95de60
[2021-06-02 13:48:34.826329] Retrieving data for Ethereum West Always @ https://etherscan.io/token/0x6879fbe037be059abe26a381202a9f30b6411481
[2021-06-02 13:48:43.873639] Retrieving data for Ethereum Rocket @ https://etherscan.io/token/0x0e0d5f125543fdbc3870ac44108bcb82f5edff1d
[2021-06-02 13:48:52.871695] Retrieving data for SMILE DOGE @ https://etherscan.io/token/0x1f051d2fd265899b8dece589b20f0cb0a5ab509d
[2021-06-02 13:49:01.959985] Retrieving data for TheBridge @ https://etherscan.io/token/0x391612e67b0252e0d1e1460501b41545931faef9
[2021-06-02 13:49:11.002948] Retrieving data for Carbon GEMS @ https://etherscan.io/token/0xe74ac81b14021d0cfb835f269f48f25918c5cae6
[2021-06-02 13:49:20.047724] Retrieving data for E2P Group @ https://etherscan.io/token/0xa0b84460a1e78339692c7463009c35f0b9a6ae4c
[2021-06-02 13:49:29.189320] Retrieving data for Jejudoge @ https://etherscan.io/token/0x939a7a577d93ad29b64c1595b1284ce660a479b9
[2021-06-02 13:49:38.324133] Retrieving data for Ethereum Ethereum @ https://etherscan.io/token/0xefbf37c00619ad3a8b2f15512d0e8cdf41645760
[2021-06-02 13:49:47.587257] Retrieving data for safebooty.xyz ð @ https://etherscan.io/token/0x83b15b3bd4f092483c9194815fba63829b28b910
[2021-06-02 13:49:57.037351] Retrieving data for PleaseSER @ https://etherscan.io/token/0x1cb3d0c72a5db2b63ce53ab858b9c3712551f819
[2021-06-02 13:50:06.350090] Retrieving data for EthereumInfitnity @ https://etherscan.io/token/0x11306ee42d6b03af8602d15edcc58113ecadbfdc
[2021-06-02 13:50:15.377294] Retrieving data for White Kishu Inu @ https://etherscan.io/token/0x0d7903b7e66592462748622902431d4880d92113
[2021-06-02 13:50:25.268678] Retrieving data for DUMP INU @ https://etherscan.io/token/0xe4f073777e0b1a8796b17b430ca9e2c35b2b6209
[2021-06-02 13:50:34.685993] Retrieving data for Fat Cat @ https://etherscan.io/token/0xdf71773d76a482540e7f55478673d10dc637b632
[2021-06-02 13:50:43.607869] Retrieving data for Ethereum Summer @ https://etherscan.io/token/0xb762c499f17bc62d06065d941deea5006fe413f9
[2021-06-02 13:50:52.933672] Retrieving data for Golfrochain @ https://etherscan.io/token/0x996652b6c5c4b1154b25515db21b7bbadd40ddfa
[2021-06-02 13:51:03.414409] Retrieving data for GENEBANK Token @ https://etherscan.io/token/0x7aa46a51f717404d944051af3075bbcb49b2288b
[2021-06-02 13:51:12.928483] Retrieving data for Ethereum Gaming @ https://etherscan.io/token/0x9c7450d8a16368dc737cf74f77c723c1784d9896
[2021-06-02 13:51:22.319033] Retrieving data for Dog Supreme @ https://etherscan.io/token/0x5070ee45977daecff0c0bf4daec5a8b9f2c11b83
[2021-06-02 13:51:33.332236] Retrieving data for EthereumReborn @ https://etherscan.io/token/0x0c6bf92d7cd2ca5351f326996c012e8e5bf5f0ad
[2021-06-02 13:51:42.909319] Retrieving data for eMooncat @ https://etherscan.io/token/0xd01beb277d309a1e4a068688a02331f8d60da21b
[2021-06-02 13:51:52.338687] Retrieving data for Pink Panda @ https://etherscan.io/token/0x670994cd351017bf99b745ae44d16d0020666828
[2021-06-02 13:52:01.525155] Retrieving data for DeFiCity @ https://etherscan.io/token/0x4437b2d5f2e6ff915a050c9e28f27c0210938600
[2021-06-02 13:52:10.808748] Retrieving data for PowerLab @ https://bscscan.com/token/0xc6a5b35845c5a2690a5371e147d1ef31d77f5662
[2021-06-02 13:52:21.673850] Retrieving data for 习近平 Coin @ https://bscscan.com/token/0xba033174e3b28f6d052f56c79143a726f5d2c349
[2021-06-02 13:52:31.502681] Retrieving data for TrezorOfficial @ https://bscscan.com/token/0x7ecf36780c072ab0ec1e913cfe8f2f709afccdaf
[2021-06-02 13:52:40.402672] Retrieving data for SAFE ELON MOON🥮 @ https://bscscan.com/token/0x3ead625c9ac279d6142778bc07287a4019c7b818
[2021-06-02 13:52:49.994782] Retrieving data for Hukku @ https://bscscan.com/token/0xfa01d3a2b25cdf3b1a6b2361fa07cc71a5f2fba0
[2021-06-02 13:52:59.181595] Retrieving data for Trust Network @ https://bscscan.com/token/0xf55cd2365c8ddedf4e67d770a13237b71bb7ef5f
[2021-06-02 13:53:08.367413] Retrieving data for ComProToken @ https://bscscan.com/token/0xf41d6f9680ea216aad62baa7101af40fee688046
[2021-06-02 13:53:17.845118] Retrieving data for Pliny the Elder @ https://bscscan.com/token/0xc62ecd4b05df4a44d1b49ce2995dc7404118c057
[2021-06-02 13:53:27.015912] Retrieving data for Vortex Finance @ https://bscscan.com/token/0xc575626dacce3ac89e3f9062a6343a0c7a620bcf
[2021-06-02 13:53:36.017931] Retrieving data for TPAU @ https://bscscan.com/token/0x7d5fe159b73d878524bd73ae0d1fb089150f0371
[2021-06-02 13:53:44.945491] Retrieving data for GalaxyDoge @ https://bscscan.com/token/0x3920b063f63099511b5205de0d580934cdb5d608
[2021-06-02 13:53:55.490776] Retrieving data for HitChain @ https://bscscan.com/token/0x2d4852ac322d7f5c0b01ff7e1333a2a36a644c3f
[2021-06-02 13:54:05.491046] Retrieving data for RedBull Coin @ https://bscscan.com/token/0x0bfbd0b2a3f05d81126eedd2bda7f62b6551e74f
[2021-06-02 13:54:14.719558] Retrieving data for Wrapped Compound @ https://bscscan.com/token/0x0b771e34526886d9fff8e764cf557d1cb5943c89
[2021-06-02 13:54:23.723573] Retrieving data for WeedFinance @ https://bscscan.com/token/0x0a1c648fa8e5e047cc687ef54000b7e310025c5e
[2021-06-02 13:54:32.710245] Retrieving data for Ocean Dream @ https://bscscan.com/token/0x01eabe8db7e7502a7d5b4a1848153e2959c16e75
[2021-06-02 13:54:43.227706] Retrieving data for Fly Chicken @ https://bscscan.com/token/0xf50da4948c4469ffc8f1b801975e25635ce0e4f9
[2021-06-02 13:54:52.699045] Retrieving data for Edward Cullen Token @ https://bscscan.com/token/0xd2736f4d13387e4215c0b57b71c6aba9fc6fe5aa
[2021-06-02 13:55:02.104692] Retrieving data for 8GAG @ https://bscscan.com/token/0xb1a72f7501b44f1ea24f2b54eba471930d771fd6
[2021-06-02 13:55:11.176541] Retrieving data for Bitcoin King @ https://bscscan.com/token/0x42cc9a3471ed77d90cd3420df7fed9db08692ce8
[2021-06-02 13:55:21.128177] Retrieving data for SantaSocks @ https://bscscan.com/token/0xf48f267eef997f987b6d7074cb44e907d898459a
[2021-06-02 13:55:31.730864] Retrieving data for KenzoInu @ https://bscscan.com/token/0x7e9ca6e0e1b8eafc791d698bf3526c5fa61270a0
[2021-06-02 13:55:40.749265] Retrieving data for Sky @ https://bscscan.com/token/0x6de48c7f9fb1fbd867c5bda9681cfac0791934c0
[2021-06-02 13:55:50.314836] Retrieving data for HRDcoin @ https://bscscan.com/token/0xfd0467f4a50ecf6f9fa0211c5d6a82fcda329914
[2021-06-02 13:56:00.283347] Retrieving data for ADA MOON 🌙 @ https://bscscan.com/token/0xf41200081b4081a23945ad9cd185b4f4460571ab
[2021-06-02 13:56:09.371454] Retrieving data for Baddies @ https://bscscan.com/token/0xbc1f9f9a606180db9191d6237a4b6ba262e3a0e8
[2021-06-02 13:56:19.393436] Retrieving data for PI Network @ https://bscscan.com/token/0x9342f723775f9ebace6bec2a00e2a0403f7d8663
[2021-06-02 13:56:28.647882] Retrieving data for banana.finance @ https://bscscan.com/token/0x8f34f12a9363c57d1438430461f661d6120116e9
[2021-06-02 13:56:38.505228] Retrieving data for Online Game Transfer @ https://bscscan.com/token/0x61cc69e0a41ba191be394c8f16f840a4f3bf7116
[2021-06-02 13:56:48.033571] Retrieving data for FreePalestine @ https://bscscan.com/token/0x1c6252c8946f2bd773fb3571a65459579e1ac10c
[2021-06-02 13:56:57.811385] Retrieving data for GigaChad @ https://bscscan.com/token/0x1a204d61102ea5d60af02ef59b7433fa0038642b
[2021-06-02 13:57:06.868948] Retrieving data for Greatest of All Time @ https://bscscan.com/token/0x1936b416cd516b08f61d347034d8fa7e21d13fe9
[2021-06-02 13:57:15.994225] Retrieving data for Zabaku Inu Coin @ https://bscscan.com/token/0x006c53bb2cea71b14af6e087fa66e630dbaa4ee9
[2021-06-02 13:57:26.090541] Retrieving data for Animal Token @ https://bscscan.com/token/0xf9538bfbc5590bdcffbed2f741923efa9bb552d9
[2021-06-02 13:57:35.146207] Retrieving data for PuppyCorgi @ https://bscscan.com/token/0xd65758392ddc244a06e113655323b72581f21135
[2021-06-02 13:57:45.566892] Retrieving data for Salvation.Finance @ https://bscscan.com/token/0x8fd95df18d6c39088e8ec03208a3fe27d5fccd83
[2021-06-02 13:57:55.220330] Retrieving data for Piggy Bank NFT @ https://bscscan.com/token/0x7ae99d32fa33d86667813ee6fc438876c58e421b
[2021-06-02 13:58:04.582229] Retrieving data for MOONBALL @ https://bscscan.com/token/0x10d6e078874534ec6ba036d5ff843c263196ecd9
[2021-06-02 13:58:14.250982] Retrieving data for QuickCash @ https://bscscan.com/token/0x0b66efdfd77c5e307216a693c163f45fe5b34c5f
[2021-06-02 13:58:23.958929] Retrieving data for ChibiRat @ https://bscscan.com/token/0x8f99bcf248ac87e30d8d558bed648544bae4a5bf
[2021-06-02 13:58:35.099880] Retrieving data for Moon Shell @ https://bscscan.com/token/0x2142c3cb6806dedd5a6c56bb5aa7accfcb5294f6
[2021-06-02 13:58:45.356899] Retrieving data for Fortune Gold @ https://bscscan.com/token/0xfd95058594f0fd77a9bc071dc4fb83e0215826cc
[2021-06-02 13:58:55.791832] Retrieving data for Binance Ecosystem Value @ https://bscscan.com/token/0xc7dac962c166a26038ec4bc5d0e2a3fe0ff3ce58
[2021-06-02 13:59:05.589867] Retrieving data for Starship @ https://bscscan.com/token/0x195780e6c3b7f8cbefa82340df1ab495c01de07d
[2021-06-02 13:59:15.334320] Retrieving data for Shiba Inu Cash @ https://bscscan.com/token/0xad066cef35cbafee0acd524972da8aa479759fa2
[2021-06-02 13:59:24.216063] Retrieving data for Real Madrid Fans Token @ https://bscscan.com/token/0x49a0f057a67114ca8932e1df482a7dfedaf112a5
[2021-06-02 13:59:33.182358] Retrieving data for Shiba Launch Coin @ https://bscscan.com/token/0x3c103a56dcb76c8574df12fd5f8f291f24431e9c
[2021-06-02 13:59:42.702219] Retrieving data for BestNFT @ https://bscscan.com/token/0xdf370360c12c81e78179ff8f1c543b738d007dc0
[2021-06-02 13:59:52.427172] Retrieving data for Lordgaben @ https://bscscan.com/token/0xb563b4c26dfa1db597506ea0fbd3957c663c9311
[2021-06-02 14:00:01.871806] Retrieving data for 1000xMOON @ https://bscscan.com/token/0xafcb082d8b24952579d2c7737bfe345007cee94f
[2021-06-02 14:00:10.914236] Retrieving data for Longdrink Finance @ https://bscscan.com/token/0x5317fa16f8603be9c461def5d5a1bf28dfe42d55
[2021-06-02 14:00:21.907461] Retrieving data for DiscoShiba @ https://bscscan.com/token/0x305a202bbf14769316a017c3b3020bafe1c854ed
[2021-06-02 14:00:31.553903] Retrieving data for StellarSwip @ https://bscscan.com/token/0x1ee53ded7c6b17620e59f4de84640e01ecf94bbb
[2021-06-02 14:00:41.511578] Retrieving data for CONAN FANS TOKEN @ https://bscscan.com/token/0xf17d49fbb16064a2504bd9550e5e938b1a49971b
[2021-06-02 14:00:52.241903] Retrieving data for NFT DIRECT TOKEN @ https://bscscan.com/token/0xa999d6725531eeac218059db383198a9134f9582
[2021-06-02 14:01:02.123480] Retrieving data for Iron Doge @ https://bscscan.com/token/0x058eaf4dd2e37a78f83907cd4f979dc4490bba2c
[2021-06-02 14:01:11.371628] Retrieving data for SMSCodes Coin @ https://bscscan.com/token/0x8cb0d15ce441c2ecc01c66414078f125b557b438
[2021-06-02 14:01:20.462742] Retrieving data for Star Foxx @ https://bscscan.com/token/0x5717cdb81ed9a3ca526f1b3dc3407ce0acc18645
[2021-06-02 14:01:29.718143] Retrieving data for BarneyFinance @ https://bscscan.com/token/0xbb6915ccb32e22b465c419a4683b1b91bb6c28fe
[2021-06-02 14:01:39.614191] Retrieving data for BOSS TOKEN @ https://bscscan.com/token/0xaf104a1452999d1b27c625b30c838199062fb428
[2021-06-02 14:01:50.108958] Retrieving data for HappySheep @ https://bscscan.com/token/0x8e1d9961340e418466f9e4d2f1d7f69711638867
[2021-06-02 14:02:00.730995] Retrieving data for MoonAss @ https://bscscan.com/token/0x6b244b0069a9ef1024880a0ae80ecee379624e4f
[2021-06-02 14:02:10.608087] Retrieving data for Diamond Token @ https://bscscan.com/token/0x5a409ca910deff970c0e93a7936d8f5deae76482
[2021-06-02 14:02:20.480697] Retrieving data for SpitzMoon @ https://bscscan.com/token/0x574674bc20db4f23662052749dd57463d83ac5bd
[2021-06-02 14:02:30.978161] Retrieving data for moonAMP @ https://bscscan.com/token/0x4c512c241068f1d1690eebbbf52289666bfc6f5c
[2021-06-02 14:02:40.077468] Retrieving data for Oxtrust @ https://bscscan.com/token/0xa6fe2ec2c653aa81e7d5f79b79bbd6c00c32fe73
[2021-06-02 14:02:50.281815] Retrieving data for Launch Kids @ https://bscscan.com/token/0x6cab5dde5f839ee0d469eb925e72821c6aca5cd6
[2021-06-02 14:02:59.764729] Retrieving data for GRAPE JUICE BSC @ https://bscscan.com/token/0x33aaa757aa67237f06fde00465eefada30ee97bf
[2021-06-02 14:03:08.654759] Retrieving data for FIRE🔥 @ https://bscscan.com/token/0xbd2166ff741e8b4d80d0baaa59f106f7f3beefbe
[2021-06-02 14:03:19.516480] Retrieving data for JBS FOOD @ https://bscscan.com/token/0x228e2faa69fac6532f13aa4febf3bad926b78fbb
[2021-06-02 14:03:29.690004] Retrieving data for Ghostface Finance @ https://bscscan.com/token/0x20f2fa12f5d8f9b240d21ca0cf35b1c94b941785
[2021-06-02 14:03:39.033364] Retrieving data for ChibiCat @ https://bscscan.com/token/0x1a80cffaf6ec02d17a9ffd669338cd65f326d2a3
[2021-06-02 14:03:50.207669] Retrieving data for Socially Ostracized 1980 @ https://bscscan.com/token/0xc661155587eb3d32d47062ae2d2583691bfe2672
[2021-06-02 14:04:01.539798] Retrieving data for CrossProtocol @ https://bscscan.com/token/0x7e1d4ada3c220a1ce003d1f1f003b418e6daff1c
[2021-06-02 14:04:10.912122] Retrieving data for Moon Iron @ https://bscscan.com/token/0x785a15675368410eaa1405087b869ea915f96b83
[2021-06-02 14:04:20.297321] Retrieving data for MOONBITE @ https://bscscan.com/token/0x5bf9ee1b168356f53289a43db6cbf7b9f6472c63
[2021-06-02 14:04:30.153854] Retrieving data for Shochu Inu @ https://bscscan.com/token/0xb3a2b1bf975ccbe4d81dc1cc1576b05ae2bfd5e7
[2021-06-02 14:04:39.273243] Retrieving data for BSC MOON @ https://bscscan.com/token/0xa4a67604a315a2e1bc06c9f6dba6423024140311
[2021-06-02 14:04:48.682894] Retrieving data for Wrapped Dai @ https://bscscan.com/token/0xa20be0b824b963bc7d11d124cdefa0bc7ce85533
[2021-06-02 14:04:59.446650] Retrieving data for GeekHoldings @ https://bscscan.com/token/0x9fbbcaa3162c74b24751f7c4b9cfb4af0811a622
[2021-06-02 14:05:08.535828] Retrieving data for CuteShiba @ https://bscscan.com/token/0x90542d6a1f3816499b82b4344be3a32beb420f1a
[2021-06-02 14:05:17.472612] Retrieving data for Super Dad Coin @ https://bscscan.com/token/0x493151eb6ab2cd03ffc8876848c988439219c07e
[2021-06-02 14:05:26.466938] Retrieving data for USD SMART @ https://bscscan.com/token/0x303de4bdb189b951f875eb4a8ecde2985138161e
[2021-06-02 14:05:36.879797] Retrieving data for Saiyan Inu @ https://bscscan.com/token/0x127cf9704ddfcf0e9ec1dc20f11877731d18ac34
[2021-06-02 14:05:46.174180] Retrieving data for Super Mom Coin @ https://bscscan.com/token/0xdb271f02baba2f86c1212620386a6ef7c80f6cd5
[2021-06-02 14:05:56.048016] Retrieving data for Uber Finance @ https://bscscan.com/token/0xceec5ae50ab6f3b6d451b67cc0df6c99e065fce2
[2021-06-02 14:06:04.937895] Retrieving data for Piggy Bank Token @ https://bscscan.com/token/0x6bde2bf4cc75e5989348b0cbfe244f571bed22da
[2021-06-02 14:06:14.441978] Retrieving data for ONLYGIRLS @ https://bscscan.com/token/0xea1d15cee0b1f86298d72e92f82065845a27889d
[2021-06-02 14:06:23.549209] Retrieving data for RAPTORMOON @ https://bscscan.com/token/0x9aaab97c50424de907ce952b80fc98073773f628
[2021-06-02 14:06:32.566031] Retrieving data for Laddering @ https://bscscan.com/token/0x423eea9e745c7152a12df3b947ab5e12bfc25664
[2021-06-02 14:06:41.426813] Retrieving data for CoinLegacy @ https://bscscan.com/token/0x2ecd1f339c1a73d5d66252433d1d3732c2ff02da
[2021-06-02 14:06:51.206035] Retrieving data for Tesla Coin @ https://bscscan.com/token/0x0efe021c8bc8d7a022dace579fb06833c8bf6164
[2021-06-02 14:07:03.001733] Retrieving data for Dragonite @ https://bscscan.com/token/0xf0a9144636cb1ced5a578c4439b5872326a3bc12
[2021-06-02 14:07:12.189517] Retrieving data for Atomic Donut @ https://bscscan.com/token/0xd5c4c6784016d3b52903e728e758be6c6757c46d
[2021-06-02 14:07:23.134572] Retrieving data for BabyInu @ https://bscscan.com/token/0x93445d28974a6258933b292a6a22368dbea085a6
[2021-06-02 14:07:32.160961] Retrieving data for SpaceSheep @ https://bscscan.com/token/0x80eb88890ccd7878474858d6fe85285e89ab08cf
[2021-06-02 14:07:41.288822] Retrieving data for Alphabet @ https://bscscan.com/token/0xf0bbc810428531ab04d2871c2acf311c7ece10c1
[2021-06-02 14:07:51.358598] Retrieving data for BlackClover @ https://bscscan.com/token/0x2a6deb9a2364d8bbb5b122882fe0095eead12185
[2021-06-02 14:08:01.589431] Retrieving data for wRipple @ https://bscscan.com/token/0xbbc9fa4b395fee68465c2cd4a88cde267a34ed2a
[2021-06-02 14:08:11.521641] Retrieving data for PI NETWORK @ https://bscscan.com/token/0xa2cf2bcdd5365ccdb85e324b4be54b9bbd588197
[2021-06-02 14:08:20.730281] output CSV saved ./csv/NewTokens02062021_140820.csv
[2021-06-02 14:08:20.730351] Scrape Job Sleeping For 1
