[2021-06-02 11:22:16.975018] Retrieving data for American KISHU @ https://etherscan.io/token/0xa85d6c5814d5dba03570ed0bad510e7d33fecd32
[2021-06-02 11:22:26.578308] Retrieving data for Ethereum Mango @ https://etherscan.io/token/0x38f08ad16b123d66aaefd5fb857e97f1e2213997
[2021-06-02 11:22:36.544664] Retrieving data for FIFA Ultimate Token @ https://etherscan.io/token/0x31ecdfa78039ce88135902137de160a535c1d2df
[2021-06-02 11:22:45.682988] Retrieving data for Flux Protocol @ https://etherscan.io/token/0x7645ddfeeceda57e41f92679c4acd83c56a81d14
[2021-06-02 11:22:55.968908] Retrieving data for SMSCodes @ https://etherscan.io/token/0x668f7dfb8c8d716839fa5dbea317d8723ebe6110
[2021-06-02 11:23:05.568407] Retrieving data for Laika Protocol @ https://etherscan.io/token/0x0bffc5692960bb043d3216839bdd6e5e64ff1b4e
[2021-06-02 11:23:14.551026] Retrieving data for Lollipop @ https://etherscan.io/token/0xfb6a7831bd2498accbc9fb97fc1b740752ed9f02
[2021-06-02 11:23:23.924094] Retrieving data for Litecoinmax @ https://etherscan.io/token/0x97825b4adee063b93dff926743f0efd86c648aaa
[2021-06-02 11:23:34.548254] Retrieving data for Ethereum Blue @ https://etherscan.io/token/0x726050cd09070d95e0bff86b64a4b02d4bf670f1
[2021-06-02 11:23:44.047446] Retrieving data for Baichi Inu @ https://etherscan.io/token/0x55f6539c34a09cfeabf6ab664c6eed6a48849af0
[2021-06-02 11:23:53.503295] Retrieving data for RockDoge @ https://etherscan.io/token/0x0620f4dacf224a6d7afd2603b4cb15ed74b786e6
[2021-06-02 11:24:03.428739] Retrieving data for Moji @ https://etherscan.io/token/0x744f742abbdb64e712ff6fb80c1287190354675c
[2021-06-02 11:24:12.734779] Retrieving data for CactusToken @ https://etherscan.io/token/0x5877f64b775b066c7fa655456a8a39a2c27a3f27
[2021-06-02 11:24:22.689510] Retrieving data for EthGold @ https://etherscan.io/token/0x9a8d675b57261c2aab618cc0a73dd75116e0db73
[2021-06-02 11:24:31.631928] Retrieving data for SNP Token @ https://etherscan.io/token/0x795dbf627484f8248d3d6c09c309825c1563e873
[2021-06-02 11:24:40.870686] Retrieving data for xDog Finance @ https://etherscan.io/token/0x6e5f79fbbacbcb8487ee1b110f0255d8b9139c47
[2021-06-02 11:24:50.022547] Retrieving data for eNFT @ https://etherscan.io/token/0x14af7e1692d68462def1e95e98b0801d7b5f20d4
[2021-06-02 11:24:59.379942] Retrieving data for 0x Protocol @ https://etherscan.io/token/0x80b81c6c7278f804e8327d20a18fde170272d3fa
[2021-06-02 11:25:09.010849] Retrieving data for Diamond Inu @ https://etherscan.io/token/0x51953caebba3f3f249f63d8949d8c4d60564b5b5
[2021-06-02 11:25:18.303244] Retrieving data for Keshi Inu @ https://etherscan.io/token/0x0b55bfec20f3c4d01995e956c9c63ff29ba81bf0
[2021-06-02 11:25:27.570701] Retrieving data for Ethereum KOJI @ https://etherscan.io/token/0x64a20352f977898b63dbc893d13dd26be654851a
[2021-06-02 11:25:36.768667] Retrieving data for Ethereum PUMP @ https://etherscan.io/token/0x26eea8b05001cc341e96a4e1f306c8cf9e37a33b
[2021-06-02 11:25:46.567025] Retrieving data for EthanolShiba @ https://etherscan.io/token/0xdada46cd19bf7119863aa9d1041e5c15f23bb9ba
[2021-06-02 11:25:55.951268] Retrieving data for Legless Captain Tsubasa @ https://etherscan.io/token/0xaf44786a03b31309bc53a81164428f5f76f4ef5b
[2021-06-02 11:26:05.344018] Retrieving data for Ethereum Charizard @ https://etherscan.io/token/0x6e42a6748f5ec8b5b22af1ddc67101381be13c3f
[2021-06-02 11:26:14.548205] Retrieving data for Meowth @ https://etherscan.io/token/0x41c2f170f3f1b2c9a66edec1e61069fd67edd413
[2021-06-02 11:26:24.571808] Retrieving data for Ethereum Maxi @ https://etherscan.io/token/0x851bbf02ee2171d7ec1d45c35f33ee6e2985e2d9
[2021-06-02 11:26:34.819433] Retrieving data for Bitcoin Max @ https://etherscan.io/token/0x51bcf4ecf2761e44175d201a20ac7e946e3c4cbd
[2021-06-02 11:26:45.092075] Retrieving data for Spaghettinuð @ https://etherscan.io/token/0xa1fc6d28b2fc00ff0ff93b2da3f2b3c8ae85ad64
[2021-06-02 11:26:54.670709] Retrieving data for Nuggets Swap @ https://etherscan.io/token/0x7532476ad7f174f8115947a341c16c681cf9088a
[2021-06-02 11:27:03.928927] Retrieving data for CyclopDoge @ https://etherscan.io/token/0xe3859fa2628c47bdd410172a6177fe7c7808cc83
[2021-06-02 11:27:13.290035] Retrieving data for Baby Doge Coin @ https://etherscan.io/token/0xc3b8769b3b17924bf0b6117d387063ceca2e35dc
[2021-06-02 11:27:26.072882] Retrieving data for Ethereum Rainchu (raichucoin.com) @ https://etherscan.io/token/0xe0ee657a6cfbee395ac621f3cd3c57b7b36f781f
[2021-06-02 11:27:36.967286] Retrieving data for Ethereum Ultra Max @ https://etherscan.io/token/0xd2c5581ff3e9fb5e4afe11eb2e58af89039cd219
[2021-06-02 11:27:46.552457] Retrieving data for Ethereum String @ https://etherscan.io/token/0x8eb2d5cefe51a319c846e5eb8fad5faa93922f5e
[2021-06-02 11:27:55.843360] Retrieving data for Ethereum Ultra Max @ https://etherscan.io/token/0x3f18f5d87826b249d022e0215fb500f8992e72a6
[2021-06-02 11:28:06.543481] Retrieving data for Ethereum Raichu (raichucoin.com) @ https://etherscan.io/token/0x0c5a7d3244ec293afae46ad5036301fb2a84d00e
[2021-06-02 11:28:16.641771] Retrieving data for ETH Marketplace @ https://etherscan.io/token/0x1307a1fd102526257466599c5d42024dd72b300b
[2021-06-02 11:28:26.702845] Retrieving data for EthereumShiba @ https://etherscan.io/token/0xa475d9e167e9ad9aa4bf7ae4e00bfce3a60d397e
[2021-06-02 11:28:36.703552] Retrieving data for ETH ONE @ https://etherscan.io/token/0x34ee6500e9c309a5845b5e145e17cc76d2a65662
[2021-06-02 11:28:45.951611] Retrieving data for Vinyl @ https://etherscan.io/token/0xc17b6c92bb728259ca2f76c88a4a48ac077587f7
[2021-06-02 11:28:56.078525] Retrieving data for eSafe  https://t.me/EthSafeToken @ https://etherscan.io/token/0xa10deec94ab4cdb8a80ca3bf6037feee221109e4
[2021-06-02 11:29:05.232498] Retrieving data for Moon Inu.finance @ https://etherscan.io/token/0x4ccedc93ec1cd1bebb09cdb7d516cdcabc04774a
[2021-06-02 11:29:14.928491] Retrieving data for WAGMIï¸ @ https://etherscan.io/token/0x23e5f6c2f6753842518a65462762cb6d50f85280
[2021-06-02 11:29:25.740457] Retrieving data for Shiba Cookies @ https://etherscan.io/token/0xb7f3251f52b6624bfdc55a3be05a5e9eeb55ed4c
[2021-06-02 11:29:35.024544] Retrieving data for Cavapoo @ https://etherscan.io/token/0x456d8f0d25a4e787ee60c401f8b963a465148f70
[2021-06-02 11:29:44.416355] Retrieving data for xTesla Finance @ https://etherscan.io/token/0x8afd4ce7633985e93a1d0def08dc81b9bc66fcaf
[2021-06-02 11:29:53.444011] Retrieving data for mrshiba.finance @ https://etherscan.io/token/0xbbafafa5c32c6d0513ffb899d6509fd93b2e992f
[2021-06-02 11:30:02.585284] Retrieving data for Karate Inu @ https://etherscan.io/token/0x97ce409302fdddda282741a0f0cafdd1cabd7f8c
[2021-06-02 11:30:12.082406] Retrieving data for EthBOMB @ https://etherscan.io/token/0x0285e641ed4f34e70b9eb61dbd4e465c5767581b
[2021-06-02 11:30:23.045862] Retrieving data for www.superinu.finance @ https://etherscan.io/token/0x8e2b11b6d3c03b6c9a9de498ca8f14ca8a314a46
[2021-06-02 11:30:34.370298] Retrieving data for UnSafeMoon @ https://etherscan.io/token/0x8a1b3a817877137ba9462459cc6e4b6af8879f14
[2021-06-02 11:30:44.430232] Retrieving data for Ethereum Space @ https://etherscan.io/token/0x0cc18c8c6f9072a7419ef6b80c79ca97540c14d7
[2021-06-02 11:30:53.626630] Retrieving data for HODL inu @ https://etherscan.io/token/0x95eb3c651b8212362a7c1dccc9e0e0240eba9471
[2021-06-02 11:31:03.097331] Retrieving data for Ethereum Dragon @ https://etherscan.io/token/0x46eef6df28e501799f2c12eb44f49dc2f1d09049
[2021-06-02 11:31:12.648945] Retrieving data for Star Foxx @ https://etherscan.io/token/0x31d457e7bcff5bc9a5ef86e6a5ea1db5b5c3bfb0
[2021-06-02 11:31:23.138406] Retrieving data for Rich Doge @ https://etherscan.io/token/0x582d66c6d81ee943566f41895475f47f7ccf9f90
[2021-06-02 11:31:34.086315] Retrieving data for Koji @ https://etherscan.io/token/0x1c8266a4369af6d80df2659ba47b3c98f35cb8be
[2021-06-02 11:31:43.655105] Retrieving data for EtherChibi @ https://etherscan.io/token/0xa84308c5d8522342e5fa86db98609dd08bf71f12
[2021-06-02 11:31:52.741031] Retrieving data for Nyan Kanna @ https://etherscan.io/token/0x5ba5eb6c55028adceb7f82d8dd50fc3f37305db7
[2021-06-02 11:32:02.155916] Retrieving data for EthElon | t.me/EthElonToken @ https://etherscan.io/token/0xa47861219642c8214d4f5f21cf9891f238ca07cb
[2021-06-02 11:32:11.608771] Retrieving data for eMooncat @ https://etherscan.io/token/0xea752e880490d1fccaf7b392693e1dc6d64696d8
[2021-06-02 11:32:21.614961] Retrieving data for Chibi Inu @ https://etherscan.io/token/0x9fc77d85d1facb95a60fa2950ac612640f07e2ec
[2021-06-02 11:32:32.529858] Retrieving data for Toromi Inu @ https://etherscan.io/token/0x9d0e32d6c58d0c01f00e15bd7b3006193d95de60
[2021-06-02 11:32:42.287745] Retrieving data for Ethereum West Always @ https://etherscan.io/token/0x6879fbe037be059abe26a381202a9f30b6411481
[2021-06-02 11:32:51.652911] Retrieving data for Ethereum Rocket @ https://etherscan.io/token/0x0e0d5f125543fdbc3870ac44108bcb82f5edff1d
[2021-06-02 11:33:01.232171] Retrieving data for SMILE DOGE @ https://etherscan.io/token/0x1f051d2fd265899b8dece589b20f0cb0a5ab509d
[2021-06-02 11:33:11.269592] Retrieving data for TheBridge @ https://etherscan.io/token/0x391612e67b0252e0d1e1460501b41545931faef9
[2021-06-02 11:33:21.863447] Retrieving data for Carbon GEMS @ https://etherscan.io/token/0xe74ac81b14021d0cfb835f269f48f25918c5cae6
[2021-06-02 11:33:31.713625] Retrieving data for E2P Group @ https://etherscan.io/token/0xa0b84460a1e78339692c7463009c35f0b9a6ae4c
[2021-06-02 11:33:41.757942] Retrieving data for Jejudoge @ https://etherscan.io/token/0x939a7a577d93ad29b64c1595b1284ce660a479b9
[2021-06-02 11:33:52.458660] Retrieving data for Ethereum Ethereum @ https://etherscan.io/token/0xefbf37c00619ad3a8b2f15512d0e8cdf41645760
[2021-06-02 11:34:02.137111] Retrieving data for safebooty.xyz ð @ https://etherscan.io/token/0x83b15b3bd4f092483c9194815fba63829b28b910
[2021-06-02 11:34:12.396555] Retrieving data for PleaseSER @ https://etherscan.io/token/0x1cb3d0c72a5db2b63ce53ab858b9c3712551f819
[2021-06-02 11:34:21.832632] Retrieving data for EthereumInfitnity @ https://etherscan.io/token/0x11306ee42d6b03af8602d15edcc58113ecadbfdc
[2021-06-02 11:34:31.807502] Retrieving data for White Kishu Inu @ https://etherscan.io/token/0x0d7903b7e66592462748622902431d4880d92113
[2021-06-02 11:34:40.691868] Retrieving data for DUMP INU @ https://etherscan.io/token/0xe4f073777e0b1a8796b17b430ca9e2c35b2b6209
[2021-06-02 11:34:50.459686] Retrieving data for Fat Cat @ https://etherscan.io/token/0xdf71773d76a482540e7f55478673d10dc637b632
[2021-06-02 11:34:59.489148] Retrieving data for Ethereum Summer @ https://etherscan.io/token/0xb762c499f17bc62d06065d941deea5006fe413f9
[2021-06-02 11:35:08.501798] Retrieving data for Golfrochain @ https://etherscan.io/token/0x996652b6c5c4b1154b25515db21b7bbadd40ddfa
[2021-06-02 11:35:17.569493] Retrieving data for GENEBANK Token @ https://etherscan.io/token/0x7aa46a51f717404d944051af3075bbcb49b2288b
[2021-06-02 11:35:26.889158] Retrieving data for Ethereum Gaming @ https://etherscan.io/token/0x9c7450d8a16368dc737cf74f77c723c1784d9896
[2021-06-02 11:35:36.377219] Retrieving data for Dog Supreme @ https://etherscan.io/token/0x5070ee45977daecff0c0bf4daec5a8b9f2c11b83
[2021-06-02 11:35:45.471190] Retrieving data for EthereumReborn @ https://etherscan.io/token/0x0c6bf92d7cd2ca5351f326996c012e8e5bf5f0ad
[2021-06-02 11:35:54.878490] Retrieving data for eMooncat @ https://etherscan.io/token/0xd01beb277d309a1e4a068688a02331f8d60da21b
[2021-06-02 11:36:04.114667] Retrieving data for Pink Panda @ https://etherscan.io/token/0x670994cd351017bf99b745ae44d16d0020666828
[2021-06-02 11:36:14.264896] Retrieving data for DeFiCity @ https://etherscan.io/token/0x4437b2d5f2e6ff915a050c9e28f27c0210938600
[2021-06-02 11:36:23.453879] Retrieving data for Degen Neko Inu @ https://etherscan.io/token/0xbec82eebe0474d71519046bb073c95bb4c0ebca1
[2021-06-02 11:36:33.129239] Retrieving data for Ethereum Summer @ https://etherscan.io/token/0x2861ffb4be0a1ece61ae2433f0a8018402208aea
[2021-06-02 11:36:42.615045] Retrieving data for Ethereum Season @ https://etherscan.io/token/0x2fb9d25b205901fa6c8d891159e40bf1acb49f9a
[2021-06-02 11:36:53.493434] Retrieving data for Fair Ethereum @ https://etherscan.io/token/0x9892274b260f528b83d86383fee0e3a515692925
[2021-06-02 11:37:02.738474] Retrieving data for Dogecoin Max @ https://etherscan.io/token/0x1e656cf57fa69c1e82cd7b60fab827e691d9599d
[2021-06-02 11:37:11.890015] Retrieving data for FOMO SHIBA @ https://etherscan.io/token/0x058ed83e1f880c2bc6b3fbcfa6f4e0339667aa00
[2021-06-02 11:37:20.997158] Retrieving data for Moon Hokkaidu @ https://etherscan.io/token/0x325f48d9490cbf290cce9f6420997916312df908
[2021-06-02 11:37:30.572869] Retrieving data for Hoshiko Inu @ https://etherscan.io/token/0xd494131825b10a4090433bfb9847e9b6f5b58eb4
[2021-06-02 11:37:40.438316] Retrieving data for coffeecatfinance @ https://etherscan.io/token/0xc44b9b94883d6f2559575860a7c63607c4059fb3
[2021-06-02 11:37:49.466265] Retrieving data for Anti-Shiba Inu @ https://etherscan.io/token/0x56e9c80741ce7c148fc7cf040a918df51f26ec02
[2021-06-02 11:37:58.714782] Retrieving data for Firefox Inu @ https://etherscan.io/token/0x018aa2fadab45a6b572f23791f90a0e5454cd748
[2021-06-02 11:38:07.841797] Retrieving data for Masaru Inu @ https://etherscan.io/token/0xd3b6c6971bcaf6d4f371dacb932f237e19b0d349
[2021-06-02 11:38:17.104466] Retrieving data for HUSTLER INU @ https://etherscan.io/token/0x6da21f7ba5e8c9376cf510f8cf088c78fa986d9e
[2021-06-02 11:38:27.745871] Retrieving data for HRDcoin @ https://bscscan.com/token/0xfd0467f4a50ecf6f9fa0211c5d6a82fcda329914
[2021-06-02 11:38:36.880399] Retrieving data for ADA MOON 🌙 @ https://bscscan.com/token/0xf41200081b4081a23945ad9cd185b4f4460571ab
[2021-06-02 11:38:46.634599] Retrieving data for Baddies @ https://bscscan.com/token/0xbc1f9f9a606180db9191d6237a4b6ba262e3a0e8
[2021-06-02 11:38:56.547250] Retrieving data for PI Network @ https://bscscan.com/token/0x9342f723775f9ebace6bec2a00e2a0403f7d8663
[2021-06-02 11:39:06.034132] Retrieving data for banana.finance @ https://bscscan.com/token/0x8f34f12a9363c57d1438430461f661d6120116e9
[2021-06-02 11:39:15.269594] Retrieving data for Online Game Transfer @ https://bscscan.com/token/0x61cc69e0a41ba191be394c8f16f840a4f3bf7116
[2021-06-02 11:39:25.813904] Retrieving data for FreePalestine @ https://bscscan.com/token/0x1c6252c8946f2bd773fb3571a65459579e1ac10c
[2021-06-02 11:39:35.422343] Retrieving data for GigaChad @ https://bscscan.com/token/0x1a204d61102ea5d60af02ef59b7433fa0038642b
[2021-06-02 11:39:44.850533] Retrieving data for Greatest of All Time @ https://bscscan.com/token/0x1936b416cd516b08f61d347034d8fa7e21d13fe9
[2021-06-02 11:39:55.800161] Retrieving data for Zabaku Inu Coin @ https://bscscan.com/token/0x006c53bb2cea71b14af6e087fa66e630dbaa4ee9
[2021-06-02 11:40:06.407146] Retrieving data for Animal Token @ https://bscscan.com/token/0xf9538bfbc5590bdcffbed2f741923efa9bb552d9
[2021-06-02 11:40:16.291027] Retrieving data for PuppyCorgi @ https://bscscan.com/token/0xd65758392ddc244a06e113655323b72581f21135
[2021-06-02 11:40:25.871681] Retrieving data for Salvation.Finance @ https://bscscan.com/token/0x8fd95df18d6c39088e8ec03208a3fe27d5fccd83
[2021-06-02 11:40:35.039902] Retrieving data for Piggy Bank NFT @ https://bscscan.com/token/0x7ae99d32fa33d86667813ee6fc438876c58e421b
[2021-06-02 11:40:44.869800] Retrieving data for MOONBALL @ https://bscscan.com/token/0x10d6e078874534ec6ba036d5ff843c263196ecd9
[2021-06-02 11:40:54.978266] Retrieving data for QuickCash @ https://bscscan.com/token/0x0b66efdfd77c5e307216a693c163f45fe5b34c5f
[2021-06-02 11:41:06.001196] Retrieving data for ChibiRat @ https://bscscan.com/token/0x8f99bcf248ac87e30d8d558bed648544bae4a5bf
[2021-06-02 11:41:15.594427] Retrieving data for Moon Shell @ https://bscscan.com/token/0x2142c3cb6806dedd5a6c56bb5aa7accfcb5294f6
[2021-06-02 11:41:25.329095] Retrieving data for Fortune Gold @ https://bscscan.com/token/0xfd95058594f0fd77a9bc071dc4fb83e0215826cc
[2021-06-02 11:41:34.430424] Retrieving data for Binance Ecosystem Value @ https://bscscan.com/token/0xc7dac962c166a26038ec4bc5d0e2a3fe0ff3ce58
[2021-06-02 11:41:44.095698] Retrieving data for Starship @ https://bscscan.com/token/0x195780e6c3b7f8cbefa82340df1ab495c01de07d
[2021-06-02 11:41:54.320246] Retrieving data for Shiba Inu Cash @ https://bscscan.com/token/0xad066cef35cbafee0acd524972da8aa479759fa2
[2021-06-02 11:42:03.908497] Retrieving data for Real Madrid Fans Token @ https://bscscan.com/token/0x49a0f057a67114ca8932e1df482a7dfedaf112a5
[2021-06-02 11:42:13.073360] Retrieving data for Shiba Launch Coin @ https://bscscan.com/token/0x3c103a56dcb76c8574df12fd5f8f291f24431e9c
[2021-06-02 11:42:22.121407] Retrieving data for BestNFT @ https://bscscan.com/token/0xdf370360c12c81e78179ff8f1c543b738d007dc0
[2021-06-02 11:42:31.144401] Retrieving data for Lordgaben @ https://bscscan.com/token/0xb563b4c26dfa1db597506ea0fbd3957c663c9311
[2021-06-02 11:42:40.592440] Retrieving data for 1000xMOON @ https://bscscan.com/token/0xafcb082d8b24952579d2c7737bfe345007cee94f
[2021-06-02 11:42:51.431737] Retrieving data for Longdrink Finance @ https://bscscan.com/token/0x5317fa16f8603be9c461def5d5a1bf28dfe42d55
[2021-06-02 11:43:01.542754] Retrieving data for DiscoShiba @ https://bscscan.com/token/0x305a202bbf14769316a017c3b3020bafe1c854ed
[2021-06-02 11:43:10.678246] Retrieving data for StellarSwip @ https://bscscan.com/token/0x1ee53ded7c6b17620e59f4de84640e01ecf94bbb
[2021-06-02 11:43:19.904847] Retrieving data for CONAN FANS TOKEN @ https://bscscan.com/token/0xf17d49fbb16064a2504bd9550e5e938b1a49971b
[2021-06-02 11:43:30.472658] Retrieving data for NFT DIRECT TOKEN @ https://bscscan.com/token/0xa999d6725531eeac218059db383198a9134f9582
[2021-06-02 11:43:40.750875] Retrieving data for Iron Doge @ https://bscscan.com/token/0x058eaf4dd2e37a78f83907cd4f979dc4490bba2c
[2021-06-02 11:43:52.173260] Retrieving data for SMSCodes Coin @ https://bscscan.com/token/0x8cb0d15ce441c2ecc01c66414078f125b557b438
[2021-06-02 11:44:01.982688] Retrieving data for Star Foxx @ https://bscscan.com/token/0x5717cdb81ed9a3ca526f1b3dc3407ce0acc18645
[2021-06-02 11:44:11.146012] Retrieving data for BarneyFinance @ https://bscscan.com/token/0xbb6915ccb32e22b465c419a4683b1b91bb6c28fe
[2021-06-02 11:44:20.293847] Retrieving data for BOSS TOKEN @ https://bscscan.com/token/0xaf104a1452999d1b27c625b30c838199062fb428
[2021-06-02 11:44:29.666030] Retrieving data for HappySheep @ https://bscscan.com/token/0x8e1d9961340e418466f9e4d2f1d7f69711638867
[2021-06-02 11:44:38.904652] Retrieving data for MoonAss @ https://bscscan.com/token/0x6b244b0069a9ef1024880a0ae80ecee379624e4f
[2021-06-02 11:44:48.469206] Retrieving data for Diamond Token @ https://bscscan.com/token/0x5a409ca910deff970c0e93a7936d8f5deae76482
[2021-06-02 11:44:59.082408] Retrieving data for SpitzMoon @ https://bscscan.com/token/0x574674bc20db4f23662052749dd57463d83ac5bd
[2021-06-02 11:45:08.904072] Retrieving data for moonAMP @ https://bscscan.com/token/0x4c512c241068f1d1690eebbbf52289666bfc6f5c
[2021-06-02 11:45:19.001772] Retrieving data for Oxtrust @ https://bscscan.com/token/0xa6fe2ec2c653aa81e7d5f79b79bbd6c00c32fe73
[2021-06-02 11:45:28.248081] Retrieving data for Launch Kids @ https://bscscan.com/token/0x6cab5dde5f839ee0d469eb925e72821c6aca5cd6
[2021-06-02 11:45:38.299603] Retrieving data for GRAPE JUICE BSC @ https://bscscan.com/token/0x33aaa757aa67237f06fde00465eefada30ee97bf
[2021-06-02 11:45:47.837698] Retrieving data for FIRE🔥 @ https://bscscan.com/token/0xbd2166ff741e8b4d80d0baaa59f106f7f3beefbe
[2021-06-02 11:45:58.045119] Retrieving data for JBS FOOD @ https://bscscan.com/token/0x228e2faa69fac6532f13aa4febf3bad926b78fbb
[2021-06-02 11:46:08.001716] Retrieving data for Ghostface Finance @ https://bscscan.com/token/0x20f2fa12f5d8f9b240d21ca0cf35b1c94b941785
[2021-06-02 11:46:18.279424] Retrieving data for ChibiCat @ https://bscscan.com/token/0x1a80cffaf6ec02d17a9ffd669338cd65f326d2a3
[2021-06-02 11:46:29.153136] Retrieving data for Socially Ostracized 1980 @ https://bscscan.com/token/0xc661155587eb3d32d47062ae2d2583691bfe2672
[2021-06-02 11:46:40.302385] Retrieving data for CrossProtocol @ https://bscscan.com/token/0x7e1d4ada3c220a1ce003d1f1f003b418e6daff1c
[2021-06-02 11:46:52.667350] Retrieving data for Moon Iron @ https://bscscan.com/token/0x785a15675368410eaa1405087b869ea915f96b83
[2021-06-02 11:47:03.218476] Retrieving data for MOONBITE @ https://bscscan.com/token/0x5bf9ee1b168356f53289a43db6cbf7b9f6472c63
[2021-06-02 11:47:13.118316] Retrieving data for Shochu Inu @ https://bscscan.com/token/0xb3a2b1bf975ccbe4d81dc1cc1576b05ae2bfd5e7
[2021-06-02 11:47:22.430821] Retrieving data for BSC MOON @ https://bscscan.com/token/0xa4a67604a315a2e1bc06c9f6dba6423024140311
[2021-06-02 11:47:31.721163] Retrieving data for Wrapped Dai @ https://bscscan.com/token/0xa20be0b824b963bc7d11d124cdefa0bc7ce85533
[2021-06-02 11:47:42.254004] Retrieving data for GeekHoldings @ https://bscscan.com/token/0x9fbbcaa3162c74b24751f7c4b9cfb4af0811a622
[2021-06-02 11:47:52.020519] Retrieving data for CuteShiba @ https://bscscan.com/token/0x90542d6a1f3816499b82b4344be3a32beb420f1a
[2021-06-02 11:48:02.398440] Retrieving data for Super Dad Coin @ https://bscscan.com/token/0x493151eb6ab2cd03ffc8876848c988439219c07e
[2021-06-02 11:48:13.197368] Retrieving data for USD SMART @ https://bscscan.com/token/0x303de4bdb189b951f875eb4a8ecde2985138161e
[2021-06-02 11:48:24.813833] Retrieving data for Saiyan Inu @ https://bscscan.com/token/0x127cf9704ddfcf0e9ec1dc20f11877731d18ac34
[2021-06-02 11:48:35.086884] Retrieving data for Super Mom Coin @ https://bscscan.com/token/0xdb271f02baba2f86c1212620386a6ef7c80f6cd5
[2021-06-02 11:48:44.467836] Retrieving data for Uber Finance @ https://bscscan.com/token/0xceec5ae50ab6f3b6d451b67cc0df6c99e065fce2
[2021-06-02 11:48:55.258080] Retrieving data for Piggy Bank Token @ https://bscscan.com/token/0x6bde2bf4cc75e5989348b0cbfe244f571bed22da
[2021-06-02 11:49:05.853300] Retrieving data for ONLYGIRLS @ https://bscscan.com/token/0xea1d15cee0b1f86298d72e92f82065845a27889d
[2021-06-02 11:49:17.176484] Retrieving data for RAPTORMOON @ https://bscscan.com/token/0x9aaab97c50424de907ce952b80fc98073773f628
[2021-06-02 11:49:27.712935] Retrieving data for Laddering @ https://bscscan.com/token/0x423eea9e745c7152a12df3b947ab5e12bfc25664
[2021-06-02 11:49:37.801816] Retrieving data for CoinLegacy @ https://bscscan.com/token/0x2ecd1f339c1a73d5d66252433d1d3732c2ff02da
[2021-06-02 11:49:47.851944] Retrieving data for Tesla Coin @ https://bscscan.com/token/0x0efe021c8bc8d7a022dace579fb06833c8bf6164
[2021-06-02 11:49:57.835958] Retrieving data for Dragonite @ https://bscscan.com/token/0xf0a9144636cb1ced5a578c4439b5872326a3bc12
[2021-06-02 11:50:08.742393] Retrieving data for Atomic Donut @ https://bscscan.com/token/0xd5c4c6784016d3b52903e728e758be6c6757c46d
[2021-06-02 11:50:19.909220] Retrieving data for BabyInu @ https://bscscan.com/token/0x93445d28974a6258933b292a6a22368dbea085a6
[2021-06-02 11:50:30.325087] Retrieving data for SpaceSheep @ https://bscscan.com/token/0x80eb88890ccd7878474858d6fe85285e89ab08cf
[2021-06-02 11:50:39.917766] Retrieving data for Alphabet @ https://bscscan.com/token/0xf0bbc810428531ab04d2871c2acf311c7ece10c1
[2021-06-02 11:50:49.514212] Retrieving data for BlackClover @ https://bscscan.com/token/0x2a6deb9a2364d8bbb5b122882fe0095eead12185
[2021-06-02 11:51:00.423553] Retrieving data for wRipple @ https://bscscan.com/token/0xbbc9fa4b395fee68465c2cd4a88cde267a34ed2a
[2021-06-02 11:51:09.786942] Retrieving data for PI NETWORK @ https://bscscan.com/token/0xa2cf2bcdd5365ccdb85e324b4be54b9bbd588197
[2021-06-02 11:51:19.783715] Retrieving data for SmartMinds @ https://bscscan.com/token/0x9dadf5cce94ae1deb3db329f2bf44d3301b0619e
[2021-06-02 11:51:29.681670] Retrieving data for Fuzzy Inu @ https://bscscan.com/token/0x396a432e343ac7692262f3acea5eb85d9db51a50
[2021-06-02 11:51:40.747959] Retrieving data for SHAGGY TOKEN @ https://bscscan.com/token/0x33a669a350807552a005845c13a37662facb041b
[2021-06-02 11:51:52.284238] Retrieving data for Pitbull @ https://bscscan.com/token/0x2cbefe83a2566039750a2b99ea842913025bf9e1
[2021-06-02 11:52:02.089306] Retrieving data for VANCAT Egg Token @ https://bscscan.com/token/0x1ff2a2c2deadb17b6ba9949393d1406f4c61bfc9
[2021-06-02 11:52:12.030655] Retrieving data for ShibaRabbit Token @ https://bscscan.com/token/0x986dff19626c1d1275101df488a9db93fc5b0f4b
[2021-06-02 11:52:21.127885] Retrieving data for Pi Network @ https://bscscan.com/token/0xd9e9d91be688aba051aa6cb8562d3f1948cd5a0e
[2021-06-02 11:52:31.258480] Retrieving data for GENEBANK Token @ https://bscscan.com/token/0xaf47e86c83c0e2efacd2a29301cd39e87ef3ceb3
[2021-06-02 11:52:42.111002] Retrieving data for banana.finance @ https://bscscan.com/token/0xa9451ad2d15f38c69ef95042ed0b5bec0dfaffab
[2021-06-02 11:52:54.244152] Retrieving data for Casino @ https://bscscan.com/token/0x9932512ad84d301b742d8db6e308ef7c0f63e691
[2021-06-02 11:53:05.682219] Retrieving data for Shibuya Inu @ https://bscscan.com/token/0x8afd724dc847ebf2f2ad14d9e5fd9687f4d5387d
[2021-06-02 11:53:15.527115] Retrieving data for Shiba-Tzu @ https://bscscan.com/token/0xd156f464a0f6ddaef6c157fb71168dd5cd16c587
[2021-06-02 11:53:24.682254] Retrieving data for PARTYCOIN @ https://bscscan.com/token/0x6c0ec48fcd70c6012553beedebd784466dc18862
[2021-06-02 11:53:34.742499] Retrieving data for MADALICE @ https://bscscan.com/token/0x3d333097e2107b7ac4cc8bfe3013382663dc85a9
[2021-06-02 11:53:45.120847] Retrieving data for SWASS Finance @ https://bscscan.com/token/0xeacdade8df44d26baed4612bf9eff9348ffe37fd
[2021-06-02 11:53:54.859301] Retrieving data for ShibaCash @ https://bscscan.com/token/0xe1e89a79e784ef9fea3aa45cbcd16d92106ff85a
[2021-06-02 11:54:04.360738] Retrieving data for DOGERAIN @ https://bscscan.com/token/0xa42916789e71eab308c60a6d41a1f9423e1e2a00
[2021-06-02 11:54:13.384086] Retrieving data for KingCorgi @ https://bscscan.com/token/0x9c948e42ffa835a6d162dd058f1c7f10539cd6bc
[2021-06-02 11:54:23.613920] Retrieving data for Doraemoon @ https://bscscan.com/token/0x91e0ed048f433308343fcbcd497cb5a0925855f2
[2021-06-02 11:54:32.769043] Retrieving data for Shilling Token @ https://bscscan.com/token/0x643b6ef6306417a0b3fa2813eb5baf30f5dd8736
[2021-06-02 11:54:41.686413] Retrieving data for WaterMelon @ https://bscscan.com/token/0x5b6e1b4b87705d673eeda9f3e0f713c088fd688e
[2021-06-02 11:54:50.714436] Retrieving data for SHIBAFLY @ https://bscscan.com/token/0xcf792c29d5fbcc2e3e687cfb60e166b9d5542870
[2021-06-02 11:55:00.394027] Retrieving data for CRAZYCOW @ https://bscscan.com/token/0x7b094c5730e727072509108bb6b732cb9043ac82
[2021-06-02 11:55:09.664136] output CSV saved ./csv/NewTokens02062021_115509.csv
[2021-06-02 11:55:09.664217] Scrape Job Sleeping For 1
